[0.019s] Invoking command in '/home/jiacheng/autonomoussystems2025/ros2_ws/build/mav_planning_msgs': CMAKE_PREFIX_PATH=/home/jiacheng/autonomoussystems2025/ros2_ws/install/mav_msgs:/home/jiacheng/autonomoussystems2025/ros2_ws/install/simulation:/home/jiacheng/autonomoussystems2025/ros2_ws/install/perception_pkg:/home/jiacheng/autonomoussystems2025/ros2_ws/install/mav_planning_msgs:/home/jiacheng/autonomoussystems2025/ros2_ws/install/controller_pkg:/opt/ros/jazzy/opt/gz_math_vendor:/opt/ros/jazzy/opt/gz_utils_vendor:/opt/ros/jazzy/opt/gz_cmake_vendor:/opt/ros/jazzy DEBUGINFOD_URLS=https://debuginfod.ubuntu.com LD_LIBRARY_PATH=/home/jiacheng/autonomoussystems2025/ros2_ws/install/mav_msgs/lib:/home/jiacheng/autonomoussystems2025/ros2_ws/install/simulation/lib:/home/jiacheng/autonomoussystems2025/ros2_ws/install/mav_planning_msgs/lib:/home/jiacheng/autonomoussystems2025/ros2_ws/install/controller_pkg/lib:/opt/ros/jazzy/opt/rviz_ogre_vendor/lib:/opt/ros/jazzy/lib/x86_64-linux-gnu:/opt/ros/jazzy/opt/gz_math_vendor/lib:/opt/ros/jazzy/opt/gz_utils_vendor/lib:/opt/ros/jazzy/opt/gz_cmake_vendor/lib:/opt/ros/jazzy/lib PYTHONPATH=/home/jiacheng/autonomoussystems2025/ros2_ws/install/mav_msgs/lib/python3.12/site-packages:/home/jiacheng/autonomoussystems2025/ros2_ws/install/mav_planning_msgs/lib/python3.12/site-packages:/opt/ros/jazzy/lib/python3.12/site-packages /usr/bin/cmake --build /home/jiacheng/autonomoussystems2025/ros2_ws/build/mav_planning_msgs -- -j8 -l8
[0.106s] [  1%] Built target mav_planning_msgs__rosidl_generator_type_description
[0.149s] [  1%] Built target ament_cmake_python_copy_mav_planning_msgs
[0.166s] [  1%] Built target mav_planning_msgs__cpp
[0.184s] [ 27%] Built target mav_planning_msgs__rosidl_generator_c
[0.259s] [ 36%] Built target mav_planning_msgs__rosidl_typesupport_cpp
[0.267s] [ 46%] Built target mav_planning_msgs__rosidl_typesupport_fastrtps_c
[0.270s] [ 56%] Built target mav_planning_msgs__rosidl_typesupport_introspection_c
[0.280s] [ 75%] Built target mav_planning_msgs__rosidl_typesupport_introspection_cpp
[0.282s] [ 85%] Built target mav_planning_msgs__rosidl_typesupport_c
[0.282s] [ 75%] Built target mav_planning_msgs__rosidl_typesupport_fastrtps_cpp
[0.324s] [ 85%] Built target mav_planning_msgs
[0.366s] [ 86%] Built target mav_planning_msgs__py
[0.448s] running egg_info
[0.448s] [ 95%] Built target mav_planning_msgs__rosidl_generator_py
[0.467s] writing mav_planning_msgs.egg-info/PKG-INFO
[0.468s] writing dependency_links to mav_planning_msgs.egg-info/dependency_links.txt
[0.469s] writing top-level names to mav_planning_msgs.egg-info/top_level.txt
[0.506s] [ 97%] Built target mav_planning_msgs_s__rosidl_typesupport_introspection_c
[0.507s] [ 98%] Built target mav_planning_msgs_s__rosidl_typesupport_fastrtps_c
[0.515s] [100%] Built target mav_planning_msgs_s__rosidl_typesupport_c
[0.529s] reading manifest file 'mav_planning_msgs.egg-info/SOURCES.txt'
[0.529s] writing manifest file 'mav_planning_msgs.egg-info/SOURCES.txt'
[0.580s] [100%] Built target ament_cmake_python_build_mav_planning_msgs_egg
[0.607s] Invoked command in '/home/jiacheng/autonomoussystems2025/ros2_ws/build/mav_planning_msgs' returned '0': CMAKE_PREFIX_PATH=/home/jiacheng/autonomoussystems2025/ros2_ws/install/mav_msgs:/home/jiacheng/autonomoussystems2025/ros2_ws/install/simulation:/home/jiacheng/autonomoussystems2025/ros2_ws/install/perception_pkg:/home/jiacheng/autonomoussystems2025/ros2_ws/install/mav_planning_msgs:/home/jiacheng/autonomoussystems2025/ros2_ws/install/controller_pkg:/opt/ros/jazzy/opt/gz_math_vendor:/opt/ros/jazzy/opt/gz_utils_vendor:/opt/ros/jazzy/opt/gz_cmake_vendor:/opt/ros/jazzy DEBUGINFOD_URLS=https://debuginfod.ubuntu.com LD_LIBRARY_PATH=/home/jiacheng/autonomoussystems2025/ros2_ws/install/mav_msgs/lib:/home/jiacheng/autonomoussystems2025/ros2_ws/install/simulation/lib:/home/jiacheng/autonomoussystems2025/ros2_ws/install/mav_planning_msgs/lib:/home/jiacheng/autonomoussystems2025/ros2_ws/install/controller_pkg/lib:/opt/ros/jazzy/opt/rviz_ogre_vendor/lib:/opt/ros/jazzy/lib/x86_64-linux-gnu:/opt/ros/jazzy/opt/gz_math_vendor/lib:/opt/ros/jazzy/opt/gz_utils_vendor/lib:/opt/ros/jazzy/opt/gz_cmake_vendor/lib:/opt/ros/jazzy/lib PYTHONPATH=/home/jiacheng/autonomoussystems2025/ros2_ws/install/mav_msgs/lib/python3.12/site-packages:/home/jiacheng/autonomoussystems2025/ros2_ws/install/mav_planning_msgs/lib/python3.12/site-packages:/opt/ros/jazzy/lib/python3.12/site-packages /usr/bin/cmake --build /home/jiacheng/autonomoussystems2025/ros2_ws/build/mav_planning_msgs -- -j8 -l8
[0.608s] Invoking command in '/home/jiacheng/autonomoussystems2025/ros2_ws/build/mav_planning_msgs': CMAKE_PREFIX_PATH=/home/jiacheng/autonomoussystems2025/ros2_ws/install/mav_msgs:/home/jiacheng/autonomoussystems2025/ros2_ws/install/simulation:/home/jiacheng/autonomoussystems2025/ros2_ws/install/perception_pkg:/home/jiacheng/autonomoussystems2025/ros2_ws/install/mav_planning_msgs:/home/jiacheng/autonomoussystems2025/ros2_ws/install/controller_pkg:/opt/ros/jazzy/opt/gz_math_vendor:/opt/ros/jazzy/opt/gz_utils_vendor:/opt/ros/jazzy/opt/gz_cmake_vendor:/opt/ros/jazzy DEBUGINFOD_URLS=https://debuginfod.ubuntu.com LD_LIBRARY_PATH=/home/jiacheng/autonomoussystems2025/ros2_ws/install/mav_msgs/lib:/home/jiacheng/autonomoussystems2025/ros2_ws/install/simulation/lib:/home/jiacheng/autonomoussystems2025/ros2_ws/install/mav_planning_msgs/lib:/home/jiacheng/autonomoussystems2025/ros2_ws/install/controller_pkg/lib:/opt/ros/jazzy/opt/rviz_ogre_vendor/lib:/opt/ros/jazzy/lib/x86_64-linux-gnu:/opt/ros/jazzy/opt/gz_math_vendor/lib:/opt/ros/jazzy/opt/gz_utils_vendor/lib:/opt/ros/jazzy/opt/gz_cmake_vendor/lib:/opt/ros/jazzy/lib PYTHONPATH=/home/jiacheng/autonomoussystems2025/ros2_ws/install/mav_msgs/lib/python3.12/site-packages:/home/jiacheng/autonomoussystems2025/ros2_ws/install/mav_planning_msgs/lib/python3.12/site-packages:/opt/ros/jazzy/lib/python3.12/site-packages /usr/bin/cmake --install /home/jiacheng/autonomoussystems2025/ros2_ws/build/mav_planning_msgs
[0.620s] -- Install configuration: ""
[0.620s] -- Up-to-date: /home/jiacheng/autonomoussystems2025/ros2_ws/install/mav_planning_msgs/share/ament_index/resource_index/rosidl_interfaces/mav_planning_msgs
[0.620s] -- Up-to-date: /home/jiacheng/autonomoussystems2025/ros2_ws/install/mav_planning_msgs/share/mav_planning_msgs/msg/Point2D.json
[0.620s] -- Up-to-date: /home/jiacheng/autonomoussystems2025/ros2_ws/install/mav_planning_msgs/share/mav_planning_msgs/msg/PointCloudWithPose.json
[0.620s] -- Up-to-date: /home/jiacheng/autonomoussystems2025/ros2_ws/install/mav_planning_msgs/share/mav_planning_msgs/msg/Polygon2D.json
[0.620s] -- Up-to-date: /home/jiacheng/autonomoussystems2025/ros2_ws/install/mav_planning_msgs/share/mav_planning_msgs/msg/PolygonWithHoles.json
[0.621s] -- Up-to-date: /home/jiacheng/autonomoussystems2025/ros2_ws/install/mav_planning_msgs/share/mav_planning_msgs/msg/PolygonWithHolesStamped.json
[0.621s] -- Up-to-date: /home/jiacheng/autonomoussystems2025/ros2_ws/install/mav_planning_msgs/share/mav_planning_msgs/msg/PolynomialSegment.json
[0.621s] -- Up-to-date: /home/jiacheng/autonomoussystems2025/ros2_ws/install/mav_planning_msgs/share/mav_planning_msgs/msg/PolynomialSegment4D.json
[0.621s] -- Up-to-date: /home/jiacheng/autonomoussystems2025/ros2_ws/install/mav_planning_msgs/share/mav_planning_msgs/msg/PolynomialTrajectory.json
[0.622s] -- Up-to-date: /home/jiacheng/autonomoussystems2025/ros2_ws/install/mav_planning_msgs/share/mav_planning_msgs/msg/PolynomialTrajectory4D.json
[0.622s] -- Up-to-date: /home/jiacheng/autonomoussystems2025/ros2_ws/install/mav_planning_msgs/share/mav_planning_msgs/srv/PlannerService.json
[0.622s] -- Up-to-date: /home/jiacheng/autonomoussystems2025/ros2_ws/install/mav_planning_msgs/share/mav_planning_msgs/srv/PolygonService.json
[0.622s] -- Up-to-date: /home/jiacheng/autonomoussystems2025/ros2_ws/install/mav_planning_msgs/share/mav_planning_msgs/srv/ChangeNameService.json
[0.622s] -- Up-to-date: /home/jiacheng/autonomoussystems2025/ros2_ws/install/mav_planning_msgs/include/mav_planning_msgs/mav_planning_msgs
[0.622s] -- Up-to-date: /home/jiacheng/autonomoussystems2025/ros2_ws/install/mav_planning_msgs/include/mav_planning_msgs/mav_planning_msgs/msg
[0.623s] -- Up-to-date: /home/jiacheng/autonomoussystems2025/ros2_ws/install/mav_planning_msgs/include/mav_planning_msgs/mav_planning_msgs/msg/polygon_with_holes.h
[0.623s] -- Up-to-date: /home/jiacheng/autonomoussystems2025/ros2_ws/install/mav_planning_msgs/include/mav_planning_msgs/mav_planning_msgs/msg/polynomial_trajectory4_d.h
[0.623s] -- Up-to-date: /home/jiacheng/autonomoussystems2025/ros2_ws/install/mav_planning_msgs/include/mav_planning_msgs/mav_planning_msgs/msg/point2_d.h
[0.623s] -- Up-to-date: /home/jiacheng/autonomoussystems2025/ros2_ws/install/mav_planning_msgs/include/mav_planning_msgs/mav_planning_msgs/msg/detail
[0.623s] -- Up-to-date: /home/jiacheng/autonomoussystems2025/ros2_ws/install/mav_planning_msgs/include/mav_planning_msgs/mav_planning_msgs/msg/detail/polynomial_trajectory4_d__functions.h
[0.623s] -- Up-to-date: /home/jiacheng/autonomoussystems2025/ros2_ws/install/mav_planning_msgs/include/mav_planning_msgs/mav_planning_msgs/msg/detail/polygon_with_holes__functions.c
[0.623s] -- Up-to-date: /home/jiacheng/autonomoussystems2025/ros2_ws/install/mav_planning_msgs/include/mav_planning_msgs/mav_planning_msgs/msg/detail/point_cloud_with_pose__type_support.h
[0.623s] -- Up-to-date: /home/jiacheng/autonomoussystems2025/ros2_ws/install/mav_planning_msgs/include/mav_planning_msgs/mav_planning_msgs/msg/detail/point_cloud_with_pose__functions.h
[0.623s] -- Up-to-date: /home/jiacheng/autonomoussystems2025/ros2_ws/install/mav_planning_msgs/include/mav_planning_msgs/mav_planning_msgs/msg/detail/polygon2_d__struct.h
[0.623s] -- Up-to-date: /home/jiacheng/autonomoussystems2025/ros2_ws/install/mav_planning_msgs/include/mav_planning_msgs/mav_planning_msgs/msg/detail/polynomial_segment4_d__functions.h
[0.623s] -- Up-to-date: /home/jiacheng/autonomoussystems2025/ros2_ws/install/mav_planning_msgs/include/mav_planning_msgs/mav_planning_msgs/msg/detail/polynomial_segment__functions.c
[0.623s] -- Installing: /home/jiacheng/autonomoussystems2025/ros2_ws/install/mav_planning_msgs/include/mav_planning_msgs/mav_planning_msgs/msg/detail/polygon2_d__type_support.c
[0.623s] -- Up-to-date: /home/jiacheng/autonomoussystems2025/ros2_ws/install/mav_planning_msgs/include/mav_planning_msgs/mav_planning_msgs/msg/detail/point_cloud_with_pose__functions.c
[0.623s] -- Up-to-date: /home/jiacheng/autonomoussystems2025/ros2_ws/install/mav_planning_msgs/include/mav_planning_msgs/mav_planning_msgs/msg/detail/polygon_with_holes_stamped__struct.h
[0.623s] -- Installing: /home/jiacheng/autonomoussystems2025/ros2_ws/install/mav_planning_msgs/include/mav_planning_msgs/mav_planning_msgs/msg/detail/polynomial_segment__type_support.c
[0.623s] -- Installing: /home/jiacheng/autonomoussystems2025/ros2_ws/install/mav_planning_msgs/include/mav_planning_msgs/mav_planning_msgs/msg/detail/polygon_with_holes_stamped__type_support.c
[0.623s] -- Up-to-date: /home/jiacheng/autonomoussystems2025/ros2_ws/install/mav_planning_msgs/include/mav_planning_msgs/mav_planning_msgs/msg/detail/polynomial_segment__type_support.h
[0.624s] -- Up-to-date: /home/jiacheng/autonomoussystems2025/ros2_ws/install/mav_planning_msgs/include/mav_planning_msgs/mav_planning_msgs/msg/detail/polynomial_segment4_d__struct.h
[0.624s] -- Installing: /home/jiacheng/autonomoussystems2025/ros2_ws/install/mav_planning_msgs/include/mav_planning_msgs/mav_planning_msgs/msg/detail/polynomial_trajectory__type_support.c
[0.624s] -- Up-to-date: /home/jiacheng/autonomoussystems2025/ros2_ws/install/mav_planning_msgs/include/mav_planning_msgs/mav_planning_msgs/msg/detail/polygon_with_holes__struct.h
[0.624s] -- Up-to-date: /home/jiacheng/autonomoussystems2025/ros2_ws/install/mav_planning_msgs/include/mav_planning_msgs/mav_planning_msgs/msg/detail/polygon2_d__description.c
[0.624s] -- Up-to-date: /home/jiacheng/autonomoussystems2025/ros2_ws/install/mav_planning_msgs/include/mav_planning_msgs/mav_planning_msgs/msg/detail/polynomial_trajectory__functions.h
[0.624s] -- Up-to-date: /home/jiacheng/autonomoussystems2025/ros2_ws/install/mav_planning_msgs/include/mav_planning_msgs/mav_planning_msgs/msg/detail/polynomial_segment4_d__description.c
[0.625s] -- Installing: /home/jiacheng/autonomoussystems2025/ros2_ws/install/mav_planning_msgs/include/mav_planning_msgs/mav_planning_msgs/msg/detail/polygon_with_holes__type_support.c
[0.625s] -- Up-to-date: /home/jiacheng/autonomoussystems2025/ros2_ws/install/mav_planning_msgs/include/mav_planning_msgs/mav_planning_msgs/msg/detail/polynomial_trajectory__functions.c
[0.625s] -- Up-to-date: /home/jiacheng/autonomoussystems2025/ros2_ws/install/mav_planning_msgs/include/mav_planning_msgs/mav_planning_msgs/msg/detail/polygon2_d__functions.h
[0.625s] -- Installing: /home/jiacheng/autonomoussystems2025/ros2_ws/install/mav_planning_msgs/include/mav_planning_msgs/mav_planning_msgs/msg/detail/polynomial_trajectory4_d__type_support.c
[0.625s] -- Up-to-date: /home/jiacheng/autonomoussystems2025/ros2_ws/install/mav_planning_msgs/include/mav_planning_msgs/mav_planning_msgs/msg/detail/polynomial_trajectory__description.c
[0.626s] -- Up-to-date: /home/jiacheng/autonomoussystems2025/ros2_ws/install/mav_planning_msgs/include/mav_planning_msgs/mav_planning_msgs/msg/detail/polynomial_segment__struct.h
[0.626s] -- Up-to-date: /home/jiacheng/autonomoussystems2025/ros2_ws/install/mav_planning_msgs/include/mav_planning_msgs/mav_planning_msgs/msg/detail/polynomial_trajectory__struct.h
[0.626s] -- Up-to-date: /home/jiacheng/autonomoussystems2025/ros2_ws/install/mav_planning_msgs/include/mav_planning_msgs/mav_planning_msgs/msg/detail/point2_d__description.c
[0.626s] -- Up-to-date: /home/jiacheng/autonomoussystems2025/ros2_ws/install/mav_planning_msgs/include/mav_planning_msgs/mav_planning_msgs/msg/detail/polynomial_trajectory4_d__functions.c
[0.626s] -- Up-to-date: /home/jiacheng/autonomoussystems2025/ros2_ws/install/mav_planning_msgs/include/mav_planning_msgs/mav_planning_msgs/msg/detail/point2_d__functions.h
[0.626s] -- Up-to-date: /home/jiacheng/autonomoussystems2025/ros2_ws/install/mav_planning_msgs/include/mav_planning_msgs/mav_planning_msgs/msg/detail/polynomial_segment__description.c
[0.626s] -- Up-to-date: /home/jiacheng/autonomoussystems2025/ros2_ws/install/mav_planning_msgs/include/mav_planning_msgs/mav_planning_msgs/msg/detail/polygon2_d__type_support.h
[0.626s] -- Up-to-date: /home/jiacheng/autonomoussystems2025/ros2_ws/install/mav_planning_msgs/include/mav_planning_msgs/mav_planning_msgs/msg/detail/polygon_with_holes__functions.h
[0.626s] -- Up-to-date: /home/jiacheng/autonomoussystems2025/ros2_ws/install/mav_planning_msgs/include/mav_planning_msgs/mav_planning_msgs/msg/detail/point2_d__struct.h
[0.626s] -- Up-to-date: /home/jiacheng/autonomoussystems2025/ros2_ws/install/mav_planning_msgs/include/mav_planning_msgs/mav_planning_msgs/msg/detail/polynomial_trajectory4_d__struct.h
[0.626s] -- Installing: /home/jiacheng/autonomoussystems2025/ros2_ws/install/mav_planning_msgs/include/mav_planning_msgs/mav_planning_msgs/msg/detail/point2_d__type_support.c
[0.627s] -- Up-to-date: /home/jiacheng/autonomoussystems2025/ros2_ws/install/mav_planning_msgs/include/mav_planning_msgs/mav_planning_msgs/msg/detail/point_cloud_with_pose__struct.h
[0.627s] -- Up-to-date: /home/jiacheng/autonomoussystems2025/ros2_ws/install/mav_planning_msgs/include/mav_planning_msgs/mav_planning_msgs/msg/detail/polygon_with_holes_stamped__functions.c
[0.627s] -- Up-to-date: /home/jiacheng/autonomoussystems2025/ros2_ws/install/mav_planning_msgs/include/mav_planning_msgs/mav_planning_msgs/msg/detail/polygon_with_holes_stamped__description.c
[0.627s] -- Up-to-date: /home/jiacheng/autonomoussystems2025/ros2_ws/install/mav_planning_msgs/include/mav_planning_msgs/mav_planning_msgs/msg/detail/polygon_with_holes__description.c
[0.627s] -- Up-to-date: /home/jiacheng/autonomoussystems2025/ros2_ws/install/mav_planning_msgs/include/mav_planning_msgs/mav_planning_msgs/msg/detail/polynomial_segment4_d__functions.c
[0.627s] -- Up-to-date: /home/jiacheng/autonomoussystems2025/ros2_ws/install/mav_planning_msgs/include/mav_planning_msgs/mav_planning_msgs/msg/detail/point2_d__functions.c
[0.627s] -- Up-to-date: /home/jiacheng/autonomoussystems2025/ros2_ws/install/mav_planning_msgs/include/mav_planning_msgs/mav_planning_msgs/msg/detail/polynomial_trajectory__type_support.h
[0.627s] -- Up-to-date: /home/jiacheng/autonomoussystems2025/ros2_ws/install/mav_planning_msgs/include/mav_planning_msgs/mav_planning_msgs/msg/detail/polynomial_trajectory4_d__type_support.h
[0.627s] -- Up-to-date: /home/jiacheng/autonomoussystems2025/ros2_ws/install/mav_planning_msgs/include/mav_planning_msgs/mav_planning_msgs/msg/detail/polynomial_segment__functions.h
[0.629s] -- Installing: /home/jiacheng/autonomoussystems2025/ros2_ws/install/mav_planning_msgs/include/mav_planning_msgs/mav_planning_msgs/msg/detail/point_cloud_with_pose__type_support.c
[0.630s] -- Up-to-date: /home/jiacheng/autonomoussystems2025/ros2_ws/install/mav_planning_msgs/include/mav_planning_msgs/mav_planning_msgs/msg/detail/polygon_with_holes__type_support.h
[0.630s] -- Up-to-date: /home/jiacheng/autonomoussystems2025/ros2_ws/install/mav_planning_msgs/include/mav_planning_msgs/mav_planning_msgs/msg/detail/point_cloud_with_pose__description.c
[0.630s] -- Up-to-date: /home/jiacheng/autonomoussystems2025/ros2_ws/install/mav_planning_msgs/include/mav_planning_msgs/mav_planning_msgs/msg/detail/polynomial_segment4_d__type_support.h
[0.630s] -- Up-to-date: /home/jiacheng/autonomoussystems2025/ros2_ws/install/mav_planning_msgs/include/mav_planning_msgs/mav_planning_msgs/msg/detail/polygon2_d__functions.c
[0.630s] -- Up-to-date: /home/jiacheng/autonomoussystems2025/ros2_ws/install/mav_planning_msgs/include/mav_planning_msgs/mav_planning_msgs/msg/detail/point2_d__type_support.h
[0.630s] -- Up-to-date: /home/jiacheng/autonomoussystems2025/ros2_ws/install/mav_planning_msgs/include/mav_planning_msgs/mav_planning_msgs/msg/detail/polygon_with_holes_stamped__functions.h
[0.630s] -- Up-to-date: /home/jiacheng/autonomoussystems2025/ros2_ws/install/mav_planning_msgs/include/mav_planning_msgs/mav_planning_msgs/msg/detail/polygon_with_holes_stamped__type_support.h
[0.630s] -- Up-to-date: /home/jiacheng/autonomoussystems2025/ros2_ws/install/mav_planning_msgs/include/mav_planning_msgs/mav_planning_msgs/msg/detail/polynomial_trajectory4_d__description.c
[0.630s] -- Installing: /home/jiacheng/autonomoussystems2025/ros2_ws/install/mav_planning_msgs/include/mav_planning_msgs/mav_planning_msgs/msg/detail/polynomial_segment4_d__type_support.c
[0.630s] -- Up-to-date: /home/jiacheng/autonomoussystems2025/ros2_ws/install/mav_planning_msgs/include/mav_planning_msgs/mav_planning_msgs/msg/polygon2_d.h
[0.630s] -- Up-to-date: /home/jiacheng/autonomoussystems2025/ros2_ws/install/mav_planning_msgs/include/mav_planning_msgs/mav_planning_msgs/msg/polynomial_segment4_d.h
[0.630s] -- Up-to-date: /home/jiacheng/autonomoussystems2025/ros2_ws/install/mav_planning_msgs/include/mav_planning_msgs/mav_planning_msgs/msg/polynomial_trajectory.h
[0.630s] -- Up-to-date: /home/jiacheng/autonomoussystems2025/ros2_ws/install/mav_planning_msgs/include/mav_planning_msgs/mav_planning_msgs/msg/rosidl_generator_c__visibility_control.h
[0.631s] -- Up-to-date: /home/jiacheng/autonomoussystems2025/ros2_ws/install/mav_planning_msgs/include/mav_planning_msgs/mav_planning_msgs/msg/polygon_with_holes_stamped.h
[0.631s] -- Up-to-date: /home/jiacheng/autonomoussystems2025/ros2_ws/install/mav_planning_msgs/include/mav_planning_msgs/mav_planning_msgs/msg/point_cloud_with_pose.h
[0.631s] -- Up-to-date: /home/jiacheng/autonomoussystems2025/ros2_ws/install/mav_planning_msgs/include/mav_planning_msgs/mav_planning_msgs/msg/polynomial_segment.h
[0.631s] -- Up-to-date: /home/jiacheng/autonomoussystems2025/ros2_ws/install/mav_planning_msgs/include/mav_planning_msgs/mav_planning_msgs/srv
[0.632s] -- Up-to-date: /home/jiacheng/autonomoussystems2025/ros2_ws/install/mav_planning_msgs/include/mav_planning_msgs/mav_planning_msgs/srv/planner_service.h
[0.632s] -- Up-to-date: /home/jiacheng/autonomoussystems2025/ros2_ws/install/mav_planning_msgs/include/mav_planning_msgs/mav_planning_msgs/srv/detail
[0.632s] -- Up-to-date: /home/jiacheng/autonomoussystems2025/ros2_ws/install/mav_planning_msgs/include/mav_planning_msgs/mav_planning_msgs/srv/detail/change_name_service__struct.h
[0.632s] -- Up-to-date: /home/jiacheng/autonomoussystems2025/ros2_ws/install/mav_planning_msgs/include/mav_planning_msgs/mav_planning_msgs/srv/detail/change_name_service__type_support.h
[0.632s] -- Up-to-date: /home/jiacheng/autonomoussystems2025/ros2_ws/install/mav_planning_msgs/include/mav_planning_msgs/mav_planning_msgs/srv/detail/polygon_service__struct.h
[0.632s] -- Up-to-date: /home/jiacheng/autonomoussystems2025/ros2_ws/install/mav_planning_msgs/include/mav_planning_msgs/mav_planning_msgs/srv/detail/planner_service__description.c
[0.632s] -- Up-to-date: /home/jiacheng/autonomoussystems2025/ros2_ws/install/mav_planning_msgs/include/mav_planning_msgs/mav_planning_msgs/srv/detail/planner_service__functions.c
[0.632s] -- Up-to-date: /home/jiacheng/autonomoussystems2025/ros2_ws/install/mav_planning_msgs/include/mav_planning_msgs/mav_planning_msgs/srv/detail/planner_service__functions.h
[0.633s] -- Up-to-date: /home/jiacheng/autonomoussystems2025/ros2_ws/install/mav_planning_msgs/include/mav_planning_msgs/mav_planning_msgs/srv/detail/change_name_service__functions.c
[0.633s] -- Up-to-date: /home/jiacheng/autonomoussystems2025/ros2_ws/install/mav_planning_msgs/include/mav_planning_msgs/mav_planning_msgs/srv/detail/polygon_service__functions.h
[0.633s] -- Up-to-date: /home/jiacheng/autonomoussystems2025/ros2_ws/install/mav_planning_msgs/include/mav_planning_msgs/mav_planning_msgs/srv/detail/change_name_service__description.c
[0.633s] -- Up-to-date: /home/jiacheng/autonomoussystems2025/ros2_ws/install/mav_planning_msgs/include/mav_planning_msgs/mav_planning_msgs/srv/detail/change_name_service__functions.h
[0.633s] -- Installing: /home/jiacheng/autonomoussystems2025/ros2_ws/install/mav_planning_msgs/include/mav_planning_msgs/mav_planning_msgs/srv/detail/change_name_service__type_support.c
[0.633s] -- Up-to-date: /home/jiacheng/autonomoussystems2025/ros2_ws/install/mav_planning_msgs/include/mav_planning_msgs/mav_planning_msgs/srv/detail/polygon_service__functions.c
[0.633s] -- Up-to-date: /home/jiacheng/autonomoussystems2025/ros2_ws/install/mav_planning_msgs/include/mav_planning_msgs/mav_planning_msgs/srv/detail/planner_service__type_support.h
[0.633s] -- Installing: /home/jiacheng/autonomoussystems2025/ros2_ws/install/mav_planning_msgs/include/mav_planning_msgs/mav_planning_msgs/srv/detail/planner_service__type_support.c
[0.633s] -- Up-to-date: /home/jiacheng/autonomoussystems2025/ros2_ws/install/mav_planning_msgs/include/mav_planning_msgs/mav_planning_msgs/srv/detail/polygon_service__type_support.h
[0.633s] -- Up-to-date: /home/jiacheng/autonomoussystems2025/ros2_ws/install/mav_planning_msgs/include/mav_planning_msgs/mav_planning_msgs/srv/detail/planner_service__struct.h
[0.633s] -- Installing: /home/jiacheng/autonomoussystems2025/ros2_ws/install/mav_planning_msgs/include/mav_planning_msgs/mav_planning_msgs/srv/detail/polygon_service__type_support.c
[0.633s] -- Up-to-date: /home/jiacheng/autonomoussystems2025/ros2_ws/install/mav_planning_msgs/include/mav_planning_msgs/mav_planning_msgs/srv/detail/polygon_service__description.c
[0.636s] -- Up-to-date: /home/jiacheng/autonomoussystems2025/ros2_ws/install/mav_planning_msgs/include/mav_planning_msgs/mav_planning_msgs/srv/change_name_service.h
[0.638s] -- Up-to-date: /home/jiacheng/autonomoussystems2025/ros2_ws/install/mav_planning_msgs/include/mav_planning_msgs/mav_planning_msgs/srv/polygon_service.h
[0.638s] -- Up-to-date: /home/jiacheng/autonomoussystems2025/ros2_ws/install/mav_planning_msgs/share/mav_planning_msgs/environment/library_path.sh
[0.638s] -- Up-to-date: /home/jiacheng/autonomoussystems2025/ros2_ws/install/mav_planning_msgs/share/mav_planning_msgs/environment/library_path.dsv
[0.638s] -- Up-to-date: /home/jiacheng/autonomoussystems2025/ros2_ws/install/mav_planning_msgs/lib/libmav_planning_msgs__rosidl_generator_c.so
[0.638s] -- Up-to-date: /home/jiacheng/autonomoussystems2025/ros2_ws/install/mav_planning_msgs/include/mav_planning_msgs/mav_planning_msgs
[0.638s] -- Up-to-date: /home/jiacheng/autonomoussystems2025/ros2_ws/install/mav_planning_msgs/include/mav_planning_msgs/mav_planning_msgs/msg
[0.638s] -- Up-to-date: /home/jiacheng/autonomoussystems2025/ros2_ws/install/mav_planning_msgs/include/mav_planning_msgs/mav_planning_msgs/msg/detail
[0.638s] -- Up-to-date: /home/jiacheng/autonomoussystems2025/ros2_ws/install/mav_planning_msgs/include/mav_planning_msgs/mav_planning_msgs/msg/detail/polynomial_trajectory__rosidl_typesupport_fastrtps_c.h
[0.638s] -- Up-to-date: /home/jiacheng/autonomoussystems2025/ros2_ws/install/mav_planning_msgs/include/mav_planning_msgs/mav_planning_msgs/msg/detail/point2_d__rosidl_typesupport_fastrtps_c.h
[0.638s] -- Up-to-date: /home/jiacheng/autonomoussystems2025/ros2_ws/install/mav_planning_msgs/include/mav_planning_msgs/mav_planning_msgs/msg/detail/polygon2_d__rosidl_typesupport_fastrtps_c.h
[0.638s] -- Up-to-date: /home/jiacheng/autonomoussystems2025/ros2_ws/install/mav_planning_msgs/include/mav_planning_msgs/mav_planning_msgs/msg/detail/polygon_with_holes_stamped__rosidl_typesupport_fastrtps_c.h
[0.638s] -- Up-to-date: /home/jiacheng/autonomoussystems2025/ros2_ws/install/mav_planning_msgs/include/mav_planning_msgs/mav_planning_msgs/msg/detail/polynomial_segment4_d__rosidl_typesupport_fastrtps_c.h
[0.638s] -- Up-to-date: /home/jiacheng/autonomoussystems2025/ros2_ws/install/mav_planning_msgs/include/mav_planning_msgs/mav_planning_msgs/msg/detail/point_cloud_with_pose__rosidl_typesupport_fastrtps_c.h
[0.641s] -- Up-to-date: /home/jiacheng/autonomoussystems2025/ros2_ws/install/mav_planning_msgs/include/mav_planning_msgs/mav_planning_msgs/msg/detail/polygon_with_holes__rosidl_typesupport_fastrtps_c.h
[0.641s] -- Up-to-date: /home/jiacheng/autonomoussystems2025/ros2_ws/install/mav_planning_msgs/include/mav_planning_msgs/mav_planning_msgs/msg/detail/polynomial_trajectory4_d__rosidl_typesupport_fastrtps_c.h
[0.641s] -- Up-to-date: /home/jiacheng/autonomoussystems2025/ros2_ws/install/mav_planning_msgs/include/mav_planning_msgs/mav_planning_msgs/msg/detail/polynomial_segment__rosidl_typesupport_fastrtps_c.h
[0.641s] -- Up-to-date: /home/jiacheng/autonomoussystems2025/ros2_ws/install/mav_planning_msgs/include/mav_planning_msgs/mav_planning_msgs/msg/rosidl_typesupport_fastrtps_c__visibility_control.h
[0.641s] -- Up-to-date: /home/jiacheng/autonomoussystems2025/ros2_ws/install/mav_planning_msgs/include/mav_planning_msgs/mav_planning_msgs/srv
[0.641s] -- Up-to-date: /home/jiacheng/autonomoussystems2025/ros2_ws/install/mav_planning_msgs/include/mav_planning_msgs/mav_planning_msgs/srv/detail
[0.641s] -- Up-to-date: /home/jiacheng/autonomoussystems2025/ros2_ws/install/mav_planning_msgs/include/mav_planning_msgs/mav_planning_msgs/srv/detail/change_name_service__rosidl_typesupport_fastrtps_c.h
[0.641s] -- Up-to-date: /home/jiacheng/autonomoussystems2025/ros2_ws/install/mav_planning_msgs/include/mav_planning_msgs/mav_planning_msgs/srv/detail/polygon_service__rosidl_typesupport_fastrtps_c.h
[0.641s] -- Up-to-date: /home/jiacheng/autonomoussystems2025/ros2_ws/install/mav_planning_msgs/include/mav_planning_msgs/mav_planning_msgs/srv/detail/planner_service__rosidl_typesupport_fastrtps_c.h
[0.641s] -- Up-to-date: /home/jiacheng/autonomoussystems2025/ros2_ws/install/mav_planning_msgs/lib/libmav_planning_msgs__rosidl_typesupport_fastrtps_c.so
[0.641s] -- Up-to-date: /home/jiacheng/autonomoussystems2025/ros2_ws/install/mav_planning_msgs/include/mav_planning_msgs/mav_planning_msgs
[0.641s] -- Up-to-date: /home/jiacheng/autonomoussystems2025/ros2_ws/install/mav_planning_msgs/include/mav_planning_msgs/mav_planning_msgs/msg
[0.641s] -- Up-to-date: /home/jiacheng/autonomoussystems2025/ros2_ws/install/mav_planning_msgs/include/mav_planning_msgs/mav_planning_msgs/msg/detail
[0.641s] -- Up-to-date: /home/jiacheng/autonomoussystems2025/ros2_ws/install/mav_planning_msgs/include/mav_planning_msgs/mav_planning_msgs/msg/detail/polynomial_segment__rosidl_typesupport_introspection_c.h
[0.641s] -- Installing: /home/jiacheng/autonomoussystems2025/ros2_ws/install/mav_planning_msgs/include/mav_planning_msgs/mav_planning_msgs/msg/detail/polygon2_d__type_support.c
[0.642s] -- Installing: /home/jiacheng/autonomoussystems2025/ros2_ws/install/mav_planning_msgs/include/mav_planning_msgs/mav_planning_msgs/msg/detail/polynomial_segment__type_support.c
[0.642s] -- Installing: /home/jiacheng/autonomoussystems2025/ros2_ws/install/mav_planning_msgs/include/mav_planning_msgs/mav_planning_msgs/msg/detail/polygon_with_holes_stamped__type_support.c
[0.642s] -- Up-to-date: /home/jiacheng/autonomoussystems2025/ros2_ws/install/mav_planning_msgs/include/mav_planning_msgs/mav_planning_msgs/msg/detail/polygon2_d__rosidl_typesupport_introspection_c.h
[0.642s] -- Installing: /home/jiacheng/autonomoussystems2025/ros2_ws/install/mav_planning_msgs/include/mav_planning_msgs/mav_planning_msgs/msg/detail/polynomial_trajectory__type_support.c
[0.642s] -- Up-to-date: /home/jiacheng/autonomoussystems2025/ros2_ws/install/mav_planning_msgs/include/mav_planning_msgs/mav_planning_msgs/msg/detail/polynomial_segment4_d__rosidl_typesupport_introspection_c.h
[0.643s] -- Up-to-date: /home/jiacheng/autonomoussystems2025/ros2_ws/install/mav_planning_msgs/include/mav_planning_msgs/mav_planning_msgs/msg/detail/polygon_with_holes__rosidl_typesupport_introspection_c.h
[0.643s] -- Installing: /home/jiacheng/autonomoussystems2025/ros2_ws/install/mav_planning_msgs/include/mav_planning_msgs/mav_planning_msgs/msg/detail/polygon_with_holes__type_support.c
[0.643s] -- Up-to-date: /home/jiacheng/autonomoussystems2025/ros2_ws/install/mav_planning_msgs/include/mav_planning_msgs/mav_planning_msgs/msg/detail/polynomial_trajectory4_d__rosidl_typesupport_introspection_c.h
[0.643s] -- Installing: /home/jiacheng/autonomoussystems2025/ros2_ws/install/mav_planning_msgs/include/mav_planning_msgs/mav_planning_msgs/msg/detail/polynomial_trajectory4_d__type_support.c
[0.643s] -- Up-to-date: /home/jiacheng/autonomoussystems2025/ros2_ws/install/mav_planning_msgs/include/mav_planning_msgs/mav_planning_msgs/msg/detail/point_cloud_with_pose__rosidl_typesupport_introspection_c.h
[0.643s] -- Installing: /home/jiacheng/autonomoussystems2025/ros2_ws/install/mav_planning_msgs/include/mav_planning_msgs/mav_planning_msgs/msg/detail/point2_d__type_support.c
[0.643s] -- Up-to-date: /home/jiacheng/autonomoussystems2025/ros2_ws/install/mav_planning_msgs/include/mav_planning_msgs/mav_planning_msgs/msg/detail/polynomial_trajectory__rosidl_typesupport_introspection_c.h
[0.643s] -- Installing: /home/jiacheng/autonomoussystems2025/ros2_ws/install/mav_planning_msgs/include/mav_planning_msgs/mav_planning_msgs/msg/detail/point_cloud_with_pose__type_support.c
[0.643s] -- Up-to-date: /home/jiacheng/autonomoussystems2025/ros2_ws/install/mav_planning_msgs/include/mav_planning_msgs/mav_planning_msgs/msg/detail/point2_d__rosidl_typesupport_introspection_c.h
[0.643s] -- Up-to-date: /home/jiacheng/autonomoussystems2025/ros2_ws/install/mav_planning_msgs/include/mav_planning_msgs/mav_planning_msgs/msg/detail/polygon_with_holes_stamped__rosidl_typesupport_introspection_c.h
[0.643s] -- Installing: /home/jiacheng/autonomoussystems2025/ros2_ws/install/mav_planning_msgs/include/mav_planning_msgs/mav_planning_msgs/msg/detail/polynomial_segment4_d__type_support.c
[0.644s] -- Up-to-date: /home/jiacheng/autonomoussystems2025/ros2_ws/install/mav_planning_msgs/include/mav_planning_msgs/mav_planning_msgs/msg/rosidl_typesupport_introspection_c__visibility_control.h
[0.644s] -- Up-to-date: /home/jiacheng/autonomoussystems2025/ros2_ws/install/mav_planning_msgs/include/mav_planning_msgs/mav_planning_msgs/srv
[0.644s] -- Up-to-date: /home/jiacheng/autonomoussystems2025/ros2_ws/install/mav_planning_msgs/include/mav_planning_msgs/mav_planning_msgs/srv/detail
[0.644s] -- Up-to-date: /home/jiacheng/autonomoussystems2025/ros2_ws/install/mav_planning_msgs/include/mav_planning_msgs/mav_planning_msgs/srv/detail/polygon_service__rosidl_typesupport_introspection_c.h
[0.644s] -- Installing: /home/jiacheng/autonomoussystems2025/ros2_ws/install/mav_planning_msgs/include/mav_planning_msgs/mav_planning_msgs/srv/detail/change_name_service__type_support.c
[0.645s] -- Up-to-date: /home/jiacheng/autonomoussystems2025/ros2_ws/install/mav_planning_msgs/include/mav_planning_msgs/mav_planning_msgs/srv/detail/change_name_service__rosidl_typesupport_introspection_c.h
[0.645s] -- Installing: /home/jiacheng/autonomoussystems2025/ros2_ws/install/mav_planning_msgs/include/mav_planning_msgs/mav_planning_msgs/srv/detail/planner_service__type_support.c
[0.645s] -- Up-to-date: /home/jiacheng/autonomoussystems2025/ros2_ws/install/mav_planning_msgs/include/mav_planning_msgs/mav_planning_msgs/srv/detail/planner_service__rosidl_typesupport_introspection_c.h
[0.646s] -- Installing: /home/jiacheng/autonomoussystems2025/ros2_ws/install/mav_planning_msgs/include/mav_planning_msgs/mav_planning_msgs/srv/detail/polygon_service__type_support.c
[0.650s] -- Up-to-date: /home/jiacheng/autonomoussystems2025/ros2_ws/install/mav_planning_msgs/lib/libmav_planning_msgs__rosidl_typesupport_introspection_c.so
[0.651s] -- Up-to-date: /home/jiacheng/autonomoussystems2025/ros2_ws/install/mav_planning_msgs/lib/libmav_planning_msgs__rosidl_typesupport_c.so
[0.651s] -- Up-to-date: /home/jiacheng/autonomoussystems2025/ros2_ws/install/mav_planning_msgs/include/mav_planning_msgs/mav_planning_msgs
[0.651s] -- Up-to-date: /home/jiacheng/autonomoussystems2025/ros2_ws/install/mav_planning_msgs/include/mav_planning_msgs/mav_planning_msgs/msg
[0.652s] -- Up-to-date: /home/jiacheng/autonomoussystems2025/ros2_ws/install/mav_planning_msgs/include/mav_planning_msgs/mav_planning_msgs/msg/polynomial_segment.hpp
[0.652s] -- Up-to-date: /home/jiacheng/autonomoussystems2025/ros2_ws/install/mav_planning_msgs/include/mav_planning_msgs/mav_planning_msgs/msg/point2_d.hpp
[0.652s] -- Up-to-date: /home/jiacheng/autonomoussystems2025/ros2_ws/install/mav_planning_msgs/include/mav_planning_msgs/mav_planning_msgs/msg/polynomial_trajectory4_d.hpp
[0.652s] -- Up-to-date: /home/jiacheng/autonomoussystems2025/ros2_ws/install/mav_planning_msgs/include/mav_planning_msgs/mav_planning_msgs/msg/polynomial_trajectory.hpp
[0.652s] -- Up-to-date: /home/jiacheng/autonomoussystems2025/ros2_ws/install/mav_planning_msgs/include/mav_planning_msgs/mav_planning_msgs/msg/detail
[0.652s] -- Up-to-date: /home/jiacheng/autonomoussystems2025/ros2_ws/install/mav_planning_msgs/include/mav_planning_msgs/mav_planning_msgs/msg/detail/polynomial_segment4_d__builder.hpp
[0.653s] -- Up-to-date: /home/jiacheng/autonomoussystems2025/ros2_ws/install/mav_planning_msgs/include/mav_planning_msgs/mav_planning_msgs/msg/detail/point_cloud_with_pose__traits.hpp
[0.653s] -- Up-to-date: /home/jiacheng/autonomoussystems2025/ros2_ws/install/mav_planning_msgs/include/mav_planning_msgs/mav_planning_msgs/msg/detail/point_cloud_with_pose__type_support.hpp
[0.653s] -- Up-to-date: /home/jiacheng/autonomoussystems2025/ros2_ws/install/mav_planning_msgs/include/mav_planning_msgs/mav_planning_msgs/msg/detail/polygon2_d__type_support.hpp
[0.653s] -- Up-to-date: /home/jiacheng/autonomoussystems2025/ros2_ws/install/mav_planning_msgs/include/mav_planning_msgs/mav_planning_msgs/msg/detail/point2_d__traits.hpp
[0.653s] -- Up-to-date: /home/jiacheng/autonomoussystems2025/ros2_ws/install/mav_planning_msgs/include/mav_planning_msgs/mav_planning_msgs/msg/detail/polynomial_segment__struct.hpp
[0.653s] -- Up-to-date: /home/jiacheng/autonomoussystems2025/ros2_ws/install/mav_planning_msgs/include/mav_planning_msgs/mav_planning_msgs/msg/detail/polygon_with_holes_stamped__struct.hpp
[0.653s] -- Up-to-date: /home/jiacheng/autonomoussystems2025/ros2_ws/install/mav_planning_msgs/include/mav_planning_msgs/mav_planning_msgs/msg/detail/polynomial_trajectory__builder.hpp
[0.653s] -- Up-to-date: /home/jiacheng/autonomoussystems2025/ros2_ws/install/mav_planning_msgs/include/mav_planning_msgs/mav_planning_msgs/msg/detail/point2_d__type_support.hpp
[0.653s] -- Up-to-date: /home/jiacheng/autonomoussystems2025/ros2_ws/install/mav_planning_msgs/include/mav_planning_msgs/mav_planning_msgs/msg/detail/polynomial_segment4_d__traits.hpp
[0.653s] -- Up-to-date: /home/jiacheng/autonomoussystems2025/ros2_ws/install/mav_planning_msgs/include/mav_planning_msgs/mav_planning_msgs/msg/detail/polygon_with_holes__traits.hpp
[0.654s] -- Up-to-date: /home/jiacheng/autonomoussystems2025/ros2_ws/install/mav_planning_msgs/include/mav_planning_msgs/mav_planning_msgs/msg/detail/polygon_with_holes__struct.hpp
[0.654s] -- Up-to-date: /home/jiacheng/autonomoussystems2025/ros2_ws/install/mav_planning_msgs/include/mav_planning_msgs/mav_planning_msgs/msg/detail/polynomial_segment__traits.hpp
[0.654s] -- Up-to-date: /home/jiacheng/autonomoussystems2025/ros2_ws/install/mav_planning_msgs/include/mav_planning_msgs/mav_planning_msgs/msg/detail/polynomial_trajectory4_d__traits.hpp
[0.654s] -- Up-to-date: /home/jiacheng/autonomoussystems2025/ros2_ws/install/mav_planning_msgs/include/mav_planning_msgs/mav_planning_msgs/msg/detail/polynomial_trajectory4_d__struct.hpp
[0.654s] -- Up-to-date: /home/jiacheng/autonomoussystems2025/ros2_ws/install/mav_planning_msgs/include/mav_planning_msgs/mav_planning_msgs/msg/detail/polygon_with_holes_stamped__builder.hpp
[0.654s] -- Up-to-date: /home/jiacheng/autonomoussystems2025/ros2_ws/install/mav_planning_msgs/include/mav_planning_msgs/mav_planning_msgs/msg/detail/polygon_with_holes__type_support.hpp
[0.654s] -- Up-to-date: /home/jiacheng/autonomoussystems2025/ros2_ws/install/mav_planning_msgs/include/mav_planning_msgs/mav_planning_msgs/msg/detail/polynomial_segment__type_support.hpp
[0.654s] -- Up-to-date: /home/jiacheng/autonomoussystems2025/ros2_ws/install/mav_planning_msgs/include/mav_planning_msgs/mav_planning_msgs/msg/detail/polygon_with_holes_stamped__traits.hpp
[0.654s] -- Up-to-date: /home/jiacheng/autonomoussystems2025/ros2_ws/install/mav_planning_msgs/include/mav_planning_msgs/mav_planning_msgs/msg/detail/polygon2_d__builder.hpp
[0.654s] -- Up-to-date: /home/jiacheng/autonomoussystems2025/ros2_ws/install/mav_planning_msgs/include/mav_planning_msgs/mav_planning_msgs/msg/detail/polygon2_d__traits.hpp
[0.655s] -- Up-to-date: /home/jiacheng/autonomoussystems2025/ros2_ws/install/mav_planning_msgs/include/mav_planning_msgs/mav_planning_msgs/msg/detail/polygon_with_holes__builder.hpp
[0.655s] -- Up-to-date: /home/jiacheng/autonomoussystems2025/ros2_ws/install/mav_planning_msgs/include/mav_planning_msgs/mav_planning_msgs/msg/detail/polynomial_trajectory__traits.hpp
[0.655s] -- Up-to-date: /home/jiacheng/autonomoussystems2025/ros2_ws/install/mav_planning_msgs/include/mav_planning_msgs/mav_planning_msgs/msg/detail/polynomial_trajectory4_d__type_support.hpp
[0.655s] -- Up-to-date: /home/jiacheng/autonomoussystems2025/ros2_ws/install/mav_planning_msgs/include/mav_planning_msgs/mav_planning_msgs/msg/detail/polygon2_d__struct.hpp
[0.655s] -- Up-to-date: /home/jiacheng/autonomoussystems2025/ros2_ws/install/mav_planning_msgs/include/mav_planning_msgs/mav_planning_msgs/msg/detail/polynomial_segment__builder.hpp
[0.655s] -- Up-to-date: /home/jiacheng/autonomoussystems2025/ros2_ws/install/mav_planning_msgs/include/mav_planning_msgs/mav_planning_msgs/msg/detail/polynomial_trajectory__type_support.hpp
[0.655s] -- Up-to-date: /home/jiacheng/autonomoussystems2025/ros2_ws/install/mav_planning_msgs/include/mav_planning_msgs/mav_planning_msgs/msg/detail/point2_d__builder.hpp
[0.656s] -- Up-to-date: /home/jiacheng/autonomoussystems2025/ros2_ws/install/mav_planning_msgs/include/mav_planning_msgs/mav_planning_msgs/msg/detail/point2_d__struct.hpp
[0.656s] -- Up-to-date: /home/jiacheng/autonomoussystems2025/ros2_ws/install/mav_planning_msgs/include/mav_planning_msgs/mav_planning_msgs/msg/detail/polynomial_trajectory4_d__builder.hpp
[0.656s] -- Up-to-date: /home/jiacheng/autonomoussystems2025/ros2_ws/install/mav_planning_msgs/include/mav_planning_msgs/mav_planning_msgs/msg/detail/point_cloud_with_pose__builder.hpp
[0.656s] -- Up-to-date: /home/jiacheng/autonomoussystems2025/ros2_ws/install/mav_planning_msgs/include/mav_planning_msgs/mav_planning_msgs/msg/detail/polynomial_segment4_d__struct.hpp
[0.656s] -- Up-to-date: /home/jiacheng/autonomoussystems2025/ros2_ws/install/mav_planning_msgs/include/mav_planning_msgs/mav_planning_msgs/msg/detail/polynomial_segment4_d__type_support.hpp
[0.656s] -- Up-to-date: /home/jiacheng/autonomoussystems2025/ros2_ws/install/mav_planning_msgs/include/mav_planning_msgs/mav_planning_msgs/msg/detail/polynomial_trajectory__struct.hpp
[0.656s] -- Up-to-date: /home/jiacheng/autonomoussystems2025/ros2_ws/install/mav_planning_msgs/include/mav_planning_msgs/mav_planning_msgs/msg/detail/polygon_with_holes_stamped__type_support.hpp
[0.657s] -- Up-to-date: /home/jiacheng/autonomoussystems2025/ros2_ws/install/mav_planning_msgs/include/mav_planning_msgs/mav_planning_msgs/msg/detail/point_cloud_with_pose__struct.hpp
[0.657s] -- Up-to-date: /home/jiacheng/autonomoussystems2025/ros2_ws/install/mav_planning_msgs/include/mav_planning_msgs/mav_planning_msgs/msg/polygon_with_holes_stamped.hpp
[0.657s] -- Up-to-date: /home/jiacheng/autonomoussystems2025/ros2_ws/install/mav_planning_msgs/include/mav_planning_msgs/mav_planning_msgs/msg/polygon_with_holes.hpp
[0.657s] -- Up-to-date: /home/jiacheng/autonomoussystems2025/ros2_ws/install/mav_planning_msgs/include/mav_planning_msgs/mav_planning_msgs/msg/polynomial_segment4_d.hpp
[0.657s] -- Up-to-date: /home/jiacheng/autonomoussystems2025/ros2_ws/install/mav_planning_msgs/include/mav_planning_msgs/mav_planning_msgs/msg/polygon2_d.hpp
[0.657s] -- Up-to-date: /home/jiacheng/autonomoussystems2025/ros2_ws/install/mav_planning_msgs/include/mav_planning_msgs/mav_planning_msgs/msg/rosidl_generator_cpp__visibility_control.hpp
[0.659s] -- Up-to-date: /home/jiacheng/autonomoussystems2025/ros2_ws/install/mav_planning_msgs/include/mav_planning_msgs/mav_planning_msgs/msg/point_cloud_with_pose.hpp
[0.659s] -- Up-to-date: /home/jiacheng/autonomoussystems2025/ros2_ws/install/mav_planning_msgs/include/mav_planning_msgs/mav_planning_msgs/srv
[0.659s] -- Up-to-date: /home/jiacheng/autonomoussystems2025/ros2_ws/install/mav_planning_msgs/include/mav_planning_msgs/mav_planning_msgs/srv/detail
[0.659s] -- Up-to-date: /home/jiacheng/autonomoussystems2025/ros2_ws/install/mav_planning_msgs/include/mav_planning_msgs/mav_planning_msgs/srv/detail/change_name_service__type_support.hpp
[0.659s] -- Up-to-date: /home/jiacheng/autonomoussystems2025/ros2_ws/install/mav_planning_msgs/include/mav_planning_msgs/mav_planning_msgs/srv/detail/planner_service__traits.hpp
[0.660s] -- Up-to-date: /home/jiacheng/autonomoussystems2025/ros2_ws/install/mav_planning_msgs/include/mav_planning_msgs/mav_planning_msgs/srv/detail/planner_service__builder.hpp
[0.660s] -- Up-to-date: /home/jiacheng/autonomoussystems2025/ros2_ws/install/mav_planning_msgs/include/mav_planning_msgs/mav_planning_msgs/srv/detail/planner_service__type_support.hpp
[0.660s] -- Up-to-date: /home/jiacheng/autonomoussystems2025/ros2_ws/install/mav_planning_msgs/include/mav_planning_msgs/mav_planning_msgs/srv/detail/change_name_service__struct.hpp
[0.660s] -- Up-to-date: /home/jiacheng/autonomoussystems2025/ros2_ws/install/mav_planning_msgs/include/mav_planning_msgs/mav_planning_msgs/srv/detail/planner_service__struct.hpp
[0.660s] -- Up-to-date: /home/jiacheng/autonomoussystems2025/ros2_ws/install/mav_planning_msgs/include/mav_planning_msgs/mav_planning_msgs/srv/detail/polygon_service__struct.hpp
[0.660s] -- Up-to-date: /home/jiacheng/autonomoussystems2025/ros2_ws/install/mav_planning_msgs/include/mav_planning_msgs/mav_planning_msgs/srv/detail/change_name_service__traits.hpp
[0.660s] -- Up-to-date: /home/jiacheng/autonomoussystems2025/ros2_ws/install/mav_planning_msgs/include/mav_planning_msgs/mav_planning_msgs/srv/detail/polygon_service__type_support.hpp
[0.661s] -- Up-to-date: /home/jiacheng/autonomoussystems2025/ros2_ws/install/mav_planning_msgs/include/mav_planning_msgs/mav_planning_msgs/srv/detail/polygon_service__builder.hpp
[0.661s] -- Up-to-date: /home/jiacheng/autonomoussystems2025/ros2_ws/install/mav_planning_msgs/include/mav_planning_msgs/mav_planning_msgs/srv/detail/change_name_service__builder.hpp
[0.661s] -- Up-to-date: /home/jiacheng/autonomoussystems2025/ros2_ws/install/mav_planning_msgs/include/mav_planning_msgs/mav_planning_msgs/srv/detail/polygon_service__traits.hpp
[0.661s] -- Up-to-date: /home/jiacheng/autonomoussystems2025/ros2_ws/install/mav_planning_msgs/include/mav_planning_msgs/mav_planning_msgs/srv/polygon_service.hpp
[0.661s] -- Up-to-date: /home/jiacheng/autonomoussystems2025/ros2_ws/install/mav_planning_msgs/include/mav_planning_msgs/mav_planning_msgs/srv/change_name_service.hpp
[0.661s] -- Up-to-date: /home/jiacheng/autonomoussystems2025/ros2_ws/install/mav_planning_msgs/include/mav_planning_msgs/mav_planning_msgs/srv/planner_service.hpp
[0.661s] -- Up-to-date: /home/jiacheng/autonomoussystems2025/ros2_ws/install/mav_planning_msgs/include/mav_planning_msgs/mav_planning_msgs
[0.662s] -- Up-to-date: /home/jiacheng/autonomoussystems2025/ros2_ws/install/mav_planning_msgs/include/mav_planning_msgs/mav_planning_msgs/msg
[0.662s] -- Up-to-date: /home/jiacheng/autonomoussystems2025/ros2_ws/install/mav_planning_msgs/include/mav_planning_msgs/mav_planning_msgs/msg/detail
[0.662s] -- Up-to-date: /home/jiacheng/autonomoussystems2025/ros2_ws/install/mav_planning_msgs/include/mav_planning_msgs/mav_planning_msgs/msg/detail/point_cloud_with_pose__rosidl_typesupport_fastrtps_cpp.hpp
[0.662s] -- Up-to-date: /home/jiacheng/autonomoussystems2025/ros2_ws/install/mav_planning_msgs/include/mav_planning_msgs/mav_planning_msgs/msg/detail/polygon2_d__rosidl_typesupport_fastrtps_cpp.hpp
[0.662s] -- Up-to-date: /home/jiacheng/autonomoussystems2025/ros2_ws/install/mav_planning_msgs/include/mav_planning_msgs/mav_planning_msgs/msg/detail/polynomial_segment__rosidl_typesupport_fastrtps_cpp.hpp
[0.662s] -- Up-to-date: /home/jiacheng/autonomoussystems2025/ros2_ws/install/mav_planning_msgs/include/mav_planning_msgs/mav_planning_msgs/msg/detail/point2_d__rosidl_typesupport_fastrtps_cpp.hpp
[0.662s] -- Up-to-date: /home/jiacheng/autonomoussystems2025/ros2_ws/install/mav_planning_msgs/include/mav_planning_msgs/mav_planning_msgs/msg/detail/polynomial_trajectory4_d__rosidl_typesupport_fastrtps_cpp.hpp
[0.663s] -- Up-to-date: /home/jiacheng/autonomoussystems2025/ros2_ws/install/mav_planning_msgs/include/mav_planning_msgs/mav_planning_msgs/msg/detail/polynomial_segment4_d__rosidl_typesupport_fastrtps_cpp.hpp
[0.663s] -- Up-to-date: /home/jiacheng/autonomoussystems2025/ros2_ws/install/mav_planning_msgs/include/mav_planning_msgs/mav_planning_msgs/msg/detail/dds_fastrtps
[0.663s] -- Up-to-date: /home/jiacheng/autonomoussystems2025/ros2_ws/install/mav_planning_msgs/include/mav_planning_msgs/mav_planning_msgs/msg/detail/polygon_with_holes__rosidl_typesupport_fastrtps_cpp.hpp
[0.663s] -- Up-to-date: /home/jiacheng/autonomoussystems2025/ros2_ws/install/mav_planning_msgs/include/mav_planning_msgs/mav_planning_msgs/msg/detail/polygon_with_holes_stamped__rosidl_typesupport_fastrtps_cpp.hpp
[0.664s] -- Up-to-date: /home/jiacheng/autonomoussystems2025/ros2_ws/install/mav_planning_msgs/include/mav_planning_msgs/mav_planning_msgs/msg/detail/polynomial_trajectory__rosidl_typesupport_fastrtps_cpp.hpp
[0.664s] -- Up-to-date: /home/jiacheng/autonomoussystems2025/ros2_ws/install/mav_planning_msgs/include/mav_planning_msgs/mav_planning_msgs/msg/rosidl_typesupport_fastrtps_cpp__visibility_control.h
[0.664s] -- Up-to-date: /home/jiacheng/autonomoussystems2025/ros2_ws/install/mav_planning_msgs/include/mav_planning_msgs/mav_planning_msgs/srv
[0.664s] -- Up-to-date: /home/jiacheng/autonomoussystems2025/ros2_ws/install/mav_planning_msgs/include/mav_planning_msgs/mav_planning_msgs/srv/detail
[0.664s] -- Up-to-date: /home/jiacheng/autonomoussystems2025/ros2_ws/install/mav_planning_msgs/include/mav_planning_msgs/mav_planning_msgs/srv/detail/planner_service__rosidl_typesupport_fastrtps_cpp.hpp
[0.664s] -- Up-to-date: /home/jiacheng/autonomoussystems2025/ros2_ws/install/mav_planning_msgs/include/mav_planning_msgs/mav_planning_msgs/srv/detail/change_name_service__rosidl_typesupport_fastrtps_cpp.hpp
[0.664s] -- Up-to-date: /home/jiacheng/autonomoussystems2025/ros2_ws/install/mav_planning_msgs/include/mav_planning_msgs/mav_planning_msgs/srv/detail/polygon_service__rosidl_typesupport_fastrtps_cpp.hpp
[0.664s] -- Up-to-date: /home/jiacheng/autonomoussystems2025/ros2_ws/install/mav_planning_msgs/include/mav_planning_msgs/mav_planning_msgs/srv/detail/dds_fastrtps
[0.664s] -- Up-to-date: /home/jiacheng/autonomoussystems2025/ros2_ws/install/mav_planning_msgs/lib/libmav_planning_msgs__rosidl_typesupport_fastrtps_cpp.so
[0.665s] -- Up-to-date: /home/jiacheng/autonomoussystems2025/ros2_ws/install/mav_planning_msgs/include/mav_planning_msgs/mav_planning_msgs
[0.665s] -- Up-to-date: /home/jiacheng/autonomoussystems2025/ros2_ws/install/mav_planning_msgs/include/mav_planning_msgs/mav_planning_msgs/msg
[0.665s] -- Up-to-date: /home/jiacheng/autonomoussystems2025/ros2_ws/install/mav_planning_msgs/include/mav_planning_msgs/mav_planning_msgs/msg/detail
[0.666s] -- Up-to-date: /home/jiacheng/autonomoussystems2025/ros2_ws/install/mav_planning_msgs/include/mav_planning_msgs/mav_planning_msgs/msg/detail/polynomial_trajectory4_d__type_support.cpp
[0.666s] -- Up-to-date: /home/jiacheng/autonomoussystems2025/ros2_ws/install/mav_planning_msgs/include/mav_planning_msgs/mav_planning_msgs/msg/detail/polynomial_segment__rosidl_typesupport_introspection_cpp.hpp
[0.666s] -- Up-to-date: /home/jiacheng/autonomoussystems2025/ros2_ws/install/mav_planning_msgs/include/mav_planning_msgs/mav_planning_msgs/msg/detail/polynomial_trajectory4_d__rosidl_typesupport_introspection_cpp.hpp
[0.666s] -- Up-to-date: /home/jiacheng/autonomoussystems2025/ros2_ws/install/mav_planning_msgs/include/mav_planning_msgs/mav_planning_msgs/msg/detail/polygon2_d__rosidl_typesupport_introspection_cpp.hpp
[0.666s] -- Up-to-date: /home/jiacheng/autonomoussystems2025/ros2_ws/install/mav_planning_msgs/include/mav_planning_msgs/mav_planning_msgs/msg/detail/polygon2_d__type_support.cpp
[0.666s] -- Up-to-date: /home/jiacheng/autonomoussystems2025/ros2_ws/install/mav_planning_msgs/include/mav_planning_msgs/mav_planning_msgs/msg/detail/point2_d__type_support.cpp
[0.666s] -- Up-to-date: /home/jiacheng/autonomoussystems2025/ros2_ws/install/mav_planning_msgs/include/mav_planning_msgs/mav_planning_msgs/msg/detail/polynomial_trajectory__rosidl_typesupport_introspection_cpp.hpp
[0.666s] -- Up-to-date: /home/jiacheng/autonomoussystems2025/ros2_ws/install/mav_planning_msgs/include/mav_planning_msgs/mav_planning_msgs/msg/detail/polynomial_trajectory__type_support.cpp
[0.666s] -- Up-to-date: /home/jiacheng/autonomoussystems2025/ros2_ws/install/mav_planning_msgs/include/mav_planning_msgs/mav_planning_msgs/msg/detail/polynomial_segment4_d__rosidl_typesupport_introspection_cpp.hpp
[0.667s] -- Up-to-date: /home/jiacheng/autonomoussystems2025/ros2_ws/install/mav_planning_msgs/include/mav_planning_msgs/mav_planning_msgs/msg/detail/polygon_with_holes_stamped__rosidl_typesupport_introspection_cpp.hpp
[0.667s] -- Up-to-date: /home/jiacheng/autonomoussystems2025/ros2_ws/install/mav_planning_msgs/include/mav_planning_msgs/mav_planning_msgs/msg/detail/polygon_with_holes_stamped__type_support.cpp
[0.667s] -- Up-to-date: /home/jiacheng/autonomoussystems2025/ros2_ws/install/mav_planning_msgs/include/mav_planning_msgs/mav_planning_msgs/msg/detail/point_cloud_with_pose__type_support.cpp
[0.667s] -- Up-to-date: /home/jiacheng/autonomoussystems2025/ros2_ws/install/mav_planning_msgs/include/mav_planning_msgs/mav_planning_msgs/msg/detail/polygon_with_holes__type_support.cpp
[0.667s] -- Up-to-date: /home/jiacheng/autonomoussystems2025/ros2_ws/install/mav_planning_msgs/include/mav_planning_msgs/mav_planning_msgs/msg/detail/polygon_with_holes__rosidl_typesupport_introspection_cpp.hpp
[0.667s] -- Up-to-date: /home/jiacheng/autonomoussystems2025/ros2_ws/install/mav_planning_msgs/include/mav_planning_msgs/mav_planning_msgs/msg/detail/point2_d__rosidl_typesupport_introspection_cpp.hpp
[0.668s] -- Up-to-date: /home/jiacheng/autonomoussystems2025/ros2_ws/install/mav_planning_msgs/include/mav_planning_msgs/mav_planning_msgs/msg/detail/polynomial_segment4_d__type_support.cpp
[0.668s] -- Up-to-date: /home/jiacheng/autonomoussystems2025/ros2_ws/install/mav_planning_msgs/include/mav_planning_msgs/mav_planning_msgs/msg/detail/polynomial_segment__type_support.cpp
[0.668s] -- Up-to-date: /home/jiacheng/autonomoussystems2025/ros2_ws/install/mav_planning_msgs/include/mav_planning_msgs/mav_planning_msgs/msg/detail/point_cloud_with_pose__rosidl_typesupport_introspection_cpp.hpp
[0.668s] -- Up-to-date: /home/jiacheng/autonomoussystems2025/ros2_ws/install/mav_planning_msgs/include/mav_planning_msgs/mav_planning_msgs/srv
[0.668s] -- Up-to-date: /home/jiacheng/autonomoussystems2025/ros2_ws/install/mav_planning_msgs/include/mav_planning_msgs/mav_planning_msgs/srv/detail
[0.668s] -- Up-to-date: /home/jiacheng/autonomoussystems2025/ros2_ws/install/mav_planning_msgs/include/mav_planning_msgs/mav_planning_msgs/srv/detail/change_name_service__rosidl_typesupport_introspection_cpp.hpp
[0.668s] -- Up-to-date: /home/jiacheng/autonomoussystems2025/ros2_ws/install/mav_planning_msgs/include/mav_planning_msgs/mav_planning_msgs/srv/detail/planner_service__type_support.cpp
[0.668s] -- Up-to-date: /home/jiacheng/autonomoussystems2025/ros2_ws/install/mav_planning_msgs/include/mav_planning_msgs/mav_planning_msgs/srv/detail/polygon_service__rosidl_typesupport_introspection_cpp.hpp
[0.668s] -- Up-to-date: /home/jiacheng/autonomoussystems2025/ros2_ws/install/mav_planning_msgs/include/mav_planning_msgs/mav_planning_msgs/srv/detail/change_name_service__type_support.cpp
[0.668s] -- Up-to-date: /home/jiacheng/autonomoussystems2025/ros2_ws/install/mav_planning_msgs/include/mav_planning_msgs/mav_planning_msgs/srv/detail/polygon_service__type_support.cpp
[0.668s] -- Up-to-date: /home/jiacheng/autonomoussystems2025/ros2_ws/install/mav_planning_msgs/include/mav_planning_msgs/mav_planning_msgs/srv/detail/planner_service__rosidl_typesupport_introspection_cpp.hpp
[0.669s] -- Up-to-date: /home/jiacheng/autonomoussystems2025/ros2_ws/install/mav_planning_msgs/lib/libmav_planning_msgs__rosidl_typesupport_introspection_cpp.so
[0.669s] -- Up-to-date: /home/jiacheng/autonomoussystems2025/ros2_ws/install/mav_planning_msgs/lib/libmav_planning_msgs__rosidl_typesupport_cpp.so
[0.670s] -- Up-to-date: /home/jiacheng/autonomoussystems2025/ros2_ws/install/mav_planning_msgs/share/mav_planning_msgs/environment/pythonpath.sh
[0.670s] -- Up-to-date: /home/jiacheng/autonomoussystems2025/ros2_ws/install/mav_planning_msgs/share/mav_planning_msgs/environment/pythonpath.dsv
[0.670s] -- Up-to-date: /home/jiacheng/autonomoussystems2025/ros2_ws/install/mav_planning_msgs/lib/python3.12/site-packages/mav_planning_msgs-3.3.3-py3.12.egg-info
[0.670s] -- Installing: /home/jiacheng/autonomoussystems2025/ros2_ws/install/mav_planning_msgs/lib/python3.12/site-packages/mav_planning_msgs-3.3.3-py3.12.egg-info/top_level.txt
[0.670s] -- Installing: /home/jiacheng/autonomoussystems2025/ros2_ws/install/mav_planning_msgs/lib/python3.12/site-packages/mav_planning_msgs-3.3.3-py3.12.egg-info/PKG-INFO
[0.671s] -- Installing: /home/jiacheng/autonomoussystems2025/ros2_ws/install/mav_planning_msgs/lib/python3.12/site-packages/mav_planning_msgs-3.3.3-py3.12.egg-info/dependency_links.txt
[0.671s] -- Installing: /home/jiacheng/autonomoussystems2025/ros2_ws/install/mav_planning_msgs/lib/python3.12/site-packages/mav_planning_msgs-3.3.3-py3.12.egg-info/SOURCES.txt
[0.671s] -- Up-to-date: /home/jiacheng/autonomoussystems2025/ros2_ws/install/mav_planning_msgs/lib/python3.12/site-packages/mav_planning_msgs
[0.672s] -- Up-to-date: /home/jiacheng/autonomoussystems2025/ros2_ws/install/mav_planning_msgs/lib/python3.12/site-packages/mav_planning_msgs/mav_planning_msgs_s__rosidl_typesupport_fastrtps_c.so
[0.672s] -- Up-to-date: /home/jiacheng/autonomoussystems2025/ros2_ws/install/mav_planning_msgs/lib/python3.12/site-packages/mav_planning_msgs/msg
[0.672s] -- Up-to-date: /home/jiacheng/autonomoussystems2025/ros2_ws/install/mav_planning_msgs/lib/python3.12/site-packages/mav_planning_msgs/msg/_polynomial_segment.py
[0.672s] -- Up-to-date: /home/jiacheng/autonomoussystems2025/ros2_ws/install/mav_planning_msgs/lib/python3.12/site-packages/mav_planning_msgs/msg/_polygon2_d.py
[0.672s] -- Up-to-date: /home/jiacheng/autonomoussystems2025/ros2_ws/install/mav_planning_msgs/lib/python3.12/site-packages/mav_planning_msgs/msg/_polygon_with_holes_s.c
[0.672s] -- Up-to-date: /home/jiacheng/autonomoussystems2025/ros2_ws/install/mav_planning_msgs/lib/python3.12/site-packages/mav_planning_msgs/msg/_polygon_with_holes.py
[0.672s] -- Up-to-date: /home/jiacheng/autonomoussystems2025/ros2_ws/install/mav_planning_msgs/lib/python3.12/site-packages/mav_planning_msgs/msg/_point2_d_s.c
[0.673s] -- Up-to-date: /home/jiacheng/autonomoussystems2025/ros2_ws/install/mav_planning_msgs/lib/python3.12/site-packages/mav_planning_msgs/msg/_point_cloud_with_pose_s.c
[0.673s] -- Up-to-date: /home/jiacheng/autonomoussystems2025/ros2_ws/install/mav_planning_msgs/lib/python3.12/site-packages/mav_planning_msgs/msg/_point2_d.py
[0.673s] -- Up-to-date: /home/jiacheng/autonomoussystems2025/ros2_ws/install/mav_planning_msgs/lib/python3.12/site-packages/mav_planning_msgs/msg/_polynomial_trajectory_s.c
[0.673s] -- Up-to-date: /home/jiacheng/autonomoussystems2025/ros2_ws/install/mav_planning_msgs/lib/python3.12/site-packages/mav_planning_msgs/msg/_polynomial_trajectory4_d_s.c
[0.673s] -- Up-to-date: /home/jiacheng/autonomoussystems2025/ros2_ws/install/mav_planning_msgs/lib/python3.12/site-packages/mav_planning_msgs/msg/_point_cloud_with_pose.py
[0.673s] -- Up-to-date: /home/jiacheng/autonomoussystems2025/ros2_ws/install/mav_planning_msgs/lib/python3.12/site-packages/mav_planning_msgs/msg/_polygon_with_holes_stamped.py
[0.673s] -- Up-to-date: /home/jiacheng/autonomoussystems2025/ros2_ws/install/mav_planning_msgs/lib/python3.12/site-packages/mav_planning_msgs/msg/_polynomial_segment4_d_s.c
[0.673s] -- Up-to-date: /home/jiacheng/autonomoussystems2025/ros2_ws/install/mav_planning_msgs/lib/python3.12/site-packages/mav_planning_msgs/msg/__init__.py
[0.673s] -- Up-to-date: /home/jiacheng/autonomoussystems2025/ros2_ws/install/mav_planning_msgs/lib/python3.12/site-packages/mav_planning_msgs/msg/_polygon_with_holes_stamped_s.c
[0.674s] -- Up-to-date: /home/jiacheng/autonomoussystems2025/ros2_ws/install/mav_planning_msgs/lib/python3.12/site-packages/mav_planning_msgs/msg/_polynomial_segment4_d.py
[0.674s] -- Up-to-date: /home/jiacheng/autonomoussystems2025/ros2_ws/install/mav_planning_msgs/lib/python3.12/site-packages/mav_planning_msgs/msg/_polygon2_d_s.c
[0.674s] -- Up-to-date: /home/jiacheng/autonomoussystems2025/ros2_ws/install/mav_planning_msgs/lib/python3.12/site-packages/mav_planning_msgs/msg/_polynomial_trajectory.py
[0.674s] -- Up-to-date: /home/jiacheng/autonomoussystems2025/ros2_ws/install/mav_planning_msgs/lib/python3.12/site-packages/mav_planning_msgs/msg/_polynomial_segment_s.c
[0.674s] -- Up-to-date: /home/jiacheng/autonomoussystems2025/ros2_ws/install/mav_planning_msgs/lib/python3.12/site-packages/mav_planning_msgs/msg/_polynomial_trajectory4_d.py
[0.674s] -- Up-to-date: /home/jiacheng/autonomoussystems2025/ros2_ws/install/mav_planning_msgs/lib/python3.12/site-packages/mav_planning_msgs/_mav_planning_msgs_s.ep.rosidl_typesupport_fastrtps_c.c
[0.674s] -- Up-to-date: /home/jiacheng/autonomoussystems2025/ros2_ws/install/mav_planning_msgs/lib/python3.12/site-packages/mav_planning_msgs/_mav_planning_msgs_s.ep.rosidl_typesupport_introspection_c.c
[0.674s] -- Up-to-date: /home/jiacheng/autonomoussystems2025/ros2_ws/install/mav_planning_msgs/lib/python3.12/site-packages/mav_planning_msgs/mav_planning_msgs_s__rosidl_typesupport_introspection_c.so
[0.674s] -- Up-to-date: /home/jiacheng/autonomoussystems2025/ros2_ws/install/mav_planning_msgs/lib/python3.12/site-packages/mav_planning_msgs/_mav_planning_msgs_s.ep.rosidl_typesupport_c.c
[0.674s] -- Up-to-date: /home/jiacheng/autonomoussystems2025/ros2_ws/install/mav_planning_msgs/lib/python3.12/site-packages/mav_planning_msgs/__init__.py
[0.674s] -- Up-to-date: /home/jiacheng/autonomoussystems2025/ros2_ws/install/mav_planning_msgs/lib/python3.12/site-packages/mav_planning_msgs/srv
[0.675s] -- Up-to-date: /home/jiacheng/autonomoussystems2025/ros2_ws/install/mav_planning_msgs/lib/python3.12/site-packages/mav_planning_msgs/srv/_planner_service_s.c
[0.675s] -- Up-to-date: /home/jiacheng/autonomoussystems2025/ros2_ws/install/mav_planning_msgs/lib/python3.12/site-packages/mav_planning_msgs/srv/_polygon_service.py
[0.675s] -- Up-to-date: /home/jiacheng/autonomoussystems2025/ros2_ws/install/mav_planning_msgs/lib/python3.12/site-packages/mav_planning_msgs/srv/__init__.py
[0.675s] -- Up-to-date: /home/jiacheng/autonomoussystems2025/ros2_ws/install/mav_planning_msgs/lib/python3.12/site-packages/mav_planning_msgs/srv/_change_name_service.py
[0.675s] -- Up-to-date: /home/jiacheng/autonomoussystems2025/ros2_ws/install/mav_planning_msgs/lib/python3.12/site-packages/mav_planning_msgs/srv/_planner_service.py
[0.675s] -- Up-to-date: /home/jiacheng/autonomoussystems2025/ros2_ws/install/mav_planning_msgs/lib/python3.12/site-packages/mav_planning_msgs/srv/_change_name_service_s.c
[0.675s] -- Up-to-date: /home/jiacheng/autonomoussystems2025/ros2_ws/install/mav_planning_msgs/lib/python3.12/site-packages/mav_planning_msgs/srv/_polygon_service_s.c
[0.677s] -- Up-to-date: /home/jiacheng/autonomoussystems2025/ros2_ws/install/mav_planning_msgs/lib/python3.12/site-packages/mav_planning_msgs/mav_planning_msgs_s__rosidl_typesupport_c.so
[0.723s] Listing '/home/jiacheng/autonomoussystems2025/ros2_ws/install/mav_planning_msgs/lib/python3.12/site-packages/mav_planning_msgs'...
[0.724s] Listing '/home/jiacheng/autonomoussystems2025/ros2_ws/install/mav_planning_msgs/lib/python3.12/site-packages/mav_planning_msgs/msg'...
[0.724s] Listing '/home/jiacheng/autonomoussystems2025/ros2_ws/install/mav_planning_msgs/lib/python3.12/site-packages/mav_planning_msgs/srv'...
[0.733s] -- Up-to-date: /home/jiacheng/autonomoussystems2025/ros2_ws/install/mav_planning_msgs/lib/python3.12/site-packages/mav_planning_msgs/mav_planning_msgs_s__rosidl_typesupport_fastrtps_c.so
[0.734s] -- Up-to-date: /home/jiacheng/autonomoussystems2025/ros2_ws/install/mav_planning_msgs/lib/python3.12/site-packages/mav_planning_msgs/mav_planning_msgs_s__rosidl_typesupport_introspection_c.so
[0.734s] -- Up-to-date: /home/jiacheng/autonomoussystems2025/ros2_ws/install/mav_planning_msgs/lib/python3.12/site-packages/mav_planning_msgs/mav_planning_msgs_s__rosidl_typesupport_c.so
[0.735s] -- Up-to-date: /home/jiacheng/autonomoussystems2025/ros2_ws/install/mav_planning_msgs/lib/libmav_planning_msgs__rosidl_generator_py.so
[0.736s] -- Up-to-date: /home/jiacheng/autonomoussystems2025/ros2_ws/install/mav_planning_msgs/share/mav_planning_msgs/msg/Point2D.idl
[0.736s] -- Up-to-date: /home/jiacheng/autonomoussystems2025/ros2_ws/install/mav_planning_msgs/share/mav_planning_msgs/msg/PointCloudWithPose.idl
[0.736s] -- Up-to-date: /home/jiacheng/autonomoussystems2025/ros2_ws/install/mav_planning_msgs/share/mav_planning_msgs/msg/Polygon2D.idl
[0.737s] -- Up-to-date: /home/jiacheng/autonomoussystems2025/ros2_ws/install/mav_planning_msgs/share/mav_planning_msgs/msg/PolygonWithHoles.idl
[0.737s] -- Up-to-date: /home/jiacheng/autonomoussystems2025/ros2_ws/install/mav_planning_msgs/share/mav_planning_msgs/msg/PolygonWithHolesStamped.idl
[0.737s] -- Up-to-date: /home/jiacheng/autonomoussystems2025/ros2_ws/install/mav_planning_msgs/share/mav_planning_msgs/msg/PolynomialSegment.idl
[0.738s] -- Up-to-date: /home/jiacheng/autonomoussystems2025/ros2_ws/install/mav_planning_msgs/share/mav_planning_msgs/msg/PolynomialSegment4D.idl
[0.738s] -- Up-to-date: /home/jiacheng/autonomoussystems2025/ros2_ws/install/mav_planning_msgs/share/mav_planning_msgs/msg/PolynomialTrajectory.idl
[0.738s] -- Up-to-date: /home/jiacheng/autonomoussystems2025/ros2_ws/install/mav_planning_msgs/share/mav_planning_msgs/msg/PolynomialTrajectory4D.idl
[0.739s] -- Up-to-date: /home/jiacheng/autonomoussystems2025/ros2_ws/install/mav_planning_msgs/share/mav_planning_msgs/srv/PlannerService.idl
[0.739s] -- Up-to-date: /home/jiacheng/autonomoussystems2025/ros2_ws/install/mav_planning_msgs/share/mav_planning_msgs/srv/PolygonService.idl
[0.739s] -- Up-to-date: /home/jiacheng/autonomoussystems2025/ros2_ws/install/mav_planning_msgs/share/mav_planning_msgs/srv/ChangeNameService.idl
[0.740s] -- Up-to-date: /home/jiacheng/autonomoussystems2025/ros2_ws/install/mav_planning_msgs/share/mav_planning_msgs/msg/Point2D.msg
[0.740s] -- Up-to-date: /home/jiacheng/autonomoussystems2025/ros2_ws/install/mav_planning_msgs/share/mav_planning_msgs/msg/PointCloudWithPose.msg
[0.740s] -- Up-to-date: /home/jiacheng/autonomoussystems2025/ros2_ws/install/mav_planning_msgs/share/mav_planning_msgs/msg/Polygon2D.msg
[0.740s] -- Up-to-date: /home/jiacheng/autonomoussystems2025/ros2_ws/install/mav_planning_msgs/share/mav_planning_msgs/msg/PolygonWithHoles.msg
[0.741s] -- Up-to-date: /home/jiacheng/autonomoussystems2025/ros2_ws/install/mav_planning_msgs/share/mav_planning_msgs/msg/PolygonWithHolesStamped.msg
[0.741s] -- Up-to-date: /home/jiacheng/autonomoussystems2025/ros2_ws/install/mav_planning_msgs/share/mav_planning_msgs/msg/PolynomialSegment.msg
[0.742s] -- Up-to-date: /home/jiacheng/autonomoussystems2025/ros2_ws/install/mav_planning_msgs/share/mav_planning_msgs/msg/PolynomialSegment4D.msg
[0.743s] -- Up-to-date: /home/jiacheng/autonomoussystems2025/ros2_ws/install/mav_planning_msgs/share/mav_planning_msgs/msg/PolynomialTrajectory.msg
[0.743s] -- Up-to-date: /home/jiacheng/autonomoussystems2025/ros2_ws/install/mav_planning_msgs/share/mav_planning_msgs/msg/PolynomialTrajectory4D.msg
[0.743s] -- Up-to-date: /home/jiacheng/autonomoussystems2025/ros2_ws/install/mav_planning_msgs/share/mav_planning_msgs/srv/PlannerService.srv
[0.743s] -- Up-to-date: /home/jiacheng/autonomoussystems2025/ros2_ws/install/mav_planning_msgs/share/mav_planning_msgs/srv/PolygonService.srv
[0.743s] -- Up-to-date: /home/jiacheng/autonomoussystems2025/ros2_ws/install/mav_planning_msgs/share/mav_planning_msgs/srv/ChangeNameService.srv
[0.743s] -- Up-to-date: /home/jiacheng/autonomoussystems2025/ros2_ws/install/mav_planning_msgs/include/mav_planning_msgs
[0.743s] -- Up-to-date: /home/jiacheng/autonomoussystems2025/ros2_ws/install/mav_planning_msgs/include/mav_planning_msgs/mav_planning_msgs
[0.743s] -- Up-to-date: /home/jiacheng/autonomoussystems2025/ros2_ws/install/mav_planning_msgs/include/mav_planning_msgs/mav_planning_msgs/eigen_planning_msgs.hpp
[0.743s] -- Up-to-date: /home/jiacheng/autonomoussystems2025/ros2_ws/install/mav_planning_msgs/include/mav_planning_msgs/mav_planning_msgs/conversions.hpp
[0.743s] -- Up-to-date: /home/jiacheng/autonomoussystems2025/ros2_ws/install/mav_planning_msgs/include/mav_planning_msgs/mav_planning_msgs/conversions_deprecated.hpp
[0.743s] -- Up-to-date: /home/jiacheng/autonomoussystems2025/ros2_ws/install/mav_planning_msgs/share/ament_index/resource_index/package_run_dependencies/mav_planning_msgs
[0.744s] -- Up-to-date: /home/jiacheng/autonomoussystems2025/ros2_ws/install/mav_planning_msgs/share/ament_index/resource_index/parent_prefix_path/mav_planning_msgs
[0.744s] -- Up-to-date: /home/jiacheng/autonomoussystems2025/ros2_ws/install/mav_planning_msgs/share/mav_planning_msgs/environment/ament_prefix_path.sh
[0.744s] -- Up-to-date: /home/jiacheng/autonomoussystems2025/ros2_ws/install/mav_planning_msgs/share/mav_planning_msgs/environment/ament_prefix_path.dsv
[0.744s] -- Up-to-date: /home/jiacheng/autonomoussystems2025/ros2_ws/install/mav_planning_msgs/share/mav_planning_msgs/environment/path.sh
[0.744s] -- Up-to-date: /home/jiacheng/autonomoussystems2025/ros2_ws/install/mav_planning_msgs/share/mav_planning_msgs/environment/path.dsv
[0.744s] -- Up-to-date: /home/jiacheng/autonomoussystems2025/ros2_ws/install/mav_planning_msgs/share/mav_planning_msgs/local_setup.bash
[0.744s] -- Up-to-date: /home/jiacheng/autonomoussystems2025/ros2_ws/install/mav_planning_msgs/share/mav_planning_msgs/local_setup.sh
[0.744s] -- Up-to-date: /home/jiacheng/autonomoussystems2025/ros2_ws/install/mav_planning_msgs/share/mav_planning_msgs/local_setup.zsh
[0.745s] -- Up-to-date: /home/jiacheng/autonomoussystems2025/ros2_ws/install/mav_planning_msgs/share/mav_planning_msgs/local_setup.dsv
[0.745s] -- Installing: /home/jiacheng/autonomoussystems2025/ros2_ws/install/mav_planning_msgs/share/mav_planning_msgs/package.dsv
[0.746s] -- Up-to-date: /home/jiacheng/autonomoussystems2025/ros2_ws/install/mav_planning_msgs/share/ament_index/resource_index/packages/mav_planning_msgs
[0.747s] -- Up-to-date: /home/jiacheng/autonomoussystems2025/ros2_ws/install/mav_planning_msgs/share/mav_planning_msgs/cmake/export_mav_planning_msgs__rosidl_generator_cExport.cmake
[0.748s] -- Up-to-date: /home/jiacheng/autonomoussystems2025/ros2_ws/install/mav_planning_msgs/share/mav_planning_msgs/cmake/export_mav_planning_msgs__rosidl_generator_cExport-noconfig.cmake
[0.750s] -- Up-to-date: /home/jiacheng/autonomoussystems2025/ros2_ws/install/mav_planning_msgs/share/mav_planning_msgs/cmake/export_mav_planning_msgs__rosidl_typesupport_fastrtps_cExport.cmake
[0.750s] -- Up-to-date: /home/jiacheng/autonomoussystems2025/ros2_ws/install/mav_planning_msgs/share/mav_planning_msgs/cmake/export_mav_planning_msgs__rosidl_typesupport_fastrtps_cExport-noconfig.cmake
[0.750s] -- Up-to-date: /home/jiacheng/autonomoussystems2025/ros2_ws/install/mav_planning_msgs/share/mav_planning_msgs/cmake/mav_planning_msgs__rosidl_typesupport_introspection_cExport.cmake
[0.750s] -- Up-to-date: /home/jiacheng/autonomoussystems2025/ros2_ws/install/mav_planning_msgs/share/mav_planning_msgs/cmake/mav_planning_msgs__rosidl_typesupport_introspection_cExport-noconfig.cmake
[0.752s] -- Up-to-date: /home/jiacheng/autonomoussystems2025/ros2_ws/install/mav_planning_msgs/share/mav_planning_msgs/cmake/mav_planning_msgs__rosidl_typesupport_cExport.cmake
[0.752s] -- Up-to-date: /home/jiacheng/autonomoussystems2025/ros2_ws/install/mav_planning_msgs/share/mav_planning_msgs/cmake/mav_planning_msgs__rosidl_typesupport_cExport-noconfig.cmake
[0.753s] -- Up-to-date: /home/jiacheng/autonomoussystems2025/ros2_ws/install/mav_planning_msgs/share/mav_planning_msgs/cmake/export_mav_planning_msgs__rosidl_generator_cppExport.cmake
[0.755s] -- Up-to-date: /home/jiacheng/autonomoussystems2025/ros2_ws/install/mav_planning_msgs/share/mav_planning_msgs/cmake/export_mav_planning_msgs__rosidl_typesupport_fastrtps_cppExport.cmake
[0.756s] -- Up-to-date: /home/jiacheng/autonomoussystems2025/ros2_ws/install/mav_planning_msgs/share/mav_planning_msgs/cmake/export_mav_planning_msgs__rosidl_typesupport_fastrtps_cppExport-noconfig.cmake
[0.756s] -- Up-to-date: /home/jiacheng/autonomoussystems2025/ros2_ws/install/mav_planning_msgs/share/mav_planning_msgs/cmake/mav_planning_msgs__rosidl_typesupport_introspection_cppExport.cmake
[0.756s] -- Up-to-date: /home/jiacheng/autonomoussystems2025/ros2_ws/install/mav_planning_msgs/share/mav_planning_msgs/cmake/mav_planning_msgs__rosidl_typesupport_introspection_cppExport-noconfig.cmake
[0.761s] -- Up-to-date: /home/jiacheng/autonomoussystems2025/ros2_ws/install/mav_planning_msgs/share/mav_planning_msgs/cmake/mav_planning_msgs__rosidl_typesupport_cppExport.cmake
[0.761s] -- Up-to-date: /home/jiacheng/autonomoussystems2025/ros2_ws/install/mav_planning_msgs/share/mav_planning_msgs/cmake/mav_planning_msgs__rosidl_typesupport_cppExport-noconfig.cmake
[0.761s] -- Up-to-date: /home/jiacheng/autonomoussystems2025/ros2_ws/install/mav_planning_msgs/share/mav_planning_msgs/cmake/export_mav_planning_msgs__rosidl_generator_pyExport.cmake
[0.761s] -- Up-to-date: /home/jiacheng/autonomoussystems2025/ros2_ws/install/mav_planning_msgs/share/mav_planning_msgs/cmake/export_mav_planning_msgs__rosidl_generator_pyExport-noconfig.cmake
[0.761s] -- Up-to-date: /home/jiacheng/autonomoussystems2025/ros2_ws/install/mav_planning_msgs/share/mav_planning_msgs/cmake/rosidl_cmake-extras.cmake
[0.761s] -- Up-to-date: /home/jiacheng/autonomoussystems2025/ros2_ws/install/mav_planning_msgs/share/mav_planning_msgs/cmake/ament_cmake_export_dependencies-extras.cmake
[0.761s] -- Up-to-date: /home/jiacheng/autonomoussystems2025/ros2_ws/install/mav_planning_msgs/share/mav_planning_msgs/cmake/ament_cmake_export_include_directories-extras.cmake
[0.761s] -- Up-to-date: /home/jiacheng/autonomoussystems2025/ros2_ws/install/mav_planning_msgs/share/mav_planning_msgs/cmake/ament_cmake_export_libraries-extras.cmake
[0.761s] -- Up-to-date: /home/jiacheng/autonomoussystems2025/ros2_ws/install/mav_planning_msgs/share/mav_planning_msgs/cmake/ament_cmake_export_targets-extras.cmake
[0.761s] -- Up-to-date: /home/jiacheng/autonomoussystems2025/ros2_ws/install/mav_planning_msgs/share/mav_planning_msgs/cmake/rosidl_cmake_export_typesupport_targets-extras.cmake
[0.761s] -- Up-to-date: /home/jiacheng/autonomoussystems2025/ros2_ws/install/mav_planning_msgs/share/mav_planning_msgs/cmake/rosidl_cmake_export_typesupport_libraries-extras.cmake
[0.761s] -- Up-to-date: /home/jiacheng/autonomoussystems2025/ros2_ws/install/mav_planning_msgs/share/mav_planning_msgs/cmake/mav_planning_msgsConfig.cmake
[0.762s] -- Up-to-date: /home/jiacheng/autonomoussystems2025/ros2_ws/install/mav_planning_msgs/share/mav_planning_msgs/cmake/mav_planning_msgsConfig-version.cmake
[0.762s] -- Up-to-date: /home/jiacheng/autonomoussystems2025/ros2_ws/install/mav_planning_msgs/share/mav_planning_msgs/package.xml
[0.764s] Invoked command in '/home/jiacheng/autonomoussystems2025/ros2_ws/build/mav_planning_msgs' returned '0': CMAKE_PREFIX_PATH=/home/jiacheng/autonomoussystems2025/ros2_ws/install/mav_msgs:/home/jiacheng/autonomoussystems2025/ros2_ws/install/simulation:/home/jiacheng/autonomoussystems2025/ros2_ws/install/perception_pkg:/home/jiacheng/autonomoussystems2025/ros2_ws/install/mav_planning_msgs:/home/jiacheng/autonomoussystems2025/ros2_ws/install/controller_pkg:/opt/ros/jazzy/opt/gz_math_vendor:/opt/ros/jazzy/opt/gz_utils_vendor:/opt/ros/jazzy/opt/gz_cmake_vendor:/opt/ros/jazzy DEBUGINFOD_URLS=https://debuginfod.ubuntu.com LD_LIBRARY_PATH=/home/jiacheng/autonomoussystems2025/ros2_ws/install/mav_msgs/lib:/home/jiacheng/autonomoussystems2025/ros2_ws/install/simulation/lib:/home/jiacheng/autonomoussystems2025/ros2_ws/install/mav_planning_msgs/lib:/home/jiacheng/autonomoussystems2025/ros2_ws/install/controller_pkg/lib:/opt/ros/jazzy/opt/rviz_ogre_vendor/lib:/opt/ros/jazzy/lib/x86_64-linux-gnu:/opt/ros/jazzy/opt/gz_math_vendor/lib:/opt/ros/jazzy/opt/gz_utils_vendor/lib:/opt/ros/jazzy/opt/gz_cmake_vendor/lib:/opt/ros/jazzy/lib PYTHONPATH=/home/jiacheng/autonomoussystems2025/ros2_ws/install/mav_msgs/lib/python3.12/site-packages:/home/jiacheng/autonomoussystems2025/ros2_ws/install/mav_planning_msgs/lib/python3.12/site-packages:/opt/ros/jazzy/lib/python3.12/site-packages /usr/bin/cmake --install /home/jiacheng/autonomoussystems2025/ros2_ws/build/mav_planning_msgs
