[0.020s] Invoking command in '/home/jiacheng/autonomoussystems2025/ros2_ws/build/simulation': AMENT_PREFIX_PATH=/home/jiacheng/autonomoussystems2025/ros2_ws/install/mav_msgs:${AMENT_PREFIX_PATH} CMAKE_PREFIX_PATH=/home/jiacheng/autonomoussystems2025/ros2_ws/install/mav_msgs:/opt/ros/jazzy/opt/gz_math_vendor:/opt/ros/jazzy/opt/gz_utils_vendor:/opt/ros/jazzy/opt/gz_cmake_vendor:/opt/ros/jazzy DEBUGINFOD_URLS=https://debuginfod.ubuntu.com LD_LIBRARY_PATH=/home/jiacheng/autonomoussystems2025/ros2_ws/install/mav_msgs/lib:${LD_LIBRARY_PATH} PYTHONPATH=/home/jiacheng/autonomoussystems2025/ros2_ws/install/mav_msgs/lib/python3.12/site-packages:${PYTHONPATH} /usr/bin/cmake --build /home/jiacheng/autonomoussystems2025/ros2_ws/build/simulation -- -j8 -l8
[0.179s] [ 44%] Built target libsocket
[0.210s] [ 55%] Built target state_estimate_corruptor_node
[0.254s] [ 66%] Built target tcpstreamreader
[0.256s] [ 77%] Built target w_to_unity
[0.299s] [ 88%] Built target tcpimage
[0.407s] [100%] Built target unity_ros
[0.457s] Invoked command in '/home/jiacheng/autonomoussystems2025/ros2_ws/build/simulation' returned '0': AMENT_PREFIX_PATH=/home/jiacheng/autonomoussystems2025/ros2_ws/install/mav_msgs:${AMENT_PREFIX_PATH} CMAKE_PREFIX_PATH=/home/jiacheng/autonomoussystems2025/ros2_ws/install/mav_msgs:/opt/ros/jazzy/opt/gz_math_vendor:/opt/ros/jazzy/opt/gz_utils_vendor:/opt/ros/jazzy/opt/gz_cmake_vendor:/opt/ros/jazzy DEBUGINFOD_URLS=https://debuginfod.ubuntu.com LD_LIBRARY_PATH=/home/jiacheng/autonomoussystems2025/ros2_ws/install/mav_msgs/lib:${LD_LIBRARY_PATH} PYTHONPATH=/home/jiacheng/autonomoussystems2025/ros2_ws/install/mav_msgs/lib/python3.12/site-packages:${PYTHONPATH} /usr/bin/cmake --build /home/jiacheng/autonomoussystems2025/ros2_ws/build/simulation -- -j8 -l8
[0.460s] Invoking command in '/home/jiacheng/autonomoussystems2025/ros2_ws/build/simulation': AMENT_PREFIX_PATH=/home/jiacheng/autonomoussystems2025/ros2_ws/install/mav_msgs:${AMENT_PREFIX_PATH} CMAKE_PREFIX_PATH=/home/jiacheng/autonomoussystems2025/ros2_ws/install/mav_msgs:/opt/ros/jazzy/opt/gz_math_vendor:/opt/ros/jazzy/opt/gz_utils_vendor:/opt/ros/jazzy/opt/gz_cmake_vendor:/opt/ros/jazzy DEBUGINFOD_URLS=https://debuginfod.ubuntu.com LD_LIBRARY_PATH=/home/jiacheng/autonomoussystems2025/ros2_ws/install/mav_msgs/lib:${LD_LIBRARY_PATH} PYTHONPATH=/home/jiacheng/autonomoussystems2025/ros2_ws/install/mav_msgs/lib/python3.12/site-packages:${PYTHONPATH} /usr/bin/cmake --install /home/jiacheng/autonomoussystems2025/ros2_ws/build/simulation
[0.495s] -- Install configuration: ""
[0.495s] -- Up-to-date: /home/jiacheng/autonomoussystems2025/ros2_ws/install/simulation/lib/simulation/w_to_unity
[0.498s] -- Up-to-date: /home/jiacheng/autonomoussystems2025/ros2_ws/install/simulation/lib/simulation/state_estimate_corruptor_node
[0.503s] -- Up-to-date: /home/jiacheng/autonomoussystems2025/ros2_ws/install/simulation/lib/simulation/unity_ros
[0.503s] -- Up-to-date: /home/jiacheng/autonomoussystems2025/ros2_ws/install/simulation/share/simulation/launch
[0.503s] -- Up-to-date: /home/jiacheng/autonomoussystems2025/ros2_ws/install/simulation/share/simulation/launch/unity_sim.launch.py
[0.503s] -- Installing: /home/jiacheng/autonomoussystems2025/ros2_ws/install/simulation/share/simulation/launch/simulation.launch.py
[0.503s] -- Up-to-date: /home/jiacheng/autonomoussystems2025/ros2_ws/install/simulation/share/simulation/launch/unity_ros.launch.py
[0.503s] -- Up-to-date: /home/jiacheng/autonomoussystems2025/ros2_ws/install/simulation/share/ament_index/resource_index/package_run_dependencies/simulation
[0.503s] -- Up-to-date: /home/jiacheng/autonomoussystems2025/ros2_ws/install/simulation/share/ament_index/resource_index/parent_prefix_path/simulation
[0.503s] -- Up-to-date: /home/jiacheng/autonomoussystems2025/ros2_ws/install/simulation/share/simulation/environment/ament_prefix_path.sh
[0.503s] -- Up-to-date: /home/jiacheng/autonomoussystems2025/ros2_ws/install/simulation/share/simulation/environment/ament_prefix_path.dsv
[0.503s] -- Up-to-date: /home/jiacheng/autonomoussystems2025/ros2_ws/install/simulation/share/simulation/environment/path.sh
[0.503s] -- Up-to-date: /home/jiacheng/autonomoussystems2025/ros2_ws/install/simulation/share/simulation/environment/path.dsv
[0.503s] -- Up-to-date: /home/jiacheng/autonomoussystems2025/ros2_ws/install/simulation/share/simulation/local_setup.bash
[0.504s] -- Up-to-date: /home/jiacheng/autonomoussystems2025/ros2_ws/install/simulation/share/simulation/local_setup.sh
[0.504s] -- Up-to-date: /home/jiacheng/autonomoussystems2025/ros2_ws/install/simulation/share/simulation/local_setup.zsh
[0.504s] -- Up-to-date: /home/jiacheng/autonomoussystems2025/ros2_ws/install/simulation/share/simulation/local_setup.dsv
[0.504s] -- Installing: /home/jiacheng/autonomoussystems2025/ros2_ws/install/simulation/share/simulation/package.dsv
[0.504s] -- Up-to-date: /home/jiacheng/autonomoussystems2025/ros2_ws/install/simulation/share/ament_index/resource_index/packages/simulation
[0.504s] -- Up-to-date: /home/jiacheng/autonomoussystems2025/ros2_ws/install/simulation/share/simulation/cmake/ament_cmake_export_dependencies-extras.cmake
[0.504s] -- Up-to-date: /home/jiacheng/autonomoussystems2025/ros2_ws/install/simulation/share/simulation/cmake/simulationConfig.cmake
[0.504s] -- Up-to-date: /home/jiacheng/autonomoussystems2025/ros2_ws/install/simulation/share/simulation/cmake/simulationConfig-version.cmake
[0.504s] -- Up-to-date: /home/jiacheng/autonomoussystems2025/ros2_ws/install/simulation/share/simulation/package.xml
[0.508s] Invoked command in '/home/jiacheng/autonomoussystems2025/ros2_ws/build/simulation' returned '0': AMENT_PREFIX_PATH=/home/jiacheng/autonomoussystems2025/ros2_ws/install/mav_msgs:${AMENT_PREFIX_PATH} CMAKE_PREFIX_PATH=/home/jiacheng/autonomoussystems2025/ros2_ws/install/mav_msgs:/opt/ros/jazzy/opt/gz_math_vendor:/opt/ros/jazzy/opt/gz_utils_vendor:/opt/ros/jazzy/opt/gz_cmake_vendor:/opt/ros/jazzy DEBUGINFOD_URLS=https://debuginfod.ubuntu.com LD_LIBRARY_PATH=/home/jiacheng/autonomoussystems2025/ros2_ws/install/mav_msgs/lib:${LD_LIBRARY_PATH} PYTHONPATH=/home/jiacheng/autonomoussystems2025/ros2_ws/install/mav_msgs/lib/python3.12/site-packages:${PYTHONPATH} /usr/bin/cmake --install /home/jiacheng/autonomoussystems2025/ros2_ws/build/simulation
