[0.017s] Invoking command in '/home/jiacheng/autonomoussystems2025/ros2_ws/build/perception_pkg': CMAKE_PREFIX_PATH=${CMAKE_PREFIX_PATH}:/opt/ros/jazzy DEBUGINFOD_URLS=https://debuginfod.ubuntu.com /usr/bin/cmake --build /home/jiacheng/autonomoussystems2025/ros2_ws/build/perception_pkg -- -j8 -l8
[0.170s] [ 33%] Built target pointcloud_to_octomap
[0.170s] [ 66%] Built target depth_to_pointcloud
[0.196s] [ 83%] Building CXX object CMakeFiles/lantern_detector.dir/src/lantern_detector.cpp.o
[7.597s] /home/jiacheng/autonomoussystems2025/ros2_ws/src/perception_pkg/src/lantern_detector.cpp:275:36: error: lambda-expression in unevaluated context only available with ‘-std=c++20’ or ‘-std=gnu++20’
[7.597s]   275 |     std::set<cv::Point2f, decltype([](const cv::Point2f& a, const cv::Point2f& b) {
[7.597s]       |                                    ^
[7.598s] /home/jiacheng/autonomoussystems2025/ros2_ws/src/perception_pkg/src/lantern_detector.cpp:278:7: error: template argument 2 is invalid
[7.598s]   278 |     })> detected_lanterns_;
[7.598s]       |       ^
[8.843s] /home/jiacheng/autonomoussystems2025/ros2_ws/src/perception_pkg/src/lantern_detector.cpp: In member function ‘std::vector<LanternDetectorNode::LanternDetection> LanternDetectorNode::detectLanterns(const cv::Mat&, cv::Mat&)’:
[8.845s] /home/jiacheng/autonomoussystems2025/ros2_ws/src/perception_pkg/src/lantern_detector.cpp:148:73: warning: comparison of integer expressions of different signedness: ‘std::vector<LanternDetectorNode::LanternDetection>::size_type’ {aka ‘long unsigned int’} and ‘int’ [-Wsign-compare]
[8.845s]   148 |         for (size_t i = 0; i < color_ranges.size() && detections.size() < max_lanterns_; ++i) {
[8.845s]       |                                                       ~~~~~~~~~~~~~~~~~~^~~~~~~~~~~~~~~
[8.846s] /home/jiacheng/autonomoussystems2025/ros2_ws/src/perception_pkg/src/lantern_detector.cpp:170:90: error: request for member ‘size’ in ‘((LanternDetectorNode*)this)->LanternDetectorNode::detected_lanterns_’, which is of non-class type ‘int’
[8.847s]   170 |                         detection.label = "Lantern_" + std::to_string(detected_lanterns_.size() + 1);
[8.847s]       |                                                                                          ^~~~
[8.847s] /home/jiacheng/autonomoussystems2025/ros2_ws/src/perception_pkg/src/lantern_detector.cpp:175:48: error: request for member ‘insert’ in ‘((LanternDetectorNode*)this)->LanternDetectorNode::detected_lanterns_’, which is of non-class type ‘int’
[8.847s]   175 |                             detected_lanterns_.insert(detection.center);
[8.847s]       |                                                ^~~~~~
[8.853s] /home/jiacheng/autonomoussystems2025/ros2_ws/src/perception_pkg/src/lantern_detector.cpp: In member function ‘bool LanternDetectorNode::isNewLantern(const cv::Point2f&)’:
[8.853s] /home/jiacheng/autonomoussystems2025/ros2_ws/src/perception_pkg/src/lantern_detector.cpp:194:37: error: ‘begin’ was not declared in this scope; did you mean ‘std::begin’?
[8.853s]   194 |         for (const auto& existing : detected_lanterns_) {
[8.853s]       |                                     ^~~~~~~~~~~~~~~~~~
[8.853s]       |                                     std::begin
[8.854s] In file included from /usr/include/c++/13/string:53,
[8.854s]                  from /opt/ros/jazzy/include/rclcpp/rclcpp/copy_all_parameter_values.hpp:18,
[8.854s]                  from /opt/ros/jazzy/include/rclcpp/rclcpp/rclcpp.hpp:171,
[8.854s]                  from /home/jiacheng/autonomoussystems2025/ros2_ws/src/perception_pkg/src/lantern_detector.cpp:1:
[8.854s] /usr/include/c++/13/bits/range_access.h:114:37: note: ‘std::begin’ declared here
[8.854s]   114 |   template<typename _Tp> const _Tp* begin(const valarray<_Tp>&) noexcept;
[8.854s]       |                                     ^~~~~
[8.858s] /home/jiacheng/autonomoussystems2025/ros2_ws/src/perception_pkg/src/lantern_detector.cpp:194:37: error: ‘end’ was not declared in this scope; did you mean ‘std::end’?
[8.858s]   194 |         for (const auto& existing : detected_lanterns_) {
[8.858s]       |                                     ^~~~~~~~~~~~~~~~~~
[8.858s]       |                                     std::end
[8.858s] /usr/include/c++/13/bits/range_access.h:116:37: note: ‘std::end’ declared here
[8.859s]   116 |   template<typename _Tp> const _Tp* end(const valarray<_Tp>&) noexcept;
[8.859s]       |                                     ^~~
[20.641s] gmake[2]: *** [CMakeFiles/lantern_detector.dir/build.make:76: CMakeFiles/lantern_detector.dir/src/lantern_detector.cpp.o] Error 1
[20.643s] gmake[1]: *** [CMakeFiles/Makefile2:193: CMakeFiles/lantern_detector.dir/all] Error 2
[20.643s] gmake: *** [Makefile:146: all] Error 2
[20.651s] Invoked command in '/home/jiacheng/autonomoussystems2025/ros2_ws/build/perception_pkg' returned '2': CMAKE_PREFIX_PATH=${CMAKE_PREFIX_PATH}:/opt/ros/jazzy DEBUGINFOD_URLS=https://debuginfod.ubuntu.com /usr/bin/cmake --build /home/jiacheng/autonomoussystems2025/ros2_ws/build/perception_pkg -- -j8 -l8
