[0.023s] Invoking command in '/home/jiacheng/autonomoussystems2025/ros2_ws/build/perception_pkg': CMAKE_PREFIX_PATH=${CMAKE_PREFIX_PATH}:/home/jiacheng/autonomoussystems2025/ros2_ws/install/perception_pkg:/opt/ros/jazzy DEBUGINFOD_URLS=https://debuginfod.ubuntu.com /usr/bin/cmake /home/jiacheng/autonomoussystems2025/ros2_ws/src/perception_pkg -DCMAKE_INSTALL_PREFIX=/home/jiacheng/autonomoussystems2025/ros2_ws/install/perception_pkg
[0.351s] -- The C compiler identification is GNU 13.3.0
[0.627s] -- The CXX compiler identification is GNU 13.3.0
[0.691s] -- Detecting C compiler ABI info
[0.962s] -- Detecting C compiler ABI info - done
[0.974s] -- Check for working C compiler: /usr/bin/cc - skipped
[0.975s] -- Detecting C compile features
[0.976s] -- Detecting C compile features - done
[1.004s] -- Detecting CXX compiler ABI info
[1.236s] -- Detecting CXX compiler ABI info - done
[1.247s] -- Check for working CXX compiler: /usr/bin/c++ - skipped
[1.247s] -- Detecting CXX compile features
[1.248s] -- Detecting CXX compile features - done
[1.265s] -- Found ament_cmake: 2.5.4 (/opt/ros/jazzy/share/ament_cmake/cmake)
[1.571s] -- Found Python3: /usr/bin/python3 (found version "3.12.3") found components: Interpreter 
[1.869s] -- Found rclcpp: 28.1.13 (/opt/ros/jazzy/share/rclcpp/cmake)
[1.992s] -- Found rosidl_generator_c: 4.6.6 (/opt/ros/jazzy/share/rosidl_generator_c/cmake)
[2.025s] -- Found rosidl_generator_cpp: 4.6.6 (/opt/ros/jazzy/share/rosidl_generator_cpp/cmake)
[2.075s] -- Using all available rosidl_typesupport_c: rosidl_typesupport_fastrtps_c;rosidl_typesupport_introspection_c
[2.126s] -- Using all available rosidl_typesupport_cpp: rosidl_typesupport_fastrtps_cpp;rosidl_typesupport_introspection_cpp
[2.309s] -- Found rmw_implementation_cmake: 7.3.2 (/opt/ros/jazzy/share/rmw_implementation_cmake/cmake)
[2.319s] -- Found rmw_fastrtps_cpp: 8.4.3 (/opt/ros/jazzy/share/rmw_fastrtps_cpp/cmake)
[2.571s] -- Found OpenSSL: /usr/lib/x86_64-linux-gnu/libcrypto.so (found version "3.0.13")  
[2.627s] -- Found FastRTPS: /opt/ros/jazzy/include (Required is at least version "2.13") 
[2.679s] -- Using RMW implementation 'rmw_fastrtps_cpp' as default
[2.862s] -- Found sensor_msgs: 5.3.6 (/opt/ros/jazzy/share/sensor_msgs/cmake)
[3.001s] -- Found cv_bridge: 4.1.0 (/opt/ros/jazzy/share/cv_bridge/cmake)
[3.029s] -- Found OpenCV: /usr (found version "4.6.0") 
[3.052s] -- Found ament_lint_auto: 0.17.3 (/opt/ros/jazzy/share/ament_lint_auto/cmake)
[3.315s] -- Added test 'copyright' to check source files copyright and LICENSE
[3.322s] -- Added test 'cppcheck' to perform static code analysis on C / C++ code
[3.323s] -- Configured cppcheck include dirs: $<BUILD_INTERFACE:/home/jiacheng/autonomoussystems2025/ros2_ws/src/perception_pkg/include>
[3.323s] -- Configured cppcheck exclude dirs and/or files: 
[3.328s] -- Added test 'cpplint' to check C / C++ code against the Google style
[3.328s] -- Configured cpplint exclude dirs and/or files: 
[3.332s] -- Added test 'flake8' to check Python code syntax and style conventions
[3.332s] -- Configured 'flake8' exclude dirs and/or files: 
[3.335s] -- Added test 'lint_cmake' to check CMake code style
[3.338s] -- Added test 'pep257' to check Python code against some of the docstring style conventions in PEP 257
[3.344s] -- Added test 'uncrustify' to check C / C++ code style
[3.344s] -- Configured uncrustify additional arguments: 
[3.349s] -- Added test 'xmllint' to check XML markup files
[3.356s] -- Configuring done (3.3s)
[3.401s] -- Generating done (0.0s)
[3.408s] -- Build files have been written to: /home/jiacheng/autonomoussystems2025/ros2_ws/build/perception_pkg
[3.450s] Invoked command in '/home/jiacheng/autonomoussystems2025/ros2_ws/build/perception_pkg' returned '0': CMAKE_PREFIX_PATH=${CMAKE_PREFIX_PATH}:/home/jiacheng/autonomoussystems2025/ros2_ws/install/perception_pkg:/opt/ros/jazzy DEBUGINFOD_URLS=https://debuginfod.ubuntu.com /usr/bin/cmake /home/jiacheng/autonomoussystems2025/ros2_ws/src/perception_pkg -DCMAKE_INSTALL_PREFIX=/home/jiacheng/autonomoussystems2025/ros2_ws/install/perception_pkg
[3.451s] Invoking command in '/home/jiacheng/autonomoussystems2025/ros2_ws/build/perception_pkg': CMAKE_PREFIX_PATH=${CMAKE_PREFIX_PATH}:/home/jiacheng/autonomoussystems2025/ros2_ws/install/perception_pkg:/opt/ros/jazzy DEBUGINFOD_URLS=https://debuginfod.ubuntu.com /usr/bin/cmake --build /home/jiacheng/autonomoussystems2025/ros2_ws/build/perception_pkg -- -j8 -l8
[3.603s] [ 50%] [32mBuilding CXX object CMakeFiles/depth_to_pointcloud.dir/src/depth_to_pointcloud.cpp.o[0m
[4.469s] [01m[K/home/jiacheng/autonomoussystems2025/ros2_ws/src/perception_pkg/src/depth_to_pointcloud.cpp:7:10:[m[K [01;31m[Kfatal error: [m[Kcv_bridge/cv_bridge.h: No such file or directory
[4.469s]     7 | #include [01;31m[K<cv_bridge/cv_bridge.h>[m[K
[4.469s]       |          [01;31m[K^~~~~~~~~~~~~~~~~~~~~~~[m[K
[4.471s] compilation terminated.
[4.479s] gmake[2]: *** [CMakeFiles/depth_to_pointcloud.dir/build.make:76: CMakeFiles/depth_to_pointcloud.dir/src/depth_to_pointcloud.cpp.o] Error 1
[4.480s] gmake[1]: *** [CMakeFiles/Makefile2:137: CMakeFiles/depth_to_pointcloud.dir/all] Error 2
[4.480s] gmake: *** [Makefile:146: all] Error 2
[4.486s] Invoked command in '/home/jiacheng/autonomoussystems2025/ros2_ws/build/perception_pkg' returned '2': CMAKE_PREFIX_PATH=${CMAKE_PREFIX_PATH}:/home/jiacheng/autonomoussystems2025/ros2_ws/install/perception_pkg:/opt/ros/jazzy DEBUGINFOD_URLS=https://debuginfod.ubuntu.com /usr/bin/cmake --build /home/jiacheng/autonomoussystems2025/ros2_ws/build/perception_pkg -- -j8 -l8
