-- The C compiler identification is GNU 13.3.0
-- The CXX compiler identification is GNU 13.3.0
-- Detecting C compiler ABI info
-- Detecting C compiler ABI info - done
-- Check for working C compiler: /usr/bin/cc - skipped
-- Detecting C compile features
-- Detecting C compile features - done
-- Detecting CXX compiler ABI info
-- Detecting CXX compiler ABI info - done
-- Check for working CXX compiler: /usr/bin/c++ - skipped
-- Detecting CXX compile features
-- Detecting CXX compile features - done
-- Found ament_cmake: 2.5.4 (/opt/ros/jazzy/share/ament_cmake/cmake)
-- Found Python3: /usr/bin/python3 (found version "3.12.3") found components: Interpreter 
-- Found rosidl_default_generators: 1.6.0 (/opt/ros/jazzy/share/rosidl_default_generators/cmake)
-- Using all available rosidl_typesupport_c: rosidl_typesupport_fastrtps_c;rosidl_typesupport_introspection_c
-- Using all available rosidl_typesupport_cpp: rosidl_typesupport_fastrtps_cpp;rosidl_typesupport_introspection_cpp
-- Found rosidl_adapter: 4.6.6 (/opt/ros/jazzy/share/rosidl_adapter/cmake)
-- Found builtin_interfaces: 2.0.3 (/opt/ros/jazzy/share/builtin_interfaces/cmake)
-- Found rclcpp: 28.1.13 (/opt/ros/jazzy/share/rclcpp/cmake)
-- Found rmw_implementation_cmake: 7.3.2 (/opt/ros/jazzy/share/rmw_implementation_cmake/cmake)
-- Found rmw_fastrtps_cpp: 8.4.3 (/opt/ros/jazzy/share/rmw_fastrtps_cpp/cmake)
-- Found OpenSSL: /usr/lib/x86_64-linux-gnu/libcrypto.so (found version "3.0.13")  
-- Found FastRTPS: /opt/ros/jazzy/include (Required is at least version "2.13") 
-- Using RMW implementation 'rmw_fastrtps_cpp' as default
-- Found geometry_msgs: 5.3.6 (/opt/ros/jazzy/share/geometry_msgs/cmake)
-- Found mav_msgs: 3.3.3 (/home/jiacheng/autonomoussystems2025/ros2_ws/install/mav_msgs/share/mav_msgs/cmake)
-- Found sensor_msgs: 5.3.6 (/opt/ros/jazzy/share/sensor_msgs/cmake)
-- Found trajectory_msgs: 5.3.6 (/opt/ros/jazzy/share/trajectory_msgs/cmake)
-- Found ament_cmake_ros: 0.12.0 (/opt/ros/jazzy/share/ament_cmake_ros/cmake)
-- Using all available rosidl_typesupport_c: rosidl_typesupport_fastrtps_c;rosidl_typesupport_introspection_c
-- Using all available rosidl_typesupport_cpp: rosidl_typesupport_fastrtps_cpp;rosidl_typesupport_introspection_cpp
-- Found python_cmake_module: 0.11.1 (/opt/ros/jazzy/share/python_cmake_module/cmake)
-- Found PythonExtra: /usr/bin/python3  
-- Found Python3: /usr/bin/python3 (found version "3.12.3") found components: Interpreter Development NumPy Development.Module Development.Embed 
-- Configuring done (13.5s)
-- Generating done (0.1s)
-- Build files have been written to: /home/jiacheng/autonomoussystems2025/ros2_ws/build/mav_planning_msgs
[  1%] [34m[1mGenerating type hashes for ROS interfaces[0m
[  1%] Built target mav_planning_msgs__rosidl_generator_type_description
[  1%] Built target ament_cmake_python_copy_mav_planning_msgs
[  1%] [34m[1mGenerating C++ code for ROS interfaces[0m
[  1%] Built target mav_planning_msgs__cpp
[  2%] [34m[1mGenerating C code for ROS interfaces[0m
[  2%] [32mBuilding C object CMakeFiles/mav_planning_msgs__rosidl_generator_c.dir/rosidl_generator_c/mav_planning_msgs/msg/detail/point2_d__description.c.o[0m
[  3%] [32mBuilding C object CMakeFiles/mav_planning_msgs__rosidl_generator_c.dir/rosidl_generator_c/mav_planning_msgs/msg/detail/point2_d__functions.c.o[0m
[  4%] [32mBuilding C object CMakeFiles/mav_planning_msgs__rosidl_generator_c.dir/rosidl_generator_c/mav_planning_msgs/msg/detail/point2_d__type_support.c.o[0m
[  4%] [32mBuilding C object CMakeFiles/mav_planning_msgs__rosidl_generator_c.dir/rosidl_generator_c/mav_planning_msgs/msg/detail/point_cloud_with_pose__description.c.o[0m
[  5%] [32mBuilding C object CMakeFiles/mav_planning_msgs__rosidl_generator_c.dir/rosidl_generator_c/mav_planning_msgs/msg/detail/point_cloud_with_pose__functions.c.o[0m
[  6%] [32mBuilding C object CMakeFiles/mav_planning_msgs__rosidl_generator_c.dir/rosidl_generator_c/mav_planning_msgs/msg/detail/point_cloud_with_pose__type_support.c.o[0m
[  6%] [32mBuilding C object CMakeFiles/mav_planning_msgs__rosidl_generator_c.dir/rosidl_generator_c/mav_planning_msgs/msg/detail/polygon2_d__description.c.o[0m
[  7%] [32mBuilding C object CMakeFiles/mav_planning_msgs__rosidl_generator_c.dir/rosidl_generator_c/mav_planning_msgs/msg/detail/polygon2_d__functions.c.o[0m
[  8%] [32mBuilding C object CMakeFiles/mav_planning_msgs__rosidl_generator_c.dir/rosidl_generator_c/mav_planning_msgs/msg/detail/polygon2_d__type_support.c.o[0m
[  9%] [32mBuilding C object CMakeFiles/mav_planning_msgs__rosidl_generator_c.dir/rosidl_generator_c/mav_planning_msgs/msg/detail/polygon_with_holes__description.c.o[0m
[  9%] [32mBuilding C object CMakeFiles/mav_planning_msgs__rosidl_generator_c.dir/rosidl_generator_c/mav_planning_msgs/msg/detail/polygon_with_holes__functions.c.o[0m
[ 10%] [32mBuilding C object CMakeFiles/mav_planning_msgs__rosidl_generator_c.dir/rosidl_generator_c/mav_planning_msgs/msg/detail/polygon_with_holes__type_support.c.o[0m
[ 11%] [32mBuilding C object CMakeFiles/mav_planning_msgs__rosidl_generator_c.dir/rosidl_generator_c/mav_planning_msgs/msg/detail/polygon_with_holes_stamped__description.c.o[0m
[ 11%] [32mBuilding C object CMakeFiles/mav_planning_msgs__rosidl_generator_c.dir/rosidl_generator_c/mav_planning_msgs/msg/detail/polygon_with_holes_stamped__functions.c.o[0m
[ 12%] [32mBuilding C object CMakeFiles/mav_planning_msgs__rosidl_generator_c.dir/rosidl_generator_c/mav_planning_msgs/msg/detail/polygon_with_holes_stamped__type_support.c.o[0m
[ 13%] [32mBuilding C object CMakeFiles/mav_planning_msgs__rosidl_generator_c.dir/rosidl_generator_c/mav_planning_msgs/msg/detail/polynomial_segment__description.c.o[0m
[ 13%] [32mBuilding C object CMakeFiles/mav_planning_msgs__rosidl_generator_c.dir/rosidl_generator_c/mav_planning_msgs/msg/detail/polynomial_segment__functions.c.o[0m
[ 14%] [32mBuilding C object CMakeFiles/mav_planning_msgs__rosidl_generator_c.dir/rosidl_generator_c/mav_planning_msgs/msg/detail/polynomial_segment__type_support.c.o[0m
[ 15%] [32mBuilding C object CMakeFiles/mav_planning_msgs__rosidl_generator_c.dir/rosidl_generator_c/mav_planning_msgs/msg/detail/polynomial_segment4_d__description.c.o[0m
[ 15%] [32mBuilding C object CMakeFiles/mav_planning_msgs__rosidl_generator_c.dir/rosidl_generator_c/mav_planning_msgs/msg/detail/polynomial_segment4_d__functions.c.o[0m
[ 16%] [32mBuilding C object CMakeFiles/mav_planning_msgs__rosidl_generator_c.dir/rosidl_generator_c/mav_planning_msgs/msg/detail/polynomial_segment4_d__type_support.c.o[0m
[ 17%] [32mBuilding C object CMakeFiles/mav_planning_msgs__rosidl_generator_c.dir/rosidl_generator_c/mav_planning_msgs/msg/detail/polynomial_trajectory__description.c.o[0m
[ 18%] [32mBuilding C object CMakeFiles/mav_planning_msgs__rosidl_generator_c.dir/rosidl_generator_c/mav_planning_msgs/msg/detail/polynomial_trajectory__functions.c.o[0m
[ 18%] [32mBuilding C object CMakeFiles/mav_planning_msgs__rosidl_generator_c.dir/rosidl_generator_c/mav_planning_msgs/msg/detail/polynomial_trajectory__type_support.c.o[0m
[ 19%] [32mBuilding C object CMakeFiles/mav_planning_msgs__rosidl_generator_c.dir/rosidl_generator_c/mav_planning_msgs/msg/detail/polynomial_trajectory4_d__description.c.o[0m
[ 20%] [32mBuilding C object CMakeFiles/mav_planning_msgs__rosidl_generator_c.dir/rosidl_generator_c/mav_planning_msgs/msg/detail/polynomial_trajectory4_d__functions.c.o[0m
[ 20%] [32mBuilding C object CMakeFiles/mav_planning_msgs__rosidl_generator_c.dir/rosidl_generator_c/mav_planning_msgs/msg/detail/polynomial_trajectory4_d__type_support.c.o[0m
[ 21%] [32mBuilding C object CMakeFiles/mav_planning_msgs__rosidl_generator_c.dir/rosidl_generator_c/mav_planning_msgs/srv/detail/planner_service__description.c.o[0m
[ 22%] [32mBuilding C object CMakeFiles/mav_planning_msgs__rosidl_generator_c.dir/rosidl_generator_c/mav_planning_msgs/srv/detail/planner_service__functions.c.o[0m
[ 22%] [32mBuilding C object CMakeFiles/mav_planning_msgs__rosidl_generator_c.dir/rosidl_generator_c/mav_planning_msgs/srv/detail/planner_service__type_support.c.o[0m
[ 23%] [32mBuilding C object CMakeFiles/mav_planning_msgs__rosidl_generator_c.dir/rosidl_generator_c/mav_planning_msgs/srv/detail/polygon_service__description.c.o[0m
[ 24%] [32mBuilding C object CMakeFiles/mav_planning_msgs__rosidl_generator_c.dir/rosidl_generator_c/mav_planning_msgs/srv/detail/polygon_service__functions.c.o[0m
[ 25%] [32mBuilding C object CMakeFiles/mav_planning_msgs__rosidl_generator_c.dir/rosidl_generator_c/mav_planning_msgs/srv/detail/polygon_service__type_support.c.o[0m
[ 25%] [32mBuilding C object CMakeFiles/mav_planning_msgs__rosidl_generator_c.dir/rosidl_generator_c/mav_planning_msgs/srv/detail/change_name_service__description.c.o[0m
[ 26%] [32mBuilding C object CMakeFiles/mav_planning_msgs__rosidl_generator_c.dir/rosidl_generator_c/mav_planning_msgs/srv/detail/change_name_service__functions.c.o[0m
[ 27%] [32mBuilding C object CMakeFiles/mav_planning_msgs__rosidl_generator_c.dir/rosidl_generator_c/mav_planning_msgs/srv/detail/change_name_service__type_support.c.o[0m
[ 27%] [32m[1mLinking C shared library libmav_planning_msgs__rosidl_generator_c.so[0m
[ 27%] Built target mav_planning_msgs__rosidl_generator_c
running egg_info
creating mav_planning_msgs.egg-info
writing mav_planning_msgs.egg-info/PKG-INFO
writing dependency_links to mav_planning_msgs.egg-info/dependency_links.txt
writing top-level names to mav_planning_msgs.egg-info/top_level.txt
writing manifest file 'mav_planning_msgs.egg-info/SOURCES.txt'
reading manifest file 'mav_planning_msgs.egg-info/SOURCES.txt'
writing manifest file 'mav_planning_msgs.egg-info/SOURCES.txt'
[ 27%] Built target ament_cmake_python_build_mav_planning_msgs_egg
[ 27%] [34m[1mGenerating C++ type support dispatch for ROS interfaces[0m
[ 28%] [32mBuilding CXX object CMakeFiles/mav_planning_msgs__rosidl_typesupport_cpp.dir/rosidl_typesupport_cpp/mav_planning_msgs/msg/point2_d__type_support.cpp.o[0m
[ 29%] [32mBuilding CXX object CMakeFiles/mav_planning_msgs__rosidl_typesupport_cpp.dir/rosidl_typesupport_cpp/mav_planning_msgs/msg/point_cloud_with_pose__type_support.cpp.o[0m
[ 30%] [32mBuilding CXX object CMakeFiles/mav_planning_msgs__rosidl_typesupport_cpp.dir/rosidl_typesupport_cpp/mav_planning_msgs/msg/polygon2_d__type_support.cpp.o[0m
[ 30%] [32mBuilding CXX object CMakeFiles/mav_planning_msgs__rosidl_typesupport_cpp.dir/rosidl_typesupport_cpp/mav_planning_msgs/msg/polygon_with_holes__type_support.cpp.o[0m
[ 31%] [32mBuilding CXX object CMakeFiles/mav_planning_msgs__rosidl_typesupport_cpp.dir/rosidl_typesupport_cpp/mav_planning_msgs/msg/polygon_with_holes_stamped__type_support.cpp.o[0m
[ 32%] [32mBuilding CXX object CMakeFiles/mav_planning_msgs__rosidl_typesupport_cpp.dir/rosidl_typesupport_cpp/mav_planning_msgs/msg/polynomial_segment__type_support.cpp.o[0m
[ 32%] [32mBuilding CXX object CMakeFiles/mav_planning_msgs__rosidl_typesupport_cpp.dir/rosidl_typesupport_cpp/mav_planning_msgs/msg/polynomial_segment4_d__type_support.cpp.o[0m
[ 33%] [32mBuilding CXX object CMakeFiles/mav_planning_msgs__rosidl_typesupport_cpp.dir/rosidl_typesupport_cpp/mav_planning_msgs/msg/polynomial_trajectory__type_support.cpp.o[0m
[ 34%] [32mBuilding CXX object CMakeFiles/mav_planning_msgs__rosidl_typesupport_cpp.dir/rosidl_typesupport_cpp/mav_planning_msgs/msg/polynomial_trajectory4_d__type_support.cpp.o[0m
[ 34%] [32mBuilding CXX object CMakeFiles/mav_planning_msgs__rosidl_typesupport_cpp.dir/rosidl_typesupport_cpp/mav_planning_msgs/srv/planner_service__type_support.cpp.o[0m
[ 35%] [32mBuilding CXX object CMakeFiles/mav_planning_msgs__rosidl_typesupport_cpp.dir/rosidl_typesupport_cpp/mav_planning_msgs/srv/polygon_service__type_support.cpp.o[0m
[ 36%] [32mBuilding CXX object CMakeFiles/mav_planning_msgs__rosidl_typesupport_cpp.dir/rosidl_typesupport_cpp/mav_planning_msgs/srv/change_name_service__type_support.cpp.o[0m
[ 36%] [32m[1mLinking CXX shared library libmav_planning_msgs__rosidl_typesupport_cpp.so[0m
[ 36%] Built target mav_planning_msgs__rosidl_typesupport_cpp
[ 37%] [34m[1mGenerating C type support for eProsima Fast-RTPS[0m
[ 38%] [32mBuilding CXX object CMakeFiles/mav_planning_msgs__rosidl_typesupport_fastrtps_c.dir/rosidl_typesupport_fastrtps_c/mav_planning_msgs/msg/detail/point2_d__type_support_c.cpp.o[0m
[ 39%] [32mBuilding CXX object CMakeFiles/mav_planning_msgs__rosidl_typesupport_fastrtps_c.dir/rosidl_typesupport_fastrtps_c/mav_planning_msgs/msg/detail/point_cloud_with_pose__type_support_c.cpp.o[0m
[ 39%] [32mBuilding CXX object CMakeFiles/mav_planning_msgs__rosidl_typesupport_fastrtps_c.dir/rosidl_typesupport_fastrtps_c/mav_planning_msgs/msg/detail/polygon2_d__type_support_c.cpp.o[0m
[ 40%] [32mBuilding CXX object CMakeFiles/mav_planning_msgs__rosidl_typesupport_fastrtps_c.dir/rosidl_typesupport_fastrtps_c/mav_planning_msgs/msg/detail/polygon_with_holes__type_support_c.cpp.o[0m
[ 41%] [32mBuilding CXX object CMakeFiles/mav_planning_msgs__rosidl_typesupport_fastrtps_c.dir/rosidl_typesupport_fastrtps_c/mav_planning_msgs/msg/detail/polygon_with_holes_stamped__type_support_c.cpp.o[0m
[ 41%] [32mBuilding CXX object CMakeFiles/mav_planning_msgs__rosidl_typesupport_fastrtps_c.dir/rosidl_typesupport_fastrtps_c/mav_planning_msgs/msg/detail/polynomial_segment__type_support_c.cpp.o[0m
[ 42%] [32mBuilding CXX object CMakeFiles/mav_planning_msgs__rosidl_typesupport_fastrtps_c.dir/rosidl_typesupport_fastrtps_c/mav_planning_msgs/msg/detail/polynomial_segment4_d__type_support_c.cpp.o[0m
[ 43%] [32mBuilding CXX object CMakeFiles/mav_planning_msgs__rosidl_typesupport_fastrtps_c.dir/rosidl_typesupport_fastrtps_c/mav_planning_msgs/msg/detail/polynomial_trajectory__type_support_c.cpp.o[0m
[ 43%] [32mBuilding CXX object CMakeFiles/mav_planning_msgs__rosidl_typesupport_fastrtps_c.dir/rosidl_typesupport_fastrtps_c/mav_planning_msgs/msg/detail/polynomial_trajectory4_d__type_support_c.cpp.o[0m
[ 44%] [32mBuilding CXX object CMakeFiles/mav_planning_msgs__rosidl_typesupport_fastrtps_c.dir/rosidl_typesupport_fastrtps_c/mav_planning_msgs/srv/detail/planner_service__type_support_c.cpp.o[0m
[ 45%] [32mBuilding CXX object CMakeFiles/mav_planning_msgs__rosidl_typesupport_fastrtps_c.dir/rosidl_typesupport_fastrtps_c/mav_planning_msgs/srv/detail/polygon_service__type_support_c.cpp.o[0m
[ 45%] [32mBuilding CXX object CMakeFiles/mav_planning_msgs__rosidl_typesupport_fastrtps_c.dir/rosidl_typesupport_fastrtps_c/mav_planning_msgs/srv/detail/change_name_service__type_support_c.cpp.o[0m
[ 46%] [32m[1mLinking CXX shared library libmav_planning_msgs__rosidl_typesupport_fastrtps_c.so[0m
[ 46%] Built target mav_planning_msgs__rosidl_typesupport_fastrtps_c
[ 47%] [34m[1mGenerating C introspection for ROS interfaces[0m
[ 47%] [32mBuilding C object CMakeFiles/mav_planning_msgs__rosidl_typesupport_introspection_c.dir/rosidl_typesupport_introspection_c/mav_planning_msgs/msg/detail/point2_d__type_support.c.o[0m
[ 48%] [32mBuilding C object CMakeFiles/mav_planning_msgs__rosidl_typesupport_introspection_c.dir/rosidl_typesupport_introspection_c/mav_planning_msgs/msg/detail/point_cloud_with_pose__type_support.c.o[0m
[ 49%] [32mBuilding C object CMakeFiles/mav_planning_msgs__rosidl_typesupport_introspection_c.dir/rosidl_typesupport_introspection_c/mav_planning_msgs/msg/detail/polygon2_d__type_support.c.o[0m
[ 49%] [32mBuilding C object CMakeFiles/mav_planning_msgs__rosidl_typesupport_introspection_c.dir/rosidl_typesupport_introspection_c/mav_planning_msgs/msg/detail/polygon_with_holes__type_support.c.o[0m
[ 50%] [32mBuilding C object CMakeFiles/mav_planning_msgs__rosidl_typesupport_introspection_c.dir/rosidl_typesupport_introspection_c/mav_planning_msgs/msg/detail/polygon_with_holes_stamped__type_support.c.o[0m
[ 51%] [32mBuilding C object CMakeFiles/mav_planning_msgs__rosidl_typesupport_introspection_c.dir/rosidl_typesupport_introspection_c/mav_planning_msgs/msg/detail/polynomial_segment__type_support.c.o[0m
[ 51%] [32mBuilding C object CMakeFiles/mav_planning_msgs__rosidl_typesupport_introspection_c.dir/rosidl_typesupport_introspection_c/mav_planning_msgs/msg/detail/polynomial_segment4_d__type_support.c.o[0m
[ 52%] [32mBuilding C object CMakeFiles/mav_planning_msgs__rosidl_typesupport_introspection_c.dir/rosidl_typesupport_introspection_c/mav_planning_msgs/msg/detail/polynomial_trajectory__type_support.c.o[0m
[ 53%] [32mBuilding C object CMakeFiles/mav_planning_msgs__rosidl_typesupport_introspection_c.dir/rosidl_typesupport_introspection_c/mav_planning_msgs/msg/detail/polynomial_trajectory4_d__type_support.c.o[0m
[ 54%] [32mBuilding C object CMakeFiles/mav_planning_msgs__rosidl_typesupport_introspection_c.dir/rosidl_typesupport_introspection_c/mav_planning_msgs/srv/detail/planner_service__type_support.c.o[0m
[ 54%] [32mBuilding C object CMakeFiles/mav_planning_msgs__rosidl_typesupport_introspection_c.dir/rosidl_typesupport_introspection_c/mav_planning_msgs/srv/detail/polygon_service__type_support.c.o[0m
[ 55%] [32mBuilding C object CMakeFiles/mav_planning_msgs__rosidl_typesupport_introspection_c.dir/rosidl_typesupport_introspection_c/mav_planning_msgs/srv/detail/change_name_service__type_support.c.o[0m
[ 56%] [32m[1mLinking C shared library libmav_planning_msgs__rosidl_typesupport_introspection_c.so[0m
[ 56%] Built target mav_planning_msgs__rosidl_typesupport_introspection_c
[ 57%] [34m[1mGenerating C type support dispatch for ROS interfaces[0m
[ 57%] [32mBuilding CXX object CMakeFiles/mav_planning_msgs__rosidl_typesupport_c.dir/rosidl_typesupport_c/mav_planning_msgs/msg/point2_d__type_support.cpp.o[0m
[ 58%] [32mBuilding CXX object CMakeFiles/mav_planning_msgs__rosidl_typesupport_c.dir/rosidl_typesupport_c/mav_planning_msgs/msg/point_cloud_with_pose__type_support.cpp.o[0m
[ 59%] [32mBuilding CXX object CMakeFiles/mav_planning_msgs__rosidl_typesupport_c.dir/rosidl_typesupport_c/mav_planning_msgs/msg/polygon2_d__type_support.cpp.o[0m
[ 59%] [32mBuilding CXX object CMakeFiles/mav_planning_msgs__rosidl_typesupport_c.dir/rosidl_typesupport_c/mav_planning_msgs/msg/polygon_with_holes__type_support.cpp.o[0m
[ 60%] [32mBuilding CXX object CMakeFiles/mav_planning_msgs__rosidl_typesupport_c.dir/rosidl_typesupport_c/mav_planning_msgs/msg/polygon_with_holes_stamped__type_support.cpp.o[0m
[ 61%] [32mBuilding CXX object CMakeFiles/mav_planning_msgs__rosidl_typesupport_c.dir/rosidl_typesupport_c/mav_planning_msgs/msg/polynomial_segment__type_support.cpp.o[0m
[ 62%] [32mBuilding CXX object CMakeFiles/mav_planning_msgs__rosidl_typesupport_c.dir/rosidl_typesupport_c/mav_planning_msgs/msg/polynomial_segment4_d__type_support.cpp.o[0m
[ 62%] [32mBuilding CXX object CMakeFiles/mav_planning_msgs__rosidl_typesupport_c.dir/rosidl_typesupport_c/mav_planning_msgs/msg/polynomial_trajectory__type_support.cpp.o[0m
[ 63%] [32mBuilding CXX object CMakeFiles/mav_planning_msgs__rosidl_typesupport_c.dir/rosidl_typesupport_c/mav_planning_msgs/msg/polynomial_trajectory4_d__type_support.cpp.o[0m
[ 64%] [32mBuilding CXX object CMakeFiles/mav_planning_msgs__rosidl_typesupport_c.dir/rosidl_typesupport_c/mav_planning_msgs/srv/planner_service__type_support.cpp.o[0m
[ 64%] [32mBuilding CXX object CMakeFiles/mav_planning_msgs__rosidl_typesupport_c.dir/rosidl_typesupport_c/mav_planning_msgs/srv/polygon_service__type_support.cpp.o[0m
[ 65%] [32mBuilding CXX object CMakeFiles/mav_planning_msgs__rosidl_typesupport_c.dir/rosidl_typesupport_c/mav_planning_msgs/srv/change_name_service__type_support.cpp.o[0m
[ 66%] [32m[1mLinking CXX shared library libmav_planning_msgs__rosidl_typesupport_c.so[0m
[ 66%] Built target mav_planning_msgs__rosidl_typesupport_c
[ 67%] [34m[1mGenerating C++ type support for eProsima Fast-RTPS[0m
[ 68%] [32mBuilding CXX object CMakeFiles/mav_planning_msgs__rosidl_typesupport_fastrtps_cpp.dir/rosidl_typesupport_fastrtps_cpp/mav_planning_msgs/msg/detail/dds_fastrtps/point2_d__type_support.cpp.o[0m
[ 68%] [32mBuilding CXX object CMakeFiles/mav_planning_msgs__rosidl_typesupport_fastrtps_cpp.dir/rosidl_typesupport_fastrtps_cpp/mav_planning_msgs/msg/detail/dds_fastrtps/point_cloud_with_pose__type_support.cpp.o[0m
[ 69%] [32mBuilding CXX object CMakeFiles/mav_planning_msgs__rosidl_typesupport_fastrtps_cpp.dir/rosidl_typesupport_fastrtps_cpp/mav_planning_msgs/msg/detail/dds_fastrtps/polygon2_d__type_support.cpp.o[0m
[ 70%] [32mBuilding CXX object CMakeFiles/mav_planning_msgs__rosidl_typesupport_fastrtps_cpp.dir/rosidl_typesupport_fastrtps_cpp/mav_planning_msgs/msg/detail/dds_fastrtps/polygon_with_holes__type_support.cpp.o[0m
[ 70%] [32mBuilding CXX object CMakeFiles/mav_planning_msgs__rosidl_typesupport_fastrtps_cpp.dir/rosidl_typesupport_fastrtps_cpp/mav_planning_msgs/msg/detail/dds_fastrtps/polygon_with_holes_stamped__type_support.cpp.o[0m
[ 71%] [32mBuilding CXX object CMakeFiles/mav_planning_msgs__rosidl_typesupport_fastrtps_cpp.dir/rosidl_typesupport_fastrtps_cpp/mav_planning_msgs/msg/detail/dds_fastrtps/polynomial_segment__type_support.cpp.o[0m
[ 72%] [32mBuilding CXX object CMakeFiles/mav_planning_msgs__rosidl_typesupport_fastrtps_cpp.dir/rosidl_typesupport_fastrtps_cpp/mav_planning_msgs/msg/detail/dds_fastrtps/polynomial_segment4_d__type_support.cpp.o[0m
[ 72%] [32mBuilding CXX object CMakeFiles/mav_planning_msgs__rosidl_typesupport_fastrtps_cpp.dir/rosidl_typesupport_fastrtps_cpp/mav_planning_msgs/msg/detail/dds_fastrtps/polynomial_trajectory__type_support.cpp.o[0m
[ 73%] [32mBuilding CXX object CMakeFiles/mav_planning_msgs__rosidl_typesupport_fastrtps_cpp.dir/rosidl_typesupport_fastrtps_cpp/mav_planning_msgs/msg/detail/dds_fastrtps/polynomial_trajectory4_d__type_support.cpp.o[0m
[ 74%] [32mBuilding CXX object CMakeFiles/mav_planning_msgs__rosidl_typesupport_fastrtps_cpp.dir/rosidl_typesupport_fastrtps_cpp/mav_planning_msgs/srv/detail/dds_fastrtps/planner_service__type_support.cpp.o[0m
[ 75%] [32mBuilding CXX object CMakeFiles/mav_planning_msgs__rosidl_typesupport_fastrtps_cpp.dir/rosidl_typesupport_fastrtps_cpp/mav_planning_msgs/srv/detail/dds_fastrtps/polygon_service__type_support.cpp.o[0m
[ 75%] [32mBuilding CXX object CMakeFiles/mav_planning_msgs__rosidl_typesupport_fastrtps_cpp.dir/rosidl_typesupport_fastrtps_cpp/mav_planning_msgs/srv/detail/dds_fastrtps/change_name_service__type_support.cpp.o[0m
[ 76%] [32m[1mLinking CXX shared library libmav_planning_msgs__rosidl_typesupport_fastrtps_cpp.so[0m
[ 76%] Built target mav_planning_msgs__rosidl_typesupport_fastrtps_cpp
[ 76%] [34m[1mGenerating C++ introspection for ROS interfaces[0m
[ 77%] [32mBuilding CXX object CMakeFiles/mav_planning_msgs__rosidl_typesupport_introspection_cpp.dir/rosidl_typesupport_introspection_cpp/mav_planning_msgs/msg/detail/point2_d__type_support.cpp.o[0m
[ 78%] [32mBuilding CXX object CMakeFiles/mav_planning_msgs__rosidl_typesupport_introspection_cpp.dir/rosidl_typesupport_introspection_cpp/mav_planning_msgs/msg/detail/point_cloud_with_pose__type_support.cpp.o[0m
[ 78%] [32mBuilding CXX object CMakeFiles/mav_planning_msgs__rosidl_typesupport_introspection_cpp.dir/rosidl_typesupport_introspection_cpp/mav_planning_msgs/msg/detail/polygon2_d__type_support.cpp.o[0m
[ 79%] [32mBuilding CXX object CMakeFiles/mav_planning_msgs__rosidl_typesupport_introspection_cpp.dir/rosidl_typesupport_introspection_cpp/mav_planning_msgs/msg/detail/polygon_with_holes__type_support.cpp.o[0m
[ 80%] [32mBuilding CXX object CMakeFiles/mav_planning_msgs__rosidl_typesupport_introspection_cpp.dir/rosidl_typesupport_introspection_cpp/mav_planning_msgs/msg/detail/polygon_with_holes_stamped__type_support.cpp.o[0m
[ 80%] [32mBuilding CXX object CMakeFiles/mav_planning_msgs__rosidl_typesupport_introspection_cpp.dir/rosidl_typesupport_introspection_cpp/mav_planning_msgs/msg/detail/polynomial_segment__type_support.cpp.o[0m
[ 81%] [32mBuilding CXX object CMakeFiles/mav_planning_msgs__rosidl_typesupport_introspection_cpp.dir/rosidl_typesupport_introspection_cpp/mav_planning_msgs/msg/detail/polynomial_segment4_d__type_support.cpp.o[0m
[ 82%] [32mBuilding CXX object CMakeFiles/mav_planning_msgs__rosidl_typesupport_introspection_cpp.dir/rosidl_typesupport_introspection_cpp/mav_planning_msgs/msg/detail/polynomial_trajectory__type_support.cpp.o[0m
[ 83%] [32mBuilding CXX object CMakeFiles/mav_planning_msgs__rosidl_typesupport_introspection_cpp.dir/rosidl_typesupport_introspection_cpp/mav_planning_msgs/msg/detail/polynomial_trajectory4_d__type_support.cpp.o[0m
[ 83%] [32mBuilding CXX object CMakeFiles/mav_planning_msgs__rosidl_typesupport_introspection_cpp.dir/rosidl_typesupport_introspection_cpp/mav_planning_msgs/srv/detail/planner_service__type_support.cpp.o[0m
[ 84%] [32mBuilding CXX object CMakeFiles/mav_planning_msgs__rosidl_typesupport_introspection_cpp.dir/rosidl_typesupport_introspection_cpp/mav_planning_msgs/srv/detail/polygon_service__type_support.cpp.o[0m
[ 85%] [32mBuilding CXX object CMakeFiles/mav_planning_msgs__rosidl_typesupport_introspection_cpp.dir/rosidl_typesupport_introspection_cpp/mav_planning_msgs/srv/detail/change_name_service__type_support.cpp.o[0m
[ 85%] [32m[1mLinking CXX shared library libmav_planning_msgs__rosidl_typesupport_introspection_cpp.so[0m
[ 85%] Built target mav_planning_msgs__rosidl_typesupport_introspection_cpp
[ 85%] Built target mav_planning_msgs
[ 86%] [34m[1mGenerating Python code for ROS interfaces[0m
[ 86%] Built target mav_planning_msgs__py
[ 87%] [32mBuilding C object CMakeFiles/mav_planning_msgs__rosidl_generator_py.dir/rosidl_generator_py/mav_planning_msgs/msg/_point2_d_s.c.o[0m
[ 88%] [32mBuilding C object CMakeFiles/mav_planning_msgs__rosidl_generator_py.dir/rosidl_generator_py/mav_planning_msgs/msg/_point_cloud_with_pose_s.c.o[0m
[ 88%] [32mBuilding C object CMakeFiles/mav_planning_msgs__rosidl_generator_py.dir/rosidl_generator_py/mav_planning_msgs/msg/_polygon2_d_s.c.o[0m
[ 89%] [32mBuilding C object CMakeFiles/mav_planning_msgs__rosidl_generator_py.dir/rosidl_generator_py/mav_planning_msgs/msg/_polygon_with_holes_s.c.o[0m
[ 90%] [32mBuilding C object CMakeFiles/mav_planning_msgs__rosidl_generator_py.dir/rosidl_generator_py/mav_planning_msgs/msg/_polygon_with_holes_stamped_s.c.o[0m
[ 90%] [32mBuilding C object CMakeFiles/mav_planning_msgs__rosidl_generator_py.dir/rosidl_generator_py/mav_planning_msgs/msg/_polynomial_segment_s.c.o[0m
[ 91%] [32mBuilding C object CMakeFiles/mav_planning_msgs__rosidl_generator_py.dir/rosidl_generator_py/mav_planning_msgs/msg/_polynomial_segment4_d_s.c.o[0m
[ 92%] [32mBuilding C object CMakeFiles/mav_planning_msgs__rosidl_generator_py.dir/rosidl_generator_py/mav_planning_msgs/msg/_polynomial_trajectory_s.c.o[0m
[ 93%] [32mBuilding C object CMakeFiles/mav_planning_msgs__rosidl_generator_py.dir/rosidl_generator_py/mav_planning_msgs/msg/_polynomial_trajectory4_d_s.c.o[0m
[ 93%] [32mBuilding C object CMakeFiles/mav_planning_msgs__rosidl_generator_py.dir/rosidl_generator_py/mav_planning_msgs/srv/_planner_service_s.c.o[0m
[ 94%] [32mBuilding C object CMakeFiles/mav_planning_msgs__rosidl_generator_py.dir/rosidl_generator_py/mav_planning_msgs/srv/_polygon_service_s.c.o[0m
[ 95%] [32mBuilding C object CMakeFiles/mav_planning_msgs__rosidl_generator_py.dir/rosidl_generator_py/mav_planning_msgs/srv/_change_name_service_s.c.o[0m
[ 95%] [32m[1mLinking C shared library libmav_planning_msgs__rosidl_generator_py.so[0m
[ 95%] Built target mav_planning_msgs__rosidl_generator_py
[ 95%] [32mBuilding C object CMakeFiles/mav_planning_msgs_s__rosidl_typesupport_fastrtps_c.dir/rosidl_generator_py/mav_planning_msgs/_mav_planning_msgs_s.ep.rosidl_typesupport_fastrtps_c.c.o[0m
[ 96%] [32m[1mLinking C shared module rosidl_generator_py/mav_planning_msgs/mav_planning_msgs_s__rosidl_typesupport_fastrtps_c.so[0m
[ 96%] Built target mav_planning_msgs_s__rosidl_typesupport_fastrtps_c
[ 97%] [32mBuilding C object CMakeFiles/mav_planning_msgs_s__rosidl_typesupport_introspection_c.dir/rosidl_generator_py/mav_planning_msgs/_mav_planning_msgs_s.ep.rosidl_typesupport_introspection_c.c.o[0m
[ 98%] [32m[1mLinking C shared module rosidl_generator_py/mav_planning_msgs/mav_planning_msgs_s__rosidl_typesupport_introspection_c.so[0m
[ 98%] Built target mav_planning_msgs_s__rosidl_typesupport_introspection_c
[ 99%] [32mBuilding C object CMakeFiles/mav_planning_msgs_s__rosidl_typesupport_c.dir/rosidl_generator_py/mav_planning_msgs/_mav_planning_msgs_s.ep.rosidl_typesupport_c.c.o[0m
[100%] [32m[1mLinking C shared module rosidl_generator_py/mav_planning_msgs/mav_planning_msgs_s__rosidl_typesupport_c.so[0m
[100%] Built target mav_planning_msgs_s__rosidl_typesupport_c
-- Install configuration: ""
-- Installing: /home/jiacheng/autonomoussystems2025/ros2_ws/install/mav_planning_msgs/share/ament_index/resource_index/rosidl_interfaces/mav_planning_msgs
-- Installing: /home/jiacheng/autonomoussystems2025/ros2_ws/install/mav_planning_msgs/share/mav_planning_msgs/msg/Point2D.json
-- Installing: /home/jiacheng/autonomoussystems2025/ros2_ws/install/mav_planning_msgs/share/mav_planning_msgs/msg/PointCloudWithPose.json
-- Installing: /home/jiacheng/autonomoussystems2025/ros2_ws/install/mav_planning_msgs/share/mav_planning_msgs/msg/Polygon2D.json
-- Installing: /home/jiacheng/autonomoussystems2025/ros2_ws/install/mav_planning_msgs/share/mav_planning_msgs/msg/PolygonWithHoles.json
-- Installing: /home/jiacheng/autonomoussystems2025/ros2_ws/install/mav_planning_msgs/share/mav_planning_msgs/msg/PolygonWithHolesStamped.json
-- Installing: /home/jiacheng/autonomoussystems2025/ros2_ws/install/mav_planning_msgs/share/mav_planning_msgs/msg/PolynomialSegment.json
-- Installing: /home/jiacheng/autonomoussystems2025/ros2_ws/install/mav_planning_msgs/share/mav_planning_msgs/msg/PolynomialSegment4D.json
-- Installing: /home/jiacheng/autonomoussystems2025/ros2_ws/install/mav_planning_msgs/share/mav_planning_msgs/msg/PolynomialTrajectory.json
-- Installing: /home/jiacheng/autonomoussystems2025/ros2_ws/install/mav_planning_msgs/share/mav_planning_msgs/msg/PolynomialTrajectory4D.json
-- Installing: /home/jiacheng/autonomoussystems2025/ros2_ws/install/mav_planning_msgs/share/mav_planning_msgs/srv/PlannerService.json
-- Installing: /home/jiacheng/autonomoussystems2025/ros2_ws/install/mav_planning_msgs/share/mav_planning_msgs/srv/PolygonService.json
-- Installing: /home/jiacheng/autonomoussystems2025/ros2_ws/install/mav_planning_msgs/share/mav_planning_msgs/srv/ChangeNameService.json
-- Installing: /home/jiacheng/autonomoussystems2025/ros2_ws/install/mav_planning_msgs/include/mav_planning_msgs/mav_planning_msgs
-- Installing: /home/jiacheng/autonomoussystems2025/ros2_ws/install/mav_planning_msgs/include/mav_planning_msgs/mav_planning_msgs/msg
-- Installing: /home/jiacheng/autonomoussystems2025/ros2_ws/install/mav_planning_msgs/include/mav_planning_msgs/mav_planning_msgs/msg/polygon_with_holes.h
-- Installing: /home/jiacheng/autonomoussystems2025/ros2_ws/install/mav_planning_msgs/include/mav_planning_msgs/mav_planning_msgs/msg/polynomial_trajectory4_d.h
-- Installing: /home/jiacheng/autonomoussystems2025/ros2_ws/install/mav_planning_msgs/include/mav_planning_msgs/mav_planning_msgs/msg/point2_d.h
-- Installing: /home/jiacheng/autonomoussystems2025/ros2_ws/install/mav_planning_msgs/include/mav_planning_msgs/mav_planning_msgs/msg/detail
-- Installing: /home/jiacheng/autonomoussystems2025/ros2_ws/install/mav_planning_msgs/include/mav_planning_msgs/mav_planning_msgs/msg/detail/polynomial_trajectory4_d__functions.h
-- Installing: /home/jiacheng/autonomoussystems2025/ros2_ws/install/mav_planning_msgs/include/mav_planning_msgs/mav_planning_msgs/msg/detail/polygon_with_holes__functions.c
-- Installing: /home/jiacheng/autonomoussystems2025/ros2_ws/install/mav_planning_msgs/include/mav_planning_msgs/mav_planning_msgs/msg/detail/point_cloud_with_pose__type_support.h
-- Installing: /home/jiacheng/autonomoussystems2025/ros2_ws/install/mav_planning_msgs/include/mav_planning_msgs/mav_planning_msgs/msg/detail/point_cloud_with_pose__functions.h
-- Installing: /home/jiacheng/autonomoussystems2025/ros2_ws/install/mav_planning_msgs/include/mav_planning_msgs/mav_planning_msgs/msg/detail/polygon2_d__struct.h
-- Installing: /home/jiacheng/autonomoussystems2025/ros2_ws/install/mav_planning_msgs/include/mav_planning_msgs/mav_planning_msgs/msg/detail/polynomial_segment4_d__functions.h
-- Installing: /home/jiacheng/autonomoussystems2025/ros2_ws/install/mav_planning_msgs/include/mav_planning_msgs/mav_planning_msgs/msg/detail/polynomial_segment__functions.c
-- Installing: /home/jiacheng/autonomoussystems2025/ros2_ws/install/mav_planning_msgs/include/mav_planning_msgs/mav_planning_msgs/msg/detail/polygon2_d__type_support.c
-- Installing: /home/jiacheng/autonomoussystems2025/ros2_ws/install/mav_planning_msgs/include/mav_planning_msgs/mav_planning_msgs/msg/detail/point_cloud_with_pose__functions.c
-- Installing: /home/jiacheng/autonomoussystems2025/ros2_ws/install/mav_planning_msgs/include/mav_planning_msgs/mav_planning_msgs/msg/detail/polygon_with_holes_stamped__struct.h
-- Installing: /home/jiacheng/autonomoussystems2025/ros2_ws/install/mav_planning_msgs/include/mav_planning_msgs/mav_planning_msgs/msg/detail/polynomial_segment__type_support.c
-- Installing: /home/jiacheng/autonomoussystems2025/ros2_ws/install/mav_planning_msgs/include/mav_planning_msgs/mav_planning_msgs/msg/detail/polygon_with_holes_stamped__type_support.c
-- Installing: /home/jiacheng/autonomoussystems2025/ros2_ws/install/mav_planning_msgs/include/mav_planning_msgs/mav_planning_msgs/msg/detail/polynomial_segment__type_support.h
-- Installing: /home/jiacheng/autonomoussystems2025/ros2_ws/install/mav_planning_msgs/include/mav_planning_msgs/mav_planning_msgs/msg/detail/polynomial_segment4_d__struct.h
-- Installing: /home/jiacheng/autonomoussystems2025/ros2_ws/install/mav_planning_msgs/include/mav_planning_msgs/mav_planning_msgs/msg/detail/polynomial_trajectory__type_support.c
-- Installing: /home/jiacheng/autonomoussystems2025/ros2_ws/install/mav_planning_msgs/include/mav_planning_msgs/mav_planning_msgs/msg/detail/polygon_with_holes__struct.h
-- Installing: /home/jiacheng/autonomoussystems2025/ros2_ws/install/mav_planning_msgs/include/mav_planning_msgs/mav_planning_msgs/msg/detail/polygon2_d__description.c
-- Installing: /home/jiacheng/autonomoussystems2025/ros2_ws/install/mav_planning_msgs/include/mav_planning_msgs/mav_planning_msgs/msg/detail/polynomial_trajectory__functions.h
-- Installing: /home/jiacheng/autonomoussystems2025/ros2_ws/install/mav_planning_msgs/include/mav_planning_msgs/mav_planning_msgs/msg/detail/polynomial_segment4_d__description.c
-- Installing: /home/jiacheng/autonomoussystems2025/ros2_ws/install/mav_planning_msgs/include/mav_planning_msgs/mav_planning_msgs/msg/detail/polygon_with_holes__type_support.c
-- Installing: /home/jiacheng/autonomoussystems2025/ros2_ws/install/mav_planning_msgs/include/mav_planning_msgs/mav_planning_msgs/msg/detail/polynomial_trajectory__functions.c
-- Installing: /home/jiacheng/autonomoussystems2025/ros2_ws/install/mav_planning_msgs/include/mav_planning_msgs/mav_planning_msgs/msg/detail/polygon2_d__functions.h
-- Installing: /home/jiacheng/autonomoussystems2025/ros2_ws/install/mav_planning_msgs/include/mav_planning_msgs/mav_planning_msgs/msg/detail/polynomial_trajectory4_d__type_support.c
-- Installing: /home/jiacheng/autonomoussystems2025/ros2_ws/install/mav_planning_msgs/include/mav_planning_msgs/mav_planning_msgs/msg/detail/polynomial_trajectory__description.c
-- Installing: /home/jiacheng/autonomoussystems2025/ros2_ws/install/mav_planning_msgs/include/mav_planning_msgs/mav_planning_msgs/msg/detail/polynomial_segment__struct.h
-- Installing: /home/jiacheng/autonomoussystems2025/ros2_ws/install/mav_planning_msgs/include/mav_planning_msgs/mav_planning_msgs/msg/detail/polynomial_trajectory__struct.h
-- Installing: /home/jiacheng/autonomoussystems2025/ros2_ws/install/mav_planning_msgs/include/mav_planning_msgs/mav_planning_msgs/msg/detail/point2_d__description.c
-- Installing: /home/jiacheng/autonomoussystems2025/ros2_ws/install/mav_planning_msgs/include/mav_planning_msgs/mav_planning_msgs/msg/detail/polynomial_trajectory4_d__functions.c
-- Installing: /home/jiacheng/autonomoussystems2025/ros2_ws/install/mav_planning_msgs/include/mav_planning_msgs/mav_planning_msgs/msg/detail/point2_d__functions.h
-- Installing: /home/jiacheng/autonomoussystems2025/ros2_ws/install/mav_planning_msgs/include/mav_planning_msgs/mav_planning_msgs/msg/detail/polynomial_segment__description.c
-- Installing: /home/jiacheng/autonomoussystems2025/ros2_ws/install/mav_planning_msgs/include/mav_planning_msgs/mav_planning_msgs/msg/detail/polygon2_d__type_support.h
-- Installing: /home/jiacheng/autonomoussystems2025/ros2_ws/install/mav_planning_msgs/include/mav_planning_msgs/mav_planning_msgs/msg/detail/polygon_with_holes__functions.h
-- Installing: /home/jiacheng/autonomoussystems2025/ros2_ws/install/mav_planning_msgs/include/mav_planning_msgs/mav_planning_msgs/msg/detail/point2_d__struct.h
-- Installing: /home/jiacheng/autonomoussystems2025/ros2_ws/install/mav_planning_msgs/include/mav_planning_msgs/mav_planning_msgs/msg/detail/polynomial_trajectory4_d__struct.h
-- Installing: /home/jiacheng/autonomoussystems2025/ros2_ws/install/mav_planning_msgs/include/mav_planning_msgs/mav_planning_msgs/msg/detail/point2_d__type_support.c
-- Installing: /home/jiacheng/autonomoussystems2025/ros2_ws/install/mav_planning_msgs/include/mav_planning_msgs/mav_planning_msgs/msg/detail/point_cloud_with_pose__struct.h
-- Installing: /home/jiacheng/autonomoussystems2025/ros2_ws/install/mav_planning_msgs/include/mav_planning_msgs/mav_planning_msgs/msg/detail/polygon_with_holes_stamped__functions.c
-- Installing: /home/jiacheng/autonomoussystems2025/ros2_ws/install/mav_planning_msgs/include/mav_planning_msgs/mav_planning_msgs/msg/detail/polygon_with_holes_stamped__description.c
-- Installing: /home/jiacheng/autonomoussystems2025/ros2_ws/install/mav_planning_msgs/include/mav_planning_msgs/mav_planning_msgs/msg/detail/polygon_with_holes__description.c
-- Installing: /home/jiacheng/autonomoussystems2025/ros2_ws/install/mav_planning_msgs/include/mav_planning_msgs/mav_planning_msgs/msg/detail/polynomial_segment4_d__functions.c
-- Installing: /home/jiacheng/autonomoussystems2025/ros2_ws/install/mav_planning_msgs/include/mav_planning_msgs/mav_planning_msgs/msg/detail/point2_d__functions.c
-- Installing: /home/jiacheng/autonomoussystems2025/ros2_ws/install/mav_planning_msgs/include/mav_planning_msgs/mav_planning_msgs/msg/detail/polynomial_trajectory__type_support.h
-- Installing: /home/jiacheng/autonomoussystems2025/ros2_ws/install/mav_planning_msgs/include/mav_planning_msgs/mav_planning_msgs/msg/detail/polynomial_trajectory4_d__type_support.h
-- Installing: /home/jiacheng/autonomoussystems2025/ros2_ws/install/mav_planning_msgs/include/mav_planning_msgs/mav_planning_msgs/msg/detail/polynomial_segment__functions.h
-- Installing: /home/jiacheng/autonomoussystems2025/ros2_ws/install/mav_planning_msgs/include/mav_planning_msgs/mav_planning_msgs/msg/detail/point_cloud_with_pose__type_support.c
-- Installing: /home/jiacheng/autonomoussystems2025/ros2_ws/install/mav_planning_msgs/include/mav_planning_msgs/mav_planning_msgs/msg/detail/polygon_with_holes__type_support.h
-- Installing: /home/jiacheng/autonomoussystems2025/ros2_ws/install/mav_planning_msgs/include/mav_planning_msgs/mav_planning_msgs/msg/detail/point_cloud_with_pose__description.c
-- Installing: /home/jiacheng/autonomoussystems2025/ros2_ws/install/mav_planning_msgs/include/mav_planning_msgs/mav_planning_msgs/msg/detail/polynomial_segment4_d__type_support.h
-- Installing: /home/jiacheng/autonomoussystems2025/ros2_ws/install/mav_planning_msgs/include/mav_planning_msgs/mav_planning_msgs/msg/detail/polygon2_d__functions.c
-- Installing: /home/jiacheng/autonomoussystems2025/ros2_ws/install/mav_planning_msgs/include/mav_planning_msgs/mav_planning_msgs/msg/detail/point2_d__type_support.h
-- Installing: /home/jiacheng/autonomoussystems2025/ros2_ws/install/mav_planning_msgs/include/mav_planning_msgs/mav_planning_msgs/msg/detail/polygon_with_holes_stamped__functions.h
-- Installing: /home/jiacheng/autonomoussystems2025/ros2_ws/install/mav_planning_msgs/include/mav_planning_msgs/mav_planning_msgs/msg/detail/polygon_with_holes_stamped__type_support.h
-- Installing: /home/jiacheng/autonomoussystems2025/ros2_ws/install/mav_planning_msgs/include/mav_planning_msgs/mav_planning_msgs/msg/detail/polynomial_trajectory4_d__description.c
-- Installing: /home/jiacheng/autonomoussystems2025/ros2_ws/install/mav_planning_msgs/include/mav_planning_msgs/mav_planning_msgs/msg/detail/polynomial_segment4_d__type_support.c
-- Installing: /home/jiacheng/autonomoussystems2025/ros2_ws/install/mav_planning_msgs/include/mav_planning_msgs/mav_planning_msgs/msg/polygon2_d.h
-- Installing: /home/jiacheng/autonomoussystems2025/ros2_ws/install/mav_planning_msgs/include/mav_planning_msgs/mav_planning_msgs/msg/polynomial_segment4_d.h
-- Installing: /home/jiacheng/autonomoussystems2025/ros2_ws/install/mav_planning_msgs/include/mav_planning_msgs/mav_planning_msgs/msg/polynomial_trajectory.h
-- Installing: /home/jiacheng/autonomoussystems2025/ros2_ws/install/mav_planning_msgs/include/mav_planning_msgs/mav_planning_msgs/msg/rosidl_generator_c__visibility_control.h
-- Installing: /home/jiacheng/autonomoussystems2025/ros2_ws/install/mav_planning_msgs/include/mav_planning_msgs/mav_planning_msgs/msg/polygon_with_holes_stamped.h
-- Installing: /home/jiacheng/autonomoussystems2025/ros2_ws/install/mav_planning_msgs/include/mav_planning_msgs/mav_planning_msgs/msg/point_cloud_with_pose.h
-- Installing: /home/jiacheng/autonomoussystems2025/ros2_ws/install/mav_planning_msgs/include/mav_planning_msgs/mav_planning_msgs/msg/polynomial_segment.h
-- Installing: /home/jiacheng/autonomoussystems2025/ros2_ws/install/mav_planning_msgs/include/mav_planning_msgs/mav_planning_msgs/srv
-- Installing: /home/jiacheng/autonomoussystems2025/ros2_ws/install/mav_planning_msgs/include/mav_planning_msgs/mav_planning_msgs/srv/planner_service.h
-- Installing: /home/jiacheng/autonomoussystems2025/ros2_ws/install/mav_planning_msgs/include/mav_planning_msgs/mav_planning_msgs/srv/detail
-- Installing: /home/jiacheng/autonomoussystems2025/ros2_ws/install/mav_planning_msgs/include/mav_planning_msgs/mav_planning_msgs/srv/detail/change_name_service__struct.h
-- Installing: /home/jiacheng/autonomoussystems2025/ros2_ws/install/mav_planning_msgs/include/mav_planning_msgs/mav_planning_msgs/srv/detail/change_name_service__type_support.h
-- Installing: /home/jiacheng/autonomoussystems2025/ros2_ws/install/mav_planning_msgs/include/mav_planning_msgs/mav_planning_msgs/srv/detail/polygon_service__struct.h
-- Installing: /home/jiacheng/autonomoussystems2025/ros2_ws/install/mav_planning_msgs/include/mav_planning_msgs/mav_planning_msgs/srv/detail/planner_service__description.c
-- Installing: /home/jiacheng/autonomoussystems2025/ros2_ws/install/mav_planning_msgs/include/mav_planning_msgs/mav_planning_msgs/srv/detail/planner_service__functions.c
-- Installing: /home/jiacheng/autonomoussystems2025/ros2_ws/install/mav_planning_msgs/include/mav_planning_msgs/mav_planning_msgs/srv/detail/planner_service__functions.h
-- Installing: /home/jiacheng/autonomoussystems2025/ros2_ws/install/mav_planning_msgs/include/mav_planning_msgs/mav_planning_msgs/srv/detail/change_name_service__functions.c
-- Installing: /home/jiacheng/autonomoussystems2025/ros2_ws/install/mav_planning_msgs/include/mav_planning_msgs/mav_planning_msgs/srv/detail/polygon_service__functions.h
-- Installing: /home/jiacheng/autonomoussystems2025/ros2_ws/install/mav_planning_msgs/include/mav_planning_msgs/mav_planning_msgs/srv/detail/change_name_service__description.c
-- Installing: /home/jiacheng/autonomoussystems2025/ros2_ws/install/mav_planning_msgs/include/mav_planning_msgs/mav_planning_msgs/srv/detail/change_name_service__functions.h
-- Installing: /home/jiacheng/autonomoussystems2025/ros2_ws/install/mav_planning_msgs/include/mav_planning_msgs/mav_planning_msgs/srv/detail/change_name_service__type_support.c
-- Installing: /home/jiacheng/autonomoussystems2025/ros2_ws/install/mav_planning_msgs/include/mav_planning_msgs/mav_planning_msgs/srv/detail/polygon_service__functions.c
-- Installing: /home/jiacheng/autonomoussystems2025/ros2_ws/install/mav_planning_msgs/include/mav_planning_msgs/mav_planning_msgs/srv/detail/planner_service__type_support.h
-- Installing: /home/jiacheng/autonomoussystems2025/ros2_ws/install/mav_planning_msgs/include/mav_planning_msgs/mav_planning_msgs/srv/detail/planner_service__type_support.c
-- Installing: /home/jiacheng/autonomoussystems2025/ros2_ws/install/mav_planning_msgs/include/mav_planning_msgs/mav_planning_msgs/srv/detail/polygon_service__type_support.h
-- Installing: /home/jiacheng/autonomoussystems2025/ros2_ws/install/mav_planning_msgs/include/mav_planning_msgs/mav_planning_msgs/srv/detail/planner_service__struct.h
-- Installing: /home/jiacheng/autonomoussystems2025/ros2_ws/install/mav_planning_msgs/include/mav_planning_msgs/mav_planning_msgs/srv/detail/polygon_service__type_support.c
-- Installing: /home/jiacheng/autonomoussystems2025/ros2_ws/install/mav_planning_msgs/include/mav_planning_msgs/mav_planning_msgs/srv/detail/polygon_service__description.c
-- Installing: /home/jiacheng/autonomoussystems2025/ros2_ws/install/mav_planning_msgs/include/mav_planning_msgs/mav_planning_msgs/srv/change_name_service.h
-- Installing: /home/jiacheng/autonomoussystems2025/ros2_ws/install/mav_planning_msgs/include/mav_planning_msgs/mav_planning_msgs/srv/polygon_service.h
-- Installing: /home/jiacheng/autonomoussystems2025/ros2_ws/install/mav_planning_msgs/share/mav_planning_msgs/environment/library_path.sh
-- Installing: /home/jiacheng/autonomoussystems2025/ros2_ws/install/mav_planning_msgs/share/mav_planning_msgs/environment/library_path.dsv
-- Installing: /home/jiacheng/autonomoussystems2025/ros2_ws/install/mav_planning_msgs/lib/libmav_planning_msgs__rosidl_generator_c.so
-- Set non-toolchain portion of runtime path of "/home/jiacheng/autonomoussystems2025/ros2_ws/install/mav_planning_msgs/lib/libmav_planning_msgs__rosidl_generator_c.so" to ""
-- Up-to-date: /home/jiacheng/autonomoussystems2025/ros2_ws/install/mav_planning_msgs/include/mav_planning_msgs/mav_planning_msgs
-- Up-to-date: /home/jiacheng/autonomoussystems2025/ros2_ws/install/mav_planning_msgs/include/mav_planning_msgs/mav_planning_msgs/msg
-- Up-to-date: /home/jiacheng/autonomoussystems2025/ros2_ws/install/mav_planning_msgs/include/mav_planning_msgs/mav_planning_msgs/msg/detail
-- Installing: /home/jiacheng/autonomoussystems2025/ros2_ws/install/mav_planning_msgs/include/mav_planning_msgs/mav_planning_msgs/msg/detail/polynomial_trajectory__rosidl_typesupport_fastrtps_c.h
-- Installing: /home/jiacheng/autonomoussystems2025/ros2_ws/install/mav_planning_msgs/include/mav_planning_msgs/mav_planning_msgs/msg/detail/point2_d__rosidl_typesupport_fastrtps_c.h
-- Installing: /home/jiacheng/autonomoussystems2025/ros2_ws/install/mav_planning_msgs/include/mav_planning_msgs/mav_planning_msgs/msg/detail/polygon2_d__rosidl_typesupport_fastrtps_c.h
-- Installing: /home/jiacheng/autonomoussystems2025/ros2_ws/install/mav_planning_msgs/include/mav_planning_msgs/mav_planning_msgs/msg/detail/polygon_with_holes_stamped__rosidl_typesupport_fastrtps_c.h
-- Installing: /home/jiacheng/autonomoussystems2025/ros2_ws/install/mav_planning_msgs/include/mav_planning_msgs/mav_planning_msgs/msg/detail/polynomial_segment4_d__rosidl_typesupport_fastrtps_c.h
-- Installing: /home/jiacheng/autonomoussystems2025/ros2_ws/install/mav_planning_msgs/include/mav_planning_msgs/mav_planning_msgs/msg/detail/point_cloud_with_pose__rosidl_typesupport_fastrtps_c.h
-- Installing: /home/jiacheng/autonomoussystems2025/ros2_ws/install/mav_planning_msgs/include/mav_planning_msgs/mav_planning_msgs/msg/detail/polygon_with_holes__rosidl_typesupport_fastrtps_c.h
-- Installing: /home/jiacheng/autonomoussystems2025/ros2_ws/install/mav_planning_msgs/include/mav_planning_msgs/mav_planning_msgs/msg/detail/polynomial_trajectory4_d__rosidl_typesupport_fastrtps_c.h
-- Installing: /home/jiacheng/autonomoussystems2025/ros2_ws/install/mav_planning_msgs/include/mav_planning_msgs/mav_planning_msgs/msg/detail/polynomial_segment__rosidl_typesupport_fastrtps_c.h
-- Installing: /home/jiacheng/autonomoussystems2025/ros2_ws/install/mav_planning_msgs/include/mav_planning_msgs/mav_planning_msgs/msg/rosidl_typesupport_fastrtps_c__visibility_control.h
-- Up-to-date: /home/jiacheng/autonomoussystems2025/ros2_ws/install/mav_planning_msgs/include/mav_planning_msgs/mav_planning_msgs/srv
-- Up-to-date: /home/jiacheng/autonomoussystems2025/ros2_ws/install/mav_planning_msgs/include/mav_planning_msgs/mav_planning_msgs/srv/detail
-- Installing: /home/jiacheng/autonomoussystems2025/ros2_ws/install/mav_planning_msgs/include/mav_planning_msgs/mav_planning_msgs/srv/detail/change_name_service__rosidl_typesupport_fastrtps_c.h
-- Installing: /home/jiacheng/autonomoussystems2025/ros2_ws/install/mav_planning_msgs/include/mav_planning_msgs/mav_planning_msgs/srv/detail/polygon_service__rosidl_typesupport_fastrtps_c.h
-- Installing: /home/jiacheng/autonomoussystems2025/ros2_ws/install/mav_planning_msgs/include/mav_planning_msgs/mav_planning_msgs/srv/detail/planner_service__rosidl_typesupport_fastrtps_c.h
-- Installing: /home/jiacheng/autonomoussystems2025/ros2_ws/install/mav_planning_msgs/lib/libmav_planning_msgs__rosidl_typesupport_fastrtps_c.so
-- Set non-toolchain portion of runtime path of "/home/jiacheng/autonomoussystems2025/ros2_ws/install/mav_planning_msgs/lib/libmav_planning_msgs__rosidl_typesupport_fastrtps_c.so" to ""
-- Up-to-date: /home/jiacheng/autonomoussystems2025/ros2_ws/install/mav_planning_msgs/include/mav_planning_msgs/mav_planning_msgs
-- Up-to-date: /home/jiacheng/autonomoussystems2025/ros2_ws/install/mav_planning_msgs/include/mav_planning_msgs/mav_planning_msgs/msg
-- Up-to-date: /home/jiacheng/autonomoussystems2025/ros2_ws/install/mav_planning_msgs/include/mav_planning_msgs/mav_planning_msgs/msg/detail
-- Installing: /home/jiacheng/autonomoussystems2025/ros2_ws/install/mav_planning_msgs/include/mav_planning_msgs/mav_planning_msgs/msg/detail/polynomial_segment__rosidl_typesupport_introspection_c.h
-- Installing: /home/jiacheng/autonomoussystems2025/ros2_ws/install/mav_planning_msgs/include/mav_planning_msgs/mav_planning_msgs/msg/detail/polygon2_d__type_support.c
-- Installing: /home/jiacheng/autonomoussystems2025/ros2_ws/install/mav_planning_msgs/include/mav_planning_msgs/mav_planning_msgs/msg/detail/polynomial_segment__type_support.c
-- Installing: /home/jiacheng/autonomoussystems2025/ros2_ws/install/mav_planning_msgs/include/mav_planning_msgs/mav_planning_msgs/msg/detail/polygon_with_holes_stamped__type_support.c
-- Installing: /home/jiacheng/autonomoussystems2025/ros2_ws/install/mav_planning_msgs/include/mav_planning_msgs/mav_planning_msgs/msg/detail/polygon2_d__rosidl_typesupport_introspection_c.h
-- Installing: /home/jiacheng/autonomoussystems2025/ros2_ws/install/mav_planning_msgs/include/mav_planning_msgs/mav_planning_msgs/msg/detail/polynomial_trajectory__type_support.c
-- Installing: /home/jiacheng/autonomoussystems2025/ros2_ws/install/mav_planning_msgs/include/mav_planning_msgs/mav_planning_msgs/msg/detail/polynomial_segment4_d__rosidl_typesupport_introspection_c.h
-- Installing: /home/jiacheng/autonomoussystems2025/ros2_ws/install/mav_planning_msgs/include/mav_planning_msgs/mav_planning_msgs/msg/detail/polygon_with_holes__rosidl_typesupport_introspection_c.h
-- Installing: /home/jiacheng/autonomoussystems2025/ros2_ws/install/mav_planning_msgs/include/mav_planning_msgs/mav_planning_msgs/msg/detail/polygon_with_holes__type_support.c
-- Installing: /home/jiacheng/autonomoussystems2025/ros2_ws/install/mav_planning_msgs/include/mav_planning_msgs/mav_planning_msgs/msg/detail/polynomial_trajectory4_d__rosidl_typesupport_introspection_c.h
-- Installing: /home/jiacheng/autonomoussystems2025/ros2_ws/install/mav_planning_msgs/include/mav_planning_msgs/mav_planning_msgs/msg/detail/polynomial_trajectory4_d__type_support.c
-- Installing: /home/jiacheng/autonomoussystems2025/ros2_ws/install/mav_planning_msgs/include/mav_planning_msgs/mav_planning_msgs/msg/detail/point_cloud_with_pose__rosidl_typesupport_introspection_c.h
-- Installing: /home/jiacheng/autonomoussystems2025/ros2_ws/install/mav_planning_msgs/include/mav_planning_msgs/mav_planning_msgs/msg/detail/point2_d__type_support.c
-- Installing: /home/jiacheng/autonomoussystems2025/ros2_ws/install/mav_planning_msgs/include/mav_planning_msgs/mav_planning_msgs/msg/detail/polynomial_trajectory__rosidl_typesupport_introspection_c.h
-- Installing: /home/jiacheng/autonomoussystems2025/ros2_ws/install/mav_planning_msgs/include/mav_planning_msgs/mav_planning_msgs/msg/detail/point_cloud_with_pose__type_support.c
-- Installing: /home/jiacheng/autonomoussystems2025/ros2_ws/install/mav_planning_msgs/include/mav_planning_msgs/mav_planning_msgs/msg/detail/point2_d__rosidl_typesupport_introspection_c.h
-- Installing: /home/jiacheng/autonomoussystems2025/ros2_ws/install/mav_planning_msgs/include/mav_planning_msgs/mav_planning_msgs/msg/detail/polygon_with_holes_stamped__rosidl_typesupport_introspection_c.h
-- Installing: /home/jiacheng/autonomoussystems2025/ros2_ws/install/mav_planning_msgs/include/mav_planning_msgs/mav_planning_msgs/msg/detail/polynomial_segment4_d__type_support.c
-- Installing: /home/jiacheng/autonomoussystems2025/ros2_ws/install/mav_planning_msgs/include/mav_planning_msgs/mav_planning_msgs/msg/rosidl_typesupport_introspection_c__visibility_control.h
-- Up-to-date: /home/jiacheng/autonomoussystems2025/ros2_ws/install/mav_planning_msgs/include/mav_planning_msgs/mav_planning_msgs/srv
-- Up-to-date: /home/jiacheng/autonomoussystems2025/ros2_ws/install/mav_planning_msgs/include/mav_planning_msgs/mav_planning_msgs/srv/detail
-- Installing: /home/jiacheng/autonomoussystems2025/ros2_ws/install/mav_planning_msgs/include/mav_planning_msgs/mav_planning_msgs/srv/detail/polygon_service__rosidl_typesupport_introspection_c.h
-- Installing: /home/jiacheng/autonomoussystems2025/ros2_ws/install/mav_planning_msgs/include/mav_planning_msgs/mav_planning_msgs/srv/detail/change_name_service__type_support.c
-- Installing: /home/jiacheng/autonomoussystems2025/ros2_ws/install/mav_planning_msgs/include/mav_planning_msgs/mav_planning_msgs/srv/detail/change_name_service__rosidl_typesupport_introspection_c.h
-- Installing: /home/jiacheng/autonomoussystems2025/ros2_ws/install/mav_planning_msgs/include/mav_planning_msgs/mav_planning_msgs/srv/detail/planner_service__type_support.c
-- Installing: /home/jiacheng/autonomoussystems2025/ros2_ws/install/mav_planning_msgs/include/mav_planning_msgs/mav_planning_msgs/srv/detail/planner_service__rosidl_typesupport_introspection_c.h
-- Installing: /home/jiacheng/autonomoussystems2025/ros2_ws/install/mav_planning_msgs/include/mav_planning_msgs/mav_planning_msgs/srv/detail/polygon_service__type_support.c
-- Installing: /home/jiacheng/autonomoussystems2025/ros2_ws/install/mav_planning_msgs/lib/libmav_planning_msgs__rosidl_typesupport_introspection_c.so
-- Set non-toolchain portion of runtime path of "/home/jiacheng/autonomoussystems2025/ros2_ws/install/mav_planning_msgs/lib/libmav_planning_msgs__rosidl_typesupport_introspection_c.so" to ""
-- Installing: /home/jiacheng/autonomoussystems2025/ros2_ws/install/mav_planning_msgs/lib/libmav_planning_msgs__rosidl_typesupport_c.so
-- Set non-toolchain portion of runtime path of "/home/jiacheng/autonomoussystems2025/ros2_ws/install/mav_planning_msgs/lib/libmav_planning_msgs__rosidl_typesupport_c.so" to ""
-- Up-to-date: /home/jiacheng/autonomoussystems2025/ros2_ws/install/mav_planning_msgs/include/mav_planning_msgs/mav_planning_msgs
-- Up-to-date: /home/jiacheng/autonomoussystems2025/ros2_ws/install/mav_planning_msgs/include/mav_planning_msgs/mav_planning_msgs/msg
-- Installing: /home/jiacheng/autonomoussystems2025/ros2_ws/install/mav_planning_msgs/include/mav_planning_msgs/mav_planning_msgs/msg/polynomial_segment.hpp
-- Installing: /home/jiacheng/autonomoussystems2025/ros2_ws/install/mav_planning_msgs/include/mav_planning_msgs/mav_planning_msgs/msg/point2_d.hpp
-- Installing: /home/jiacheng/autonomoussystems2025/ros2_ws/install/mav_planning_msgs/include/mav_planning_msgs/mav_planning_msgs/msg/polynomial_trajectory4_d.hpp
-- Installing: /home/jiacheng/autonomoussystems2025/ros2_ws/install/mav_planning_msgs/include/mav_planning_msgs/mav_planning_msgs/msg/polynomial_trajectory.hpp
-- Up-to-date: /home/jiacheng/autonomoussystems2025/ros2_ws/install/mav_planning_msgs/include/mav_planning_msgs/mav_planning_msgs/msg/detail
-- Installing: /home/jiacheng/autonomoussystems2025/ros2_ws/install/mav_planning_msgs/include/mav_planning_msgs/mav_planning_msgs/msg/detail/polynomial_segment4_d__builder.hpp
-- Installing: /home/jiacheng/autonomoussystems2025/ros2_ws/install/mav_planning_msgs/include/mav_planning_msgs/mav_planning_msgs/msg/detail/point_cloud_with_pose__traits.hpp
-- Installing: /home/jiacheng/autonomoussystems2025/ros2_ws/install/mav_planning_msgs/include/mav_planning_msgs/mav_planning_msgs/msg/detail/point_cloud_with_pose__type_support.hpp
-- Installing: /home/jiacheng/autonomoussystems2025/ros2_ws/install/mav_planning_msgs/include/mav_planning_msgs/mav_planning_msgs/msg/detail/polygon2_d__type_support.hpp
-- Installing: /home/jiacheng/autonomoussystems2025/ros2_ws/install/mav_planning_msgs/include/mav_planning_msgs/mav_planning_msgs/msg/detail/point2_d__traits.hpp
-- Installing: /home/jiacheng/autonomoussystems2025/ros2_ws/install/mav_planning_msgs/include/mav_planning_msgs/mav_planning_msgs/msg/detail/polynomial_segment__struct.hpp
-- Installing: /home/jiacheng/autonomoussystems2025/ros2_ws/install/mav_planning_msgs/include/mav_planning_msgs/mav_planning_msgs/msg/detail/polygon_with_holes_stamped__struct.hpp
-- Installing: /home/jiacheng/autonomoussystems2025/ros2_ws/install/mav_planning_msgs/include/mav_planning_msgs/mav_planning_msgs/msg/detail/polynomial_trajectory__builder.hpp
-- Installing: /home/jiacheng/autonomoussystems2025/ros2_ws/install/mav_planning_msgs/include/mav_planning_msgs/mav_planning_msgs/msg/detail/point2_d__type_support.hpp
-- Installing: /home/jiacheng/autonomoussystems2025/ros2_ws/install/mav_planning_msgs/include/mav_planning_msgs/mav_planning_msgs/msg/detail/polynomial_segment4_d__traits.hpp
-- Installing: /home/jiacheng/autonomoussystems2025/ros2_ws/install/mav_planning_msgs/include/mav_planning_msgs/mav_planning_msgs/msg/detail/polygon_with_holes__traits.hpp
-- Installing: /home/jiacheng/autonomoussystems2025/ros2_ws/install/mav_planning_msgs/include/mav_planning_msgs/mav_planning_msgs/msg/detail/polygon_with_holes__struct.hpp
-- Installing: /home/jiacheng/autonomoussystems2025/ros2_ws/install/mav_planning_msgs/include/mav_planning_msgs/mav_planning_msgs/msg/detail/polynomial_segment__traits.hpp
-- Installing: /home/jiacheng/autonomoussystems2025/ros2_ws/install/mav_planning_msgs/include/mav_planning_msgs/mav_planning_msgs/msg/detail/polynomial_trajectory4_d__traits.hpp
-- Installing: /home/jiacheng/autonomoussystems2025/ros2_ws/install/mav_planning_msgs/include/mav_planning_msgs/mav_planning_msgs/msg/detail/polynomial_trajectory4_d__struct.hpp
-- Installing: /home/jiacheng/autonomoussystems2025/ros2_ws/install/mav_planning_msgs/include/mav_planning_msgs/mav_planning_msgs/msg/detail/polygon_with_holes_stamped__builder.hpp
-- Installing: /home/jiacheng/autonomoussystems2025/ros2_ws/install/mav_planning_msgs/include/mav_planning_msgs/mav_planning_msgs/msg/detail/polygon_with_holes__type_support.hpp
-- Installing: /home/jiacheng/autonomoussystems2025/ros2_ws/install/mav_planning_msgs/include/mav_planning_msgs/mav_planning_msgs/msg/detail/polynomial_segment__type_support.hpp
-- Installing: /home/jiacheng/autonomoussystems2025/ros2_ws/install/mav_planning_msgs/include/mav_planning_msgs/mav_planning_msgs/msg/detail/polygon_with_holes_stamped__traits.hpp
-- Installing: /home/jiacheng/autonomoussystems2025/ros2_ws/install/mav_planning_msgs/include/mav_planning_msgs/mav_planning_msgs/msg/detail/polygon2_d__builder.hpp
-- Installing: /home/jiacheng/autonomoussystems2025/ros2_ws/install/mav_planning_msgs/include/mav_planning_msgs/mav_planning_msgs/msg/detail/polygon2_d__traits.hpp
-- Installing: /home/jiacheng/autonomoussystems2025/ros2_ws/install/mav_planning_msgs/include/mav_planning_msgs/mav_planning_msgs/msg/detail/polygon_with_holes__builder.hpp
-- Installing: /home/jiacheng/autonomoussystems2025/ros2_ws/install/mav_planning_msgs/include/mav_planning_msgs/mav_planning_msgs/msg/detail/polynomial_trajectory__traits.hpp
-- Installing: /home/jiacheng/autonomoussystems2025/ros2_ws/install/mav_planning_msgs/include/mav_planning_msgs/mav_planning_msgs/msg/detail/polynomial_trajectory4_d__type_support.hpp
-- Installing: /home/jiacheng/autonomoussystems2025/ros2_ws/install/mav_planning_msgs/include/mav_planning_msgs/mav_planning_msgs/msg/detail/polygon2_d__struct.hpp
-- Installing: /home/jiacheng/autonomoussystems2025/ros2_ws/install/mav_planning_msgs/include/mav_planning_msgs/mav_planning_msgs/msg/detail/polynomial_segment__builder.hpp
-- Installing: /home/jiacheng/autonomoussystems2025/ros2_ws/install/mav_planning_msgs/include/mav_planning_msgs/mav_planning_msgs/msg/detail/polynomial_trajectory__type_support.hpp
-- Installing: /home/jiacheng/autonomoussystems2025/ros2_ws/install/mav_planning_msgs/include/mav_planning_msgs/mav_planning_msgs/msg/detail/point2_d__builder.hpp
-- Installing: /home/jiacheng/autonomoussystems2025/ros2_ws/install/mav_planning_msgs/include/mav_planning_msgs/mav_planning_msgs/msg/detail/point2_d__struct.hpp
-- Installing: /home/jiacheng/autonomoussystems2025/ros2_ws/install/mav_planning_msgs/include/mav_planning_msgs/mav_planning_msgs/msg/detail/polynomial_trajectory4_d__builder.hpp
-- Installing: /home/jiacheng/autonomoussystems2025/ros2_ws/install/mav_planning_msgs/include/mav_planning_msgs/mav_planning_msgs/msg/detail/point_cloud_with_pose__builder.hpp
-- Installing: /home/jiacheng/autonomoussystems2025/ros2_ws/install/mav_planning_msgs/include/mav_planning_msgs/mav_planning_msgs/msg/detail/polynomial_segment4_d__struct.hpp
-- Installing: /home/jiacheng/autonomoussystems2025/ros2_ws/install/mav_planning_msgs/include/mav_planning_msgs/mav_planning_msgs/msg/detail/polynomial_segment4_d__type_support.hpp
-- Installing: /home/jiacheng/autonomoussystems2025/ros2_ws/install/mav_planning_msgs/include/mav_planning_msgs/mav_planning_msgs/msg/detail/polynomial_trajectory__struct.hpp
-- Installing: /home/jiacheng/autonomoussystems2025/ros2_ws/install/mav_planning_msgs/include/mav_planning_msgs/mav_planning_msgs/msg/detail/polygon_with_holes_stamped__type_support.hpp
-- Installing: /home/jiacheng/autonomoussystems2025/ros2_ws/install/mav_planning_msgs/include/mav_planning_msgs/mav_planning_msgs/msg/detail/point_cloud_with_pose__struct.hpp
-- Installing: /home/jiacheng/autonomoussystems2025/ros2_ws/install/mav_planning_msgs/include/mav_planning_msgs/mav_planning_msgs/msg/polygon_with_holes_stamped.hpp
-- Installing: /home/jiacheng/autonomoussystems2025/ros2_ws/install/mav_planning_msgs/include/mav_planning_msgs/mav_planning_msgs/msg/polygon_with_holes.hpp
-- Installing: /home/jiacheng/autonomoussystems2025/ros2_ws/install/mav_planning_msgs/include/mav_planning_msgs/mav_planning_msgs/msg/polynomial_segment4_d.hpp
-- Installing: /home/jiacheng/autonomoussystems2025/ros2_ws/install/mav_planning_msgs/include/mav_planning_msgs/mav_planning_msgs/msg/polygon2_d.hpp
-- Installing: /home/jiacheng/autonomoussystems2025/ros2_ws/install/mav_planning_msgs/include/mav_planning_msgs/mav_planning_msgs/msg/rosidl_generator_cpp__visibility_control.hpp
-- Installing: /home/jiacheng/autonomoussystems2025/ros2_ws/install/mav_planning_msgs/include/mav_planning_msgs/mav_planning_msgs/msg/point_cloud_with_pose.hpp
-- Up-to-date: /home/jiacheng/autonomoussystems2025/ros2_ws/install/mav_planning_msgs/include/mav_planning_msgs/mav_planning_msgs/srv
-- Up-to-date: /home/jiacheng/autonomoussystems2025/ros2_ws/install/mav_planning_msgs/include/mav_planning_msgs/mav_planning_msgs/srv/detail
-- Installing: /home/jiacheng/autonomoussystems2025/ros2_ws/install/mav_planning_msgs/include/mav_planning_msgs/mav_planning_msgs/srv/detail/change_name_service__type_support.hpp
-- Installing: /home/jiacheng/autonomoussystems2025/ros2_ws/install/mav_planning_msgs/include/mav_planning_msgs/mav_planning_msgs/srv/detail/planner_service__traits.hpp
-- Installing: /home/jiacheng/autonomoussystems2025/ros2_ws/install/mav_planning_msgs/include/mav_planning_msgs/mav_planning_msgs/srv/detail/planner_service__builder.hpp
-- Installing: /home/jiacheng/autonomoussystems2025/ros2_ws/install/mav_planning_msgs/include/mav_planning_msgs/mav_planning_msgs/srv/detail/planner_service__type_support.hpp
-- Installing: /home/jiacheng/autonomoussystems2025/ros2_ws/install/mav_planning_msgs/include/mav_planning_msgs/mav_planning_msgs/srv/detail/change_name_service__struct.hpp
-- Installing: /home/jiacheng/autonomoussystems2025/ros2_ws/install/mav_planning_msgs/include/mav_planning_msgs/mav_planning_msgs/srv/detail/planner_service__struct.hpp
-- Installing: /home/jiacheng/autonomoussystems2025/ros2_ws/install/mav_planning_msgs/include/mav_planning_msgs/mav_planning_msgs/srv/detail/polygon_service__struct.hpp
-- Installing: /home/jiacheng/autonomoussystems2025/ros2_ws/install/mav_planning_msgs/include/mav_planning_msgs/mav_planning_msgs/srv/detail/change_name_service__traits.hpp
-- Installing: /home/jiacheng/autonomoussystems2025/ros2_ws/install/mav_planning_msgs/include/mav_planning_msgs/mav_planning_msgs/srv/detail/polygon_service__type_support.hpp
-- Installing: /home/jiacheng/autonomoussystems2025/ros2_ws/install/mav_planning_msgs/include/mav_planning_msgs/mav_planning_msgs/srv/detail/polygon_service__builder.hpp
-- Installing: /home/jiacheng/autonomoussystems2025/ros2_ws/install/mav_planning_msgs/include/mav_planning_msgs/mav_planning_msgs/srv/detail/change_name_service__builder.hpp
-- Installing: /home/jiacheng/autonomoussystems2025/ros2_ws/install/mav_planning_msgs/include/mav_planning_msgs/mav_planning_msgs/srv/detail/polygon_service__traits.hpp
-- Installing: /home/jiacheng/autonomoussystems2025/ros2_ws/install/mav_planning_msgs/include/mav_planning_msgs/mav_planning_msgs/srv/polygon_service.hpp
-- Installing: /home/jiacheng/autonomoussystems2025/ros2_ws/install/mav_planning_msgs/include/mav_planning_msgs/mav_planning_msgs/srv/change_name_service.hpp
-- Installing: /home/jiacheng/autonomoussystems2025/ros2_ws/install/mav_planning_msgs/include/mav_planning_msgs/mav_planning_msgs/srv/planner_service.hpp
-- Up-to-date: /home/jiacheng/autonomoussystems2025/ros2_ws/install/mav_planning_msgs/include/mav_planning_msgs/mav_planning_msgs
-- Up-to-date: /home/jiacheng/autonomoussystems2025/ros2_ws/install/mav_planning_msgs/include/mav_planning_msgs/mav_planning_msgs/msg
-- Up-to-date: /home/jiacheng/autonomoussystems2025/ros2_ws/install/mav_planning_msgs/include/mav_planning_msgs/mav_planning_msgs/msg/detail
-- Installing: /home/jiacheng/autonomoussystems2025/ros2_ws/install/mav_planning_msgs/include/mav_planning_msgs/mav_planning_msgs/msg/detail/point_cloud_with_pose__rosidl_typesupport_fastrtps_cpp.hpp
-- Installing: /home/jiacheng/autonomoussystems2025/ros2_ws/install/mav_planning_msgs/include/mav_planning_msgs/mav_planning_msgs/msg/detail/polygon2_d__rosidl_typesupport_fastrtps_cpp.hpp
-- Installing: /home/jiacheng/autonomoussystems2025/ros2_ws/install/mav_planning_msgs/include/mav_planning_msgs/mav_planning_msgs/msg/detail/polynomial_segment__rosidl_typesupport_fastrtps_cpp.hpp
-- Installing: /home/jiacheng/autonomoussystems2025/ros2_ws/install/mav_planning_msgs/include/mav_planning_msgs/mav_planning_msgs/msg/detail/point2_d__rosidl_typesupport_fastrtps_cpp.hpp
-- Installing: /home/jiacheng/autonomoussystems2025/ros2_ws/install/mav_planning_msgs/include/mav_planning_msgs/mav_planning_msgs/msg/detail/polynomial_trajectory4_d__rosidl_typesupport_fastrtps_cpp.hpp
-- Installing: /home/jiacheng/autonomoussystems2025/ros2_ws/install/mav_planning_msgs/include/mav_planning_msgs/mav_planning_msgs/msg/detail/polynomial_segment4_d__rosidl_typesupport_fastrtps_cpp.hpp
-- Installing: /home/jiacheng/autonomoussystems2025/ros2_ws/install/mav_planning_msgs/include/mav_planning_msgs/mav_planning_msgs/msg/detail/dds_fastrtps
-- Installing: /home/jiacheng/autonomoussystems2025/ros2_ws/install/mav_planning_msgs/include/mav_planning_msgs/mav_planning_msgs/msg/detail/polygon_with_holes__rosidl_typesupport_fastrtps_cpp.hpp
-- Installing: /home/jiacheng/autonomoussystems2025/ros2_ws/install/mav_planning_msgs/include/mav_planning_msgs/mav_planning_msgs/msg/detail/polygon_with_holes_stamped__rosidl_typesupport_fastrtps_cpp.hpp
-- Installing: /home/jiacheng/autonomoussystems2025/ros2_ws/install/mav_planning_msgs/include/mav_planning_msgs/mav_planning_msgs/msg/detail/polynomial_trajectory__rosidl_typesupport_fastrtps_cpp.hpp
-- Installing: /home/jiacheng/autonomoussystems2025/ros2_ws/install/mav_planning_msgs/include/mav_planning_msgs/mav_planning_msgs/msg/rosidl_typesupport_fastrtps_cpp__visibility_control.h
-- Up-to-date: /home/jiacheng/autonomoussystems2025/ros2_ws/install/mav_planning_msgs/include/mav_planning_msgs/mav_planning_msgs/srv
-- Up-to-date: /home/jiacheng/autonomoussystems2025/ros2_ws/install/mav_planning_msgs/include/mav_planning_msgs/mav_planning_msgs/srv/detail
-- Installing: /home/jiacheng/autonomoussystems2025/ros2_ws/install/mav_planning_msgs/include/mav_planning_msgs/mav_planning_msgs/srv/detail/planner_service__rosidl_typesupport_fastrtps_cpp.hpp
-- Installing: /home/jiacheng/autonomoussystems2025/ros2_ws/install/mav_planning_msgs/include/mav_planning_msgs/mav_planning_msgs/srv/detail/change_name_service__rosidl_typesupport_fastrtps_cpp.hpp
-- Installing: /home/jiacheng/autonomoussystems2025/ros2_ws/install/mav_planning_msgs/include/mav_planning_msgs/mav_planning_msgs/srv/detail/polygon_service__rosidl_typesupport_fastrtps_cpp.hpp
-- Installing: /home/jiacheng/autonomoussystems2025/ros2_ws/install/mav_planning_msgs/include/mav_planning_msgs/mav_planning_msgs/srv/detail/dds_fastrtps
-- Installing: /home/jiacheng/autonomoussystems2025/ros2_ws/install/mav_planning_msgs/lib/libmav_planning_msgs__rosidl_typesupport_fastrtps_cpp.so
-- Set non-toolchain portion of runtime path of "/home/jiacheng/autonomoussystems2025/ros2_ws/install/mav_planning_msgs/lib/libmav_planning_msgs__rosidl_typesupport_fastrtps_cpp.so" to ""
-- Up-to-date: /home/jiacheng/autonomoussystems2025/ros2_ws/install/mav_planning_msgs/include/mav_planning_msgs/mav_planning_msgs
-- Up-to-date: /home/jiacheng/autonomoussystems2025/ros2_ws/install/mav_planning_msgs/include/mav_planning_msgs/mav_planning_msgs/msg
-- Up-to-date: /home/jiacheng/autonomoussystems2025/ros2_ws/install/mav_planning_msgs/include/mav_planning_msgs/mav_planning_msgs/msg/detail
-- Installing: /home/jiacheng/autonomoussystems2025/ros2_ws/install/mav_planning_msgs/include/mav_planning_msgs/mav_planning_msgs/msg/detail/polynomial_trajectory4_d__type_support.cpp
-- Installing: /home/jiacheng/autonomoussystems2025/ros2_ws/install/mav_planning_msgs/include/mav_planning_msgs/mav_planning_msgs/msg/detail/polynomial_segment__rosidl_typesupport_introspection_cpp.hpp
-- Installing: /home/jiacheng/autonomoussystems2025/ros2_ws/install/mav_planning_msgs/include/mav_planning_msgs/mav_planning_msgs/msg/detail/polynomial_trajectory4_d__rosidl_typesupport_introspection_cpp.hpp
-- Installing: /home/jiacheng/autonomoussystems2025/ros2_ws/install/mav_planning_msgs/include/mav_planning_msgs/mav_planning_msgs/msg/detail/polygon2_d__rosidl_typesupport_introspection_cpp.hpp
-- Installing: /home/jiacheng/autonomoussystems2025/ros2_ws/install/mav_planning_msgs/include/mav_planning_msgs/mav_planning_msgs/msg/detail/polygon2_d__type_support.cpp
-- Installing: /home/jiacheng/autonomoussystems2025/ros2_ws/install/mav_planning_msgs/include/mav_planning_msgs/mav_planning_msgs/msg/detail/point2_d__type_support.cpp
-- Installing: /home/jiacheng/autonomoussystems2025/ros2_ws/install/mav_planning_msgs/include/mav_planning_msgs/mav_planning_msgs/msg/detail/polynomial_trajectory__rosidl_typesupport_introspection_cpp.hpp
-- Installing: /home/jiacheng/autonomoussystems2025/ros2_ws/install/mav_planning_msgs/include/mav_planning_msgs/mav_planning_msgs/msg/detail/polynomial_trajectory__type_support.cpp
-- Installing: /home/jiacheng/autonomoussystems2025/ros2_ws/install/mav_planning_msgs/include/mav_planning_msgs/mav_planning_msgs/msg/detail/polynomial_segment4_d__rosidl_typesupport_introspection_cpp.hpp
-- Installing: /home/jiacheng/autonomoussystems2025/ros2_ws/install/mav_planning_msgs/include/mav_planning_msgs/mav_planning_msgs/msg/detail/polygon_with_holes_stamped__rosidl_typesupport_introspection_cpp.hpp
-- Installing: /home/jiacheng/autonomoussystems2025/ros2_ws/install/mav_planning_msgs/include/mav_planning_msgs/mav_planning_msgs/msg/detail/polygon_with_holes_stamped__type_support.cpp
-- Installing: /home/jiacheng/autonomoussystems2025/ros2_ws/install/mav_planning_msgs/include/mav_planning_msgs/mav_planning_msgs/msg/detail/point_cloud_with_pose__type_support.cpp
-- Installing: /home/jiacheng/autonomoussystems2025/ros2_ws/install/mav_planning_msgs/include/mav_planning_msgs/mav_planning_msgs/msg/detail/polygon_with_holes__type_support.cpp
-- Installing: /home/jiacheng/autonomoussystems2025/ros2_ws/install/mav_planning_msgs/include/mav_planning_msgs/mav_planning_msgs/msg/detail/polygon_with_holes__rosidl_typesupport_introspection_cpp.hpp
-- Installing: /home/jiacheng/autonomoussystems2025/ros2_ws/install/mav_planning_msgs/include/mav_planning_msgs/mav_planning_msgs/msg/detail/point2_d__rosidl_typesupport_introspection_cpp.hpp
-- Installing: /home/jiacheng/autonomoussystems2025/ros2_ws/install/mav_planning_msgs/include/mav_planning_msgs/mav_planning_msgs/msg/detail/polynomial_segment4_d__type_support.cpp
-- Installing: /home/jiacheng/autonomoussystems2025/ros2_ws/install/mav_planning_msgs/include/mav_planning_msgs/mav_planning_msgs/msg/detail/polynomial_segment__type_support.cpp
-- Installing: /home/jiacheng/autonomoussystems2025/ros2_ws/install/mav_planning_msgs/include/mav_planning_msgs/mav_planning_msgs/msg/detail/point_cloud_with_pose__rosidl_typesupport_introspection_cpp.hpp
-- Up-to-date: /home/jiacheng/autonomoussystems2025/ros2_ws/install/mav_planning_msgs/include/mav_planning_msgs/mav_planning_msgs/srv
-- Up-to-date: /home/jiacheng/autonomoussystems2025/ros2_ws/install/mav_planning_msgs/include/mav_planning_msgs/mav_planning_msgs/srv/detail
-- Installing: /home/jiacheng/autonomoussystems2025/ros2_ws/install/mav_planning_msgs/include/mav_planning_msgs/mav_planning_msgs/srv/detail/change_name_service__rosidl_typesupport_introspection_cpp.hpp
-- Installing: /home/jiacheng/autonomoussystems2025/ros2_ws/install/mav_planning_msgs/include/mav_planning_msgs/mav_planning_msgs/srv/detail/planner_service__type_support.cpp
-- Installing: /home/jiacheng/autonomoussystems2025/ros2_ws/install/mav_planning_msgs/include/mav_planning_msgs/mav_planning_msgs/srv/detail/polygon_service__rosidl_typesupport_introspection_cpp.hpp
-- Installing: /home/jiacheng/autonomoussystems2025/ros2_ws/install/mav_planning_msgs/include/mav_planning_msgs/mav_planning_msgs/srv/detail/change_name_service__type_support.cpp
-- Installing: /home/jiacheng/autonomoussystems2025/ros2_ws/install/mav_planning_msgs/include/mav_planning_msgs/mav_planning_msgs/srv/detail/polygon_service__type_support.cpp
-- Installing: /home/jiacheng/autonomoussystems2025/ros2_ws/install/mav_planning_msgs/include/mav_planning_msgs/mav_planning_msgs/srv/detail/planner_service__rosidl_typesupport_introspection_cpp.hpp
-- Installing: /home/jiacheng/autonomoussystems2025/ros2_ws/install/mav_planning_msgs/lib/libmav_planning_msgs__rosidl_typesupport_introspection_cpp.so
-- Set non-toolchain portion of runtime path of "/home/jiacheng/autonomoussystems2025/ros2_ws/install/mav_planning_msgs/lib/libmav_planning_msgs__rosidl_typesupport_introspection_cpp.so" to ""
-- Installing: /home/jiacheng/autonomoussystems2025/ros2_ws/install/mav_planning_msgs/lib/libmav_planning_msgs__rosidl_typesupport_cpp.so
-- Set non-toolchain portion of runtime path of "/home/jiacheng/autonomoussystems2025/ros2_ws/install/mav_planning_msgs/lib/libmav_planning_msgs__rosidl_typesupport_cpp.so" to ""
-- Installing: /home/jiacheng/autonomoussystems2025/ros2_ws/install/mav_planning_msgs/share/mav_planning_msgs/environment/pythonpath.sh
-- Installing: /home/jiacheng/autonomoussystems2025/ros2_ws/install/mav_planning_msgs/share/mav_planning_msgs/environment/pythonpath.dsv
-- Installing: /home/jiacheng/autonomoussystems2025/ros2_ws/install/mav_planning_msgs/lib/python3.12/site-packages/mav_planning_msgs-3.3.3-py3.12.egg-info
-- Installing: /home/jiacheng/autonomoussystems2025/ros2_ws/install/mav_planning_msgs/lib/python3.12/site-packages/mav_planning_msgs-3.3.3-py3.12.egg-info/top_level.txt
-- Installing: /home/jiacheng/autonomoussystems2025/ros2_ws/install/mav_planning_msgs/lib/python3.12/site-packages/mav_planning_msgs-3.3.3-py3.12.egg-info/PKG-INFO
-- Installing: /home/jiacheng/autonomoussystems2025/ros2_ws/install/mav_planning_msgs/lib/python3.12/site-packages/mav_planning_msgs-3.3.3-py3.12.egg-info/dependency_links.txt
-- Installing: /home/jiacheng/autonomoussystems2025/ros2_ws/install/mav_planning_msgs/lib/python3.12/site-packages/mav_planning_msgs-3.3.3-py3.12.egg-info/SOURCES.txt
-- Installing: /home/jiacheng/autonomoussystems2025/ros2_ws/install/mav_planning_msgs/lib/python3.12/site-packages/mav_planning_msgs
-- Installing: /home/jiacheng/autonomoussystems2025/ros2_ws/install/mav_planning_msgs/lib/python3.12/site-packages/mav_planning_msgs/mav_planning_msgs_s__rosidl_typesupport_fastrtps_c.so
-- Installing: /home/jiacheng/autonomoussystems2025/ros2_ws/install/mav_planning_msgs/lib/python3.12/site-packages/mav_planning_msgs/msg
-- Installing: /home/jiacheng/autonomoussystems2025/ros2_ws/install/mav_planning_msgs/lib/python3.12/site-packages/mav_planning_msgs/msg/_polynomial_segment.py
-- Installing: /home/jiacheng/autonomoussystems2025/ros2_ws/install/mav_planning_msgs/lib/python3.12/site-packages/mav_planning_msgs/msg/_polygon2_d.py
-- Installing: /home/jiacheng/autonomoussystems2025/ros2_ws/install/mav_planning_msgs/lib/python3.12/site-packages/mav_planning_msgs/msg/_polygon_with_holes_s.c
-- Installing: /home/jiacheng/autonomoussystems2025/ros2_ws/install/mav_planning_msgs/lib/python3.12/site-packages/mav_planning_msgs/msg/_polygon_with_holes.py
-- Installing: /home/jiacheng/autonomoussystems2025/ros2_ws/install/mav_planning_msgs/lib/python3.12/site-packages/mav_planning_msgs/msg/_point2_d_s.c
-- Installing: /home/jiacheng/autonomoussystems2025/ros2_ws/install/mav_planning_msgs/lib/python3.12/site-packages/mav_planning_msgs/msg/_point_cloud_with_pose_s.c
-- Installing: /home/jiacheng/autonomoussystems2025/ros2_ws/install/mav_planning_msgs/lib/python3.12/site-packages/mav_planning_msgs/msg/_point2_d.py
-- Installing: /home/jiacheng/autonomoussystems2025/ros2_ws/install/mav_planning_msgs/lib/python3.12/site-packages/mav_planning_msgs/msg/_polynomial_trajectory_s.c
-- Installing: /home/jiacheng/autonomoussystems2025/ros2_ws/install/mav_planning_msgs/lib/python3.12/site-packages/mav_planning_msgs/msg/_polynomial_trajectory4_d_s.c
-- Installing: /home/jiacheng/autonomoussystems2025/ros2_ws/install/mav_planning_msgs/lib/python3.12/site-packages/mav_planning_msgs/msg/_point_cloud_with_pose.py
-- Installing: /home/jiacheng/autonomoussystems2025/ros2_ws/install/mav_planning_msgs/lib/python3.12/site-packages/mav_planning_msgs/msg/_polygon_with_holes_stamped.py
-- Installing: /home/jiacheng/autonomoussystems2025/ros2_ws/install/mav_planning_msgs/lib/python3.12/site-packages/mav_planning_msgs/msg/_polynomial_segment4_d_s.c
-- Installing: /home/jiacheng/autonomoussystems2025/ros2_ws/install/mav_planning_msgs/lib/python3.12/site-packages/mav_planning_msgs/msg/__init__.py
-- Installing: /home/jiacheng/autonomoussystems2025/ros2_ws/install/mav_planning_msgs/lib/python3.12/site-packages/mav_planning_msgs/msg/_polygon_with_holes_stamped_s.c
-- Installing: /home/jiacheng/autonomoussystems2025/ros2_ws/install/mav_planning_msgs/lib/python3.12/site-packages/mav_planning_msgs/msg/_polynomial_segment4_d.py
-- Installing: /home/jiacheng/autonomoussystems2025/ros2_ws/install/mav_planning_msgs/lib/python3.12/site-packages/mav_planning_msgs/msg/_polygon2_d_s.c
-- Installing: /home/jiacheng/autonomoussystems2025/ros2_ws/install/mav_planning_msgs/lib/python3.12/site-packages/mav_planning_msgs/msg/_polynomial_trajectory.py
-- Installing: /home/jiacheng/autonomoussystems2025/ros2_ws/install/mav_planning_msgs/lib/python3.12/site-packages/mav_planning_msgs/msg/_polynomial_segment_s.c
-- Installing: /home/jiacheng/autonomoussystems2025/ros2_ws/install/mav_planning_msgs/lib/python3.12/site-packages/mav_planning_msgs/msg/_polynomial_trajectory4_d.py
-- Installing: /home/jiacheng/autonomoussystems2025/ros2_ws/install/mav_planning_msgs/lib/python3.12/site-packages/mav_planning_msgs/_mav_planning_msgs_s.ep.rosidl_typesupport_fastrtps_c.c
-- Installing: /home/jiacheng/autonomoussystems2025/ros2_ws/install/mav_planning_msgs/lib/python3.12/site-packages/mav_planning_msgs/_mav_planning_msgs_s.ep.rosidl_typesupport_introspection_c.c
-- Installing: /home/jiacheng/autonomoussystems2025/ros2_ws/install/mav_planning_msgs/lib/python3.12/site-packages/mav_planning_msgs/mav_planning_msgs_s__rosidl_typesupport_introspection_c.so
-- Installing: /home/jiacheng/autonomoussystems2025/ros2_ws/install/mav_planning_msgs/lib/python3.12/site-packages/mav_planning_msgs/_mav_planning_msgs_s.ep.rosidl_typesupport_c.c
-- Installing: /home/jiacheng/autonomoussystems2025/ros2_ws/install/mav_planning_msgs/lib/python3.12/site-packages/mav_planning_msgs/__init__.py
-- Installing: /home/jiacheng/autonomoussystems2025/ros2_ws/install/mav_planning_msgs/lib/python3.12/site-packages/mav_planning_msgs/srv
-- Installing: /home/jiacheng/autonomoussystems2025/ros2_ws/install/mav_planning_msgs/lib/python3.12/site-packages/mav_planning_msgs/srv/_planner_service_s.c
-- Installing: /home/jiacheng/autonomoussystems2025/ros2_ws/install/mav_planning_msgs/lib/python3.12/site-packages/mav_planning_msgs/srv/_polygon_service.py
-- Installing: /home/jiacheng/autonomoussystems2025/ros2_ws/install/mav_planning_msgs/lib/python3.12/site-packages/mav_planning_msgs/srv/__init__.py
-- Installing: /home/jiacheng/autonomoussystems2025/ros2_ws/install/mav_planning_msgs/lib/python3.12/site-packages/mav_planning_msgs/srv/_change_name_service.py
-- Installing: /home/jiacheng/autonomoussystems2025/ros2_ws/install/mav_planning_msgs/lib/python3.12/site-packages/mav_planning_msgs/srv/_planner_service.py
-- Installing: /home/jiacheng/autonomoussystems2025/ros2_ws/install/mav_planning_msgs/lib/python3.12/site-packages/mav_planning_msgs/srv/_change_name_service_s.c
-- Installing: /home/jiacheng/autonomoussystems2025/ros2_ws/install/mav_planning_msgs/lib/python3.12/site-packages/mav_planning_msgs/srv/_polygon_service_s.c
-- Installing: /home/jiacheng/autonomoussystems2025/ros2_ws/install/mav_planning_msgs/lib/python3.12/site-packages/mav_planning_msgs/mav_planning_msgs_s__rosidl_typesupport_c.so
Listing '/home/jiacheng/autonomoussystems2025/ros2_ws/install/mav_planning_msgs/lib/python3.12/site-packages/mav_planning_msgs'...
Compiling '/home/jiacheng/autonomoussystems2025/ros2_ws/install/mav_planning_msgs/lib/python3.12/site-packages/mav_planning_msgs/__init__.py'...
Listing '/home/jiacheng/autonomoussystems2025/ros2_ws/install/mav_planning_msgs/lib/python3.12/site-packages/mav_planning_msgs/msg'...
Compiling '/home/jiacheng/autonomoussystems2025/ros2_ws/install/mav_planning_msgs/lib/python3.12/site-packages/mav_planning_msgs/msg/__init__.py'...
Compiling '/home/jiacheng/autonomoussystems2025/ros2_ws/install/mav_planning_msgs/lib/python3.12/site-packages/mav_planning_msgs/msg/_point2_d.py'...
Compiling '/home/jiacheng/autonomoussystems2025/ros2_ws/install/mav_planning_msgs/lib/python3.12/site-packages/mav_planning_msgs/msg/_point_cloud_with_pose.py'...
Compiling '/home/jiacheng/autonomoussystems2025/ros2_ws/install/mav_planning_msgs/lib/python3.12/site-packages/mav_planning_msgs/msg/_polygon2_d.py'...
Compiling '/home/jiacheng/autonomoussystems2025/ros2_ws/install/mav_planning_msgs/lib/python3.12/site-packages/mav_planning_msgs/msg/_polygon_with_holes.py'...
Compiling '/home/jiacheng/autonomoussystems2025/ros2_ws/install/mav_planning_msgs/lib/python3.12/site-packages/mav_planning_msgs/msg/_polygon_with_holes_stamped.py'...
Compiling '/home/jiacheng/autonomoussystems2025/ros2_ws/install/mav_planning_msgs/lib/python3.12/site-packages/mav_planning_msgs/msg/_polynomial_segment.py'...
Compiling '/home/jiacheng/autonomoussystems2025/ros2_ws/install/mav_planning_msgs/lib/python3.12/site-packages/mav_planning_msgs/msg/_polynomial_segment4_d.py'...
Compiling '/home/jiacheng/autonomoussystems2025/ros2_ws/install/mav_planning_msgs/lib/python3.12/site-packages/mav_planning_msgs/msg/_polynomial_trajectory.py'...
Compiling '/home/jiacheng/autonomoussystems2025/ros2_ws/install/mav_planning_msgs/lib/python3.12/site-packages/mav_planning_msgs/msg/_polynomial_trajectory4_d.py'...
Listing '/home/jiacheng/autonomoussystems2025/ros2_ws/install/mav_planning_msgs/lib/python3.12/site-packages/mav_planning_msgs/srv'...
Compiling '/home/jiacheng/autonomoussystems2025/ros2_ws/install/mav_planning_msgs/lib/python3.12/site-packages/mav_planning_msgs/srv/__init__.py'...
Compiling '/home/jiacheng/autonomoussystems2025/ros2_ws/install/mav_planning_msgs/lib/python3.12/site-packages/mav_planning_msgs/srv/_change_name_service.py'...
Compiling '/home/jiacheng/autonomoussystems2025/ros2_ws/install/mav_planning_msgs/lib/python3.12/site-packages/mav_planning_msgs/srv/_planner_service.py'...
Compiling '/home/jiacheng/autonomoussystems2025/ros2_ws/install/mav_planning_msgs/lib/python3.12/site-packages/mav_planning_msgs/srv/_polygon_service.py'...
-- Installing: /home/jiacheng/autonomoussystems2025/ros2_ws/install/mav_planning_msgs/lib/python3.12/site-packages/mav_planning_msgs/mav_planning_msgs_s__rosidl_typesupport_fastrtps_c.so
-- Set non-toolchain portion of runtime path of "/home/jiacheng/autonomoussystems2025/ros2_ws/install/mav_planning_msgs/lib/python3.12/site-packages/mav_planning_msgs/mav_planning_msgs_s__rosidl_typesupport_fastrtps_c.so" to ""
-- Installing: /home/jiacheng/autonomoussystems2025/ros2_ws/install/mav_planning_msgs/lib/python3.12/site-packages/mav_planning_msgs/mav_planning_msgs_s__rosidl_typesupport_introspection_c.so
-- Set non-toolchain portion of runtime path of "/home/jiacheng/autonomoussystems2025/ros2_ws/install/mav_planning_msgs/lib/python3.12/site-packages/mav_planning_msgs/mav_planning_msgs_s__rosidl_typesupport_introspection_c.so" to ""
-- Installing: /home/jiacheng/autonomoussystems2025/ros2_ws/install/mav_planning_msgs/lib/python3.12/site-packages/mav_planning_msgs/mav_planning_msgs_s__rosidl_typesupport_c.so
-- Set non-toolchain portion of runtime path of "/home/jiacheng/autonomoussystems2025/ros2_ws/install/mav_planning_msgs/lib/python3.12/site-packages/mav_planning_msgs/mav_planning_msgs_s__rosidl_typesupport_c.so" to ""
-- Installing: /home/jiacheng/autonomoussystems2025/ros2_ws/install/mav_planning_msgs/lib/libmav_planning_msgs__rosidl_generator_py.so
-- Set non-toolchain portion of runtime path of "/home/jiacheng/autonomoussystems2025/ros2_ws/install/mav_planning_msgs/lib/libmav_planning_msgs__rosidl_generator_py.so" to ""
-- Installing: /home/jiacheng/autonomoussystems2025/ros2_ws/install/mav_planning_msgs/share/mav_planning_msgs/msg/Point2D.idl
-- Installing: /home/jiacheng/autonomoussystems2025/ros2_ws/install/mav_planning_msgs/share/mav_planning_msgs/msg/PointCloudWithPose.idl
-- Installing: /home/jiacheng/autonomoussystems2025/ros2_ws/install/mav_planning_msgs/share/mav_planning_msgs/msg/Polygon2D.idl
-- Installing: /home/jiacheng/autonomoussystems2025/ros2_ws/install/mav_planning_msgs/share/mav_planning_msgs/msg/PolygonWithHoles.idl
-- Installing: /home/jiacheng/autonomoussystems2025/ros2_ws/install/mav_planning_msgs/share/mav_planning_msgs/msg/PolygonWithHolesStamped.idl
-- Installing: /home/jiacheng/autonomoussystems2025/ros2_ws/install/mav_planning_msgs/share/mav_planning_msgs/msg/PolynomialSegment.idl
-- Installing: /home/jiacheng/autonomoussystems2025/ros2_ws/install/mav_planning_msgs/share/mav_planning_msgs/msg/PolynomialSegment4D.idl
-- Installing: /home/jiacheng/autonomoussystems2025/ros2_ws/install/mav_planning_msgs/share/mav_planning_msgs/msg/PolynomialTrajectory.idl
-- Installing: /home/jiacheng/autonomoussystems2025/ros2_ws/install/mav_planning_msgs/share/mav_planning_msgs/msg/PolynomialTrajectory4D.idl
-- Installing: /home/jiacheng/autonomoussystems2025/ros2_ws/install/mav_planning_msgs/share/mav_planning_msgs/srv/PlannerService.idl
-- Installing: /home/jiacheng/autonomoussystems2025/ros2_ws/install/mav_planning_msgs/share/mav_planning_msgs/srv/PolygonService.idl
-- Installing: /home/jiacheng/autonomoussystems2025/ros2_ws/install/mav_planning_msgs/share/mav_planning_msgs/srv/ChangeNameService.idl
-- Installing: /home/jiacheng/autonomoussystems2025/ros2_ws/install/mav_planning_msgs/share/mav_planning_msgs/msg/Point2D.msg
-- Installing: /home/jiacheng/autonomoussystems2025/ros2_ws/install/mav_planning_msgs/share/mav_planning_msgs/msg/PointCloudWithPose.msg
-- Installing: /home/jiacheng/autonomoussystems2025/ros2_ws/install/mav_planning_msgs/share/mav_planning_msgs/msg/Polygon2D.msg
-- Installing: /home/jiacheng/autonomoussystems2025/ros2_ws/install/mav_planning_msgs/share/mav_planning_msgs/msg/PolygonWithHoles.msg
-- Installing: /home/jiacheng/autonomoussystems2025/ros2_ws/install/mav_planning_msgs/share/mav_planning_msgs/msg/PolygonWithHolesStamped.msg
-- Installing: /home/jiacheng/autonomoussystems2025/ros2_ws/install/mav_planning_msgs/share/mav_planning_msgs/msg/PolynomialSegment.msg
-- Installing: /home/jiacheng/autonomoussystems2025/ros2_ws/install/mav_planning_msgs/share/mav_planning_msgs/msg/PolynomialSegment4D.msg
-- Installing: /home/jiacheng/autonomoussystems2025/ros2_ws/install/mav_planning_msgs/share/mav_planning_msgs/msg/PolynomialTrajectory.msg
-- Installing: /home/jiacheng/autonomoussystems2025/ros2_ws/install/mav_planning_msgs/share/mav_planning_msgs/msg/PolynomialTrajectory4D.msg
-- Installing: /home/jiacheng/autonomoussystems2025/ros2_ws/install/mav_planning_msgs/share/mav_planning_msgs/srv/PlannerService.srv
-- Installing: /home/jiacheng/autonomoussystems2025/ros2_ws/install/mav_planning_msgs/share/mav_planning_msgs/srv/PolygonService.srv
-- Installing: /home/jiacheng/autonomoussystems2025/ros2_ws/install/mav_planning_msgs/share/mav_planning_msgs/srv/ChangeNameService.srv
-- Up-to-date: /home/jiacheng/autonomoussystems2025/ros2_ws/install/mav_planning_msgs/include/mav_planning_msgs
-- Up-to-date: /home/jiacheng/autonomoussystems2025/ros2_ws/install/mav_planning_msgs/include/mav_planning_msgs/mav_planning_msgs
-- Installing: /home/jiacheng/autonomoussystems2025/ros2_ws/install/mav_planning_msgs/include/mav_planning_msgs/mav_planning_msgs/eigen_planning_msgs.hpp
-- Installing: /home/jiacheng/autonomoussystems2025/ros2_ws/install/mav_planning_msgs/include/mav_planning_msgs/mav_planning_msgs/conversions.hpp
-- Installing: /home/jiacheng/autonomoussystems2025/ros2_ws/install/mav_planning_msgs/include/mav_planning_msgs/mav_planning_msgs/conversions_deprecated.hpp
-- Installing: /home/jiacheng/autonomoussystems2025/ros2_ws/install/mav_planning_msgs/share/ament_index/resource_index/package_run_dependencies/mav_planning_msgs
-- Installing: /home/jiacheng/autonomoussystems2025/ros2_ws/install/mav_planning_msgs/share/ament_index/resource_index/parent_prefix_path/mav_planning_msgs
-- Installing: /home/jiacheng/autonomoussystems2025/ros2_ws/install/mav_planning_msgs/share/mav_planning_msgs/environment/ament_prefix_path.sh
-- Installing: /home/jiacheng/autonomoussystems2025/ros2_ws/install/mav_planning_msgs/share/mav_planning_msgs/environment/ament_prefix_path.dsv
-- Installing: /home/jiacheng/autonomoussystems2025/ros2_ws/install/mav_planning_msgs/share/mav_planning_msgs/environment/path.sh
-- Installing: /home/jiacheng/autonomoussystems2025/ros2_ws/install/mav_planning_msgs/share/mav_planning_msgs/environment/path.dsv
-- Installing: /home/jiacheng/autonomoussystems2025/ros2_ws/install/mav_planning_msgs/share/mav_planning_msgs/local_setup.bash
-- Installing: /home/jiacheng/autonomoussystems2025/ros2_ws/install/mav_planning_msgs/share/mav_planning_msgs/local_setup.sh
-- Installing: /home/jiacheng/autonomoussystems2025/ros2_ws/install/mav_planning_msgs/share/mav_planning_msgs/local_setup.zsh
-- Installing: /home/jiacheng/autonomoussystems2025/ros2_ws/install/mav_planning_msgs/share/mav_planning_msgs/local_setup.dsv
-- Installing: /home/jiacheng/autonomoussystems2025/ros2_ws/install/mav_planning_msgs/share/mav_planning_msgs/package.dsv
-- Installing: /home/jiacheng/autonomoussystems2025/ros2_ws/install/mav_planning_msgs/share/ament_index/resource_index/packages/mav_planning_msgs
-- Installing: /home/jiacheng/autonomoussystems2025/ros2_ws/install/mav_planning_msgs/share/mav_planning_msgs/cmake/export_mav_planning_msgs__rosidl_generator_cExport.cmake
-- Installing: /home/jiacheng/autonomoussystems2025/ros2_ws/install/mav_planning_msgs/share/mav_planning_msgs/cmake/export_mav_planning_msgs__rosidl_generator_cExport-noconfig.cmake
-- Installing: /home/jiacheng/autonomoussystems2025/ros2_ws/install/mav_planning_msgs/share/mav_planning_msgs/cmake/export_mav_planning_msgs__rosidl_typesupport_fastrtps_cExport.cmake
-- Installing: /home/jiacheng/autonomoussystems2025/ros2_ws/install/mav_planning_msgs/share/mav_planning_msgs/cmake/export_mav_planning_msgs__rosidl_typesupport_fastrtps_cExport-noconfig.cmake
-- Installing: /home/jiacheng/autonomoussystems2025/ros2_ws/install/mav_planning_msgs/share/mav_planning_msgs/cmake/mav_planning_msgs__rosidl_typesupport_introspection_cExport.cmake
-- Installing: /home/jiacheng/autonomoussystems2025/ros2_ws/install/mav_planning_msgs/share/mav_planning_msgs/cmake/mav_planning_msgs__rosidl_typesupport_introspection_cExport-noconfig.cmake
-- Installing: /home/jiacheng/autonomoussystems2025/ros2_ws/install/mav_planning_msgs/share/mav_planning_msgs/cmake/mav_planning_msgs__rosidl_typesupport_cExport.cmake
-- Installing: /home/jiacheng/autonomoussystems2025/ros2_ws/install/mav_planning_msgs/share/mav_planning_msgs/cmake/mav_planning_msgs__rosidl_typesupport_cExport-noconfig.cmake
-- Installing: /home/jiacheng/autonomoussystems2025/ros2_ws/install/mav_planning_msgs/share/mav_planning_msgs/cmake/export_mav_planning_msgs__rosidl_generator_cppExport.cmake
-- Installing: /home/jiacheng/autonomoussystems2025/ros2_ws/install/mav_planning_msgs/share/mav_planning_msgs/cmake/export_mav_planning_msgs__rosidl_typesupport_fastrtps_cppExport.cmake
-- Installing: /home/jiacheng/autonomoussystems2025/ros2_ws/install/mav_planning_msgs/share/mav_planning_msgs/cmake/export_mav_planning_msgs__rosidl_typesupport_fastrtps_cppExport-noconfig.cmake
-- Installing: /home/jiacheng/autonomoussystems2025/ros2_ws/install/mav_planning_msgs/share/mav_planning_msgs/cmake/mav_planning_msgs__rosidl_typesupport_introspection_cppExport.cmake
-- Installing: /home/jiacheng/autonomoussystems2025/ros2_ws/install/mav_planning_msgs/share/mav_planning_msgs/cmake/mav_planning_msgs__rosidl_typesupport_introspection_cppExport-noconfig.cmake
-- Installing: /home/jiacheng/autonomoussystems2025/ros2_ws/install/mav_planning_msgs/share/mav_planning_msgs/cmake/mav_planning_msgs__rosidl_typesupport_cppExport.cmake
-- Installing: /home/jiacheng/autonomoussystems2025/ros2_ws/install/mav_planning_msgs/share/mav_planning_msgs/cmake/mav_planning_msgs__rosidl_typesupport_cppExport-noconfig.cmake
-- Installing: /home/jiacheng/autonomoussystems2025/ros2_ws/install/mav_planning_msgs/share/mav_planning_msgs/cmake/export_mav_planning_msgs__rosidl_generator_pyExport.cmake
-- Installing: /home/jiacheng/autonomoussystems2025/ros2_ws/install/mav_planning_msgs/share/mav_planning_msgs/cmake/export_mav_planning_msgs__rosidl_generator_pyExport-noconfig.cmake
-- Installing: /home/jiacheng/autonomoussystems2025/ros2_ws/install/mav_planning_msgs/share/mav_planning_msgs/cmake/rosidl_cmake-extras.cmake
-- Installing: /home/jiacheng/autonomoussystems2025/ros2_ws/install/mav_planning_msgs/share/mav_planning_msgs/cmake/ament_cmake_export_dependencies-extras.cmake
-- Installing: /home/jiacheng/autonomoussystems2025/ros2_ws/install/mav_planning_msgs/share/mav_planning_msgs/cmake/ament_cmake_export_include_directories-extras.cmake
-- Installing: /home/jiacheng/autonomoussystems2025/ros2_ws/install/mav_planning_msgs/share/mav_planning_msgs/cmake/ament_cmake_export_libraries-extras.cmake
-- Installing: /home/jiacheng/autonomoussystems2025/ros2_ws/install/mav_planning_msgs/share/mav_planning_msgs/cmake/ament_cmake_export_targets-extras.cmake
-- Installing: /home/jiacheng/autonomoussystems2025/ros2_ws/install/mav_planning_msgs/share/mav_planning_msgs/cmake/rosidl_cmake_export_typesupport_targets-extras.cmake
-- Installing: /home/jiacheng/autonomoussystems2025/ros2_ws/install/mav_planning_msgs/share/mav_planning_msgs/cmake/rosidl_cmake_export_typesupport_libraries-extras.cmake
-- Installing: /home/jiacheng/autonomoussystems2025/ros2_ws/install/mav_planning_msgs/share/mav_planning_msgs/cmake/mav_planning_msgsConfig.cmake
-- Installing: /home/jiacheng/autonomoussystems2025/ros2_ws/install/mav_planning_msgs/share/mav_planning_msgs/cmake/mav_planning_msgsConfig-version.cmake
-- Installing: /home/jiacheng/autonomoussystems2025/ros2_ws/install/mav_planning_msgs/share/mav_planning_msgs/package.xml
