[1.823s] Invoking command in '/home/jiacheng/autonomoussystems2025/ros2_ws/src/perception_pkg': DEBUGINFOD_URLS=https://debuginfod.ubuntu.com PYTHONPATH=/home/jiacheng/autonomoussystems2025/ros2_ws/build/perception_pkg/prefix_override:/usr/lib/python3/dist-packages/colcon_core/task/python/colcon_distutils_commands:/home/jiacheng/autonomoussystems2025/ros2_ws/install/perception_pkg/lib/python3.12/site-packages:${PYTHONPATH} /usr/bin/python3 -W ignore:setup.py install is deprecated -W ignore:easy_install command is deprecated setup.py egg_info --egg-base ../../build/perception_pkg build --build-base /home/jiacheng/autonomoussystems2025/ros2_ws/build/perception_pkg/build install --record /home/jiacheng/autonomoussystems2025/ros2_ws/build/perception_pkg/install.log --single-version-externally-managed install_data
[2.263s] running egg_info
[2.291s] writing ../../build/perception_pkg/perception_pkg.egg-info/PKG-INFO
[2.291s] writing dependency_links to ../../build/perception_pkg/perception_pkg.egg-info/dependency_links.txt
[2.292s] writing entry points to ../../build/perception_pkg/perception_pkg.egg-info/entry_points.txt
[2.292s] writing requirements to ../../build/perception_pkg/perception_pkg.egg-info/requires.txt
[2.295s] writing top-level names to ../../build/perception_pkg/perception_pkg.egg-info/top_level.txt
[2.342s] reading manifest file '../../build/perception_pkg/perception_pkg.egg-info/SOURCES.txt'
[2.344s] writing manifest file '../../build/perception_pkg/perception_pkg.egg-info/SOURCES.txt'
[2.344s] running build
[2.344s] running build_py
[2.346s] running install
[2.354s] running install_lib
[2.385s] running install_data
[2.385s] running install_egg_info
[2.417s] removing '/home/jiacheng/autonomoussystems2025/ros2_ws/install/perception_pkg/lib/python3.12/site-packages/perception_pkg-0.0.0-py3.12.egg-info' (and everything under it)
[2.418s] Copying ../../build/perception_pkg/perception_pkg.egg-info to /home/jiacheng/autonomoussystems2025/ros2_ws/install/perception_pkg/lib/python3.12/site-packages/perception_pkg-0.0.0-py3.12.egg-info
[2.419s] running install_scripts
[2.635s] Installing depth_to_pointcloud script to /home/jiacheng/autonomoussystems2025/ros2_ws/install/perception_pkg/lib/perception_pkg
[2.637s] writing list of installed files to '/home/jiacheng/autonomoussystems2025/ros2_ws/build/perception_pkg/install.log'
[2.818s] Invoked command in '/home/jiacheng/autonomoussystems2025/ros2_ws/src/perception_pkg' returned '0': DEBUGINFOD_URLS=https://debuginfod.ubuntu.com PYTHONPATH=/home/jiacheng/autonomoussystems2025/ros2_ws/build/perception_pkg/prefix_override:/usr/lib/python3/dist-packages/colcon_core/task/python/colcon_distutils_commands:/home/jiacheng/autonomoussystems2025/ros2_ws/install/perception_pkg/lib/python3.12/site-packages:${PYTHONPATH} /usr/bin/python3 -W ignore:setup.py install is deprecated -W ignore:easy_install command is deprecated setup.py egg_info --egg-base ../../build/perception_pkg build --build-base /home/jiacheng/autonomoussystems2025/ros2_ws/build/perception_pkg/build install --record /home/jiacheng/autonomoussystems2025/ros2_ws/build/perception_pkg/install.log --single-version-externally-managed install_data
