[0.182s] DEBUG:colcon:Command line arguments: ['/usr/bin/colcon', 'build', '--packages-select', 'perception_pkg']
[0.182s] DEBUG:colcon:Parsed command line arguments: Namespace(log_base=None, log_level=None, verb_name='build', build_base='build', install_base='install', merge_install=False, symlink_install=False, test_result_base=None, continue_on_error=False, executor='parallel', parallel_workers=8, event_handlers=None, ignore_user_meta=False, metas=['./colcon.meta'], base_paths=['.'], packages_ignore=None, packages_ignore_regex=None, paths=None, packages_up_to=None, packages_up_to_regex=None, packages_above=None, packages_above_and_dependencies=None, packages_above_depth=None, packages_select_by_dep=None, packages_skip_by_dep=None, packages_skip_up_to=None, packages_select_build_failed=False, packages_skip_build_finished=False, packages_select_test_failures=False, packages_skip_test_passed=False, packages_select=['perception_pkg'], packages_skip=None, packages_select_regex=None, packages_skip_regex=None, packages_start=None, packages_end=None, allow_overriding=[], cmake_args=None, cmake_target=None, cmake_target_skip_unavailable=False, cmake_clean_cache=False, cmake_clean_first=False, cmake_force_configure=False, ament_cmake_args=None, catkin_cmake_args=None, catkin_skip_building_tests=False, verb_parser=<colcon_defaults.argument_parser.defaults.DefaultArgumentsDecorator object at 0x79f32dd6d130>, verb_extension=<colcon_core.verb.build.BuildVerb object at 0x79f32dea2a50>, main=<bound method BuildVerb.main of <colcon_core.verb.build.BuildVerb object at 0x79f32dea2a50>>)
[0.262s] Level 1:colcon.colcon_core.package_discovery:discover_packages(colcon_meta) check parameters
[0.262s] Level 1:colcon.colcon_core.package_discovery:discover_packages(recursive) check parameters
[0.262s] Level 1:colcon.colcon_core.package_discovery:discover_packages(ignore) check parameters
[0.262s] Level 1:colcon.colcon_core.package_discovery:discover_packages(path) check parameters
[0.262s] Level 1:colcon.colcon_core.package_discovery:discover_packages(colcon_meta) discover
[0.263s] Level 1:colcon.colcon_core.package_discovery:discover_packages(recursive) discover
[0.263s] INFO:colcon.colcon_core.package_discovery:Crawling recursively for packages in '/home/jiacheng/autonomoussystems2025/ros2_ws'
[0.263s] Level 1:colcon.colcon_core.package_identification:_identify(.) by extensions ['ignore', 'ignore_ament_install']
[0.263s] Level 1:colcon.colcon_core.package_identification:_identify(.) by extension 'ignore'
[0.263s] Level 1:colcon.colcon_core.package_identification:_identify(.) by extension 'ignore_ament_install'
[0.263s] Level 1:colcon.colcon_core.package_identification:_identify(.) by extensions ['colcon_pkg']
[0.263s] Level 1:colcon.colcon_core.package_identification:_identify(.) by extension 'colcon_pkg'
[0.263s] Level 1:colcon.colcon_core.package_identification:_identify(.) by extensions ['colcon_meta']
[0.263s] Level 1:colcon.colcon_core.package_identification:_identify(.) by extension 'colcon_meta'
[0.264s] Level 1:colcon.colcon_core.package_identification:_identify(.) by extensions ['ros']
[0.264s] Level 1:colcon.colcon_core.package_identification:_identify(.) by extension 'ros'
[0.314s] Level 1:colcon.colcon_core.package_identification:_identify(.) by extensions ['cmake', 'python']
[0.315s] Level 1:colcon.colcon_core.package_identification:_identify(.) by extension 'cmake'
[0.315s] Level 1:colcon.colcon_core.package_identification:_identify(.) by extension 'python'
[0.315s] Level 1:colcon.colcon_core.package_identification:_identify(.) by extensions ['python_setup_py']
[0.315s] Level 1:colcon.colcon_core.package_identification:_identify(.) by extension 'python_setup_py'
[0.315s] Level 1:colcon.colcon_core.package_identification:_identify(build) by extensions ['ignore', 'ignore_ament_install']
[0.316s] Level 1:colcon.colcon_core.package_identification:_identify(build) by extension 'ignore'
[0.316s] Level 1:colcon.colcon_core.package_identification:_identify(build) ignored
[0.316s] Level 1:colcon.colcon_core.package_identification:_identify(install) by extensions ['ignore', 'ignore_ament_install']
[0.316s] Level 1:colcon.colcon_core.package_identification:_identify(install) by extension 'ignore'
[0.316s] Level 1:colcon.colcon_core.package_identification:_identify(install) ignored
[0.316s] Level 1:colcon.colcon_core.package_identification:_identify(log) by extensions ['ignore', 'ignore_ament_install']
[0.316s] Level 1:colcon.colcon_core.package_identification:_identify(log) by extension 'ignore'
[0.316s] Level 1:colcon.colcon_core.package_identification:_identify(log) ignored
[0.316s] Level 1:colcon.colcon_core.package_identification:_identify(src) by extensions ['ignore', 'ignore_ament_install']
[0.316s] Level 1:colcon.colcon_core.package_identification:_identify(src) by extension 'ignore'
[0.316s] Level 1:colcon.colcon_core.package_identification:_identify(src) by extension 'ignore_ament_install'
[0.317s] Level 1:colcon.colcon_core.package_identification:_identify(src) by extensions ['colcon_pkg']
[0.317s] Level 1:colcon.colcon_core.package_identification:_identify(src) by extension 'colcon_pkg'
[0.317s] Level 1:colcon.colcon_core.package_identification:_identify(src) by extensions ['colcon_meta']
[0.317s] Level 1:colcon.colcon_core.package_identification:_identify(src) by extension 'colcon_meta'
[0.317s] Level 1:colcon.colcon_core.package_identification:_identify(src) by extensions ['ros']
[0.317s] Level 1:colcon.colcon_core.package_identification:_identify(src) by extension 'ros'
[0.317s] Level 1:colcon.colcon_core.package_identification:_identify(src) by extensions ['cmake', 'python']
[0.317s] Level 1:colcon.colcon_core.package_identification:_identify(src) by extension 'cmake'
[0.317s] Level 1:colcon.colcon_core.package_identification:_identify(src) by extension 'python'
[0.317s] Level 1:colcon.colcon_core.package_identification:_identify(src) by extensions ['python_setup_py']
[0.317s] Level 1:colcon.colcon_core.package_identification:_identify(src) by extension 'python_setup_py'
[0.317s] Level 1:colcon.colcon_core.package_identification:_identify(src/controller_pkg) by extensions ['ignore', 'ignore_ament_install']
[0.317s] Level 1:colcon.colcon_core.package_identification:_identify(src/controller_pkg) by extension 'ignore'
[0.317s] Level 1:colcon.colcon_core.package_identification:_identify(src/controller_pkg) by extension 'ignore_ament_install'
[0.317s] Level 1:colcon.colcon_core.package_identification:_identify(src/controller_pkg) by extensions ['colcon_pkg']
[0.317s] Level 1:colcon.colcon_core.package_identification:_identify(src/controller_pkg) by extension 'colcon_pkg'
[0.317s] Level 1:colcon.colcon_core.package_identification:_identify(src/controller_pkg) by extensions ['colcon_meta']
[0.317s] Level 1:colcon.colcon_core.package_identification:_identify(src/controller_pkg) by extension 'colcon_meta'
[0.317s] Level 1:colcon.colcon_core.package_identification:_identify(src/controller_pkg) by extensions ['ros']
[0.317s] Level 1:colcon.colcon_core.package_identification:_identify(src/controller_pkg) by extension 'ros'
[0.328s] DEBUG:colcon.colcon_core.package_identification:Package 'src/controller_pkg' with type 'ros.ament_cmake' and name 'controller_pkg'
[0.329s] Level 1:colcon.colcon_core.package_identification:_identify(src/mav_msgs) by extensions ['ignore', 'ignore_ament_install']
[0.329s] Level 1:colcon.colcon_core.package_identification:_identify(src/mav_msgs) by extension 'ignore'
[0.330s] Level 1:colcon.colcon_core.package_identification:_identify(src/mav_msgs) by extension 'ignore_ament_install'
[0.330s] Level 1:colcon.colcon_core.package_identification:_identify(src/mav_msgs) by extensions ['colcon_pkg']
[0.330s] Level 1:colcon.colcon_core.package_identification:_identify(src/mav_msgs) by extension 'colcon_pkg'
[0.330s] Level 1:colcon.colcon_core.package_identification:_identify(src/mav_msgs) by extensions ['colcon_meta']
[0.330s] Level 1:colcon.colcon_core.package_identification:_identify(src/mav_msgs) by extension 'colcon_meta'
[0.330s] Level 1:colcon.colcon_core.package_identification:_identify(src/mav_msgs) by extensions ['ros']
[0.330s] Level 1:colcon.colcon_core.package_identification:_identify(src/mav_msgs) by extension 'ros'
[0.332s] DEBUG:colcon.colcon_core.package_identification:Package 'src/mav_msgs' with type 'ros.ament_cmake' and name 'mav_msgs'
[0.332s] Level 1:colcon.colcon_core.package_identification:_identify(src/mav_planning_msgs) by extensions ['ignore', 'ignore_ament_install']
[0.332s] Level 1:colcon.colcon_core.package_identification:_identify(src/mav_planning_msgs) by extension 'ignore'
[0.333s] Level 1:colcon.colcon_core.package_identification:_identify(src/mav_planning_msgs) by extension 'ignore_ament_install'
[0.333s] Level 1:colcon.colcon_core.package_identification:_identify(src/mav_planning_msgs) by extensions ['colcon_pkg']
[0.333s] Level 1:colcon.colcon_core.package_identification:_identify(src/mav_planning_msgs) by extension 'colcon_pkg'
[0.333s] Level 1:colcon.colcon_core.package_identification:_identify(src/mav_planning_msgs) by extensions ['colcon_meta']
[0.333s] Level 1:colcon.colcon_core.package_identification:_identify(src/mav_planning_msgs) by extension 'colcon_meta'
[0.333s] Level 1:colcon.colcon_core.package_identification:_identify(src/mav_planning_msgs) by extensions ['ros']
[0.333s] Level 1:colcon.colcon_core.package_identification:_identify(src/mav_planning_msgs) by extension 'ros'
[0.336s] DEBUG:colcon.colcon_core.package_identification:Package 'src/mav_planning_msgs' with type 'ros.ament_cmake' and name 'mav_planning_msgs'
[0.336s] Level 1:colcon.colcon_core.package_identification:_identify(src/perception_pkg) by extensions ['ignore', 'ignore_ament_install']
[0.336s] Level 1:colcon.colcon_core.package_identification:_identify(src/perception_pkg) by extension 'ignore'
[0.336s] Level 1:colcon.colcon_core.package_identification:_identify(src/perception_pkg) by extension 'ignore_ament_install'
[0.336s] Level 1:colcon.colcon_core.package_identification:_identify(src/perception_pkg) by extensions ['colcon_pkg']
[0.336s] Level 1:colcon.colcon_core.package_identification:_identify(src/perception_pkg) by extension 'colcon_pkg'
[0.336s] Level 1:colcon.colcon_core.package_identification:_identify(src/perception_pkg) by extensions ['colcon_meta']
[0.336s] Level 1:colcon.colcon_core.package_identification:_identify(src/perception_pkg) by extension 'colcon_meta'
[0.337s] Level 1:colcon.colcon_core.package_identification:_identify(src/perception_pkg) by extensions ['ros']
[0.337s] Level 1:colcon.colcon_core.package_identification:_identify(src/perception_pkg) by extension 'ros'
[0.338s] DEBUG:colcon.colcon_core.package_identification:Package 'src/perception_pkg' with type 'ros.ament_cmake' and name 'perception_pkg'
[0.338s] Level 1:colcon.colcon_core.package_identification:_identify(src/simulation) by extensions ['ignore', 'ignore_ament_install']
[0.338s] Level 1:colcon.colcon_core.package_identification:_identify(src/simulation) by extension 'ignore'
[0.338s] Level 1:colcon.colcon_core.package_identification:_identify(src/simulation) by extension 'ignore_ament_install'
[0.338s] Level 1:colcon.colcon_core.package_identification:_identify(src/simulation) by extensions ['colcon_pkg']
[0.338s] Level 1:colcon.colcon_core.package_identification:_identify(src/simulation) by extension 'colcon_pkg'
[0.338s] Level 1:colcon.colcon_core.package_identification:_identify(src/simulation) by extensions ['colcon_meta']
[0.338s] Level 1:colcon.colcon_core.package_identification:_identify(src/simulation) by extension 'colcon_meta'
[0.338s] Level 1:colcon.colcon_core.package_identification:_identify(src/simulation) by extensions ['ros']
[0.338s] Level 1:colcon.colcon_core.package_identification:_identify(src/simulation) by extension 'ros'
[0.340s] DEBUG:colcon.colcon_core.package_identification:Package 'src/simulation' with type 'ros.ament_cmake' and name 'simulation'
[0.340s] Level 1:colcon.colcon_core.package_discovery:discover_packages(recursive) using defaults
[0.340s] Level 1:colcon.colcon_core.package_discovery:discover_packages(ignore) discover
[0.340s] Level 1:colcon.colcon_core.package_discovery:discover_packages(ignore) using defaults
[0.340s] Level 1:colcon.colcon_core.package_discovery:discover_packages(path) discover
[0.340s] Level 1:colcon.colcon_core.package_discovery:discover_packages(path) using defaults
[0.372s] INFO:colcon.colcon_core.package_selection:Skipping not selected package 'mav_msgs' in 'src/mav_msgs'
[0.372s] INFO:colcon.colcon_core.package_selection:Skipping not selected package 'controller_pkg' in 'src/controller_pkg'
[0.372s] INFO:colcon.colcon_core.package_selection:Skipping not selected package 'mav_planning_msgs' in 'src/mav_planning_msgs'
[0.372s] INFO:colcon.colcon_core.package_selection:Skipping not selected package 'simulation' in 'src/simulation'
[0.373s] Level 1:colcon.colcon_core.package_discovery:discover_packages(prefix_path) check parameters
[0.373s] Level 1:colcon.colcon_core.package_discovery:discover_packages(prefix_path) discover
[0.377s] DEBUG:colcon.colcon_installed_package_information.package_discovery:Found 290 installed packages in /opt/ros/jazzy
[0.378s] Level 1:colcon.colcon_core.package_discovery:discover_packages(prefix_path) using defaults
[0.444s] Level 5:colcon.colcon_core.verb:set package 'perception_pkg' build argument 'cmake_args' from command line to 'None'
[0.444s] Level 5:colcon.colcon_core.verb:set package 'perception_pkg' build argument 'cmake_target' from command line to 'None'
[0.444s] Level 5:colcon.colcon_core.verb:set package 'perception_pkg' build argument 'cmake_target_skip_unavailable' from command line to 'False'
[0.444s] Level 5:colcon.colcon_core.verb:set package 'perception_pkg' build argument 'cmake_clean_cache' from command line to 'False'
[0.444s] Level 5:colcon.colcon_core.verb:set package 'perception_pkg' build argument 'cmake_clean_first' from command line to 'False'
[0.444s] Level 5:colcon.colcon_core.verb:set package 'perception_pkg' build argument 'cmake_force_configure' from command line to 'False'
[0.444s] Level 5:colcon.colcon_core.verb:set package 'perception_pkg' build argument 'ament_cmake_args' from command line to 'None'
[0.444s] Level 5:colcon.colcon_core.verb:set package 'perception_pkg' build argument 'catkin_cmake_args' from command line to 'None'
[0.445s] Level 5:colcon.colcon_core.verb:set package 'perception_pkg' build argument 'catkin_skip_building_tests' from command line to 'False'
[0.445s] DEBUG:colcon.colcon_core.verb:Building package 'perception_pkg' with the following arguments: {'ament_cmake_args': None, 'build_base': '/home/jiacheng/autonomoussystems2025/ros2_ws/build/perception_pkg', 'catkin_cmake_args': None, 'catkin_skip_building_tests': False, 'cmake_args': None, 'cmake_clean_cache': False, 'cmake_clean_first': False, 'cmake_force_configure': False, 'cmake_target': None, 'cmake_target_skip_unavailable': False, 'install_base': '/home/jiacheng/autonomoussystems2025/ros2_ws/install/perception_pkg', 'merge_install': False, 'path': '/home/jiacheng/autonomoussystems2025/ros2_ws/src/perception_pkg', 'symlink_install': False, 'test_result_base': None}
[0.446s] INFO:colcon.colcon_core.executor:Executing jobs using 'parallel' executor
[0.452s] DEBUG:colcon.colcon_parallel_executor.executor.parallel:run_until_complete
[0.457s] INFO:colcon.colcon_ros.task.ament_cmake.build:Building ROS package in '/home/jiacheng/autonomoussystems2025/ros2_ws/src/perception_pkg' with build type 'ament_cmake'
[0.457s] INFO:colcon.colcon_cmake.task.cmake.build:Building CMake package in '/home/jiacheng/autonomoussystems2025/ros2_ws/src/perception_pkg'
[0.463s] INFO:colcon.colcon_core.plugin_system:Skipping extension 'colcon_core.shell.bat': Not used on non-Windows systems
[0.464s] INFO:colcon.colcon_core.shell:Skip shell extension 'powershell' for command environment: Not usable outside of PowerShell
[0.464s] DEBUG:colcon.colcon_core.shell:Skip shell extension 'dsv' for command environment
[0.489s] DEBUG:colcon.colcon_core.event_handler.log_command:Invoking command in '/home/jiacheng/autonomoussystems2025/ros2_ws/build/perception_pkg': CMAKE_PREFIX_PATH=${CMAKE_PREFIX_PATH}:/opt/ros/jazzy DEBUGINFOD_URLS=https://debuginfod.ubuntu.com /usr/bin/cmake --build /home/jiacheng/autonomoussystems2025/ros2_ws/build/perception_pkg -- -j8 -l8
[44.404s] DEBUG:colcon.colcon_core.event_handler.log_command:Invoked command in '/home/jiacheng/autonomoussystems2025/ros2_ws/build/perception_pkg' returned '0': CMAKE_PREFIX_PATH=${CMAKE_PREFIX_PATH}:/opt/ros/jazzy DEBUGINFOD_URLS=https://debuginfod.ubuntu.com /usr/bin/cmake --build /home/jiacheng/autonomoussystems2025/ros2_ws/build/perception_pkg -- -j8 -l8
[44.435s] DEBUG:colcon.colcon_core.event_handler.log_command:Invoking command in '/home/jiacheng/autonomoussystems2025/ros2_ws/build/perception_pkg': CMAKE_PREFIX_PATH=${CMAKE_PREFIX_PATH}:/opt/ros/jazzy DEBUGINFOD_URLS=https://debuginfod.ubuntu.com /usr/bin/cmake --install /home/jiacheng/autonomoussystems2025/ros2_ws/build/perception_pkg
[44.551s] Level 1:colcon.colcon_core.environment:create_environment_scripts_only(perception_pkg)
[44.552s] DEBUG:colcon.colcon_core.event_handler.log_command:Invoked command in '/home/jiacheng/autonomoussystems2025/ros2_ws/build/perception_pkg' returned '0': CMAKE_PREFIX_PATH=${CMAKE_PREFIX_PATH}:/opt/ros/jazzy DEBUGINFOD_URLS=https://debuginfod.ubuntu.com /usr/bin/cmake --install /home/jiacheng/autonomoussystems2025/ros2_ws/build/perception_pkg
[44.556s] Level 1:colcon.colcon_core.environment:checking '/home/jiacheng/autonomoussystems2025/ros2_ws/install/perception_pkg' for CMake module files
[44.557s] Level 1:colcon.colcon_core.environment:checking '/home/jiacheng/autonomoussystems2025/ros2_ws/install/perception_pkg' for CMake config files
[44.558s] Level 1:colcon.colcon_core.shell:create_environment_hook('perception_pkg', 'cmake_prefix_path')
[44.559s] INFO:colcon.colcon_core.shell:Creating environment hook '/home/jiacheng/autonomoussystems2025/ros2_ws/install/perception_pkg/share/perception_pkg/hook/cmake_prefix_path.ps1'
[44.562s] INFO:colcon.colcon_core.shell:Creating environment descriptor '/home/jiacheng/autonomoussystems2025/ros2_ws/install/perception_pkg/share/perception_pkg/hook/cmake_prefix_path.dsv'
[44.565s] INFO:colcon.colcon_core.shell:Creating environment hook '/home/jiacheng/autonomoussystems2025/ros2_ws/install/perception_pkg/share/perception_pkg/hook/cmake_prefix_path.sh'
[44.568s] Level 1:colcon.colcon_core.environment:checking '/home/jiacheng/autonomoussystems2025/ros2_ws/install/perception_pkg/lib'
[44.569s] Level 1:colcon.colcon_core.environment:checking '/home/jiacheng/autonomoussystems2025/ros2_ws/install/perception_pkg/bin'
[44.569s] Level 1:colcon.colcon_core.environment:checking '/home/jiacheng/autonomoussystems2025/ros2_ws/install/perception_pkg/lib/pkgconfig/perception_pkg.pc'
[44.570s] Level 1:colcon.colcon_core.environment:checking '/home/jiacheng/autonomoussystems2025/ros2_ws/install/perception_pkg/lib/python3.12/site-packages'
[44.570s] Level 1:colcon.colcon_core.environment:checking '/home/jiacheng/autonomoussystems2025/ros2_ws/install/perception_pkg/bin'
[44.571s] INFO:colcon.colcon_core.shell:Creating package script '/home/jiacheng/autonomoussystems2025/ros2_ws/install/perception_pkg/share/perception_pkg/package.ps1'
[44.572s] INFO:colcon.colcon_core.shell:Creating package descriptor '/home/jiacheng/autonomoussystems2025/ros2_ws/install/perception_pkg/share/perception_pkg/package.dsv'
[44.574s] INFO:colcon.colcon_core.shell:Creating package script '/home/jiacheng/autonomoussystems2025/ros2_ws/install/perception_pkg/share/perception_pkg/package.sh'
[44.575s] INFO:colcon.colcon_core.shell:Creating package script '/home/jiacheng/autonomoussystems2025/ros2_ws/install/perception_pkg/share/perception_pkg/package.bash'
[44.577s] INFO:colcon.colcon_core.shell:Creating package script '/home/jiacheng/autonomoussystems2025/ros2_ws/install/perception_pkg/share/perception_pkg/package.zsh'
[44.578s] Level 1:colcon.colcon_core.environment:create_file_with_runtime_dependencies(/home/jiacheng/autonomoussystems2025/ros2_ws/install/perception_pkg/share/colcon-core/packages/perception_pkg)
[44.582s] Level 1:colcon.colcon_core.environment:create_environment_scripts_only(perception_pkg)
[44.582s] Level 1:colcon.colcon_core.environment:checking '/home/jiacheng/autonomoussystems2025/ros2_ws/install/perception_pkg' for CMake module files
[44.583s] Level 1:colcon.colcon_core.environment:checking '/home/jiacheng/autonomoussystems2025/ros2_ws/install/perception_pkg' for CMake config files
[44.584s] Level 1:colcon.colcon_core.shell:create_environment_hook('perception_pkg', 'cmake_prefix_path')
[44.585s] INFO:colcon.colcon_core.shell:Creating environment hook '/home/jiacheng/autonomoussystems2025/ros2_ws/install/perception_pkg/share/perception_pkg/hook/cmake_prefix_path.ps1'
[44.586s] INFO:colcon.colcon_core.shell:Creating environment descriptor '/home/jiacheng/autonomoussystems2025/ros2_ws/install/perception_pkg/share/perception_pkg/hook/cmake_prefix_path.dsv'
[44.587s] INFO:colcon.colcon_core.shell:Creating environment hook '/home/jiacheng/autonomoussystems2025/ros2_ws/install/perception_pkg/share/perception_pkg/hook/cmake_prefix_path.sh'
[44.589s] Level 1:colcon.colcon_core.environment:checking '/home/jiacheng/autonomoussystems2025/ros2_ws/install/perception_pkg/lib'
[44.589s] Level 1:colcon.colcon_core.environment:checking '/home/jiacheng/autonomoussystems2025/ros2_ws/install/perception_pkg/bin'
[44.589s] Level 1:colcon.colcon_core.environment:checking '/home/jiacheng/autonomoussystems2025/ros2_ws/install/perception_pkg/lib/pkgconfig/perception_pkg.pc'
[44.589s] Level 1:colcon.colcon_core.environment:checking '/home/jiacheng/autonomoussystems2025/ros2_ws/install/perception_pkg/lib/python3.12/site-packages'
[44.590s] Level 1:colcon.colcon_core.environment:checking '/home/jiacheng/autonomoussystems2025/ros2_ws/install/perception_pkg/bin'
[44.591s] INFO:colcon.colcon_core.shell:Creating package script '/home/jiacheng/autonomoussystems2025/ros2_ws/install/perception_pkg/share/perception_pkg/package.ps1'
[44.592s] INFO:colcon.colcon_core.shell:Creating package descriptor '/home/jiacheng/autonomoussystems2025/ros2_ws/install/perception_pkg/share/perception_pkg/package.dsv'
[44.593s] INFO:colcon.colcon_core.shell:Creating package script '/home/jiacheng/autonomoussystems2025/ros2_ws/install/perception_pkg/share/perception_pkg/package.sh'
[44.594s] INFO:colcon.colcon_core.shell:Creating package script '/home/jiacheng/autonomoussystems2025/ros2_ws/install/perception_pkg/share/perception_pkg/package.bash'
[44.595s] INFO:colcon.colcon_core.shell:Creating package script '/home/jiacheng/autonomoussystems2025/ros2_ws/install/perception_pkg/share/perception_pkg/package.zsh'
[44.595s] Level 1:colcon.colcon_core.environment:create_file_with_runtime_dependencies(/home/jiacheng/autonomoussystems2025/ros2_ws/install/perception_pkg/share/colcon-core/packages/perception_pkg)
[44.598s] DEBUG:colcon.colcon_parallel_executor.executor.parallel:closing loop
[44.598s] DEBUG:colcon.colcon_parallel_executor.executor.parallel:loop closed
[44.598s] DEBUG:colcon.colcon_parallel_executor.executor.parallel:run_until_complete finished with '0'
[44.599s] DEBUG:colcon.colcon_core.event_reactor:joining thread
[44.617s] INFO:colcon.colcon_core.plugin_system:Skipping extension 'colcon_notification.desktop_notification.terminal_notifier': Not used on non-Darwin systems
[44.617s] INFO:colcon.colcon_core.plugin_system:Skipping extension 'colcon_notification.desktop_notification.win32': Not used on non-Windows systems
[44.617s] INFO:colcon.colcon_notification.desktop_notification:Sending desktop notification using 'notify2'
[44.669s] DEBUG:colcon.colcon_core.event_reactor:joined thread
[44.670s] INFO:colcon.colcon_core.shell:Creating prefix script '/home/jiacheng/autonomoussystems2025/ros2_ws/install/local_setup.ps1'
[44.673s] INFO:colcon.colcon_core.shell:Creating prefix util module '/home/jiacheng/autonomoussystems2025/ros2_ws/install/_local_setup_util_ps1.py'
[44.676s] INFO:colcon.colcon_core.shell:Creating prefix chain script '/home/jiacheng/autonomoussystems2025/ros2_ws/install/setup.ps1'
[44.678s] INFO:colcon.colcon_core.shell:Creating prefix script '/home/jiacheng/autonomoussystems2025/ros2_ws/install/local_setup.sh'
[44.679s] INFO:colcon.colcon_core.shell:Creating prefix util module '/home/jiacheng/autonomoussystems2025/ros2_ws/install/_local_setup_util_sh.py'
[44.680s] INFO:colcon.colcon_core.shell:Creating prefix chain script '/home/jiacheng/autonomoussystems2025/ros2_ws/install/setup.sh'
[44.681s] INFO:colcon.colcon_core.shell:Creating prefix script '/home/jiacheng/autonomoussystems2025/ros2_ws/install/local_setup.bash'
[44.682s] INFO:colcon.colcon_core.shell:Creating prefix chain script '/home/jiacheng/autonomoussystems2025/ros2_ws/install/setup.bash'
[44.684s] INFO:colcon.colcon_core.shell:Creating prefix script '/home/jiacheng/autonomoussystems2025/ros2_ws/install/local_setup.zsh'
[44.687s] INFO:colcon.colcon_core.shell:Creating prefix chain script '/home/jiacheng/autonomoussystems2025/ros2_ws/install/setup.zsh'
