[0.166s] DEBUG:colcon:Command line arguments: ['/usr/bin/colcon', 'build', '--packages-select', 'perception_pkg']
[0.166s] DEBUG:colcon:Parsed command line arguments: Namespace(log_base=None, log_level=None, verb_name='build', build_base='build', install_base='install', merge_install=False, symlink_install=False, test_result_base=None, continue_on_error=False, executor='parallel', parallel_workers=8, event_handlers=None, ignore_user_meta=False, metas=['./colcon.meta'], base_paths=['.'], packages_ignore=None, packages_ignore_regex=None, paths=None, packages_up_to=None, packages_up_to_regex=None, packages_above=None, packages_above_and_dependencies=None, packages_above_depth=None, packages_select_by_dep=None, packages_skip_by_dep=None, packages_skip_up_to=None, packages_select_build_failed=False, packages_skip_build_finished=False, packages_select_test_failures=False, packages_skip_test_passed=False, packages_select=['perception_pkg'], packages_skip=None, packages_select_regex=None, packages_skip_regex=None, packages_start=None, packages_end=None, allow_overriding=[], cmake_args=None, cmake_target=None, cmake_target_skip_unavailable=False, cmake_clean_cache=False, cmake_clean_first=False, cmake_force_configure=False, ament_cmake_args=None, catkin_cmake_args=None, catkin_skip_building_tests=False, verb_parser=<colcon_defaults.argument_parser.defaults.DefaultArgumentsDecorator object at 0x7c4adb179d60>, verb_extension=<colcon_core.verb.build.BuildVerb object at 0x7c4adb2addc0>, main=<bound method BuildVerb.main of <colcon_core.verb.build.BuildVerb object at 0x7c4adb2addc0>>)
[0.250s] Level 1:colcon.colcon_core.package_discovery:discover_packages(colcon_meta) check parameters
[0.251s] Level 1:colcon.colcon_core.package_discovery:discover_packages(recursive) check parameters
[0.251s] Level 1:colcon.colcon_core.package_discovery:discover_packages(ignore) check parameters
[0.252s] Level 1:colcon.colcon_core.package_discovery:discover_packages(path) check parameters
[0.252s] Level 1:colcon.colcon_core.package_discovery:discover_packages(colcon_meta) discover
[0.252s] Level 1:colcon.colcon_core.package_discovery:discover_packages(recursive) discover
[0.252s] INFO:colcon.colcon_core.package_discovery:Crawling recursively for packages in '/home/jiacheng/autonomoussystems2025/ros2_ws'
[0.252s] Level 1:colcon.colcon_core.package_identification:_identify(.) by extensions ['ignore', 'ignore_ament_install']
[0.253s] Level 1:colcon.colcon_core.package_identification:_identify(.) by extension 'ignore'
[0.253s] Level 1:colcon.colcon_core.package_identification:_identify(.) by extension 'ignore_ament_install'
[0.253s] Level 1:colcon.colcon_core.package_identification:_identify(.) by extensions ['colcon_pkg']
[0.253s] Level 1:colcon.colcon_core.package_identification:_identify(.) by extension 'colcon_pkg'
[0.253s] Level 1:colcon.colcon_core.package_identification:_identify(.) by extensions ['colcon_meta']
[0.253s] Level 1:colcon.colcon_core.package_identification:_identify(.) by extension 'colcon_meta'
[0.253s] Level 1:colcon.colcon_core.package_identification:_identify(.) by extensions ['ros']
[0.253s] Level 1:colcon.colcon_core.package_identification:_identify(.) by extension 'ros'
[0.304s] Level 1:colcon.colcon_core.package_identification:_identify(.) by extensions ['cmake', 'python']
[0.304s] Level 1:colcon.colcon_core.package_identification:_identify(.) by extension 'cmake'
[0.305s] Level 1:colcon.colcon_core.package_identification:_identify(.) by extension 'python'
[0.305s] Level 1:colcon.colcon_core.package_identification:_identify(.) by extensions ['python_setup_py']
[0.305s] Level 1:colcon.colcon_core.package_identification:_identify(.) by extension 'python_setup_py'
[0.305s] Level 1:colcon.colcon_core.package_identification:_identify(build) by extensions ['ignore', 'ignore_ament_install']
[0.305s] Level 1:colcon.colcon_core.package_identification:_identify(build) by extension 'ignore'
[0.305s] Level 1:colcon.colcon_core.package_identification:_identify(build) ignored
[0.305s] Level 1:colcon.colcon_core.package_identification:_identify(install) by extensions ['ignore', 'ignore_ament_install']
[0.306s] Level 1:colcon.colcon_core.package_identification:_identify(install) by extension 'ignore'
[0.306s] Level 1:colcon.colcon_core.package_identification:_identify(install) ignored
[0.306s] Level 1:colcon.colcon_core.package_identification:_identify(log) by extensions ['ignore', 'ignore_ament_install']
[0.306s] Level 1:colcon.colcon_core.package_identification:_identify(log) by extension 'ignore'
[0.306s] Level 1:colcon.colcon_core.package_identification:_identify(log) ignored
[0.306s] Level 1:colcon.colcon_core.package_identification:_identify(src) by extensions ['ignore', 'ignore_ament_install']
[0.306s] Level 1:colcon.colcon_core.package_identification:_identify(src) by extension 'ignore'
[0.306s] Level 1:colcon.colcon_core.package_identification:_identify(src) by extension 'ignore_ament_install'
[0.306s] Level 1:colcon.colcon_core.package_identification:_identify(src) by extensions ['colcon_pkg']
[0.306s] Level 1:colcon.colcon_core.package_identification:_identify(src) by extension 'colcon_pkg'
[0.306s] Level 1:colcon.colcon_core.package_identification:_identify(src) by extensions ['colcon_meta']
[0.306s] Level 1:colcon.colcon_core.package_identification:_identify(src) by extension 'colcon_meta'
[0.306s] Level 1:colcon.colcon_core.package_identification:_identify(src) by extensions ['ros']
[0.306s] Level 1:colcon.colcon_core.package_identification:_identify(src) by extension 'ros'
[0.306s] Level 1:colcon.colcon_core.package_identification:_identify(src) by extensions ['cmake', 'python']
[0.306s] Level 1:colcon.colcon_core.package_identification:_identify(src) by extension 'cmake'
[0.306s] Level 1:colcon.colcon_core.package_identification:_identify(src) by extension 'python'
[0.306s] Level 1:colcon.colcon_core.package_identification:_identify(src) by extensions ['python_setup_py']
[0.306s] Level 1:colcon.colcon_core.package_identification:_identify(src) by extension 'python_setup_py'
[0.306s] Level 1:colcon.colcon_core.package_identification:_identify(src/controller_pkg) by extensions ['ignore', 'ignore_ament_install']
[0.307s] Level 1:colcon.colcon_core.package_identification:_identify(src/controller_pkg) by extension 'ignore'
[0.307s] Level 1:colcon.colcon_core.package_identification:_identify(src/controller_pkg) by extension 'ignore_ament_install'
[0.307s] Level 1:colcon.colcon_core.package_identification:_identify(src/controller_pkg) by extensions ['colcon_pkg']
[0.307s] Level 1:colcon.colcon_core.package_identification:_identify(src/controller_pkg) by extension 'colcon_pkg'
[0.307s] Level 1:colcon.colcon_core.package_identification:_identify(src/controller_pkg) by extensions ['colcon_meta']
[0.307s] Level 1:colcon.colcon_core.package_identification:_identify(src/controller_pkg) by extension 'colcon_meta'
[0.307s] Level 1:colcon.colcon_core.package_identification:_identify(src/controller_pkg) by extensions ['ros']
[0.307s] Level 1:colcon.colcon_core.package_identification:_identify(src/controller_pkg) by extension 'ros'
[0.315s] DEBUG:colcon.colcon_core.package_identification:Package 'src/controller_pkg' with type 'ros.ament_cmake' and name 'controller_pkg'
[0.316s] Level 1:colcon.colcon_core.package_identification:_identify(src/mav_msgs) by extensions ['ignore', 'ignore_ament_install']
[0.316s] Level 1:colcon.colcon_core.package_identification:_identify(src/mav_msgs) by extension 'ignore'
[0.316s] Level 1:colcon.colcon_core.package_identification:_identify(src/mav_msgs) by extension 'ignore_ament_install'
[0.316s] Level 1:colcon.colcon_core.package_identification:_identify(src/mav_msgs) by extensions ['colcon_pkg']
[0.316s] Level 1:colcon.colcon_core.package_identification:_identify(src/mav_msgs) by extension 'colcon_pkg'
[0.316s] Level 1:colcon.colcon_core.package_identification:_identify(src/mav_msgs) by extensions ['colcon_meta']
[0.316s] Level 1:colcon.colcon_core.package_identification:_identify(src/mav_msgs) by extension 'colcon_meta'
[0.317s] Level 1:colcon.colcon_core.package_identification:_identify(src/mav_msgs) by extensions ['ros']
[0.317s] Level 1:colcon.colcon_core.package_identification:_identify(src/mav_msgs) by extension 'ros'
[0.318s] DEBUG:colcon.colcon_core.package_identification:Package 'src/mav_msgs' with type 'ros.ament_cmake' and name 'mav_msgs'
[0.319s] Level 1:colcon.colcon_core.package_identification:_identify(src/mav_planning_msgs) by extensions ['ignore', 'ignore_ament_install']
[0.319s] Level 1:colcon.colcon_core.package_identification:_identify(src/mav_planning_msgs) by extension 'ignore'
[0.319s] Level 1:colcon.colcon_core.package_identification:_identify(src/mav_planning_msgs) by extension 'ignore_ament_install'
[0.319s] Level 1:colcon.colcon_core.package_identification:_identify(src/mav_planning_msgs) by extensions ['colcon_pkg']
[0.319s] Level 1:colcon.colcon_core.package_identification:_identify(src/mav_planning_msgs) by extension 'colcon_pkg'
[0.320s] Level 1:colcon.colcon_core.package_identification:_identify(src/mav_planning_msgs) by extensions ['colcon_meta']
[0.320s] Level 1:colcon.colcon_core.package_identification:_identify(src/mav_planning_msgs) by extension 'colcon_meta'
[0.320s] Level 1:colcon.colcon_core.package_identification:_identify(src/mav_planning_msgs) by extensions ['ros']
[0.320s] Level 1:colcon.colcon_core.package_identification:_identify(src/mav_planning_msgs) by extension 'ros'
[0.322s] DEBUG:colcon.colcon_core.package_identification:Package 'src/mav_planning_msgs' with type 'ros.ament_cmake' and name 'mav_planning_msgs'
[0.322s] Level 1:colcon.colcon_core.package_identification:_identify(src/perception_pkg) by extensions ['ignore', 'ignore_ament_install']
[0.323s] Level 1:colcon.colcon_core.package_identification:_identify(src/perception_pkg) by extension 'ignore'
[0.323s] Level 1:colcon.colcon_core.package_identification:_identify(src/perception_pkg) by extension 'ignore_ament_install'
[0.323s] Level 1:colcon.colcon_core.package_identification:_identify(src/perception_pkg) by extensions ['colcon_pkg']
[0.323s] Level 1:colcon.colcon_core.package_identification:_identify(src/perception_pkg) by extension 'colcon_pkg'
[0.323s] Level 1:colcon.colcon_core.package_identification:_identify(src/perception_pkg) by extensions ['colcon_meta']
[0.323s] Level 1:colcon.colcon_core.package_identification:_identify(src/perception_pkg) by extension 'colcon_meta'
[0.323s] Level 1:colcon.colcon_core.package_identification:_identify(src/perception_pkg) by extensions ['ros']
[0.323s] Level 1:colcon.colcon_core.package_identification:_identify(src/perception_pkg) by extension 'ros'
[0.325s] DEBUG:colcon.colcon_core.package_identification:Package 'src/perception_pkg' with type 'ros.ament_cmake' and name 'perception_pkg'
[0.325s] Level 1:colcon.colcon_core.package_identification:_identify(src/simulation) by extensions ['ignore', 'ignore_ament_install']
[0.325s] Level 1:colcon.colcon_core.package_identification:_identify(src/simulation) by extension 'ignore'
[0.325s] Level 1:colcon.colcon_core.package_identification:_identify(src/simulation) by extension 'ignore_ament_install'
[0.325s] Level 1:colcon.colcon_core.package_identification:_identify(src/simulation) by extensions ['colcon_pkg']
[0.325s] Level 1:colcon.colcon_core.package_identification:_identify(src/simulation) by extension 'colcon_pkg'
[0.325s] Level 1:colcon.colcon_core.package_identification:_identify(src/simulation) by extensions ['colcon_meta']
[0.325s] Level 1:colcon.colcon_core.package_identification:_identify(src/simulation) by extension 'colcon_meta'
[0.326s] Level 1:colcon.colcon_core.package_identification:_identify(src/simulation) by extensions ['ros']
[0.326s] Level 1:colcon.colcon_core.package_identification:_identify(src/simulation) by extension 'ros'
[0.326s] DEBUG:colcon.colcon_core.package_identification:Package 'src/simulation' with type 'ros.ament_cmake' and name 'simulation'
[0.327s] Level 1:colcon.colcon_core.package_discovery:discover_packages(recursive) using defaults
[0.327s] Level 1:colcon.colcon_core.package_discovery:discover_packages(ignore) discover
[0.327s] Level 1:colcon.colcon_core.package_discovery:discover_packages(ignore) using defaults
[0.327s] Level 1:colcon.colcon_core.package_discovery:discover_packages(path) discover
[0.327s] Level 1:colcon.colcon_core.package_discovery:discover_packages(path) using defaults
[0.354s] INFO:colcon.colcon_core.package_selection:Skipping not selected package 'mav_msgs' in 'src/mav_msgs'
[0.355s] INFO:colcon.colcon_core.package_selection:Skipping not selected package 'controller_pkg' in 'src/controller_pkg'
[0.355s] INFO:colcon.colcon_core.package_selection:Skipping not selected package 'mav_planning_msgs' in 'src/mav_planning_msgs'
[0.355s] INFO:colcon.colcon_core.package_selection:Skipping not selected package 'simulation' in 'src/simulation'
[0.356s] Level 1:colcon.colcon_core.package_discovery:discover_packages(prefix_path) check parameters
[0.357s] Level 1:colcon.colcon_core.package_discovery:discover_packages(prefix_path) discover
[0.360s] DEBUG:colcon.colcon_installed_package_information.package_discovery:Found 290 installed packages in /opt/ros/jazzy
[0.362s] Level 1:colcon.colcon_core.package_discovery:discover_packages(prefix_path) using defaults
[0.418s] Level 5:colcon.colcon_core.verb:set package 'perception_pkg' build argument 'cmake_args' from command line to 'None'
[0.419s] Level 5:colcon.colcon_core.verb:set package 'perception_pkg' build argument 'cmake_target' from command line to 'None'
[0.419s] Level 5:colcon.colcon_core.verb:set package 'perception_pkg' build argument 'cmake_target_skip_unavailable' from command line to 'False'
[0.419s] Level 5:colcon.colcon_core.verb:set package 'perception_pkg' build argument 'cmake_clean_cache' from command line to 'False'
[0.419s] Level 5:colcon.colcon_core.verb:set package 'perception_pkg' build argument 'cmake_clean_first' from command line to 'False'
[0.419s] Level 5:colcon.colcon_core.verb:set package 'perception_pkg' build argument 'cmake_force_configure' from command line to 'False'
[0.419s] Level 5:colcon.colcon_core.verb:set package 'perception_pkg' build argument 'ament_cmake_args' from command line to 'None'
[0.419s] Level 5:colcon.colcon_core.verb:set package 'perception_pkg' build argument 'catkin_cmake_args' from command line to 'None'
[0.419s] Level 5:colcon.colcon_core.verb:set package 'perception_pkg' build argument 'catkin_skip_building_tests' from command line to 'False'
[0.419s] DEBUG:colcon.colcon_core.verb:Building package 'perception_pkg' with the following arguments: {'ament_cmake_args': None, 'build_base': '/home/jiacheng/autonomoussystems2025/ros2_ws/build/perception_pkg', 'catkin_cmake_args': None, 'catkin_skip_building_tests': False, 'cmake_args': None, 'cmake_clean_cache': False, 'cmake_clean_first': False, 'cmake_force_configure': False, 'cmake_target': None, 'cmake_target_skip_unavailable': False, 'install_base': '/home/jiacheng/autonomoussystems2025/ros2_ws/install/perception_pkg', 'merge_install': False, 'path': '/home/jiacheng/autonomoussystems2025/ros2_ws/src/perception_pkg', 'symlink_install': False, 'test_result_base': None}
[0.419s] INFO:colcon.colcon_core.executor:Executing jobs using 'parallel' executor
[0.422s] DEBUG:colcon.colcon_parallel_executor.executor.parallel:run_until_complete
[0.423s] INFO:colcon.colcon_ros.task.ament_cmake.build:Building ROS package in '/home/jiacheng/autonomoussystems2025/ros2_ws/src/perception_pkg' with build type 'ament_cmake'
[0.423s] INFO:colcon.colcon_cmake.task.cmake.build:Building CMake package in '/home/jiacheng/autonomoussystems2025/ros2_ws/src/perception_pkg'
[0.426s] INFO:colcon.colcon_core.plugin_system:Skipping extension 'colcon_core.shell.bat': Not used on non-Windows systems
[0.426s] INFO:colcon.colcon_core.shell:Skip shell extension 'powershell' for command environment: Not usable outside of PowerShell
[0.427s] DEBUG:colcon.colcon_core.shell:Skip shell extension 'dsv' for command environment
[0.448s] DEBUG:colcon.colcon_core.event_handler.log_command:Invoking command in '/home/jiacheng/autonomoussystems2025/ros2_ws/build/perception_pkg': CMAKE_PREFIX_PATH=${CMAKE_PREFIX_PATH}:/opt/ros/jazzy DEBUGINFOD_URLS=https://debuginfod.ubuntu.com /usr/bin/cmake --build /home/jiacheng/autonomoussystems2025/ros2_ws/build/perception_pkg -- -j8 -l8
[9.882s] DEBUG:colcon.colcon_parallel_executor.executor.parallel:run_until_complete was interrupted
[9.882s] DEBUG:colcon.colcon_parallel_executor.executor.parallel:run_until_complete again
[9.932s] Level 1:colcon.colcon_core.environment:create_environment_scripts_only(perception_pkg)
[9.932s] DEBUG:colcon.colcon_core.event_handler.log_command:Invoked command in '/home/jiacheng/autonomoussystems2025/ros2_ws/build/perception_pkg' returned '-2': CMAKE_PREFIX_PATH=${CMAKE_PREFIX_PATH}:/opt/ros/jazzy DEBUGINFOD_URLS=https://debuginfod.ubuntu.com /usr/bin/cmake --build /home/jiacheng/autonomoussystems2025/ros2_ws/build/perception_pkg -- -j8 -l8
[9.937s] Level 1:colcon.colcon_core.environment:checking '/home/jiacheng/autonomoussystems2025/ros2_ws/install/perception_pkg' for CMake module files
[9.940s] Level 1:colcon.colcon_core.environment:checking '/home/jiacheng/autonomoussystems2025/ros2_ws/install/perception_pkg' for CMake config files
[9.941s] Level 1:colcon.colcon_core.shell:create_environment_hook('perception_pkg', 'cmake_prefix_path')
[9.943s] INFO:colcon.colcon_core.shell:Creating environment hook '/home/jiacheng/autonomoussystems2025/ros2_ws/install/perception_pkg/share/perception_pkg/hook/cmake_prefix_path.ps1'
[9.946s] INFO:colcon.colcon_core.shell:Creating environment descriptor '/home/jiacheng/autonomoussystems2025/ros2_ws/install/perception_pkg/share/perception_pkg/hook/cmake_prefix_path.dsv'
[9.947s] INFO:colcon.colcon_core.shell:Creating environment hook '/home/jiacheng/autonomoussystems2025/ros2_ws/install/perception_pkg/share/perception_pkg/hook/cmake_prefix_path.sh'
[9.949s] Level 1:colcon.colcon_core.environment:checking '/home/jiacheng/autonomoussystems2025/ros2_ws/install/perception_pkg/lib'
[9.949s] Level 1:colcon.colcon_core.environment:checking '/home/jiacheng/autonomoussystems2025/ros2_ws/install/perception_pkg/bin'
[9.949s] Level 1:colcon.colcon_core.environment:checking '/home/jiacheng/autonomoussystems2025/ros2_ws/install/perception_pkg/lib/pkgconfig/perception_pkg.pc'
[9.950s] Level 1:colcon.colcon_core.environment:checking '/home/jiacheng/autonomoussystems2025/ros2_ws/install/perception_pkg/lib/python3.12/site-packages'
[9.950s] Level 1:colcon.colcon_core.environment:checking '/home/jiacheng/autonomoussystems2025/ros2_ws/install/perception_pkg/bin'
[9.951s] INFO:colcon.colcon_core.shell:Creating package script '/home/jiacheng/autonomoussystems2025/ros2_ws/install/perception_pkg/share/perception_pkg/package.ps1'
[9.951s] INFO:colcon.colcon_core.shell:Creating package descriptor '/home/jiacheng/autonomoussystems2025/ros2_ws/install/perception_pkg/share/perception_pkg/package.dsv'
[9.952s] INFO:colcon.colcon_core.shell:Creating package script '/home/jiacheng/autonomoussystems2025/ros2_ws/install/perception_pkg/share/perception_pkg/package.sh'
[9.954s] INFO:colcon.colcon_core.shell:Creating package script '/home/jiacheng/autonomoussystems2025/ros2_ws/install/perception_pkg/share/perception_pkg/package.bash'
[9.955s] INFO:colcon.colcon_core.shell:Creating package script '/home/jiacheng/autonomoussystems2025/ros2_ws/install/perception_pkg/share/perception_pkg/package.zsh'
[9.956s] Level 1:colcon.colcon_core.environment:create_file_with_runtime_dependencies(/home/jiacheng/autonomoussystems2025/ros2_ws/install/perception_pkg/share/colcon-core/packages/perception_pkg)
[9.961s] ERROR:colcon.colcon_core.event_reactor:Exception in event handler extension 'console_start_end': [Errno 32] Broken pipe
Traceback (most recent call last):
  File "/usr/lib/python3/dist-packages/colcon_core/event_reactor.py", line 78, in _notify_observers
    retval = observer(event)
             ^^^^^^^^^^^^^^^
  File "/usr/lib/python3/dist-packages/colcon_core/event_handler/console_start_end.py", line 72, in __call__
    print(Style.SectionEnd(msg), file=writable, flush=True)
BrokenPipeError: [Errno 32] Broken pipe

[9.968s] DEBUG:colcon.colcon_parallel_executor.executor.parallel:run_until_complete finished
[9.968s] DEBUG:colcon.colcon_parallel_executor.executor.parallel:closing loop
[9.969s] DEBUG:colcon.colcon_parallel_executor.executor.parallel:loop closed
[9.969s] DEBUG:colcon.colcon_core.event_reactor:joining thread
[9.981s] INFO:colcon.colcon_core.plugin_system:Skipping extension 'colcon_notification.desktop_notification.terminal_notifier': Not used on non-Darwin systems
[9.982s] INFO:colcon.colcon_core.plugin_system:Skipping extension 'colcon_notification.desktop_notification.win32': Not used on non-Windows systems
[9.982s] INFO:colcon.colcon_notification.desktop_notification:Sending desktop notification using 'notify2'
[10.029s] DEBUG:colcon.colcon_core.event_reactor:joined thread
[10.029s] INFO:colcon.colcon_core.shell:Creating prefix script '/home/jiacheng/autonomoussystems2025/ros2_ws/install/local_setup.ps1'
[10.033s] INFO:colcon.colcon_core.shell:Creating prefix util module '/home/jiacheng/autonomoussystems2025/ros2_ws/install/_local_setup_util_ps1.py'
[10.038s] INFO:colcon.colcon_core.shell:Creating prefix chain script '/home/jiacheng/autonomoussystems2025/ros2_ws/install/setup.ps1'
[10.039s] INFO:colcon.colcon_core.shell:Creating prefix script '/home/jiacheng/autonomoussystems2025/ros2_ws/install/local_setup.sh'
[10.040s] INFO:colcon.colcon_core.shell:Creating prefix util module '/home/jiacheng/autonomoussystems2025/ros2_ws/install/_local_setup_util_sh.py'
[10.046s] INFO:colcon.colcon_core.shell:Creating prefix chain script '/home/jiacheng/autonomoussystems2025/ros2_ws/install/setup.sh'
[10.049s] INFO:colcon.colcon_core.shell:Creating prefix script '/home/jiacheng/autonomoussystems2025/ros2_ws/install/local_setup.bash'
[10.050s] INFO:colcon.colcon_core.shell:Creating prefix chain script '/home/jiacheng/autonomoussystems2025/ros2_ws/install/setup.bash'
[10.052s] INFO:colcon.colcon_core.shell:Creating prefix script '/home/jiacheng/autonomoussystems2025/ros2_ws/install/local_setup.zsh'
[10.053s] INFO:colcon.colcon_core.shell:Creating prefix chain script '/home/jiacheng/autonomoussystems2025/ros2_ws/install/setup.zsh'
