[0.057s] Invoking command in '/home/jiacheng/autonomoussystems2025/ros2_ws/build/controller_pkg': AMENT_PREFIX_PATH=/home/jiacheng/autonomoussystems2025/ros2_ws/install/mav_msgs:${AMENT_PREFIX_PATH} CMAKE_PREFIX_PATH=/home/jiacheng/autonomoussystems2025/ros2_ws/install/mav_msgs:/opt/ros/jazzy/opt/gz_math_vendor:/opt/ros/jazzy/opt/gz_utils_vendor:/opt/ros/jazzy/opt/gz_cmake_vendor:/opt/ros/jazzy DEBUGINFOD_URLS=https://debuginfod.ubuntu.com LD_LIBRARY_PATH=/home/jiacheng/autonomoussystems2025/ros2_ws/install/mav_msgs/lib:${LD_LIBRARY_PATH} PYTHONPATH=/home/jiacheng/autonomoussystems2025/ros2_ws/install/mav_msgs/lib/python3.12/site-packages:${PYTHONPATH} /usr/bin/cmake /home/jiacheng/autonomoussystems2025/ros2_ws/src/controller_pkg -DCMAKE_INSTALL_PREFIX=/home/jiacheng/autonomoussystems2025/ros2_ws/install/controller_pkg
[0.347s] -- The C compiler identification is GNU 13.3.0
[0.597s] -- The CXX compiler identification is GNU 13.3.0
[0.720s] -- Detecting C compiler ABI info
[1.294s] -- Detecting C compiler ABI info - done
[1.319s] -- Check for working C compiler: /usr/bin/cc - skipped
[1.320s] -- Detecting C compile features
[1.325s] -- Detecting C compile features - done
[1.371s] -- Detecting CXX compiler ABI info
[1.874s] -- Detecting CXX compiler ABI info - done
[1.907s] -- Check for working CXX compiler: /usr/bin/c++ - skipped
[1.907s] -- Detecting CXX compile features
[1.908s] -- Detecting CXX compile features - done
[1.939s] -- Found ament_cmake: 2.5.4 (/opt/ros/jazzy/share/ament_cmake/cmake)
[2.432s] -- Found Python3: /usr/bin/python3 (found version "3.12.3") found components: Interpreter 
[2.830s] -- Found rclcpp: 28.1.13 (/opt/ros/jazzy/share/rclcpp/cmake)
[3.049s] -- Found rosidl_generator_c: 4.6.6 (/opt/ros/jazzy/share/rosidl_generator_c/cmake)
[3.102s] -- Found rosidl_generator_cpp: 4.6.6 (/opt/ros/jazzy/share/rosidl_generator_cpp/cmake)
[3.139s] -- Using all available rosidl_typesupport_c: rosidl_typesupport_fastrtps_c;rosidl_typesupport_introspection_c
[3.181s] -- Using all available rosidl_typesupport_cpp: rosidl_typesupport_fastrtps_cpp;rosidl_typesupport_introspection_cpp
[3.546s] -- Found rmw_implementation_cmake: 7.3.2 (/opt/ros/jazzy/share/rmw_implementation_cmake/cmake)
[3.571s] -- Found rmw_fastrtps_cpp: 8.4.3 (/opt/ros/jazzy/share/rmw_fastrtps_cpp/cmake)
[3.985s] -- Found OpenSSL: /usr/lib/x86_64-linux-gnu/libcrypto.so (found version "3.0.13")  
[4.102s] -- Found FastRTPS: /opt/ros/jazzy/include (Required is at least version "2.13") 
[4.231s] -- Using RMW implementation 'rmw_fastrtps_cpp' as default
[4.502s] -- Found std_msgs: 5.3.6 (/opt/ros/jazzy/share/std_msgs/cmake)
[4.539s] -- Found geometry_msgs: 5.3.6 (/opt/ros/jazzy/share/geometry_msgs/cmake)
[4.593s] -- Found tf2: 0.36.16 (/opt/ros/jazzy/share/tf2/cmake)
[4.618s] -- Found tf2_ros: 0.36.16 (/opt/ros/jazzy/share/tf2_ros/cmake)
[5.335s] -- Found tf2_eigen: 0.36.16 (/opt/ros/jazzy/share/tf2_eigen/cmake)
[5.372s] -- Found mav_msgs: 3.3.3 (/home/jiacheng/autonomoussystems2025/ros2_ws/install/mav_msgs/share/mav_msgs/cmake)
[5.579s] -- Found trajectory_msgs: 5.3.6 (/opt/ros/jazzy/share/trajectory_msgs/cmake)
[5.647s] -- Found Eigen3: TRUE (found version "3.4.0") 
[5.960s] -- Configuring done (5.8s)
[6.024s] -- Generating done (0.1s)
[6.046s] -- Build files have been written to: /home/jiacheng/autonomoussystems2025/ros2_ws/build/controller_pkg
[6.149s] Invoked command in '/home/jiacheng/autonomoussystems2025/ros2_ws/build/controller_pkg' returned '0': AMENT_PREFIX_PATH=/home/jiacheng/autonomoussystems2025/ros2_ws/install/mav_msgs:${AMENT_PREFIX_PATH} CMAKE_PREFIX_PATH=/home/jiacheng/autonomoussystems2025/ros2_ws/install/mav_msgs:/opt/ros/jazzy/opt/gz_math_vendor:/opt/ros/jazzy/opt/gz_utils_vendor:/opt/ros/jazzy/opt/gz_cmake_vendor:/opt/ros/jazzy DEBUGINFOD_URLS=https://debuginfod.ubuntu.com LD_LIBRARY_PATH=/home/jiacheng/autonomoussystems2025/ros2_ws/install/mav_msgs/lib:${LD_LIBRARY_PATH} PYTHONPATH=/home/jiacheng/autonomoussystems2025/ros2_ws/install/mav_msgs/lib/python3.12/site-packages:${PYTHONPATH} /usr/bin/cmake /home/jiacheng/autonomoussystems2025/ros2_ws/src/controller_pkg -DCMAKE_INSTALL_PREFIX=/home/jiacheng/autonomoussystems2025/ros2_ws/install/controller_pkg
[6.149s] Invoking command in '/home/jiacheng/autonomoussystems2025/ros2_ws/build/controller_pkg': AMENT_PREFIX_PATH=/home/jiacheng/autonomoussystems2025/ros2_ws/install/mav_msgs:${AMENT_PREFIX_PATH} CMAKE_PREFIX_PATH=/home/jiacheng/autonomoussystems2025/ros2_ws/install/mav_msgs:/opt/ros/jazzy/opt/gz_math_vendor:/opt/ros/jazzy/opt/gz_utils_vendor:/opt/ros/jazzy/opt/gz_cmake_vendor:/opt/ros/jazzy DEBUGINFOD_URLS=https://debuginfod.ubuntu.com LD_LIBRARY_PATH=/home/jiacheng/autonomoussystems2025/ros2_ws/install/mav_msgs/lib:${LD_LIBRARY_PATH} PYTHONPATH=/home/jiacheng/autonomoussystems2025/ros2_ws/install/mav_msgs/lib/python3.12/site-packages:${PYTHONPATH} /usr/bin/cmake --build /home/jiacheng/autonomoussystems2025/ros2_ws/build/controller_pkg -- -j2 -l2
[6.435s] [ 50%] [32mBuilding CXX object CMakeFiles/controller_node.dir/src/controller_wrapper.cpp.o[0m
[18.437s] [100%] [32m[1mLinking CXX executable controller_node[0m
[20.019s] [100%] Built target controller_node
[20.042s] Invoked command in '/home/jiacheng/autonomoussystems2025/ros2_ws/build/controller_pkg' returned '0': AMENT_PREFIX_PATH=/home/jiacheng/autonomoussystems2025/ros2_ws/install/mav_msgs:${AMENT_PREFIX_PATH} CMAKE_PREFIX_PATH=/home/jiacheng/autonomoussystems2025/ros2_ws/install/mav_msgs:/opt/ros/jazzy/opt/gz_math_vendor:/opt/ros/jazzy/opt/gz_utils_vendor:/opt/ros/jazzy/opt/gz_cmake_vendor:/opt/ros/jazzy DEBUGINFOD_URLS=https://debuginfod.ubuntu.com LD_LIBRARY_PATH=/home/jiacheng/autonomoussystems2025/ros2_ws/install/mav_msgs/lib:${LD_LIBRARY_PATH} PYTHONPATH=/home/jiacheng/autonomoussystems2025/ros2_ws/install/mav_msgs/lib/python3.12/site-packages:${PYTHONPATH} /usr/bin/cmake --build /home/jiacheng/autonomoussystems2025/ros2_ws/build/controller_pkg -- -j2 -l2
[20.043s] Invoking command in '/home/jiacheng/autonomoussystems2025/ros2_ws/build/controller_pkg': AMENT_PREFIX_PATH=/home/jiacheng/autonomoussystems2025/ros2_ws/install/mav_msgs:${AMENT_PREFIX_PATH} CMAKE_PREFIX_PATH=/home/jiacheng/autonomoussystems2025/ros2_ws/install/mav_msgs:/opt/ros/jazzy/opt/gz_math_vendor:/opt/ros/jazzy/opt/gz_utils_vendor:/opt/ros/jazzy/opt/gz_cmake_vendor:/opt/ros/jazzy DEBUGINFOD_URLS=https://debuginfod.ubuntu.com LD_LIBRARY_PATH=/home/jiacheng/autonomoussystems2025/ros2_ws/install/mav_msgs/lib:${LD_LIBRARY_PATH} PYTHONPATH=/home/jiacheng/autonomoussystems2025/ros2_ws/install/mav_msgs/lib/python3.12/site-packages:${PYTHONPATH} /usr/bin/cmake --install /home/jiacheng/autonomoussystems2025/ros2_ws/build/controller_pkg
[20.056s] -- Install configuration: ""
[20.056s] -- Installing: /home/jiacheng/autonomoussystems2025/ros2_ws/install/controller_pkg/lib/controller_pkg/controller_node
[20.058s] -- Set non-toolchain portion of runtime path of "/home/jiacheng/autonomoussystems2025/ros2_ws/install/controller_pkg/lib/controller_pkg/controller_node" to ""
[20.058s] -- Installing: /home/jiacheng/autonomoussystems2025/ros2_ws/install/controller_pkg/lib/libcontroller_lib.so
[20.082s] -- Installing: /home/jiacheng/autonomoussystems2025/ros2_ws/install/controller_pkg/include/controller_pkg
[20.082s] -- Installing: /home/jiacheng/autonomoussystems2025/ros2_ws/install/controller_pkg/include/controller_pkg/controller_pkg
[20.082s] -- Installing: /home/jiacheng/autonomoussystems2025/ros2_ws/install/controller_pkg/include/controller_pkg/controller_pkg/controller_node.hpp
[20.082s] -- Installing: /home/jiacheng/autonomoussystems2025/ros2_ws/install/controller_pkg/share/controller_pkg/launch
[20.082s] -- Installing: /home/jiacheng/autonomoussystems2025/ros2_ws/install/controller_pkg/share/controller_pkg/launch/controller.launch.py
[20.082s] -- Installing: /home/jiacheng/autonomoussystems2025/ros2_ws/install/controller_pkg/share/controller_pkg/config
[20.084s] -- Installing: /home/jiacheng/autonomoussystems2025/ros2_ws/install/controller_pkg/share/controller_pkg/config/controller_params.yaml
[20.084s] -- Installing: /home/jiacheng/autonomoussystems2025/ros2_ws/install/controller_pkg/share/ament_index/resource_index/package_run_dependencies/controller_pkg
[20.088s] -- Installing: /home/jiacheng/autonomoussystems2025/ros2_ws/install/controller_pkg/share/ament_index/resource_index/parent_prefix_path/controller_pkg
[20.088s] -- Installing: /home/jiacheng/autonomoussystems2025/ros2_ws/install/controller_pkg/share/controller_pkg/environment/ament_prefix_path.sh
[20.088s] -- Installing: /home/jiacheng/autonomoussystems2025/ros2_ws/install/controller_pkg/share/controller_pkg/environment/ament_prefix_path.dsv
[20.088s] -- Installing: /home/jiacheng/autonomoussystems2025/ros2_ws/install/controller_pkg/share/controller_pkg/environment/path.sh
[20.088s] -- Installing: /home/jiacheng/autonomoussystems2025/ros2_ws/install/controller_pkg/share/controller_pkg/environment/path.dsv
[20.089s] -- Installing: /home/jiacheng/autonomoussystems2025/ros2_ws/install/controller_pkg/share/controller_pkg/local_setup.bash
[20.089s] -- Installing: /home/jiacheng/autonomoussystems2025/ros2_ws/install/controller_pkg/share/controller_pkg/local_setup.sh
[20.090s] -- Installing: /home/jiacheng/autonomoussystems2025/ros2_ws/install/controller_pkg/share/controller_pkg/local_setup.zsh
[20.090s] -- Installing: /home/jiacheng/autonomoussystems2025/ros2_ws/install/controller_pkg/share/controller_pkg/local_setup.dsv
[20.090s] -- Installing: /home/jiacheng/autonomoussystems2025/ros2_ws/install/controller_pkg/share/controller_pkg/package.dsv
[20.091s] -- Installing: /home/jiacheng/autonomoussystems2025/ros2_ws/install/controller_pkg/share/ament_index/resource_index/packages/controller_pkg
[20.092s] -- Installing: /home/jiacheng/autonomoussystems2025/ros2_ws/install/controller_pkg/share/controller_pkg/cmake/ament_cmake_export_dependencies-extras.cmake
[20.092s] -- Installing: /home/jiacheng/autonomoussystems2025/ros2_ws/install/controller_pkg/share/controller_pkg/cmake/controller_pkgConfig.cmake
[20.092s] -- Installing: /home/jiacheng/autonomoussystems2025/ros2_ws/install/controller_pkg/share/controller_pkg/cmake/controller_pkgConfig-version.cmake
[20.094s] -- Installing: /home/jiacheng/autonomoussystems2025/ros2_ws/install/controller_pkg/share/controller_pkg/package.xml
[20.096s] Invoked command in '/home/jiacheng/autonomoussystems2025/ros2_ws/build/controller_pkg' returned '0': AMENT_PREFIX_PATH=/home/jiacheng/autonomoussystems2025/ros2_ws/install/mav_msgs:${AMENT_PREFIX_PATH} CMAKE_PREFIX_PATH=/home/jiacheng/autonomoussystems2025/ros2_ws/install/mav_msgs:/opt/ros/jazzy/opt/gz_math_vendor:/opt/ros/jazzy/opt/gz_utils_vendor:/opt/ros/jazzy/opt/gz_cmake_vendor:/opt/ros/jazzy DEBUGINFOD_URLS=https://debuginfod.ubuntu.com LD_LIBRARY_PATH=/home/jiacheng/autonomoussystems2025/ros2_ws/install/mav_msgs/lib:${LD_LIBRARY_PATH} PYTHONPATH=/home/jiacheng/autonomoussystems2025/ros2_ws/install/mav_msgs/lib/python3.12/site-packages:${PYTHONPATH} /usr/bin/cmake --install /home/jiacheng/autonomoussystems2025/ros2_ws/build/controller_pkg
