running egg_info
creating ../../build/perception_pkg/perception_pkg.egg-info
writing ../../build/perception_pkg/perception_pkg.egg-info/PKG-INFO
writing dependency_links to ../../build/perception_pkg/perception_pkg.egg-info/dependency_links.txt
writing entry points to ../../build/perception_pkg/perception_pkg.egg-info/entry_points.txt
writing requirements to ../../build/perception_pkg/perception_pkg.egg-info/requires.txt
writing top-level names to ../../build/perception_pkg/perception_pkg.egg-info/top_level.txt
writing manifest file '../../build/perception_pkg/perception_pkg.egg-info/SOURCES.txt'
reading manifest file '../../build/perception_pkg/perception_pkg.egg-info/SOURCES.txt'
writing manifest file '../../build/perception_pkg/perception_pkg.egg-info/SOURCES.txt'
running build
running build_py
creating /home/jiacheng/autonomoussystems2025/ros2_ws/build/perception_pkg/build
creating /home/jiacheng/autonomoussystems2025/ros2_ws/build/perception_pkg/build/lib
creating /home/jiacheng/autonomoussystems2025/ros2_ws/build/perception_pkg/build/lib/perception_pkg
copying perception_pkg/depth_to_pointcloud.py -> /home/jiacheng/autonomoussystems2025/ros2_ws/build/perception_pkg/build/lib/perception_pkg
copying perception_pkg/__init__.py -> /home/jiacheng/autonomoussystems2025/ros2_ws/build/perception_pkg/build/lib/perception_pkg
running install
running install_lib
creating /home/jiacheng/autonomoussystems2025/ros2_ws/install/perception_pkg/lib/python3.12/site-packages/perception_pkg
copying /home/jiacheng/autonomoussystems2025/ros2_ws/build/perception_pkg/build/lib/perception_pkg/depth_to_pointcloud.py -> /home/jiacheng/autonomoussystems2025/ros2_ws/install/perception_pkg/lib/python3.12/site-packages/perception_pkg
copying /home/jiacheng/autonomoussystems2025/ros2_ws/build/perception_pkg/build/lib/perception_pkg/__init__.py -> /home/jiacheng/autonomoussystems2025/ros2_ws/install/perception_pkg/lib/python3.12/site-packages/perception_pkg
byte-compiling /home/jiacheng/autonomoussystems2025/ros2_ws/install/perception_pkg/lib/python3.12/site-packages/perception_pkg/depth_to_pointcloud.py to depth_to_pointcloud.cpython-312.pyc
byte-compiling /home/jiacheng/autonomoussystems2025/ros2_ws/install/perception_pkg/lib/python3.12/site-packages/perception_pkg/__init__.py to __init__.cpython-312.pyc
running install_data
creating /home/jiacheng/autonomoussystems2025/ros2_ws/install/perception_pkg/share/ament_index
creating /home/jiacheng/autonomoussystems2025/ros2_ws/install/perception_pkg/share/ament_index/resource_index
creating /home/jiacheng/autonomoussystems2025/ros2_ws/install/perception_pkg/share/ament_index/resource_index/packages
copying resource/perception_pkg -> /home/jiacheng/autonomoussystems2025/ros2_ws/install/perception_pkg/share/ament_index/resource_index/packages
copying package.xml -> /home/jiacheng/autonomoussystems2025/ros2_ws/install/perception_pkg/share/perception_pkg
creating /home/jiacheng/autonomoussystems2025/ros2_ws/install/perception_pkg/share/perception_pkg/launch
copying launch/perception.launch.py -> /home/jiacheng/autonomoussystems2025/ros2_ws/install/perception_pkg/share/perception_pkg/launch
running install_egg_info
Copying ../../build/perception_pkg/perception_pkg.egg-info to /home/jiacheng/autonomoussystems2025/ros2_ws/install/perception_pkg/lib/python3.12/site-packages/perception_pkg-0.0.0-py3.12.egg-info
running install_scripts
Installing depth_to_pointcloud script to /home/jiacheng/autonomoussystems2025/ros2_ws/install/perception_pkg/lib/perception_pkg
writing list of installed files to '/home/jiacheng/autonomoussystems2025/ros2_ws/build/perception_pkg/install.log'
