[1.066s] Invoking command in '/home/jiacheng/autonomoussystems2025/ros2_ws/src/perception_pkg': DEBUGINFOD_URLS=https://debuginfod.ubuntu.com PYTHONPATH=/home/jiacheng/autonomoussystems2025/ros2_ws/build/perception_pkg/prefix_override:/usr/lib/python3/dist-packages/colcon_core/task/python/colcon_distutils_commands:/home/jiacheng/autonomoussystems2025/ros2_ws/install/perception_pkg/lib/python3.12/site-packages:${PYTHONPATH} /usr/bin/python3 -W ignore:setup.py install is deprecated -W ignore:easy_install command is deprecated setup.py egg_info --egg-base ../../build/perception_pkg build --build-base /home/jiacheng/autonomoussystems2025/ros2_ws/build/perception_pkg/build install --record /home/jiacheng/autonomoussystems2025/ros2_ws/build/perception_pkg/install.log --single-version-externally-managed install_data
[1.278s] running egg_info
[1.278s] creating ../../build/perception_pkg/perception_pkg.egg-info
[1.290s] writing ../../build/perception_pkg/perception_pkg.egg-info/PKG-INFO
[1.290s] writing dependency_links to ../../build/perception_pkg/perception_pkg.egg-info/dependency_links.txt
[1.290s] writing entry points to ../../build/perception_pkg/perception_pkg.egg-info/entry_points.txt
[1.290s] writing requirements to ../../build/perception_pkg/perception_pkg.egg-info/requires.txt
[1.290s] writing top-level names to ../../build/perception_pkg/perception_pkg.egg-info/top_level.txt
[1.290s] writing manifest file '../../build/perception_pkg/perception_pkg.egg-info/SOURCES.txt'
[1.314s] reading manifest file '../../build/perception_pkg/perception_pkg.egg-info/SOURCES.txt'
[1.316s] writing manifest file '../../build/perception_pkg/perception_pkg.egg-info/SOURCES.txt'
[1.317s] running build
[1.317s] running build_py
[1.318s] creating /home/jiacheng/autonomoussystems2025/ros2_ws/build/perception_pkg/build
[1.318s] creating /home/jiacheng/autonomoussystems2025/ros2_ws/build/perception_pkg/build/lib
[1.318s] creating /home/jiacheng/autonomoussystems2025/ros2_ws/build/perception_pkg/build/lib/perception_pkg
[1.318s] copying perception_pkg/depth_to_pointcloud.py -> /home/jiacheng/autonomoussystems2025/ros2_ws/build/perception_pkg/build/lib/perception_pkg
[1.318s] copying perception_pkg/__init__.py -> /home/jiacheng/autonomoussystems2025/ros2_ws/build/perception_pkg/build/lib/perception_pkg
[1.318s] running install
[1.324s] running install_lib
[1.336s] creating /home/jiacheng/autonomoussystems2025/ros2_ws/install/perception_pkg/lib/python3.12/site-packages/perception_pkg
[1.337s] copying /home/jiacheng/autonomoussystems2025/ros2_ws/build/perception_pkg/build/lib/perception_pkg/depth_to_pointcloud.py -> /home/jiacheng/autonomoussystems2025/ros2_ws/install/perception_pkg/lib/python3.12/site-packages/perception_pkg
[1.337s] copying /home/jiacheng/autonomoussystems2025/ros2_ws/build/perception_pkg/build/lib/perception_pkg/__init__.py -> /home/jiacheng/autonomoussystems2025/ros2_ws/install/perception_pkg/lib/python3.12/site-packages/perception_pkg
[1.338s] byte-compiling /home/jiacheng/autonomoussystems2025/ros2_ws/install/perception_pkg/lib/python3.12/site-packages/perception_pkg/depth_to_pointcloud.py to depth_to_pointcloud.cpython-312.pyc
[1.338s] byte-compiling /home/jiacheng/autonomoussystems2025/ros2_ws/install/perception_pkg/lib/python3.12/site-packages/perception_pkg/__init__.py to __init__.cpython-312.pyc
[1.338s] running install_data
[1.338s] creating /home/jiacheng/autonomoussystems2025/ros2_ws/install/perception_pkg/share/ament_index
[1.338s] creating /home/jiacheng/autonomoussystems2025/ros2_ws/install/perception_pkg/share/ament_index/resource_index
[1.338s] creating /home/jiacheng/autonomoussystems2025/ros2_ws/install/perception_pkg/share/ament_index/resource_index/packages
[1.339s] copying resource/perception_pkg -> /home/jiacheng/autonomoussystems2025/ros2_ws/install/perception_pkg/share/ament_index/resource_index/packages
[1.339s] copying package.xml -> /home/jiacheng/autonomoussystems2025/ros2_ws/install/perception_pkg/share/perception_pkg
[1.339s] creating /home/jiacheng/autonomoussystems2025/ros2_ws/install/perception_pkg/share/perception_pkg/launch
[1.340s] copying launch/perception.launch.py -> /home/jiacheng/autonomoussystems2025/ros2_ws/install/perception_pkg/share/perception_pkg/launch
[1.340s] running install_egg_info
[1.353s] Copying ../../build/perception_pkg/perception_pkg.egg-info to /home/jiacheng/autonomoussystems2025/ros2_ws/install/perception_pkg/lib/python3.12/site-packages/perception_pkg-0.0.0-py3.12.egg-info
[1.353s] running install_scripts
[1.466s] Installing depth_to_pointcloud script to /home/jiacheng/autonomoussystems2025/ros2_ws/install/perception_pkg/lib/perception_pkg
[1.466s] writing list of installed files to '/home/jiacheng/autonomoussystems2025/ros2_ws/build/perception_pkg/install.log'
[1.529s] Invoked command in '/home/jiacheng/autonomoussystems2025/ros2_ws/src/perception_pkg' returned '0': DEBUGINFOD_URLS=https://debuginfod.ubuntu.com PYTHONPATH=/home/jiacheng/autonomoussystems2025/ros2_ws/build/perception_pkg/prefix_override:/usr/lib/python3/dist-packages/colcon_core/task/python/colcon_distutils_commands:/home/jiacheng/autonomoussystems2025/ros2_ws/install/perception_pkg/lib/python3.12/site-packages:${PYTHONPATH} /usr/bin/python3 -W ignore:setup.py install is deprecated -W ignore:easy_install command is deprecated setup.py egg_info --egg-base ../../build/perception_pkg build --build-base /home/jiacheng/autonomoussystems2025/ros2_ws/build/perception_pkg/build install --record /home/jiacheng/autonomoussystems2025/ros2_ws/build/perception_pkg/install.log --single-version-externally-managed install_data
