[0.026s] Invoking command in '/home/jiacheng/autonomoussystems2025/ros2_ws/build/perception_pkg': CMAKE_PREFIX_PATH=${CMAKE_PREFIX_PATH}:/opt/ros/jazzy DEBUGINFOD_URLS=https://debuginfod.ubuntu.com /usr/bin/cmake /home/jiacheng/autonomoussystems2025/ros2_ws/src/perception_pkg -DCMAKE_INSTALL_PREFIX=/home/jiacheng/autonomoussystems2025/ros2_ws/install/perception_pkg
[0.388s] -- The C compiler identification is GNU 13.3.0
[0.533s] -- The CXX compiler identification is GNU 13.3.0
[0.581s] -- Detecting C compiler ABI info
[0.853s] -- Detecting C compiler ABI info - done
[0.866s] -- Check for working C compiler: /usr/bin/cc - skipped
[0.870s] -- Detecting C compile features
[0.872s] -- Detecting C compile features - done
[0.905s] -- Detecting CXX compiler ABI info
[1.176s] -- Detecting CXX compiler ABI info - done
[1.190s] -- Check for working CXX compiler: /usr/bin/c++ - skipped
[1.191s] -- Detecting CXX compile features
[1.192s] -- Detecting CXX compile features - done
[1.206s] -- Found ament_cmake: 2.5.4 (/opt/ros/jazzy/share/ament_cmake/cmake)
[1.526s] -- Found Python3: /usr/bin/python3 (found version "3.12.3") found components: Interpreter 
[1.770s] -- Found rclcpp: 28.1.13 (/opt/ros/jazzy/share/rclcpp/cmake)
[1.836s] -- Found rosidl_generator_c: 4.6.6 (/opt/ros/jazzy/share/rosidl_generator_c/cmake)
[1.858s] -- Found rosidl_generator_cpp: 4.6.6 (/opt/ros/jazzy/share/rosidl_generator_cpp/cmake)
[1.891s] -- Using all available rosidl_typesupport_c: rosidl_typesupport_fastrtps_c;rosidl_typesupport_introspection_c
[1.920s] -- Using all available rosidl_typesupport_cpp: rosidl_typesupport_fastrtps_cpp;rosidl_typesupport_introspection_cpp
[2.034s] -- Found rmw_implementation_cmake: 7.3.2 (/opt/ros/jazzy/share/rmw_implementation_cmake/cmake)
[2.039s] -- Found rmw_fastrtps_cpp: 8.4.3 (/opt/ros/jazzy/share/rmw_fastrtps_cpp/cmake)
[2.267s] -- Found OpenSSL: /usr/lib/x86_64-linux-gnu/libcrypto.so (found version "3.0.13")  
[2.311s] -- Found FastRTPS: /opt/ros/jazzy/include (Required is at least version "2.13") 
[2.369s] -- Using RMW implementation 'rmw_fastrtps_cpp' as default
[2.474s] -- Found sensor_msgs: 5.3.6 (/opt/ros/jazzy/share/sensor_msgs/cmake)
[2.582s] -- Found cv_bridge: 4.1.0 (/opt/ros/jazzy/share/cv_bridge/cmake)
[2.626s] -- Found octomap_msgs: 2.0.1 (/opt/ros/jazzy/share/octomap_msgs/cmake)
[2.660s] -- Found tf2_ros: 0.36.16 (/opt/ros/jazzy/share/tf2_ros/cmake)
[2.860s] -- Found tf2_geometry_msgs: 0.36.16 (/opt/ros/jazzy/share/tf2_geometry_msgs/cmake)
[2.878s] -- Found eigen3_cmake_module: 0.3.0 (/opt/ros/jazzy/share/eigen3_cmake_module/cmake)
[2.882s] -- Found Eigen3: TRUE (found version "3.4.0") 
[2.882s] -- Ensuring Eigen3 include directory is part of orocos-kdl CMake target
[2.887s] -- Found visualization_msgs: 5.3.6 (/opt/ros/jazzy/share/visualization_msgs/cmake)
[2.938s] -- Found ament_lint_auto: 0.17.3 (/opt/ros/jazzy/share/ament_lint_auto/cmake)
[3.165s] -- Added test 'copyright' to check source files copyright and LICENSE
[3.170s] -- Added test 'cppcheck' to perform static code analysis on C / C++ code
[3.170s] -- Configured cppcheck include dirs: $<BUILD_INTERFACE:/home/jiacheng/autonomoussystems2025/ros2_ws/src/perception_pkg/include>
[3.171s] -- Configured cppcheck exclude dirs and/or files: 
[3.173s] -- Added test 'cpplint' to check C / C++ code against the Google style
[3.174s] -- Configured cpplint exclude dirs and/or files: 
[3.175s] -- Added test 'flake8' to check Python code syntax and style conventions
[3.175s] -- Configured 'flake8' exclude dirs and/or files: 
[3.176s] -- Added test 'lint_cmake' to check CMake code style
[3.178s] -- Added test 'pep257' to check Python code against some of the docstring style conventions in PEP 257
[3.181s] -- Added test 'uncrustify' to check C / C++ code style
[3.181s] -- Configured uncrustify additional arguments: 
[3.182s] -- Added test 'xmllint' to check XML markup files
[3.184s] -- Configuring done (3.1s)
[3.238s] -- Generating done (0.0s)
[3.249s] -- Build files have been written to: /home/jiacheng/autonomoussystems2025/ros2_ws/build/perception_pkg
[3.280s] Invoked command in '/home/jiacheng/autonomoussystems2025/ros2_ws/build/perception_pkg' returned '0': CMAKE_PREFIX_PATH=${CMAKE_PREFIX_PATH}:/opt/ros/jazzy DEBUGINFOD_URLS=https://debuginfod.ubuntu.com /usr/bin/cmake /home/jiacheng/autonomoussystems2025/ros2_ws/src/perception_pkg -DCMAKE_INSTALL_PREFIX=/home/jiacheng/autonomoussystems2025/ros2_ws/install/perception_pkg
[3.281s] Invoking command in '/home/jiacheng/autonomoussystems2025/ros2_ws/build/perception_pkg': CMAKE_PREFIX_PATH=${CMAKE_PREFIX_PATH}:/opt/ros/jazzy DEBUGINFOD_URLS=https://debuginfod.ubuntu.com /usr/bin/cmake --build /home/jiacheng/autonomoussystems2025/ros2_ws/build/perception_pkg -- -j8 -l8
[3.448s] [ 33%] Built target pointcloud_to_octomap
[3.456s] [ 50%] [32mBuilding CXX object CMakeFiles/lantern_detector.dir/src/lantern_detector.cpp.o[0m
[3.457s] [ 83%] Built target depth_to_pointcloud
[9.572s] [01m[K/home/jiacheng/autonomoussystems2025/ros2_ws/src/perception_pkg/src/lantern_detector.cpp:275:36:[m[K [01;31m[Kerror: [m[Klambda-expression in unevaluated context only available with ‘[01m[K-std=c++20[m[K’ or ‘[01m[K-std=gnu++20[m[K’
[9.572s]   275 |     std::set<cv::Point2f, decltype([01;31m[K[[m[K](const cv::Point2f& a, const cv::Point2f& b) {
[9.572s]       |                                    [01;31m[K^[m[K
[9.572s] [01m[K/home/jiacheng/autonomoussystems2025/ros2_ws/src/perception_pkg/src/lantern_detector.cpp:278:7:[m[K [01;31m[Kerror: [m[Ktemplate argument 2 is invalid
[9.572s]   278 |     })[01;31m[K>[m[K detected_lanterns_;
[9.572s]       |       [01;31m[K^[m[K
[10.927s] [01m[K/home/jiacheng/autonomoussystems2025/ros2_ws/src/perception_pkg/src/lantern_detector.cpp:[m[K In member function ‘[01m[Kstd::vector<LanternDetectorNode::LanternDetection> LanternDetectorNode::[01;32m[KdetectLanterns[m[K(const cv::Mat&, cv::Mat&)[m[K’:
[10.927s] [01m[K/home/jiacheng/autonomoussystems2025/ros2_ws/src/perception_pkg/src/lantern_detector.cpp:148:73:[m[K [01;35m[Kwarning: [m[Kcomparison of integer expressions of different signedness: ‘[01m[Kstd::vector<LanternDetectorNode::LanternDetection>::size_type[m[K’ {aka ‘[01m[Klong unsigned int[m[K’} and ‘[01m[Kint[m[K’ [[01;35m[K]8;;https://gcc.gnu.org/onlinedocs/gcc/Warning-Options.html#index-Wsign-compare-Wsign-compare]8;;[m[K]
[10.927s]   148 |         for (size_t i = 0; i < color_ranges.size() && [01;35m[Kdetections.size() < max_lanterns_[m[K; ++i) {
[10.927s]       |                                                       [01;35m[K~~~~~~~~~~~~~~~~~~^~~~~~~~~~~~~~~[m[K
[10.929s] [01m[K/home/jiacheng/autonomoussystems2025/ros2_ws/src/perception_pkg/src/lantern_detector.cpp:170:90:[m[K [01;31m[Kerror: [m[Krequest for member ‘[01m[Ksize[m[K’ in ‘[01m[K((LanternDetectorNode*)this)->LanternDetectorNode::detected_lanterns_[m[K’, which is of non-class type ‘[01m[Kint[m[K’
[10.929s]   170 |                         detection.label = "Lantern_" + std::to_string(detected_lanterns_.[01;31m[Ksize[m[K() + 1);
[10.929s]       |                                                                                          [01;31m[K^~~~[m[K
[10.933s] [01m[K/home/jiacheng/autonomoussystems2025/ros2_ws/src/perception_pkg/src/lantern_detector.cpp:175:48:[m[K [01;31m[Kerror: [m[Krequest for member ‘[01m[Kinsert[m[K’ in ‘[01m[K((LanternDetectorNode*)this)->LanternDetectorNode::detected_lanterns_[m[K’, which is of non-class type ‘[01m[Kint[m[K’
[10.933s]   175 |                             detected_lanterns_.[01;31m[Kinsert[m[K(detection.center);
[10.933s]       |                                                [01;31m[K^~~~~~[m[K
[10.933s] [01m[K/home/jiacheng/autonomoussystems2025/ros2_ws/src/perception_pkg/src/lantern_detector.cpp:[m[K In member function ‘[01m[Kbool LanternDetectorNode::[01;32m[KisNewLantern[m[K(const cv::Point2f&)[m[K’:
[10.933s] [01m[K/home/jiacheng/autonomoussystems2025/ros2_ws/src/perception_pkg/src/lantern_detector.cpp:194:37:[m[K [01;31m[Kerror: [m[K‘[01m[Kbegin[m[K’ was not declared in this scope; did you mean ‘[01m[Kstd::begin[m[K’?
[10.933s]   194 |         for (const auto& existing : [01;31m[Kdetected_lanterns_[m[K) {
[10.934s]       |                                     [01;31m[K^~~~~~~~~~~~~~~~~~[m[K
[10.934s]       |                                     [32m[Kstd::begin[m[K
[10.934s] In file included from [01m[K/usr/include/c++/13/string:53[m[K,
[10.934s]                  from [01m[K/opt/ros/jazzy/include/rclcpp/rclcpp/copy_all_parameter_values.hpp:18[m[K,
[10.934s]                  from [01m[K/opt/ros/jazzy/include/rclcpp/rclcpp/rclcpp.hpp:171[m[K,
[10.934s]                  from [01m[K/home/jiacheng/autonomoussystems2025/ros2_ws/src/perception_pkg/src/lantern_detector.cpp:1[m[K:
[10.934s] [01m[K/usr/include/c++/13/bits/range_access.h:114:37:[m[K [01;36m[Knote: [m[K‘[01m[Kstd::begin[m[K’ declared here
[10.934s]   114 |   template<typename _Tp> const _Tp* [01;36m[Kbegin[m[K(const valarray<_Tp>&) noexcept;
[10.934s]       |                                     [01;36m[K^~~~~[m[K
[10.941s] [01m[K/home/jiacheng/autonomoussystems2025/ros2_ws/src/perception_pkg/src/lantern_detector.cpp:194:37:[m[K [01;31m[Kerror: [m[K‘[01m[Kend[m[K’ was not declared in this scope; did you mean ‘[01m[Kstd::end[m[K’?
[10.941s]   194 |         for (const auto& existing : [01;31m[Kdetected_lanterns_[m[K) {
[10.943s]       |                                     [01;31m[K^~~~~~~~~~~~~~~~~~[m[K
[10.943s]       |                                     [32m[Kstd::end[m[K
[10.943s] [01m[K/usr/include/c++/13/bits/range_access.h:116:37:[m[K [01;36m[Knote: [m[K‘[01m[Kstd::end[m[K’ declared here
[10.943s]   116 |   template<typename _Tp> const _Tp* [01;36m[Kend[m[K(const valarray<_Tp>&) noexcept;
[10.944s]       |                                     [01;36m[K^~~[m[K
[14.576s] gmake[2]: *** [CMakeFiles/lantern_detector.dir/build.make:76: CMakeFiles/lantern_detector.dir/src/lantern_detector.cpp.o] Interrupt
[14.578s] gmake[1]: *** [CMakeFiles/Makefile2:193: CMakeFiles/lantern_detector.dir/all] Interrupt
[14.578s] gmake: *** [Makefile:146: all] Interrupt
[14.649s] Invoked command in '/home/jiacheng/autonomoussystems2025/ros2_ws/build/perception_pkg' returned '-2': CMAKE_PREFIX_PATH=${CMAKE_PREFIX_PATH}:/opt/ros/jazzy DEBUGINFOD_URLS=https://debuginfod.ubuntu.com /usr/bin/cmake --build /home/jiacheng/autonomoussystems2025/ros2_ws/build/perception_pkg -- -j8 -l8
