[0.031s] Invoking command in '/home/jiacheng/autonomoussystems2025/ros2_ws/build/perception_pkg': CMAKE_PREFIX_PATH=${CMAKE_PREFIX_PATH}:/opt/ros/jazzy DEBUGINFOD_URLS=https://debuginfod.ubuntu.com /usr/bin/cmake --build /home/jiacheng/autonomoussystems2025/ros2_ws/build/perception_pkg -- -j8 -l8
[0.197s] [ 50%] Built target pointcloud_to_octomap
[0.199s] [ 66%] Built target depth_to_pointcloud
[0.218s] [ 83%] [32mBuilding CXX object CMakeFiles/lantern_detector.dir/src/lantern_detector.cpp.o[0m
[7.680s] [01m[K/home/jiacheng/autonomoussystems2025/ros2_ws/src/perception_pkg/src/lantern_detector.cpp:275:36:[m[K [01;31m[Kerror: [m[Klambda-expression in unevaluated context only available with ‘[01m[K-std=c++20[m[K’ or ‘[01m[K-std=gnu++20[m[K’
[7.680s]   275 |     std::set<cv::Point2f, decltype([01;31m[K[[m[K](const cv::Point2f& a, const cv::Point2f& b) {
[7.681s]       |                                    [01;31m[K^[m[K
[7.681s] [01m[K/home/jiacheng/autonomoussystems2025/ros2_ws/src/perception_pkg/src/lantern_detector.cpp:278:7:[m[K [01;31m[Kerror: [m[Ktemplate argument 2 is invalid
[7.681s]   278 |     })[01;31m[K>[m[K detected_lanterns_;
[7.681s]       |       [01;31m[K^[m[K
[9.072s] [01m[K/home/jiacheng/autonomoussystems2025/ros2_ws/src/perception_pkg/src/lantern_detector.cpp:[m[K In member function ‘[01m[Kstd::vector<LanternDetectorNode::LanternDetection> LanternDetectorNode::[01;32m[KdetectLanterns[m[K(const cv::Mat&, cv::Mat&)[m[K’:
[9.072s] [01m[K/home/jiacheng/autonomoussystems2025/ros2_ws/src/perception_pkg/src/lantern_detector.cpp:148:73:[m[K [01;35m[Kwarning: [m[Kcomparison of integer expressions of different signedness: ‘[01m[Kstd::vector<LanternDetectorNode::LanternDetection>::size_type[m[K’ {aka ‘[01m[Klong unsigned int[m[K’} and ‘[01m[Kint[m[K’ [[01;35m[K]8;;https://gcc.gnu.org/onlinedocs/gcc/Warning-Options.html#index-Wsign-compare-Wsign-compare]8;;[m[K]
[9.072s]   148 |         for (size_t i = 0; i < color_ranges.size() && [01;35m[Kdetections.size() < max_lanterns_[m[K; ++i) {
[9.072s]       |                                                       [01;35m[K~~~~~~~~~~~~~~~~~~^~~~~~~~~~~~~~~[m[K
[9.076s] [01m[K/home/jiacheng/autonomoussystems2025/ros2_ws/src/perception_pkg/src/lantern_detector.cpp:170:90:[m[K [01;31m[Kerror: [m[Krequest for member ‘[01m[Ksize[m[K’ in ‘[01m[K((LanternDetectorNode*)this)->LanternDetectorNode::detected_lanterns_[m[K’, which is of non-class type ‘[01m[Kint[m[K’
[9.076s]   170 |                         detection.label = "Lantern_" + std::to_string(detected_lanterns_.[01;31m[Ksize[m[K() + 1);
[9.076s]       |                                                                                          [01;31m[K^~~~[m[K
[9.076s] [01m[K/home/jiacheng/autonomoussystems2025/ros2_ws/src/perception_pkg/src/lantern_detector.cpp:175:48:[m[K [01;31m[Kerror: [m[Krequest for member ‘[01m[Kinsert[m[K’ in ‘[01m[K((LanternDetectorNode*)this)->LanternDetectorNode::detected_lanterns_[m[K’, which is of non-class type ‘[01m[Kint[m[K’
[9.076s]   175 |                             detected_lanterns_.[01;31m[Kinsert[m[K(detection.center);
[9.076s]       |                                                [01;31m[K^~~~~~[m[K
[9.082s] [01m[K/home/jiacheng/autonomoussystems2025/ros2_ws/src/perception_pkg/src/lantern_detector.cpp:[m[K In member function ‘[01m[Kbool LanternDetectorNode::[01;32m[KisNewLantern[m[K(const cv::Point2f&)[m[K’:
[9.082s] [01m[K/home/jiacheng/autonomoussystems2025/ros2_ws/src/perception_pkg/src/lantern_detector.cpp:194:37:[m[K [01;31m[Kerror: [m[K‘[01m[Kbegin[m[K’ was not declared in this scope; did you mean ‘[01m[Kstd::begin[m[K’?
[9.082s]   194 |         for (const auto& existing : [01;31m[Kdetected_lanterns_[m[K) {
[9.082s]       |                                     [01;31m[K^~~~~~~~~~~~~~~~~~[m[K
[9.082s]       |                                     [32m[Kstd::begin[m[K
[9.082s] In file included from [01m[K/usr/include/c++/13/string:53[m[K,
[9.082s]                  from [01m[K/opt/ros/jazzy/include/rclcpp/rclcpp/copy_all_parameter_values.hpp:18[m[K,
[9.082s]                  from [01m[K/opt/ros/jazzy/include/rclcpp/rclcpp/rclcpp.hpp:171[m[K,
[9.082s]                  from [01m[K/home/jiacheng/autonomoussystems2025/ros2_ws/src/perception_pkg/src/lantern_detector.cpp:1[m[K:
[9.082s] [01m[K/usr/include/c++/13/bits/range_access.h:114:37:[m[K [01;36m[Knote: [m[K‘[01m[Kstd::begin[m[K’ declared here
[9.083s]   114 |   template<typename _Tp> const _Tp* [01;36m[Kbegin[m[K(const valarray<_Tp>&) noexcept;
[9.083s]       |                                     [01;36m[K^~~~~[m[K
[9.085s] [01m[K/home/jiacheng/autonomoussystems2025/ros2_ws/src/perception_pkg/src/lantern_detector.cpp:194:37:[m[K [01;31m[Kerror: [m[K‘[01m[Kend[m[K’ was not declared in this scope; did you mean ‘[01m[Kstd::end[m[K’?
[9.085s]   194 |         for (const auto& existing : [01;31m[Kdetected_lanterns_[m[K) {
[9.085s]       |                                     [01;31m[K^~~~~~~~~~~~~~~~~~[m[K
[9.085s]       |                                     [32m[Kstd::end[m[K
[9.086s] [01m[K/usr/include/c++/13/bits/range_access.h:116:37:[m[K [01;36m[Knote: [m[K‘[01m[Kstd::end[m[K’ declared here
[9.086s]   116 |   template<typename _Tp> const _Tp* [01;36m[Kend[m[K(const valarray<_Tp>&) noexcept;
[9.086s]       |                                     [01;36m[K^~~[m[K
[21.005s] gmake[2]: *** [CMakeFiles/lantern_detector.dir/build.make:76: CMakeFiles/lantern_detector.dir/src/lantern_detector.cpp.o] Error 1
[21.007s] gmake[1]: *** [CMakeFiles/Makefile2:193: CMakeFiles/lantern_detector.dir/all] Error 2
[21.008s] gmake: *** [Makefile:146: all] Error 2
[21.016s] Invoked command in '/home/jiacheng/autonomoussystems2025/ros2_ws/build/perception_pkg' returned '2': CMAKE_PREFIX_PATH=${CMAKE_PREFIX_PATH}:/opt/ros/jazzy DEBUGINFOD_URLS=https://debuginfod.ubuntu.com /usr/bin/cmake --build /home/jiacheng/autonomoussystems2025/ros2_ws/build/perception_pkg -- -j8 -l8
