[0.025s] Invoking command in '/home/jiacheng/autonomoussystems2025/ros2_ws/build/perception_pkg': CMAKE_PREFIX_PATH=${CMAKE_PREFIX_PATH}:/opt/ros/jazzy DEBUGINFOD_URLS=https://debuginfod.ubuntu.com /usr/bin/cmake /home/jiacheng/autonomoussystems2025/ros2_ws/src/perception_pkg -DCMAKE_BUILD_TYPE=Release -DCMAKE_INSTALL_PREFIX=/home/jiacheng/autonomoussystems2025/ros2_ws/install/perception_pkg
[0.191s] -- The C compiler identification is GNU 13.3.0
[0.336s] -- The CXX compiler identification is GNU 13.3.0
[0.388s] -- Detecting C compiler ABI info
[0.660s] -- Detecting C compiler ABI info - done
[0.670s] -- Check for working C compiler: /usr/bin/cc - skipped
[0.670s] -- Detecting C compile features
[0.670s] -- Detecting C compile features - done
[0.695s] -- Detecting CXX compiler ABI info
[1.004s] -- Detecting CXX compiler ABI info - done
[1.017s] -- Check for working CXX compiler: /usr/bin/c++ - skipped
[1.018s] -- Detecting CXX compile features
[1.020s] -- Detecting CXX compile features - done
[1.032s] -- Found ament_cmake: 2.5.4 (/opt/ros/jazzy/share/ament_cmake/cmake)
[1.399s] -- Found Python3: /usr/bin/python3 (found version "3.12.3") found components: Interpreter 
[1.691s] -- Found rclcpp: 28.1.13 (/opt/ros/jazzy/share/rclcpp/cmake)
[1.768s] -- Found rosidl_generator_c: 4.6.6 (/opt/ros/jazzy/share/rosidl_generator_c/cmake)
[1.796s] -- Found rosidl_generator_cpp: 4.6.6 (/opt/ros/jazzy/share/rosidl_generator_cpp/cmake)
[1.831s] -- Using all available rosidl_typesupport_c: rosidl_typesupport_fastrtps_c;rosidl_typesupport_introspection_c
[1.874s] -- Using all available rosidl_typesupport_cpp: rosidl_typesupport_fastrtps_cpp;rosidl_typesupport_introspection_cpp
[2.025s] -- Found rmw_implementation_cmake: 7.3.2 (/opt/ros/jazzy/share/rmw_implementation_cmake/cmake)
[2.032s] -- Found rmw_fastrtps_cpp: 8.4.3 (/opt/ros/jazzy/share/rmw_fastrtps_cpp/cmake)
[2.324s] -- Found OpenSSL: /usr/lib/x86_64-linux-gnu/libcrypto.so (found version "3.0.13")  
[2.382s] -- Found FastRTPS: /opt/ros/jazzy/include (Required is at least version "2.13") 
[2.451s] -- Using RMW implementation 'rmw_fastrtps_cpp' as default
[2.593s] -- Found sensor_msgs: 5.3.6 (/opt/ros/jazzy/share/sensor_msgs/cmake)
[2.700s] -- Found cv_bridge: 4.1.0 (/opt/ros/jazzy/share/cv_bridge/cmake)
[2.739s] -- Found octomap_msgs: 2.0.1 (/opt/ros/jazzy/share/octomap_msgs/cmake)
[2.778s] -- Found tf2_ros: 0.36.16 (/opt/ros/jazzy/share/tf2_ros/cmake)
[3.014s] -- Found tf2_geometry_msgs: 0.36.16 (/opt/ros/jazzy/share/tf2_geometry_msgs/cmake)
[3.037s] -- Found eigen3_cmake_module: 0.3.0 (/opt/ros/jazzy/share/eigen3_cmake_module/cmake)
[3.040s] -- Found Eigen3: TRUE (found version "3.4.0") 
[3.041s] -- Ensuring Eigen3 include directory is part of orocos-kdl CMake target
[3.045s] -- Found visualization_msgs: 5.3.6 (/opt/ros/jazzy/share/visualization_msgs/cmake)
[3.095s] -- Found ament_lint_auto: 0.17.3 (/opt/ros/jazzy/share/ament_lint_auto/cmake)
[3.382s] -- Added test 'copyright' to check source files copyright and LICENSE
[3.386s] -- Added test 'cppcheck' to perform static code analysis on C / C++ code
[3.387s] -- Configured cppcheck include dirs: $<BUILD_INTERFACE:/home/jiacheng/autonomoussystems2025/ros2_ws/src/perception_pkg/include>
[3.387s] -- Configured cppcheck exclude dirs and/or files: 
[3.392s] -- Added test 'cpplint' to check C / C++ code against the Google style
[3.392s] -- Configured cpplint exclude dirs and/or files: 
[3.394s] -- Added test 'flake8' to check Python code syntax and style conventions
[3.394s] -- Configured 'flake8' exclude dirs and/or files: 
[3.396s] -- Added test 'lint_cmake' to check CMake code style
[3.399s] -- Added test 'pep257' to check Python code against some of the docstring style conventions in PEP 257
[3.402s] -- Added test 'uncrustify' to check C / C++ code style
[3.402s] -- Configured uncrustify additional arguments: 
[3.404s] -- Added test 'xmllint' to check XML markup files
[3.410s] -- Configuring done (3.3s)
[3.467s] -- Generating done (0.0s)
[3.477s] -- Build files have been written to: /home/jiacheng/autonomoussystems2025/ros2_ws/build/perception_pkg
[3.534s] Invoked command in '/home/jiacheng/autonomoussystems2025/ros2_ws/build/perception_pkg' returned '0': CMAKE_PREFIX_PATH=${CMAKE_PREFIX_PATH}:/opt/ros/jazzy DEBUGINFOD_URLS=https://debuginfod.ubuntu.com /usr/bin/cmake /home/jiacheng/autonomoussystems2025/ros2_ws/src/perception_pkg -DCMAKE_BUILD_TYPE=Release -DCMAKE_INSTALL_PREFIX=/home/jiacheng/autonomoussystems2025/ros2_ws/install/perception_pkg
[3.535s] Invoking command in '/home/jiacheng/autonomoussystems2025/ros2_ws/build/perception_pkg': CMAKE_PREFIX_PATH=${CMAKE_PREFIX_PATH}:/opt/ros/jazzy DEBUGINFOD_URLS=https://debuginfod.ubuntu.com /usr/bin/cmake --build /home/jiacheng/autonomoussystems2025/ros2_ws/build/perception_pkg -- -j8 -l8
[3.685s] [ 16%] [32mBuilding CXX object CMakeFiles/depth_to_pointcloud.dir/src/depth_to_pointcloud.cpp.o[0m
[3.686s] [ 33%] [32mBuilding CXX object CMakeFiles/pointcloud_to_octomap.dir/src/pointcloud_to_octomap.cpp.o[0m
[3.694s] [ 50%] [32mBuilding CXX object CMakeFiles/lantern_detector.dir/src/lantern_detector.cpp.o[0m
[13.486s] [01m[K/home/jiacheng/autonomoussystems2025/ros2_ws/src/perception_pkg/src/lantern_detector.cpp:[m[K In member function ‘[01m[Kstd::vector<LanternDetectorNode::LanternDetection> LanternDetectorNode::[01;32m[KdetectLanterns[m[K(const cv::Mat&, cv::Mat&)[m[K’:
[13.487s] [01m[K/home/jiacheng/autonomoussystems2025/ros2_ws/src/perception_pkg/src/lantern_detector.cpp:148:73:[m[K [01;35m[Kwarning: [m[Kcomparison of integer expressions of different signedness: ‘[01m[Kstd::vector<LanternDetectorNode::LanternDetection>::size_type[m[K’ {aka ‘[01m[Klong unsigned int[m[K’} and ‘[01m[Kint[m[K’ [[01;35m[K]8;;https://gcc.gnu.org/onlinedocs/gcc/Warning-Options.html#index-Wsign-compare-Wsign-compare]8;;[m[K]
[13.487s]   148 |         for (size_t i = 0; i < color_ranges.size() && [01;35m[Kdetections.size() < max_lanterns_[m[K; ++i) {
[13.487s]       |                                                       [01;35m[K~~~~~~~~~~~~~~~~~~^~~~~~~~~~~~~~~[m[K
[13.504s] [01m[K/home/jiacheng/autonomoussystems2025/ros2_ws/src/perception_pkg/src/lantern_detector.cpp:[m[K In member function ‘[01m[Kvoid LanternDetectorNode::[01;32m[KpublishDetections[m[K(const std::vector<LanternDetection>&, const std_msgs::msg::Header&)[m[K’:
[13.505s] [01m[K/home/jiacheng/autonomoussystems2025/ros2_ws/src/perception_pkg/src/lantern_detector.cpp:204:56:[m[K [01;35m[Kwarning: [m[Kunused parameter ‘[01m[Kheader[m[K’ [[01;35m[K]8;;https://gcc.gnu.org/onlinedocs/gcc/Warning-Options.html#index-Wunused-parameter-Wunused-parameter]8;;[m[K]
[13.505s]   204 |                           [01;35m[Kconst std_msgs::msg::Header& header[m[K)
[13.505s]       |                           [01;35m[K~~~~~~~~~~~~~~~~~~~~~~~~~~~~~^~~~~~[m[K
[46.220s] [ 66%] [32m[1mLinking CXX executable pointcloud_to_octomap[0m
[46.796s] [ 66%] Built target pointcloud_to_octomap
[49.358s] [ 83%] [32m[1mLinking CXX executable depth_to_pointcloud[0m
[50.517s] [ 83%] Built target depth_to_pointcloud
[54.410s] [100%] [32m[1mLinking CXX executable lantern_detector[0m
[55.686s] [100%] Built target lantern_detector
[55.718s] Invoked command in '/home/jiacheng/autonomoussystems2025/ros2_ws/build/perception_pkg' returned '0': CMAKE_PREFIX_PATH=${CMAKE_PREFIX_PATH}:/opt/ros/jazzy DEBUGINFOD_URLS=https://debuginfod.ubuntu.com /usr/bin/cmake --build /home/jiacheng/autonomoussystems2025/ros2_ws/build/perception_pkg -- -j8 -l8
[55.749s] Invoking command in '/home/jiacheng/autonomoussystems2025/ros2_ws/build/perception_pkg': CMAKE_PREFIX_PATH=${CMAKE_PREFIX_PATH}:/opt/ros/jazzy DEBUGINFOD_URLS=https://debuginfod.ubuntu.com /usr/bin/cmake --install /home/jiacheng/autonomoussystems2025/ros2_ws/build/perception_pkg
[55.767s] -- Install configuration: "Release"
[55.768s] -- Installing: /home/jiacheng/autonomoussystems2025/ros2_ws/install/perception_pkg/lib/perception_pkg/depth_to_pointcloud
[55.772s] -- Set non-toolchain portion of runtime path of "/home/jiacheng/autonomoussystems2025/ros2_ws/install/perception_pkg/lib/perception_pkg/depth_to_pointcloud" to ""
[55.774s] -- Installing: /home/jiacheng/autonomoussystems2025/ros2_ws/install/perception_pkg/lib/perception_pkg/pointcloud_to_octomap
[55.780s] -- Set non-toolchain portion of runtime path of "/home/jiacheng/autonomoussystems2025/ros2_ws/install/perception_pkg/lib/perception_pkg/pointcloud_to_octomap" to ""
[55.781s] -- Installing: /home/jiacheng/autonomoussystems2025/ros2_ws/install/perception_pkg/lib/perception_pkg/lantern_detector
[55.786s] -- Set non-toolchain portion of runtime path of "/home/jiacheng/autonomoussystems2025/ros2_ws/install/perception_pkg/lib/perception_pkg/lantern_detector" to ""
[55.786s] -- Installing: /home/jiacheng/autonomoussystems2025/ros2_ws/install/perception_pkg/share/perception_pkg//launch
[55.786s] -- Installing: /home/jiacheng/autonomoussystems2025/ros2_ws/install/perception_pkg/share/perception_pkg//launch/lantern_detector.launch.py
[55.786s] -- Installing: /home/jiacheng/autonomoussystems2025/ros2_ws/install/perception_pkg/share/perception_pkg//launch/perception.launch.py
[55.786s] -- Installing: /home/jiacheng/autonomoussystems2025/ros2_ws/install/perception_pkg/share/perception_pkg//launch/octomap.launch.py
[55.787s] -- Installing: /home/jiacheng/autonomoussystems2025/ros2_ws/install/perception_pkg/share/ament_index/resource_index/package_run_dependencies/perception_pkg
[55.788s] -- Installing: /home/jiacheng/autonomoussystems2025/ros2_ws/install/perception_pkg/share/ament_index/resource_index/parent_prefix_path/perception_pkg
[55.788s] -- Installing: /home/jiacheng/autonomoussystems2025/ros2_ws/install/perception_pkg/share/perception_pkg/environment/ament_prefix_path.sh
[55.788s] -- Installing: /home/jiacheng/autonomoussystems2025/ros2_ws/install/perception_pkg/share/perception_pkg/environment/ament_prefix_path.dsv
[55.788s] -- Installing: /home/jiacheng/autonomoussystems2025/ros2_ws/install/perception_pkg/share/perception_pkg/environment/path.sh
[55.788s] -- Installing: /home/jiacheng/autonomoussystems2025/ros2_ws/install/perception_pkg/share/perception_pkg/environment/path.dsv
[55.788s] -- Installing: /home/jiacheng/autonomoussystems2025/ros2_ws/install/perception_pkg/share/perception_pkg/local_setup.bash
[55.788s] -- Installing: /home/jiacheng/autonomoussystems2025/ros2_ws/install/perception_pkg/share/perception_pkg/local_setup.sh
[55.789s] -- Installing: /home/jiacheng/autonomoussystems2025/ros2_ws/install/perception_pkg/share/perception_pkg/local_setup.zsh
[55.789s] -- Installing: /home/jiacheng/autonomoussystems2025/ros2_ws/install/perception_pkg/share/perception_pkg/local_setup.dsv
[55.790s] -- Installing: /home/jiacheng/autonomoussystems2025/ros2_ws/install/perception_pkg/share/perception_pkg/package.dsv
[55.790s] -- Installing: /home/jiacheng/autonomoussystems2025/ros2_ws/install/perception_pkg/share/ament_index/resource_index/packages/perception_pkg
[55.791s] -- Installing: /home/jiacheng/autonomoussystems2025/ros2_ws/install/perception_pkg/share/perception_pkg/cmake/perception_pkgConfig.cmake
[55.791s] -- Installing: /home/jiacheng/autonomoussystems2025/ros2_ws/install/perception_pkg/share/perception_pkg/cmake/perception_pkgConfig-version.cmake
[55.791s] -- Installing: /home/jiacheng/autonomoussystems2025/ros2_ws/install/perception_pkg/share/perception_pkg/package.xml
[55.798s] Invoked command in '/home/jiacheng/autonomoussystems2025/ros2_ws/build/perception_pkg' returned '0': CMAKE_PREFIX_PATH=${CMAKE_PREFIX_PATH}:/opt/ros/jazzy DEBUGINFOD_URLS=https://debuginfod.ubuntu.com /usr/bin/cmake --install /home/jiacheng/autonomoussystems2025/ros2_ws/build/perception_pkg
