[0.019s] Invoking command in '/home/jiacheng/autonomoussystems2025/ros2_ws/build/controller_pkg': AMENT_PREFIX_PATH=/home/jiacheng/autonomoussystems2025/ros2_ws/install/mav_msgs:${AMENT_PREFIX_PATH} CMAKE_PREFIX_PATH=/home/jiacheng/autonomoussystems2025/ros2_ws/install/mav_msgs:/opt/ros/jazzy/opt/gz_math_vendor:/opt/ros/jazzy/opt/gz_utils_vendor:/opt/ros/jazzy/opt/gz_cmake_vendor:/opt/ros/jazzy DEBUGINFOD_URLS=https://debuginfod.ubuntu.com LD_LIBRARY_PATH=/home/jiacheng/autonomoussystems2025/ros2_ws/install/mav_msgs/lib:${LD_LIBRARY_PATH} PYTHONPATH=/home/jiacheng/autonomoussystems2025/ros2_ws/install/mav_msgs/lib/python3.12/site-packages:${PYTHONPATH} /usr/bin/cmake --build /home/jiacheng/autonomoussystems2025/ros2_ws/build/controller_pkg -- -j8 -l8
[0.219s] [100%] Built target controller_node
[0.240s] Invoked command in '/home/jiacheng/autonomoussystems2025/ros2_ws/build/controller_pkg' returned '0': AMENT_PREFIX_PATH=/home/jiacheng/autonomoussystems2025/ros2_ws/install/mav_msgs:${AMENT_PREFIX_PATH} CMAKE_PREFIX_PATH=/home/jiacheng/autonomoussystems2025/ros2_ws/install/mav_msgs:/opt/ros/jazzy/opt/gz_math_vendor:/opt/ros/jazzy/opt/gz_utils_vendor:/opt/ros/jazzy/opt/gz_cmake_vendor:/opt/ros/jazzy DEBUGINFOD_URLS=https://debuginfod.ubuntu.com LD_LIBRARY_PATH=/home/jiacheng/autonomoussystems2025/ros2_ws/install/mav_msgs/lib:${LD_LIBRARY_PATH} PYTHONPATH=/home/jiacheng/autonomoussystems2025/ros2_ws/install/mav_msgs/lib/python3.12/site-packages:${PYTHONPATH} /usr/bin/cmake --build /home/jiacheng/autonomoussystems2025/ros2_ws/build/controller_pkg -- -j8 -l8
[0.248s] Invoking command in '/home/jiacheng/autonomoussystems2025/ros2_ws/build/controller_pkg': AMENT_PREFIX_PATH=/home/jiacheng/autonomoussystems2025/ros2_ws/install/mav_msgs:${AMENT_PREFIX_PATH} CMAKE_PREFIX_PATH=/home/jiacheng/autonomoussystems2025/ros2_ws/install/mav_msgs:/opt/ros/jazzy/opt/gz_math_vendor:/opt/ros/jazzy/opt/gz_utils_vendor:/opt/ros/jazzy/opt/gz_cmake_vendor:/opt/ros/jazzy DEBUGINFOD_URLS=https://debuginfod.ubuntu.com LD_LIBRARY_PATH=/home/jiacheng/autonomoussystems2025/ros2_ws/install/mav_msgs/lib:${LD_LIBRARY_PATH} PYTHONPATH=/home/jiacheng/autonomoussystems2025/ros2_ws/install/mav_msgs/lib/python3.12/site-packages:${PYTHONPATH} /usr/bin/cmake --install /home/jiacheng/autonomoussystems2025/ros2_ws/build/controller_pkg
[0.284s] -- Install configuration: ""
[0.288s] -- Up-to-date: /home/jiacheng/autonomoussystems2025/ros2_ws/install/controller_pkg/lib/controller_pkg/controller_node
[0.292s] -- Up-to-date: /home/jiacheng/autonomoussystems2025/ros2_ws/install/controller_pkg/lib/libcontroller_lib.so
[0.292s] -- Up-to-date: /home/jiacheng/autonomoussystems2025/ros2_ws/install/controller_pkg/include/controller_pkg
[0.292s] -- Up-to-date: /home/jiacheng/autonomoussystems2025/ros2_ws/install/controller_pkg/include/controller_pkg/controller_pkg
[0.293s] -- Up-to-date: /home/jiacheng/autonomoussystems2025/ros2_ws/install/controller_pkg/include/controller_pkg/controller_pkg/controller_node.hpp
[0.293s] -- Up-to-date: /home/jiacheng/autonomoussystems2025/ros2_ws/install/controller_pkg/share/controller_pkg/launch
[0.293s] -- Up-to-date: /home/jiacheng/autonomoussystems2025/ros2_ws/install/controller_pkg/share/controller_pkg/launch/controller.launch.py
[0.293s] -- Up-to-date: /home/jiacheng/autonomoussystems2025/ros2_ws/install/controller_pkg/share/controller_pkg/config
[0.293s] -- Up-to-date: /home/jiacheng/autonomoussystems2025/ros2_ws/install/controller_pkg/share/controller_pkg/config/controller_params.yaml
[0.293s] -- Up-to-date: /home/jiacheng/autonomoussystems2025/ros2_ws/install/controller_pkg/share/ament_index/resource_index/package_run_dependencies/controller_pkg
[0.293s] -- Up-to-date: /home/jiacheng/autonomoussystems2025/ros2_ws/install/controller_pkg/share/ament_index/resource_index/parent_prefix_path/controller_pkg
[0.293s] -- Up-to-date: /home/jiacheng/autonomoussystems2025/ros2_ws/install/controller_pkg/share/controller_pkg/environment/ament_prefix_path.sh
[0.293s] -- Up-to-date: /home/jiacheng/autonomoussystems2025/ros2_ws/install/controller_pkg/share/controller_pkg/environment/ament_prefix_path.dsv
[0.293s] -- Up-to-date: /home/jiacheng/autonomoussystems2025/ros2_ws/install/controller_pkg/share/controller_pkg/environment/path.sh
[0.293s] -- Up-to-date: /home/jiacheng/autonomoussystems2025/ros2_ws/install/controller_pkg/share/controller_pkg/environment/path.dsv
[0.293s] -- Up-to-date: /home/jiacheng/autonomoussystems2025/ros2_ws/install/controller_pkg/share/controller_pkg/local_setup.bash
[0.293s] -- Up-to-date: /home/jiacheng/autonomoussystems2025/ros2_ws/install/controller_pkg/share/controller_pkg/local_setup.sh
[0.294s] -- Up-to-date: /home/jiacheng/autonomoussystems2025/ros2_ws/install/controller_pkg/share/controller_pkg/local_setup.zsh
[0.294s] -- Up-to-date: /home/jiacheng/autonomoussystems2025/ros2_ws/install/controller_pkg/share/controller_pkg/local_setup.dsv
[0.294s] -- Installing: /home/jiacheng/autonomoussystems2025/ros2_ws/install/controller_pkg/share/controller_pkg/package.dsv
[0.294s] -- Up-to-date: /home/jiacheng/autonomoussystems2025/ros2_ws/install/controller_pkg/share/ament_index/resource_index/packages/controller_pkg
[0.295s] -- Up-to-date: /home/jiacheng/autonomoussystems2025/ros2_ws/install/controller_pkg/share/controller_pkg/cmake/ament_cmake_export_dependencies-extras.cmake
[0.295s] -- Up-to-date: /home/jiacheng/autonomoussystems2025/ros2_ws/install/controller_pkg/share/controller_pkg/cmake/controller_pkgConfig.cmake
[0.295s] -- Up-to-date: /home/jiacheng/autonomoussystems2025/ros2_ws/install/controller_pkg/share/controller_pkg/cmake/controller_pkgConfig-version.cmake
[0.295s] -- Up-to-date: /home/jiacheng/autonomoussystems2025/ros2_ws/install/controller_pkg/share/controller_pkg/package.xml
[0.305s] Invoked command in '/home/jiacheng/autonomoussystems2025/ros2_ws/build/controller_pkg' returned '0': AMENT_PREFIX_PATH=/home/jiacheng/autonomoussystems2025/ros2_ws/install/mav_msgs:${AMENT_PREFIX_PATH} CMAKE_PREFIX_PATH=/home/jiacheng/autonomoussystems2025/ros2_ws/install/mav_msgs:/opt/ros/jazzy/opt/gz_math_vendor:/opt/ros/jazzy/opt/gz_utils_vendor:/opt/ros/jazzy/opt/gz_cmake_vendor:/opt/ros/jazzy DEBUGINFOD_URLS=https://debuginfod.ubuntu.com LD_LIBRARY_PATH=/home/jiacheng/autonomoussystems2025/ros2_ws/install/mav_msgs/lib:${LD_LIBRARY_PATH} PYTHONPATH=/home/jiacheng/autonomoussystems2025/ros2_ws/install/mav_msgs/lib/python3.12/site-packages:${PYTHONPATH} /usr/bin/cmake --install /home/jiacheng/autonomoussystems2025/ros2_ws/build/controller_pkg
