[0.019s] Invoking command in '/home/jiacheng/autonomoussystems2025/ros2_ws/build/simulation': AMENT_PREFIX_PATH=/home/jiacheng/autonomoussystems2025/ros2_ws/install/mav_msgs:${AMENT_PREFIX_PATH} CMAKE_PREFIX_PATH=/home/jiacheng/autonomoussystems2025/ros2_ws/install/mav_msgs:/opt/ros/jazzy/opt/gz_math_vendor:/opt/ros/jazzy/opt/gz_utils_vendor:/opt/ros/jazzy/opt/gz_cmake_vendor:/opt/ros/jazzy DEBUGINFOD_URLS=https://debuginfod.ubuntu.com LD_LIBRARY_PATH=/home/jiacheng/autonomoussystems2025/ros2_ws/install/mav_msgs/lib:${LD_LIBRARY_PATH} PYTHONPATH=/home/jiacheng/autonomoussystems2025/ros2_ws/install/mav_msgs/lib/python3.12/site-packages:${PYTHONPATH} /usr/bin/cmake /home/jiacheng/autonomoussystems2025/ros2_ws/src/simulation -DCMAKE_INSTALL_PREFIX=/home/jiacheng/autonomoussystems2025/ros2_ws/install/simulation
[0.199s] -- The C compiler identification is GNU 13.3.0
[0.325s] -- The CXX compiler identification is GNU 13.3.0
[0.385s] -- Detecting C compiler ABI info
[0.821s] -- Detecting C compiler ABI info - done
[0.841s] -- Check for working C compiler: /usr/bin/cc - skipped
[0.842s] -- Detecting C compile features
[0.844s] -- Detecting C compile features - done
[0.883s] -- Detecting CXX compiler ABI info
[1.301s] -- Detecting CXX compiler ABI info - done
[1.332s] -- Check for working CXX compiler: /usr/bin/c++ - skipped
[1.332s] -- Detecting CXX compile features
[1.339s] -- Detecting CXX compile features - done
[1.347s] -- Found ament_cmake: 2.5.4 (/opt/ros/jazzy/share/ament_cmake/cmake)
[1.779s] -- Found Python3: /usr/bin/python3 (found version "3.12.3") found components: Interpreter 
[2.378s] -- Found rclcpp: 28.1.13 (/opt/ros/jazzy/share/rclcpp/cmake)
[2.637s] -- Found rosidl_generator_c: 4.6.6 (/opt/ros/jazzy/share/rosidl_generator_c/cmake)
[2.699s] -- Found rosidl_generator_cpp: 4.6.6 (/opt/ros/jazzy/share/rosidl_generator_cpp/cmake)
[2.791s] -- Using all available rosidl_typesupport_c: rosidl_typesupport_fastrtps_c;rosidl_typesupport_introspection_c
[2.887s] -- Using all available rosidl_typesupport_cpp: rosidl_typesupport_fastrtps_cpp;rosidl_typesupport_introspection_cpp
[3.281s] -- Found rmw_implementation_cmake: 7.3.2 (/opt/ros/jazzy/share/rmw_implementation_cmake/cmake)
[3.310s] -- Found rmw_fastrtps_cpp: 8.4.3 (/opt/ros/jazzy/share/rmw_fastrtps_cpp/cmake)
[3.792s] -- Found OpenSSL: /usr/lib/x86_64-linux-gnu/libcrypto.so (found version "3.0.13")  
[3.911s] -- Found FastRTPS: /opt/ros/jazzy/include (Required is at least version "2.13") 
[4.008s] -- Using RMW implementation 'rmw_fastrtps_cpp' as default
[4.215s] -- Found std_msgs: 5.3.6 (/opt/ros/jazzy/share/std_msgs/cmake)
[4.243s] -- Found geometry_msgs: 5.3.6 (/opt/ros/jazzy/share/geometry_msgs/cmake)
[4.278s] -- Found tf2: 0.36.16 (/opt/ros/jazzy/share/tf2/cmake)
[4.286s] -- Found tf2_ros: 0.36.16 (/opt/ros/jazzy/share/tf2_ros/cmake)
[4.550s] -- Found tf2_geometry_msgs: 0.36.16 (/opt/ros/jazzy/share/tf2_geometry_msgs/cmake)
[4.596s] -- Found eigen3_cmake_module: 0.3.0 (/opt/ros/jazzy/share/eigen3_cmake_module/cmake)
[4.599s] -- Found Eigen3: TRUE (found version "3.4.0") 
[4.600s] -- Ensuring Eigen3 include directory is part of orocos-kdl CMake target
[4.603s] -- Found mav_msgs: 3.3.3 (/home/jiacheng/autonomoussystems2025/ros2_ws/install/mav_msgs/share/mav_msgs/cmake)
[4.721s] -- Found trajectory_msgs: 5.3.6 (/opt/ros/jazzy/share/trajectory_msgs/cmake)
[4.805s] -- Found visualization_msgs: 5.3.6 (/opt/ros/jazzy/share/visualization_msgs/cmake)
[5.029s] -- Found cv_bridge: 4.1.0 (/opt/ros/jazzy/share/cv_bridge/cmake)
[5.123s] -- Found OpenCV: /usr (found version "4.6.0") 
[5.248s] -- Performing Test CMAKE_HAVE_LIBC_PTHREAD
[5.660s] -- Performing Test CMAKE_HAVE_LIBC_PTHREAD - Success
[5.675s] -- Found Threads: TRUE  
[5.949s] -- Configuring done (5.9s)
[6.032s] -- Generating done (0.1s)
[6.068s] -- Build files have been written to: /home/jiacheng/autonomoussystems2025/ros2_ws/build/simulation
[6.165s] Invoked command in '/home/jiacheng/autonomoussystems2025/ros2_ws/build/simulation' returned '0': AMENT_PREFIX_PATH=/home/jiacheng/autonomoussystems2025/ros2_ws/install/mav_msgs:${AMENT_PREFIX_PATH} CMAKE_PREFIX_PATH=/home/jiacheng/autonomoussystems2025/ros2_ws/install/mav_msgs:/opt/ros/jazzy/opt/gz_math_vendor:/opt/ros/jazzy/opt/gz_utils_vendor:/opt/ros/jazzy/opt/gz_cmake_vendor:/opt/ros/jazzy DEBUGINFOD_URLS=https://debuginfod.ubuntu.com LD_LIBRARY_PATH=/home/jiacheng/autonomoussystems2025/ros2_ws/install/mav_msgs/lib:${LD_LIBRARY_PATH} PYTHONPATH=/home/jiacheng/autonomoussystems2025/ros2_ws/install/mav_msgs/lib/python3.12/site-packages:${PYTHONPATH} /usr/bin/cmake /home/jiacheng/autonomoussystems2025/ros2_ws/src/simulation -DCMAKE_INSTALL_PREFIX=/home/jiacheng/autonomoussystems2025/ros2_ws/install/simulation
[6.165s] Invoking command in '/home/jiacheng/autonomoussystems2025/ros2_ws/build/simulation': AMENT_PREFIX_PATH=/home/jiacheng/autonomoussystems2025/ros2_ws/install/mav_msgs:${AMENT_PREFIX_PATH} CMAKE_PREFIX_PATH=/home/jiacheng/autonomoussystems2025/ros2_ws/install/mav_msgs:/opt/ros/jazzy/opt/gz_math_vendor:/opt/ros/jazzy/opt/gz_utils_vendor:/opt/ros/jazzy/opt/gz_cmake_vendor:/opt/ros/jazzy DEBUGINFOD_URLS=https://debuginfod.ubuntu.com LD_LIBRARY_PATH=/home/jiacheng/autonomoussystems2025/ros2_ws/install/mav_msgs/lib:${LD_LIBRARY_PATH} PYTHONPATH=/home/jiacheng/autonomoussystems2025/ros2_ws/install/mav_msgs/lib/python3.12/site-packages:${PYTHONPATH} /usr/bin/cmake --build /home/jiacheng/autonomoussystems2025/ros2_ws/build/simulation -- -j2 -l2
[6.452s] [  5%] [34m[1mCreating directories for 'libsocket'[0m
[6.624s] [ 11%] [34m[1mPerforming download step (git clone) for 'libsocket'[0m
[6.651s] Cloning into 'libsocket'...
[8.812s] Already on 'master'
[8.812s] Your branch is up to date with 'origin/master'.
[9.081s] [ 16%] [34m[1mNo update step for 'libsocket'[0m
[9.139s] [ 22%] [34m[1mNo patch step for 'libsocket'[0m
[9.202s] [ 27%] [34m[1mPerforming configure step for 'libsocket'[0m
[9.232s] [33mCMake Warning (dev) at CMakeLists.txt:1 (PROJECT):
[9.232s]   cmake_minimum_required() should be called prior to this top-level project()
[9.232s]   call.  Please see the cmake-commands(7) manual for usage documentation of
[9.232s]   both commands.
[9.232s] This warning is for project developers.  Use -Wno-dev to suppress it.
[9.232s] [0m
[9.380s] -- The C compiler identification is GNU 13.3.0
[9.676s] -- The CXX compiler identification is GNU 13.3.0
[9.788s] -- Detecting C compiler ABI info
[10.453s] -- Detecting C compiler ABI info - done
[10.474s] -- Check for working C compiler: /usr/bin/cc - skipped
[10.474s] -- Detecting C compile features
[10.475s] -- Detecting C compile features - done
[10.529s] -- Detecting CXX compiler ABI info
[10.998s] -- Detecting CXX compiler ABI info - done
[11.039s] -- Check for working CXX compiler: /usr/bin/c++ - skipped
[11.041s] -- Detecting CXX compile features
[11.046s] -- Detecting CXX compile features - done
[11.054s] [0mCMake Deprecation Warning at CMakeLists.txt:2 (CMAKE_MINIMUM_REQUIRED):
[11.054s]   Compatibility with CMake < 3.5 will be removed from a future version of
[11.054s]   CMake.
[11.054s] 
[11.054s]   Update the VERSION argument <min> value or use a ...<max> suffix to tell
[11.054s]   CMake that the project does not need compatibility with older versions.
[11.054s] 
[11.054s] [0m
[11.054s] [0mCMake Deprecation Warning at C/CMakeLists.txt:1 (CMAKE_MINIMUM_REQUIRED):
[11.054s]   Compatibility with CMake < 3.5 will be removed from a future version of
[11.054s]   CMake.
[11.054s] 
[11.054s]   Update the VERSION argument <min> value or use a ...<max> suffix to tell
[11.054s]   CMake that the project does not need compatibility with older versions.
[11.054s] 
[11.054s] [0m
[11.058s] [0mCMake Deprecation Warning at headers/CMakeLists.txt:1 (CMAKE_MINIMUM_REQUIRED):
[11.058s]   Compatibility with CMake < 3.5 will be removed from a future version of
[11.058s]   CMake.
[11.058s] 
[11.058s]   Update the VERSION argument <min> value or use a ...<max> suffix to tell
[11.059s]   CMake that the project does not need compatibility with older versions.
[11.059s] 
[11.059s] [0m
[11.059s] [0mCMake Deprecation Warning at C++/CMakeLists.txt:1 (cmake_minimum_required):
[11.059s]   Compatibility with CMake < 3.5 will be removed from a future version of
[11.059s]   CMake.
[11.059s] 
[11.059s]   Update the VERSION argument <min> value or use a ...<max> suffix to tell
[11.059s]   CMake that the project does not need compatibility with older versions.
[11.059s] 
[11.059s] [0m
[11.126s] -- Configuring done (1.9s)
[11.208s] -- Generating done (0.1s)
[11.216s] -- Build files have been written to: /home/jiacheng/autonomoussystems2025/ros2_ws/build/simulation/libsocket-prefix/src/libsocket-build
[11.363s] [ 33%] [34m[1mPerforming build step for 'libsocket'[0m
[11.565s] [  4%] [32mBuilding C object C/CMakeFiles/socket_o.dir/inet/libinetsocket.c.o[0m
[12.417s] [  8%] [32mBuilding C object C/CMakeFiles/socket_o.dir/unix/libunixsocket.c.o[0m
[12.855s] [  8%] Built target socket_o
[13.013s] [ 12%] [32mBuilding CXX object C++/CMakeFiles/socket++_o.dir/dgramclient.cpp.o[0m
[13.930s] [ 16%] [32mBuilding CXX object C++/CMakeFiles/socket++_o.dir/dgramoverstream.cpp.o[0m
[14.885s] [ 20%] [32mBuilding CXX object C++/CMakeFiles/socket++_o.dir/framing.cpp.o[0m
[15.477s] [ 25%] [32mBuilding CXX object C++/CMakeFiles/socket++_o.dir/inetbase.cpp.o[0m
[15.865s] [ 29%] [32mBuilding CXX object C++/CMakeFiles/socket++_o.dir/inetclientstream.cpp.o[0m
[16.551s] [ 33%] [32mBuilding CXX object C++/CMakeFiles/socket++_o.dir/inetserverdgram.cpp.o[0m
[17.809s] [ 37%] [32mBuilding CXX object C++/CMakeFiles/socket++_o.dir/select.cpp.o[0m
[18.405s] [ 41%] [32mBuilding CXX object C++/CMakeFiles/socket++_o.dir/streamclient.cpp.o[0m
[19.616s] [ 45%] [32mBuilding CXX object C++/CMakeFiles/socket++_o.dir/unixclientdgram.cpp.o[0m
[20.434s] [ 50%] [32mBuilding CXX object C++/CMakeFiles/socket++_o.dir/unixdgram.cpp.o[0m
[21.174s] [ 54%] [32mBuilding CXX object C++/CMakeFiles/socket++_o.dir/unixserverstream.cpp.o[0m
[22.092s] [ 58%] [32mBuilding CXX object C++/CMakeFiles/socket++_o.dir/exception.cpp.o[0m
[22.725s] [ 62%] [32mBuilding CXX object C++/CMakeFiles/socket++_o.dir/inetclientdgram.cpp.o[0m
[23.440s] [ 66%] [32mBuilding CXX object C++/CMakeFiles/socket++_o.dir/inetdgram.cpp.o[0m
[24.745s] [ 70%] [32mBuilding CXX object C++/CMakeFiles/socket++_o.dir/inetserverstream.cpp.o[0m
[25.823s] [ 75%] [32mBuilding CXX object C++/CMakeFiles/socket++_o.dir/socket.cpp.o[0m
[26.333s] [ 79%] [32mBuilding CXX object C++/CMakeFiles/socket++_o.dir/unixbase.cpp.o[0m
[27.210s] [ 83%] [32mBuilding CXX object C++/CMakeFiles/socket++_o.dir/unixclientstream.cpp.o[0m
[28.433s] [ 87%] [32mBuilding CXX object C++/CMakeFiles/socket++_o.dir/unixserverdgram.cpp.o[0m
[29.155s] [ 87%] Built target socket++_o
[29.247s] [ 91%] [32m[1mLinking C static library libsocket_int.a[0m
[29.420s] [ 91%] Built target socket_int
[29.505s] [ 95%] [32m[1mLinking C shared library libsocket.so[0m
[29.610s] [ 95%] Built target socket
[29.815s] [100%] [32m[1mLinking CXX shared library libsocket++.so[0m
[29.945s] [100%] Built target socket++
[30.069s] [ 38%] [34m[1mPerforming install step for 'libsocket'[0m
[30.352s] [  8%] Built target socket_o
[30.460s] [ 87%] Built target socket++_o
[30.551s] [ 91%] Built target socket_int
[30.654s] [ 95%] Built target socket
[30.722s] [100%] Built target socket++
[30.820s] [36mInstall the project...[0m
[30.851s] -- Install configuration: "Release"
[30.856s] -- Installing: /home/jiacheng/autonomoussystems2025/ros2_ws/install/simulation/lib/libsocket.so
[30.867s] -- Installing: /home/jiacheng/autonomoussystems2025/ros2_ws/install/simulation/include/libsocket/unixdgram.hpp
[30.872s] -- Installing: /home/jiacheng/autonomoussystems2025/ros2_ws/install/simulation/include/libsocket/exception.hpp
[30.878s] -- Installing: /home/jiacheng/autonomoussystems2025/ros2_ws/install/simulation/include/libsocket/inetclientdgram.hpp
[30.879s] -- Installing: /home/jiacheng/autonomoussystems2025/ros2_ws/install/simulation/include/libsocket/libinetsocket.h
[30.879s] -- Installing: /home/jiacheng/autonomoussystems2025/ros2_ws/install/simulation/include/libsocket/unixserverstream.hpp
[30.879s] -- Installing: /home/jiacheng/autonomoussystems2025/ros2_ws/install/simulation/include/libsocket/dgramclient.hpp
[30.879s] -- Installing: /home/jiacheng/autonomoussystems2025/ros2_ws/install/simulation/include/libsocket/streamclient.hpp
[30.879s] -- Installing: /home/jiacheng/autonomoussystems2025/ros2_ws/install/simulation/include/libsocket/inetserverstream.hpp
[30.879s] -- Installing: /home/jiacheng/autonomoussystems2025/ros2_ws/install/simulation/include/libsocket/unixclientdgram.hpp
[30.879s] -- Installing: /home/jiacheng/autonomoussystems2025/ros2_ws/install/simulation/include/libsocket/socket.hpp
[30.879s] -- Installing: /home/jiacheng/autonomoussystems2025/ros2_ws/install/simulation/include/libsocket/inetbase.hpp
[30.900s] -- Installing: /home/jiacheng/autonomoussystems2025/ros2_ws/install/simulation/include/libsocket/inetserverdgram.hpp
[30.900s] -- Installing: /home/jiacheng/autonomoussystems2025/ros2_ws/install/simulation/include/libsocket/unixclientstream.hpp
[30.900s] -- Installing: /home/jiacheng/autonomoussystems2025/ros2_ws/install/simulation/include/libsocket/libunixsocket.h
[30.900s] -- Installing: /home/jiacheng/autonomoussystems2025/ros2_ws/install/simulation/include/libsocket/select.hpp
[30.904s] -- Installing: /home/jiacheng/autonomoussystems2025/ros2_ws/install/simulation/include/libsocket/inetclientstream.hpp
[30.904s] -- Installing: /home/jiacheng/autonomoussystems2025/ros2_ws/install/simulation/include/libsocket/unixbase.hpp
[30.904s] -- Installing: /home/jiacheng/autonomoussystems2025/ros2_ws/install/simulation/include/libsocket/unixserverdgram.hpp
[30.904s] -- Installing: /home/jiacheng/autonomoussystems2025/ros2_ws/install/simulation/include/libsocket/inetdgram.hpp
[30.911s] -- Installing: /home/jiacheng/autonomoussystems2025/ros2_ws/install/simulation/include/libsocket/dgramoverstream.hpp
[30.911s] -- Installing: /home/jiacheng/autonomoussystems2025/ros2_ws/install/simulation/include/libsocket/framing.hpp
[30.911s] -- Installing: /home/jiacheng/autonomoussystems2025/ros2_ws/install/simulation/include/libsocket/epoll.hpp
[30.911s] -- Installing: /home/jiacheng/autonomoussystems2025/ros2_ws/install/simulation/lib/libsocket++.so
[31.080s] [ 44%] [34m[1mCompleted 'libsocket'[0m
[31.414s] [ 44%] Built target libsocket
[31.634s] [ 50%] [32mBuilding CXX object CMakeFiles/state_estimate_corruptor_node.dir/src/state_estimate_corruptor_node.cpp.o[0m
[78.003s] [ 55%] [32m[1mLinking CXX executable state_estimate_corruptor_node[0m
[80.393s] [ 55%] Built target state_estimate_corruptor_node
[80.492s] [ 61%] [32mBuilding CXX object CMakeFiles/w_to_unity.dir/src/w_to_unity.cpp.o[0m
[105.140s] [ 66%] [32m[1mLinking CXX executable w_to_unity[0m
[107.099s] [ 66%] Built target w_to_unity
[107.183s] [ 72%] [32mBuilding CXX object tcpimage/CMakeFiles/tcpstreamreader.dir/TCPStreamReader.cpp.o[0m
[109.044s] [ 77%] [32m[1mLinking CXX static library libtcpstreamreader.a[0m
[109.223s] [ 77%] Built target tcpstreamreader
[109.333s] [ 83%] [32mBuilding CXX object tcpimage/CMakeFiles/tcpimage.dir/TCPImageServer.cpp.o[0m
[110.556s] [ 88%] [32m[1mLinking CXX static library libtcpimage.a[0m
[110.630s] [ 88%] Built target tcpimage
[110.745s] [ 94%] [32mBuilding CXX object CMakeFiles/unity_ros.dir/src/unity_ros.cpp.o[0m
[136.810s] [100%] [32m[1mLinking CXX executable unity_ros[0m
[139.175s] [100%] Built target unity_ros
[139.223s] Invoked command in '/home/jiacheng/autonomoussystems2025/ros2_ws/build/simulation' returned '0': AMENT_PREFIX_PATH=/home/jiacheng/autonomoussystems2025/ros2_ws/install/mav_msgs:${AMENT_PREFIX_PATH} CMAKE_PREFIX_PATH=/home/jiacheng/autonomoussystems2025/ros2_ws/install/mav_msgs:/opt/ros/jazzy/opt/gz_math_vendor:/opt/ros/jazzy/opt/gz_utils_vendor:/opt/ros/jazzy/opt/gz_cmake_vendor:/opt/ros/jazzy DEBUGINFOD_URLS=https://debuginfod.ubuntu.com LD_LIBRARY_PATH=/home/jiacheng/autonomoussystems2025/ros2_ws/install/mav_msgs/lib:${LD_LIBRARY_PATH} PYTHONPATH=/home/jiacheng/autonomoussystems2025/ros2_ws/install/mav_msgs/lib/python3.12/site-packages:${PYTHONPATH} /usr/bin/cmake --build /home/jiacheng/autonomoussystems2025/ros2_ws/build/simulation -- -j2 -l2
[139.224s] Invoking command in '/home/jiacheng/autonomoussystems2025/ros2_ws/build/simulation': AMENT_PREFIX_PATH=/home/jiacheng/autonomoussystems2025/ros2_ws/install/mav_msgs:${AMENT_PREFIX_PATH} CMAKE_PREFIX_PATH=/home/jiacheng/autonomoussystems2025/ros2_ws/install/mav_msgs:/opt/ros/jazzy/opt/gz_math_vendor:/opt/ros/jazzy/opt/gz_utils_vendor:/opt/ros/jazzy/opt/gz_cmake_vendor:/opt/ros/jazzy DEBUGINFOD_URLS=https://debuginfod.ubuntu.com LD_LIBRARY_PATH=/home/jiacheng/autonomoussystems2025/ros2_ws/install/mav_msgs/lib:${LD_LIBRARY_PATH} PYTHONPATH=/home/jiacheng/autonomoussystems2025/ros2_ws/install/mav_msgs/lib/python3.12/site-packages:${PYTHONPATH} /usr/bin/cmake --install /home/jiacheng/autonomoussystems2025/ros2_ws/build/simulation
[139.241s] -- Install configuration: ""
[139.246s] -- Installing: /home/jiacheng/autonomoussystems2025/ros2_ws/install/simulation/lib/simulation/w_to_unity
[139.286s] -- Set non-toolchain portion of runtime path of "/home/jiacheng/autonomoussystems2025/ros2_ws/install/simulation/lib/simulation/w_to_unity" to ""
[139.287s] -- Installing: /home/jiacheng/autonomoussystems2025/ros2_ws/install/simulation/lib/simulation/state_estimate_corruptor_node
[139.333s] -- Set non-toolchain portion of runtime path of "/home/jiacheng/autonomoussystems2025/ros2_ws/install/simulation/lib/simulation/state_estimate_corruptor_node" to ""
[139.336s] -- Installing: /home/jiacheng/autonomoussystems2025/ros2_ws/install/simulation/lib/simulation/unity_ros
[139.346s] -- Set non-toolchain portion of runtime path of "/home/jiacheng/autonomoussystems2025/ros2_ws/install/simulation/lib/simulation/unity_ros" to ""
[139.346s] -- Installing: /home/jiacheng/autonomoussystems2025/ros2_ws/install/simulation/share/simulation/launch
[139.346s] -- Installing: /home/jiacheng/autonomoussystems2025/ros2_ws/install/simulation/share/simulation/launch/unity_sim.launch.py
[139.347s] -- Installing: /home/jiacheng/autonomoussystems2025/ros2_ws/install/simulation/share/simulation/launch/simulation.launch.py
[139.347s] -- Installing: /home/jiacheng/autonomoussystems2025/ros2_ws/install/simulation/share/simulation/launch/unity_ros.launch.py
[139.348s] -- Installing: /home/jiacheng/autonomoussystems2025/ros2_ws/install/simulation/share/ament_index/resource_index/package_run_dependencies/simulation
[139.351s] -- Installing: /home/jiacheng/autonomoussystems2025/ros2_ws/install/simulation/share/ament_index/resource_index/parent_prefix_path/simulation
[139.357s] -- Installing: /home/jiacheng/autonomoussystems2025/ros2_ws/install/simulation/share/simulation/environment/ament_prefix_path.sh
[139.357s] -- Installing: /home/jiacheng/autonomoussystems2025/ros2_ws/install/simulation/share/simulation/environment/ament_prefix_path.dsv
[139.359s] -- Installing: /home/jiacheng/autonomoussystems2025/ros2_ws/install/simulation/share/simulation/environment/path.sh
[139.360s] -- Installing: /home/jiacheng/autonomoussystems2025/ros2_ws/install/simulation/share/simulation/environment/path.dsv
[139.364s] -- Installing: /home/jiacheng/autonomoussystems2025/ros2_ws/install/simulation/share/simulation/local_setup.bash
[139.364s] -- Installing: /home/jiacheng/autonomoussystems2025/ros2_ws/install/simulation/share/simulation/local_setup.sh
[139.365s] -- Installing: /home/jiacheng/autonomoussystems2025/ros2_ws/install/simulation/share/simulation/local_setup.zsh
[139.365s] -- Installing: /home/jiacheng/autonomoussystems2025/ros2_ws/install/simulation/share/simulation/local_setup.dsv
[139.367s] -- Installing: /home/jiacheng/autonomoussystems2025/ros2_ws/install/simulation/share/simulation/package.dsv
[139.367s] -- Installing: /home/jiacheng/autonomoussystems2025/ros2_ws/install/simulation/share/ament_index/resource_index/packages/simulation
[139.367s] -- Installing: /home/jiacheng/autonomoussystems2025/ros2_ws/install/simulation/share/simulation/cmake/ament_cmake_export_dependencies-extras.cmake
[139.368s] -- Installing: /home/jiacheng/autonomoussystems2025/ros2_ws/install/simulation/share/simulation/cmake/simulationConfig.cmake
[139.370s] -- Installing: /home/jiacheng/autonomoussystems2025/ros2_ws/install/simulation/share/simulation/cmake/simulationConfig-version.cmake
[139.377s] -- Installing: /home/jiacheng/autonomoussystems2025/ros2_ws/install/simulation/share/simulation/package.xml
[139.382s] Invoked command in '/home/jiacheng/autonomoussystems2025/ros2_ws/build/simulation' returned '0': AMENT_PREFIX_PATH=/home/jiacheng/autonomoussystems2025/ros2_ws/install/mav_msgs:${AMENT_PREFIX_PATH} CMAKE_PREFIX_PATH=/home/jiacheng/autonomoussystems2025/ros2_ws/install/mav_msgs:/opt/ros/jazzy/opt/gz_math_vendor:/opt/ros/jazzy/opt/gz_utils_vendor:/opt/ros/jazzy/opt/gz_cmake_vendor:/opt/ros/jazzy DEBUGINFOD_URLS=https://debuginfod.ubuntu.com LD_LIBRARY_PATH=/home/jiacheng/autonomoussystems2025/ros2_ws/install/mav_msgs/lib:${LD_LIBRARY_PATH} PYTHONPATH=/home/jiacheng/autonomoussystems2025/ros2_ws/install/mav_msgs/lib/python3.12/site-packages:${PYTHONPATH} /usr/bin/cmake --install /home/jiacheng/autonomoussystems2025/ros2_ws/build/simulation
