[0.016s] Invoking command in '/home/jiacheng/autonomoussystems2025/ros2_ws/build/mav_msgs': CMAKE_PREFIX_PATH=${CMAKE_PREFIX_PATH}:/opt/ros/jazzy DEBUGINFOD_URLS=https://debuginfod.ubuntu.com /usr/bin/cmake --build /home/jiacheng/autonomoussystems2025/ros2_ws/build/mav_msgs -- -j8 -l8
[0.135s] [  1%] Built target mav_msgs__rosidl_generator_type_description
[0.166s] [  1%] Built target ament_cmake_python_copy_mav_msgs
[0.180s] [  1%] Built target mav_msgs__cpp
[0.223s] [ 26%] Built target mav_msgs__rosidl_generator_c
[0.290s] [ 36%] Built target mav_msgs__rosidl_typesupport_c
[0.290s] [ 45%] Built target mav_msgs__rosidl_typesupport_introspection_c
[0.299s] [ 54%] Built target mav_msgs__rosidl_typesupport_cpp
[0.300s] [ 76%] Built target mav_msgs__rosidl_typesupport_fastrtps_cpp
[0.302s] [ 77%] Built target mav_msgs__rosidl_typesupport_introspection_cpp
[0.302s] [ 84%] Built target mav_msgs__rosidl_typesupport_fastrtps_c
[0.332s] [ 84%] Built target mav_msgs
[0.362s] [ 85%] Built target mav_msgs__py
[0.423s] running egg_info
[0.430s] [ 94%] Built target mav_msgs__rosidl_generator_py
[0.443s] writing mav_msgs.egg-info/PKG-INFO
[0.443s] writing dependency_links to mav_msgs.egg-info/dependency_links.txt
[0.443s] writing top-level names to mav_msgs.egg-info/top_level.txt
[0.482s] [ 96%] Built target mav_msgs_s__rosidl_typesupport_fastrtps_c
[0.482s] [ 98%] Built target mav_msgs_s__rosidl_typesupport_introspection_c
[0.489s] [100%] Built target mav_msgs_s__rosidl_typesupport_c
[0.490s] reading manifest file 'mav_msgs.egg-info/SOURCES.txt'
[0.491s] writing manifest file 'mav_msgs.egg-info/SOURCES.txt'
[0.530s] [100%] Built target ament_cmake_python_build_mav_msgs_egg
[0.558s] Invoked command in '/home/jiacheng/autonomoussystems2025/ros2_ws/build/mav_msgs' returned '0': CMAKE_PREFIX_PATH=${CMAKE_PREFIX_PATH}:/opt/ros/jazzy DEBUGINFOD_URLS=https://debuginfod.ubuntu.com /usr/bin/cmake --build /home/jiacheng/autonomoussystems2025/ros2_ws/build/mav_msgs -- -j8 -l8
[0.575s] Invoking command in '/home/jiacheng/autonomoussystems2025/ros2_ws/build/mav_msgs': CMAKE_PREFIX_PATH=${CMAKE_PREFIX_PATH}:/opt/ros/jazzy DEBUGINFOD_URLS=https://debuginfod.ubuntu.com /usr/bin/cmake --install /home/jiacheng/autonomoussystems2025/ros2_ws/build/mav_msgs
[0.587s] -- Install configuration: ""
[0.588s] -- Up-to-date: /home/jiacheng/autonomoussystems2025/ros2_ws/install/mav_msgs/share/ament_index/resource_index/rosidl_interfaces/mav_msgs
[0.589s] -- Up-to-date: /home/jiacheng/autonomoussystems2025/ros2_ws/install/mav_msgs/share/mav_msgs/msg/Actuators.json
[0.591s] -- Up-to-date: /home/jiacheng/autonomoussystems2025/ros2_ws/install/mav_msgs/share/mav_msgs/msg/AttitudeThrust.json
[0.592s] -- Up-to-date: /home/jiacheng/autonomoussystems2025/ros2_ws/install/mav_msgs/share/mav_msgs/msg/FilteredSensorData.json
[0.592s] -- Up-to-date: /home/jiacheng/autonomoussystems2025/ros2_ws/install/mav_msgs/share/mav_msgs/msg/GpsWaypoint.json
[0.592s] -- Up-to-date: /home/jiacheng/autonomoussystems2025/ros2_ws/install/mav_msgs/share/mav_msgs/msg/RateThrust.json
[0.592s] -- Up-to-date: /home/jiacheng/autonomoussystems2025/ros2_ws/install/mav_msgs/share/mav_msgs/msg/RollPitchYawrateThrust.json
[0.592s] -- Up-to-date: /home/jiacheng/autonomoussystems2025/ros2_ws/install/mav_msgs/share/mav_msgs/msg/Status.json
[0.593s] -- Up-to-date: /home/jiacheng/autonomoussystems2025/ros2_ws/install/mav_msgs/share/mav_msgs/msg/TorqueThrust.json
[0.594s] -- Up-to-date: /home/jiacheng/autonomoussystems2025/ros2_ws/install/mav_msgs/include/mav_msgs/mav_msgs
[0.594s] -- Up-to-date: /home/jiacheng/autonomoussystems2025/ros2_ws/install/mav_msgs/include/mav_msgs/mav_msgs/msg
[0.594s] -- Up-to-date: /home/jiacheng/autonomoussystems2025/ros2_ws/install/mav_msgs/include/mav_msgs/mav_msgs/msg/roll_pitch_yawrate_thrust.h
[0.595s] -- Up-to-date: /home/jiacheng/autonomoussystems2025/ros2_ws/install/mav_msgs/include/mav_msgs/mav_msgs/msg/attitude_thrust.h
[0.595s] -- Up-to-date: /home/jiacheng/autonomoussystems2025/ros2_ws/install/mav_msgs/include/mav_msgs/mav_msgs/msg/torque_thrust.h
[0.595s] -- Up-to-date: /home/jiacheng/autonomoussystems2025/ros2_ws/install/mav_msgs/include/mav_msgs/mav_msgs/msg/filtered_sensor_data.h
[0.595s] -- Up-to-date: /home/jiacheng/autonomoussystems2025/ros2_ws/install/mav_msgs/include/mav_msgs/mav_msgs/msg/detail
[0.595s] -- Up-to-date: /home/jiacheng/autonomoussystems2025/ros2_ws/install/mav_msgs/include/mav_msgs/mav_msgs/msg/detail/roll_pitch_yawrate_thrust__functions.c
[0.595s] -- Up-to-date: /home/jiacheng/autonomoussystems2025/ros2_ws/install/mav_msgs/include/mav_msgs/mav_msgs/msg/detail/filtered_sensor_data__functions.h
[0.595s] -- Up-to-date: /home/jiacheng/autonomoussystems2025/ros2_ws/install/mav_msgs/include/mav_msgs/mav_msgs/msg/detail/attitude_thrust__functions.h
[0.595s] -- Up-to-date: /home/jiacheng/autonomoussystems2025/ros2_ws/install/mav_msgs/include/mav_msgs/mav_msgs/msg/detail/gps_waypoint__description.c
[0.595s] -- Up-to-date: /home/jiacheng/autonomoussystems2025/ros2_ws/install/mav_msgs/include/mav_msgs/mav_msgs/msg/detail/torque_thrust__struct.h
[0.595s] -- Up-to-date: /home/jiacheng/autonomoussystems2025/ros2_ws/install/mav_msgs/include/mav_msgs/mav_msgs/msg/detail/filtered_sensor_data__struct.h
[0.595s] -- Up-to-date: /home/jiacheng/autonomoussystems2025/ros2_ws/install/mav_msgs/include/mav_msgs/mav_msgs/msg/detail/gps_waypoint__functions.h
[0.595s] -- Installing: /home/jiacheng/autonomoussystems2025/ros2_ws/install/mav_msgs/include/mav_msgs/mav_msgs/msg/detail/filtered_sensor_data__type_support.c
[0.595s] -- Up-to-date: /home/jiacheng/autonomoussystems2025/ros2_ws/install/mav_msgs/include/mav_msgs/mav_msgs/msg/detail/status__type_support.h
[0.595s] -- Up-to-date: /home/jiacheng/autonomoussystems2025/ros2_ws/install/mav_msgs/include/mav_msgs/mav_msgs/msg/detail/actuators__functions.c
[0.595s] -- Up-to-date: /home/jiacheng/autonomoussystems2025/ros2_ws/install/mav_msgs/include/mav_msgs/mav_msgs/msg/detail/gps_waypoint__functions.c
[0.595s] -- Installing: /home/jiacheng/autonomoussystems2025/ros2_ws/install/mav_msgs/include/mav_msgs/mav_msgs/msg/detail/roll_pitch_yawrate_thrust__type_support.c
[0.595s] -- Up-to-date: /home/jiacheng/autonomoussystems2025/ros2_ws/install/mav_msgs/include/mav_msgs/mav_msgs/msg/detail/rate_thrust__functions.h
[0.595s] -- Installing: /home/jiacheng/autonomoussystems2025/ros2_ws/install/mav_msgs/include/mav_msgs/mav_msgs/msg/detail/rate_thrust__type_support.c
[0.596s] -- Up-to-date: /home/jiacheng/autonomoussystems2025/ros2_ws/install/mav_msgs/include/mav_msgs/mav_msgs/msg/detail/rate_thrust__functions.c
[0.596s] -- Installing: /home/jiacheng/autonomoussystems2025/ros2_ws/install/mav_msgs/include/mav_msgs/mav_msgs/msg/detail/torque_thrust__type_support.c
[0.596s] -- Up-to-date: /home/jiacheng/autonomoussystems2025/ros2_ws/install/mav_msgs/include/mav_msgs/mav_msgs/msg/detail/torque_thrust__description.c
[0.597s] -- Up-to-date: /home/jiacheng/autonomoussystems2025/ros2_ws/install/mav_msgs/include/mav_msgs/mav_msgs/msg/detail/status__functions.h
[0.597s] -- Up-to-date: /home/jiacheng/autonomoussystems2025/ros2_ws/install/mav_msgs/include/mav_msgs/mav_msgs/msg/detail/actuators__functions.h
[0.598s] -- Up-to-date: /home/jiacheng/autonomoussystems2025/ros2_ws/install/mav_msgs/include/mav_msgs/mav_msgs/msg/detail/roll_pitch_yawrate_thrust__type_support.h
[0.598s] -- Up-to-date: /home/jiacheng/autonomoussystems2025/ros2_ws/install/mav_msgs/include/mav_msgs/mav_msgs/msg/detail/filtered_sensor_data__functions.c
[0.598s] -- Up-to-date: /home/jiacheng/autonomoussystems2025/ros2_ws/install/mav_msgs/include/mav_msgs/mav_msgs/msg/detail/attitude_thrust__description.c
[0.598s] -- Up-to-date: /home/jiacheng/autonomoussystems2025/ros2_ws/install/mav_msgs/include/mav_msgs/mav_msgs/msg/detail/attitude_thrust__type_support.h
[0.598s] -- Up-to-date: /home/jiacheng/autonomoussystems2025/ros2_ws/install/mav_msgs/include/mav_msgs/mav_msgs/msg/detail/roll_pitch_yawrate_thrust__description.c
[0.599s] -- Up-to-date: /home/jiacheng/autonomoussystems2025/ros2_ws/install/mav_msgs/include/mav_msgs/mav_msgs/msg/detail/gps_waypoint__struct.h
[0.599s] -- Up-to-date: /home/jiacheng/autonomoussystems2025/ros2_ws/install/mav_msgs/include/mav_msgs/mav_msgs/msg/detail/rate_thrust__type_support.h
[0.599s] -- Up-to-date: /home/jiacheng/autonomoussystems2025/ros2_ws/install/mav_msgs/include/mav_msgs/mav_msgs/msg/detail/actuators__type_support.h
[0.599s] -- Up-to-date: /home/jiacheng/autonomoussystems2025/ros2_ws/install/mav_msgs/include/mav_msgs/mav_msgs/msg/detail/attitude_thrust__struct.h
[0.599s] -- Up-to-date: /home/jiacheng/autonomoussystems2025/ros2_ws/install/mav_msgs/include/mav_msgs/mav_msgs/msg/detail/roll_pitch_yawrate_thrust__functions.h
[0.599s] -- Up-to-date: /home/jiacheng/autonomoussystems2025/ros2_ws/install/mav_msgs/include/mav_msgs/mav_msgs/msg/detail/actuators__description.c
[0.599s] -- Up-to-date: /home/jiacheng/autonomoussystems2025/ros2_ws/install/mav_msgs/include/mav_msgs/mav_msgs/msg/detail/torque_thrust__functions.h
[0.600s] -- Up-to-date: /home/jiacheng/autonomoussystems2025/ros2_ws/install/mav_msgs/include/mav_msgs/mav_msgs/msg/detail/filtered_sensor_data__description.c
[0.600s] -- Installing: /home/jiacheng/autonomoussystems2025/ros2_ws/install/mav_msgs/include/mav_msgs/mav_msgs/msg/detail/attitude_thrust__type_support.c
[0.600s] -- Up-to-date: /home/jiacheng/autonomoussystems2025/ros2_ws/install/mav_msgs/include/mav_msgs/mav_msgs/msg/detail/status__description.c
[0.600s] -- Installing: /home/jiacheng/autonomoussystems2025/ros2_ws/install/mav_msgs/include/mav_msgs/mav_msgs/msg/detail/gps_waypoint__type_support.c
[0.600s] -- Up-to-date: /home/jiacheng/autonomoussystems2025/ros2_ws/install/mav_msgs/include/mav_msgs/mav_msgs/msg/detail/actuators__struct.h
[0.600s] -- Up-to-date: /home/jiacheng/autonomoussystems2025/ros2_ws/install/mav_msgs/include/mav_msgs/mav_msgs/msg/detail/status__struct.h
[0.600s] -- Up-to-date: /home/jiacheng/autonomoussystems2025/ros2_ws/install/mav_msgs/include/mav_msgs/mav_msgs/msg/detail/torque_thrust__type_support.h
[0.600s] -- Up-to-date: /home/jiacheng/autonomoussystems2025/ros2_ws/install/mav_msgs/include/mav_msgs/mav_msgs/msg/detail/roll_pitch_yawrate_thrust__struct.h
[0.600s] -- Up-to-date: /home/jiacheng/autonomoussystems2025/ros2_ws/install/mav_msgs/include/mav_msgs/mav_msgs/msg/detail/rate_thrust__struct.h
[0.600s] -- Up-to-date: /home/jiacheng/autonomoussystems2025/ros2_ws/install/mav_msgs/include/mav_msgs/mav_msgs/msg/detail/gps_waypoint__type_support.h
[0.600s] -- Installing: /home/jiacheng/autonomoussystems2025/ros2_ws/install/mav_msgs/include/mav_msgs/mav_msgs/msg/detail/actuators__type_support.c
[0.600s] -- Up-to-date: /home/jiacheng/autonomoussystems2025/ros2_ws/install/mav_msgs/include/mav_msgs/mav_msgs/msg/detail/attitude_thrust__functions.c
[0.600s] -- Up-to-date: /home/jiacheng/autonomoussystems2025/ros2_ws/install/mav_msgs/include/mav_msgs/mav_msgs/msg/detail/status__functions.c
[0.600s] -- Up-to-date: /home/jiacheng/autonomoussystems2025/ros2_ws/install/mav_msgs/include/mav_msgs/mav_msgs/msg/detail/filtered_sensor_data__type_support.h
[0.600s] -- Up-to-date: /home/jiacheng/autonomoussystems2025/ros2_ws/install/mav_msgs/include/mav_msgs/mav_msgs/msg/detail/torque_thrust__functions.c
[0.600s] -- Up-to-date: /home/jiacheng/autonomoussystems2025/ros2_ws/install/mav_msgs/include/mav_msgs/mav_msgs/msg/detail/rate_thrust__description.c
[0.600s] -- Installing: /home/jiacheng/autonomoussystems2025/ros2_ws/install/mav_msgs/include/mav_msgs/mav_msgs/msg/detail/status__type_support.c
[0.601s] -- Up-to-date: /home/jiacheng/autonomoussystems2025/ros2_ws/install/mav_msgs/include/mav_msgs/mav_msgs/msg/rate_thrust.h
[0.601s] -- Up-to-date: /home/jiacheng/autonomoussystems2025/ros2_ws/install/mav_msgs/include/mav_msgs/mav_msgs/msg/gps_waypoint.h
[0.602s] -- Up-to-date: /home/jiacheng/autonomoussystems2025/ros2_ws/install/mav_msgs/include/mav_msgs/mav_msgs/msg/actuators.h
[0.602s] -- Up-to-date: /home/jiacheng/autonomoussystems2025/ros2_ws/install/mav_msgs/include/mav_msgs/mav_msgs/msg/rosidl_generator_c__visibility_control.h
[0.603s] -- Up-to-date: /home/jiacheng/autonomoussystems2025/ros2_ws/install/mav_msgs/include/mav_msgs/mav_msgs/msg/status.h
[0.603s] -- Up-to-date: /home/jiacheng/autonomoussystems2025/ros2_ws/install/mav_msgs/share/mav_msgs/environment/library_path.sh
[0.603s] -- Up-to-date: /home/jiacheng/autonomoussystems2025/ros2_ws/install/mav_msgs/share/mav_msgs/environment/library_path.dsv
[0.605s] -- Up-to-date: /home/jiacheng/autonomoussystems2025/ros2_ws/install/mav_msgs/lib/libmav_msgs__rosidl_generator_c.so
[0.605s] -- Up-to-date: /home/jiacheng/autonomoussystems2025/ros2_ws/install/mav_msgs/include/mav_msgs/mav_msgs
[0.605s] -- Up-to-date: /home/jiacheng/autonomoussystems2025/ros2_ws/install/mav_msgs/include/mav_msgs/mav_msgs/msg
[0.605s] -- Up-to-date: /home/jiacheng/autonomoussystems2025/ros2_ws/install/mav_msgs/include/mav_msgs/mav_msgs/msg/detail
[0.605s] -- Up-to-date: /home/jiacheng/autonomoussystems2025/ros2_ws/install/mav_msgs/include/mav_msgs/mav_msgs/msg/detail/torque_thrust__rosidl_typesupport_fastrtps_c.h
[0.605s] -- Up-to-date: /home/jiacheng/autonomoussystems2025/ros2_ws/install/mav_msgs/include/mav_msgs/mav_msgs/msg/detail/gps_waypoint__rosidl_typesupport_fastrtps_c.h
[0.605s] -- Up-to-date: /home/jiacheng/autonomoussystems2025/ros2_ws/install/mav_msgs/include/mav_msgs/mav_msgs/msg/detail/filtered_sensor_data__rosidl_typesupport_fastrtps_c.h
[0.605s] -- Up-to-date: /home/jiacheng/autonomoussystems2025/ros2_ws/install/mav_msgs/include/mav_msgs/mav_msgs/msg/detail/status__rosidl_typesupport_fastrtps_c.h
[0.605s] -- Up-to-date: /home/jiacheng/autonomoussystems2025/ros2_ws/install/mav_msgs/include/mav_msgs/mav_msgs/msg/detail/actuators__rosidl_typesupport_fastrtps_c.h
[0.606s] -- Up-to-date: /home/jiacheng/autonomoussystems2025/ros2_ws/install/mav_msgs/include/mav_msgs/mav_msgs/msg/detail/attitude_thrust__rosidl_typesupport_fastrtps_c.h
[0.606s] -- Up-to-date: /home/jiacheng/autonomoussystems2025/ros2_ws/install/mav_msgs/include/mav_msgs/mav_msgs/msg/detail/roll_pitch_yawrate_thrust__rosidl_typesupport_fastrtps_c.h
[0.606s] -- Up-to-date: /home/jiacheng/autonomoussystems2025/ros2_ws/install/mav_msgs/include/mav_msgs/mav_msgs/msg/detail/rate_thrust__rosidl_typesupport_fastrtps_c.h
[0.606s] -- Up-to-date: /home/jiacheng/autonomoussystems2025/ros2_ws/install/mav_msgs/include/mav_msgs/mav_msgs/msg/rosidl_typesupport_fastrtps_c__visibility_control.h
[0.606s] -- Up-to-date: /home/jiacheng/autonomoussystems2025/ros2_ws/install/mav_msgs/lib/libmav_msgs__rosidl_typesupport_fastrtps_c.so
[0.606s] -- Up-to-date: /home/jiacheng/autonomoussystems2025/ros2_ws/install/mav_msgs/include/mav_msgs/mav_msgs
[0.607s] -- Up-to-date: /home/jiacheng/autonomoussystems2025/ros2_ws/install/mav_msgs/include/mav_msgs/mav_msgs/msg
[0.607s] -- Up-to-date: /home/jiacheng/autonomoussystems2025/ros2_ws/install/mav_msgs/include/mav_msgs/mav_msgs/msg/detail
[0.607s] -- Installing: /home/jiacheng/autonomoussystems2025/ros2_ws/install/mav_msgs/include/mav_msgs/mav_msgs/msg/detail/filtered_sensor_data__type_support.c
[0.608s] -- Up-to-date: /home/jiacheng/autonomoussystems2025/ros2_ws/install/mav_msgs/include/mav_msgs/mav_msgs/msg/detail/torque_thrust__rosidl_typesupport_introspection_c.h
[0.608s] -- Up-to-date: /home/jiacheng/autonomoussystems2025/ros2_ws/install/mav_msgs/include/mav_msgs/mav_msgs/msg/detail/attitude_thrust__rosidl_typesupport_introspection_c.h
[0.608s] -- Installing: /home/jiacheng/autonomoussystems2025/ros2_ws/install/mav_msgs/include/mav_msgs/mav_msgs/msg/detail/roll_pitch_yawrate_thrust__type_support.c
[0.609s] -- Installing: /home/jiacheng/autonomoussystems2025/ros2_ws/install/mav_msgs/include/mav_msgs/mav_msgs/msg/detail/rate_thrust__type_support.c
[0.610s] -- Installing: /home/jiacheng/autonomoussystems2025/ros2_ws/install/mav_msgs/include/mav_msgs/mav_msgs/msg/detail/torque_thrust__type_support.c
[0.611s] -- Up-to-date: /home/jiacheng/autonomoussystems2025/ros2_ws/install/mav_msgs/include/mav_msgs/mav_msgs/msg/detail/status__rosidl_typesupport_introspection_c.h
[0.613s] -- Up-to-date: /home/jiacheng/autonomoussystems2025/ros2_ws/install/mav_msgs/include/mav_msgs/mav_msgs/msg/detail/actuators__rosidl_typesupport_introspection_c.h
[0.613s] -- Up-to-date: /home/jiacheng/autonomoussystems2025/ros2_ws/install/mav_msgs/include/mav_msgs/mav_msgs/msg/detail/rate_thrust__rosidl_typesupport_introspection_c.h
[0.613s] -- Up-to-date: /home/jiacheng/autonomoussystems2025/ros2_ws/install/mav_msgs/include/mav_msgs/mav_msgs/msg/detail/roll_pitch_yawrate_thrust__rosidl_typesupport_introspection_c.h
[0.613s] -- Up-to-date: /home/jiacheng/autonomoussystems2025/ros2_ws/install/mav_msgs/include/mav_msgs/mav_msgs/msg/detail/filtered_sensor_data__rosidl_typesupport_introspection_c.h
[0.613s] -- Installing: /home/jiacheng/autonomoussystems2025/ros2_ws/install/mav_msgs/include/mav_msgs/mav_msgs/msg/detail/attitude_thrust__type_support.c
[0.613s] -- Up-to-date: /home/jiacheng/autonomoussystems2025/ros2_ws/install/mav_msgs/include/mav_msgs/mav_msgs/msg/detail/gps_waypoint__rosidl_typesupport_introspection_c.h
[0.613s] -- Installing: /home/jiacheng/autonomoussystems2025/ros2_ws/install/mav_msgs/include/mav_msgs/mav_msgs/msg/detail/gps_waypoint__type_support.c
[0.613s] -- Installing: /home/jiacheng/autonomoussystems2025/ros2_ws/install/mav_msgs/include/mav_msgs/mav_msgs/msg/detail/actuators__type_support.c
[0.614s] -- Installing: /home/jiacheng/autonomoussystems2025/ros2_ws/install/mav_msgs/include/mav_msgs/mav_msgs/msg/detail/status__type_support.c
[0.615s] -- Up-to-date: /home/jiacheng/autonomoussystems2025/ros2_ws/install/mav_msgs/include/mav_msgs/mav_msgs/msg/rosidl_typesupport_introspection_c__visibility_control.h
[0.616s] -- Up-to-date: /home/jiacheng/autonomoussystems2025/ros2_ws/install/mav_msgs/lib/libmav_msgs__rosidl_typesupport_introspection_c.so
[0.618s] -- Up-to-date: /home/jiacheng/autonomoussystems2025/ros2_ws/install/mav_msgs/lib/libmav_msgs__rosidl_typesupport_c.so
[0.618s] -- Up-to-date: /home/jiacheng/autonomoussystems2025/ros2_ws/install/mav_msgs/include/mav_msgs/mav_msgs
[0.619s] -- Up-to-date: /home/jiacheng/autonomoussystems2025/ros2_ws/install/mav_msgs/include/mav_msgs/mav_msgs/msg
[0.619s] -- Up-to-date: /home/jiacheng/autonomoussystems2025/ros2_ws/install/mav_msgs/include/mav_msgs/mav_msgs/msg/filtered_sensor_data.hpp
[0.619s] -- Up-to-date: /home/jiacheng/autonomoussystems2025/ros2_ws/install/mav_msgs/include/mav_msgs/mav_msgs/msg/actuators.hpp
[0.619s] -- Up-to-date: /home/jiacheng/autonomoussystems2025/ros2_ws/install/mav_msgs/include/mav_msgs/mav_msgs/msg/status.hpp
[0.619s] -- Up-to-date: /home/jiacheng/autonomoussystems2025/ros2_ws/install/mav_msgs/include/mav_msgs/mav_msgs/msg/torque_thrust.hpp
[0.619s] -- Up-to-date: /home/jiacheng/autonomoussystems2025/ros2_ws/install/mav_msgs/include/mav_msgs/mav_msgs/msg/detail
[0.620s] -- Up-to-date: /home/jiacheng/autonomoussystems2025/ros2_ws/install/mav_msgs/include/mav_msgs/mav_msgs/msg/detail/rate_thrust__struct.hpp
[0.620s] -- Up-to-date: /home/jiacheng/autonomoussystems2025/ros2_ws/install/mav_msgs/include/mav_msgs/mav_msgs/msg/detail/roll_pitch_yawrate_thrust__type_support.hpp
[0.620s] -- Up-to-date: /home/jiacheng/autonomoussystems2025/ros2_ws/install/mav_msgs/include/mav_msgs/mav_msgs/msg/detail/attitude_thrust__traits.hpp
[0.620s] -- Up-to-date: /home/jiacheng/autonomoussystems2025/ros2_ws/install/mav_msgs/include/mav_msgs/mav_msgs/msg/detail/attitude_thrust__builder.hpp
[0.620s] -- Up-to-date: /home/jiacheng/autonomoussystems2025/ros2_ws/install/mav_msgs/include/mav_msgs/mav_msgs/msg/detail/gps_waypoint__builder.hpp
[0.620s] -- Up-to-date: /home/jiacheng/autonomoussystems2025/ros2_ws/install/mav_msgs/include/mav_msgs/mav_msgs/msg/detail/rate_thrust__builder.hpp
[0.623s] -- Up-to-date: /home/jiacheng/autonomoussystems2025/ros2_ws/install/mav_msgs/include/mav_msgs/mav_msgs/msg/detail/rate_thrust__traits.hpp
[0.623s] -- Up-to-date: /home/jiacheng/autonomoussystems2025/ros2_ws/install/mav_msgs/include/mav_msgs/mav_msgs/msg/detail/torque_thrust__traits.hpp
[0.623s] -- Up-to-date: /home/jiacheng/autonomoussystems2025/ros2_ws/install/mav_msgs/include/mav_msgs/mav_msgs/msg/detail/gps_waypoint__traits.hpp
[0.623s] -- Up-to-date: /home/jiacheng/autonomoussystems2025/ros2_ws/install/mav_msgs/include/mav_msgs/mav_msgs/msg/detail/roll_pitch_yawrate_thrust__struct.hpp
[0.623s] -- Up-to-date: /home/jiacheng/autonomoussystems2025/ros2_ws/install/mav_msgs/include/mav_msgs/mav_msgs/msg/detail/actuators__struct.hpp
[0.624s] -- Up-to-date: /home/jiacheng/autonomoussystems2025/ros2_ws/install/mav_msgs/include/mav_msgs/mav_msgs/msg/detail/roll_pitch_yawrate_thrust__traits.hpp
[0.624s] -- Up-to-date: /home/jiacheng/autonomoussystems2025/ros2_ws/install/mav_msgs/include/mav_msgs/mav_msgs/msg/detail/actuators__builder.hpp
[0.624s] -- Up-to-date: /home/jiacheng/autonomoussystems2025/ros2_ws/install/mav_msgs/include/mav_msgs/mav_msgs/msg/detail/filtered_sensor_data__type_support.hpp
[0.624s] -- Up-to-date: /home/jiacheng/autonomoussystems2025/ros2_ws/install/mav_msgs/include/mav_msgs/mav_msgs/msg/detail/filtered_sensor_data__struct.hpp
[0.624s] -- Up-to-date: /home/jiacheng/autonomoussystems2025/ros2_ws/install/mav_msgs/include/mav_msgs/mav_msgs/msg/detail/gps_waypoint__type_support.hpp
[0.625s] -- Up-to-date: /home/jiacheng/autonomoussystems2025/ros2_ws/install/mav_msgs/include/mav_msgs/mav_msgs/msg/detail/filtered_sensor_data__builder.hpp
[0.625s] -- Up-to-date: /home/jiacheng/autonomoussystems2025/ros2_ws/install/mav_msgs/include/mav_msgs/mav_msgs/msg/detail/status__struct.hpp
[0.625s] -- Up-to-date: /home/jiacheng/autonomoussystems2025/ros2_ws/install/mav_msgs/include/mav_msgs/mav_msgs/msg/detail/roll_pitch_yawrate_thrust__builder.hpp
[0.625s] -- Up-to-date: /home/jiacheng/autonomoussystems2025/ros2_ws/install/mav_msgs/include/mav_msgs/mav_msgs/msg/detail/attitude_thrust__type_support.hpp
[0.627s] -- Up-to-date: /home/jiacheng/autonomoussystems2025/ros2_ws/install/mav_msgs/include/mav_msgs/mav_msgs/msg/detail/attitude_thrust__struct.hpp
[0.628s] -- Up-to-date: /home/jiacheng/autonomoussystems2025/ros2_ws/install/mav_msgs/include/mav_msgs/mav_msgs/msg/detail/filtered_sensor_data__traits.hpp
[0.628s] -- Up-to-date: /home/jiacheng/autonomoussystems2025/ros2_ws/install/mav_msgs/include/mav_msgs/mav_msgs/msg/detail/status__type_support.hpp
[0.628s] -- Up-to-date: /home/jiacheng/autonomoussystems2025/ros2_ws/install/mav_msgs/include/mav_msgs/mav_msgs/msg/detail/torque_thrust__builder.hpp
[0.628s] -- Up-to-date: /home/jiacheng/autonomoussystems2025/ros2_ws/install/mav_msgs/include/mav_msgs/mav_msgs/msg/detail/status__builder.hpp
[0.628s] -- Up-to-date: /home/jiacheng/autonomoussystems2025/ros2_ws/install/mav_msgs/include/mav_msgs/mav_msgs/msg/detail/actuators__traits.hpp
[0.629s] -- Up-to-date: /home/jiacheng/autonomoussystems2025/ros2_ws/install/mav_msgs/include/mav_msgs/mav_msgs/msg/detail/gps_waypoint__struct.hpp
[0.629s] -- Up-to-date: /home/jiacheng/autonomoussystems2025/ros2_ws/install/mav_msgs/include/mav_msgs/mav_msgs/msg/detail/torque_thrust__type_support.hpp
[0.629s] -- Up-to-date: /home/jiacheng/autonomoussystems2025/ros2_ws/install/mav_msgs/include/mav_msgs/mav_msgs/msg/detail/actuators__type_support.hpp
[0.629s] -- Up-to-date: /home/jiacheng/autonomoussystems2025/ros2_ws/install/mav_msgs/include/mav_msgs/mav_msgs/msg/detail/rate_thrust__type_support.hpp
[0.629s] -- Up-to-date: /home/jiacheng/autonomoussystems2025/ros2_ws/install/mav_msgs/include/mav_msgs/mav_msgs/msg/detail/status__traits.hpp
[0.629s] -- Up-to-date: /home/jiacheng/autonomoussystems2025/ros2_ws/install/mav_msgs/include/mav_msgs/mav_msgs/msg/detail/torque_thrust__struct.hpp
[0.629s] -- Up-to-date: /home/jiacheng/autonomoussystems2025/ros2_ws/install/mav_msgs/include/mav_msgs/mav_msgs/msg/roll_pitch_yawrate_thrust.hpp
[0.629s] -- Up-to-date: /home/jiacheng/autonomoussystems2025/ros2_ws/install/mav_msgs/include/mav_msgs/mav_msgs/msg/gps_waypoint.hpp
[0.629s] -- Up-to-date: /home/jiacheng/autonomoussystems2025/ros2_ws/install/mav_msgs/include/mav_msgs/mav_msgs/msg/attitude_thrust.hpp
[0.629s] -- Up-to-date: /home/jiacheng/autonomoussystems2025/ros2_ws/install/mav_msgs/include/mav_msgs/mav_msgs/msg/rosidl_generator_cpp__visibility_control.hpp
[0.629s] -- Up-to-date: /home/jiacheng/autonomoussystems2025/ros2_ws/install/mav_msgs/include/mav_msgs/mav_msgs/msg/rate_thrust.hpp
[0.630s] -- Up-to-date: /home/jiacheng/autonomoussystems2025/ros2_ws/install/mav_msgs/include/mav_msgs/mav_msgs
[0.630s] -- Up-to-date: /home/jiacheng/autonomoussystems2025/ros2_ws/install/mav_msgs/include/mav_msgs/mav_msgs/msg
[0.631s] -- Up-to-date: /home/jiacheng/autonomoussystems2025/ros2_ws/install/mav_msgs/include/mav_msgs/mav_msgs/msg/detail
[0.631s] -- Up-to-date: /home/jiacheng/autonomoussystems2025/ros2_ws/install/mav_msgs/include/mav_msgs/mav_msgs/msg/detail/roll_pitch_yawrate_thrust__rosidl_typesupport_fastrtps_cpp.hpp
[0.631s] -- Up-to-date: /home/jiacheng/autonomoussystems2025/ros2_ws/install/mav_msgs/include/mav_msgs/mav_msgs/msg/detail/actuators__rosidl_typesupport_fastrtps_cpp.hpp
[0.631s] -- Up-to-date: /home/jiacheng/autonomoussystems2025/ros2_ws/install/mav_msgs/include/mav_msgs/mav_msgs/msg/detail/attitude_thrust__rosidl_typesupport_fastrtps_cpp.hpp
[0.633s] -- Up-to-date: /home/jiacheng/autonomoussystems2025/ros2_ws/install/mav_msgs/include/mav_msgs/mav_msgs/msg/detail/gps_waypoint__rosidl_typesupport_fastrtps_cpp.hpp
[0.633s] -- Up-to-date: /home/jiacheng/autonomoussystems2025/ros2_ws/install/mav_msgs/include/mav_msgs/mav_msgs/msg/detail/filtered_sensor_data__rosidl_typesupport_fastrtps_cpp.hpp
[0.633s] -- Up-to-date: /home/jiacheng/autonomoussystems2025/ros2_ws/install/mav_msgs/include/mav_msgs/mav_msgs/msg/detail/rate_thrust__rosidl_typesupport_fastrtps_cpp.hpp
[0.633s] -- Up-to-date: /home/jiacheng/autonomoussystems2025/ros2_ws/install/mav_msgs/include/mav_msgs/mav_msgs/msg/detail/status__rosidl_typesupport_fastrtps_cpp.hpp
[0.633s] -- Up-to-date: /home/jiacheng/autonomoussystems2025/ros2_ws/install/mav_msgs/include/mav_msgs/mav_msgs/msg/detail/dds_fastrtps
[0.633s] -- Up-to-date: /home/jiacheng/autonomoussystems2025/ros2_ws/install/mav_msgs/include/mav_msgs/mav_msgs/msg/detail/torque_thrust__rosidl_typesupport_fastrtps_cpp.hpp
[0.633s] -- Up-to-date: /home/jiacheng/autonomoussystems2025/ros2_ws/install/mav_msgs/include/mav_msgs/mav_msgs/msg/rosidl_typesupport_fastrtps_cpp__visibility_control.h
[0.633s] -- Up-to-date: /home/jiacheng/autonomoussystems2025/ros2_ws/install/mav_msgs/lib/libmav_msgs__rosidl_typesupport_fastrtps_cpp.so
[0.633s] -- Up-to-date: /home/jiacheng/autonomoussystems2025/ros2_ws/install/mav_msgs/include/mav_msgs/mav_msgs
[0.633s] -- Up-to-date: /home/jiacheng/autonomoussystems2025/ros2_ws/install/mav_msgs/include/mav_msgs/mav_msgs/msg
[0.634s] -- Up-to-date: /home/jiacheng/autonomoussystems2025/ros2_ws/install/mav_msgs/include/mav_msgs/mav_msgs/msg/detail
[0.634s] -- Up-to-date: /home/jiacheng/autonomoussystems2025/ros2_ws/install/mav_msgs/include/mav_msgs/mav_msgs/msg/detail/filtered_sensor_data__rosidl_typesupport_introspection_cpp.hpp
[0.634s] -- Up-to-date: /home/jiacheng/autonomoussystems2025/ros2_ws/install/mav_msgs/include/mav_msgs/mav_msgs/msg/detail/rate_thrust__type_support.cpp
[0.637s] -- Up-to-date: /home/jiacheng/autonomoussystems2025/ros2_ws/install/mav_msgs/include/mav_msgs/mav_msgs/msg/detail/gps_waypoint__type_support.cpp
[0.637s] -- Up-to-date: /home/jiacheng/autonomoussystems2025/ros2_ws/install/mav_msgs/include/mav_msgs/mav_msgs/msg/detail/gps_waypoint__rosidl_typesupport_introspection_cpp.hpp
[0.638s] -- Up-to-date: /home/jiacheng/autonomoussystems2025/ros2_ws/install/mav_msgs/include/mav_msgs/mav_msgs/msg/detail/roll_pitch_yawrate_thrust__type_support.cpp
[0.638s] -- Up-to-date: /home/jiacheng/autonomoussystems2025/ros2_ws/install/mav_msgs/include/mav_msgs/mav_msgs/msg/detail/attitude_thrust__type_support.cpp
[0.638s] -- Up-to-date: /home/jiacheng/autonomoussystems2025/ros2_ws/install/mav_msgs/include/mav_msgs/mav_msgs/msg/detail/actuators__rosidl_typesupport_introspection_cpp.hpp
[0.638s] -- Up-to-date: /home/jiacheng/autonomoussystems2025/ros2_ws/install/mav_msgs/include/mav_msgs/mav_msgs/msg/detail/torque_thrust__type_support.cpp
[0.638s] -- Up-to-date: /home/jiacheng/autonomoussystems2025/ros2_ws/install/mav_msgs/include/mav_msgs/mav_msgs/msg/detail/torque_thrust__rosidl_typesupport_introspection_cpp.hpp
[0.640s] -- Up-to-date: /home/jiacheng/autonomoussystems2025/ros2_ws/install/mav_msgs/include/mav_msgs/mav_msgs/msg/detail/filtered_sensor_data__type_support.cpp
[0.640s] -- Up-to-date: /home/jiacheng/autonomoussystems2025/ros2_ws/install/mav_msgs/include/mav_msgs/mav_msgs/msg/detail/actuators__type_support.cpp
[0.640s] -- Up-to-date: /home/jiacheng/autonomoussystems2025/ros2_ws/install/mav_msgs/include/mav_msgs/mav_msgs/msg/detail/roll_pitch_yawrate_thrust__rosidl_typesupport_introspection_cpp.hpp
[0.640s] -- Up-to-date: /home/jiacheng/autonomoussystems2025/ros2_ws/install/mav_msgs/include/mav_msgs/mav_msgs/msg/detail/attitude_thrust__rosidl_typesupport_introspection_cpp.hpp
[0.640s] -- Up-to-date: /home/jiacheng/autonomoussystems2025/ros2_ws/install/mav_msgs/include/mav_msgs/mav_msgs/msg/detail/rate_thrust__rosidl_typesupport_introspection_cpp.hpp
[0.640s] -- Up-to-date: /home/jiacheng/autonomoussystems2025/ros2_ws/install/mav_msgs/include/mav_msgs/mav_msgs/msg/detail/status__rosidl_typesupport_introspection_cpp.hpp
[0.641s] -- Up-to-date: /home/jiacheng/autonomoussystems2025/ros2_ws/install/mav_msgs/include/mav_msgs/mav_msgs/msg/detail/status__type_support.cpp
[0.641s] -- Up-to-date: /home/jiacheng/autonomoussystems2025/ros2_ws/install/mav_msgs/lib/libmav_msgs__rosidl_typesupport_introspection_cpp.so
[0.642s] -- Up-to-date: /home/jiacheng/autonomoussystems2025/ros2_ws/install/mav_msgs/lib/libmav_msgs__rosidl_typesupport_cpp.so
[0.642s] -- Up-to-date: /home/jiacheng/autonomoussystems2025/ros2_ws/install/mav_msgs/share/mav_msgs/environment/pythonpath.sh
[0.642s] -- Up-to-date: /home/jiacheng/autonomoussystems2025/ros2_ws/install/mav_msgs/share/mav_msgs/environment/pythonpath.dsv
[0.642s] -- Up-to-date: /home/jiacheng/autonomoussystems2025/ros2_ws/install/mav_msgs/lib/python3.12/site-packages/mav_msgs-3.3.3-py3.12.egg-info
[0.642s] -- Installing: /home/jiacheng/autonomoussystems2025/ros2_ws/install/mav_msgs/lib/python3.12/site-packages/mav_msgs-3.3.3-py3.12.egg-info/top_level.txt
[0.642s] -- Installing: /home/jiacheng/autonomoussystems2025/ros2_ws/install/mav_msgs/lib/python3.12/site-packages/mav_msgs-3.3.3-py3.12.egg-info/PKG-INFO
[0.642s] -- Installing: /home/jiacheng/autonomoussystems2025/ros2_ws/install/mav_msgs/lib/python3.12/site-packages/mav_msgs-3.3.3-py3.12.egg-info/dependency_links.txt
[0.642s] -- Installing: /home/jiacheng/autonomoussystems2025/ros2_ws/install/mav_msgs/lib/python3.12/site-packages/mav_msgs-3.3.3-py3.12.egg-info/SOURCES.txt
[0.642s] -- Up-to-date: /home/jiacheng/autonomoussystems2025/ros2_ws/install/mav_msgs/lib/python3.12/site-packages/mav_msgs
[0.642s] -- Up-to-date: /home/jiacheng/autonomoussystems2025/ros2_ws/install/mav_msgs/lib/python3.12/site-packages/mav_msgs/msg
[0.642s] -- Up-to-date: /home/jiacheng/autonomoussystems2025/ros2_ws/install/mav_msgs/lib/python3.12/site-packages/mav_msgs/msg/_rate_thrust_s.c
[0.642s] -- Up-to-date: /home/jiacheng/autonomoussystems2025/ros2_ws/install/mav_msgs/lib/python3.12/site-packages/mav_msgs/msg/_filtered_sensor_data.py
[0.642s] -- Up-to-date: /home/jiacheng/autonomoussystems2025/ros2_ws/install/mav_msgs/lib/python3.12/site-packages/mav_msgs/msg/_rate_thrust.py
[0.642s] -- Up-to-date: /home/jiacheng/autonomoussystems2025/ros2_ws/install/mav_msgs/lib/python3.12/site-packages/mav_msgs/msg/_gps_waypoint_s.c
[0.642s] -- Up-to-date: /home/jiacheng/autonomoussystems2025/ros2_ws/install/mav_msgs/lib/python3.12/site-packages/mav_msgs/msg/_attitude_thrust.py
[0.642s] -- Up-to-date: /home/jiacheng/autonomoussystems2025/ros2_ws/install/mav_msgs/lib/python3.12/site-packages/mav_msgs/msg/_status_s.c
[0.643s] -- Up-to-date: /home/jiacheng/autonomoussystems2025/ros2_ws/install/mav_msgs/lib/python3.12/site-packages/mav_msgs/msg/_actuators.py
[0.644s] -- Up-to-date: /home/jiacheng/autonomoussystems2025/ros2_ws/install/mav_msgs/lib/python3.12/site-packages/mav_msgs/msg/_torque_thrust.py
[0.644s] -- Up-to-date: /home/jiacheng/autonomoussystems2025/ros2_ws/install/mav_msgs/lib/python3.12/site-packages/mav_msgs/msg/_roll_pitch_yawrate_thrust.py
[0.644s] -- Up-to-date: /home/jiacheng/autonomoussystems2025/ros2_ws/install/mav_msgs/lib/python3.12/site-packages/mav_msgs/msg/_filtered_sensor_data_s.c
[0.644s] -- Up-to-date: /home/jiacheng/autonomoussystems2025/ros2_ws/install/mav_msgs/lib/python3.12/site-packages/mav_msgs/msg/__init__.py
[0.644s] -- Up-to-date: /home/jiacheng/autonomoussystems2025/ros2_ws/install/mav_msgs/lib/python3.12/site-packages/mav_msgs/msg/_actuators_s.c
[0.644s] -- Up-to-date: /home/jiacheng/autonomoussystems2025/ros2_ws/install/mav_msgs/lib/python3.12/site-packages/mav_msgs/msg/_status.py
[0.644s] -- Up-to-date: /home/jiacheng/autonomoussystems2025/ros2_ws/install/mav_msgs/lib/python3.12/site-packages/mav_msgs/msg/_attitude_thrust_s.c
[0.644s] -- Up-to-date: /home/jiacheng/autonomoussystems2025/ros2_ws/install/mav_msgs/lib/python3.12/site-packages/mav_msgs/msg/_gps_waypoint.py
[0.644s] -- Up-to-date: /home/jiacheng/autonomoussystems2025/ros2_ws/install/mav_msgs/lib/python3.12/site-packages/mav_msgs/msg/_roll_pitch_yawrate_thrust_s.c
[0.644s] -- Up-to-date: /home/jiacheng/autonomoussystems2025/ros2_ws/install/mav_msgs/lib/python3.12/site-packages/mav_msgs/msg/_torque_thrust_s.c
[0.644s] -- Up-to-date: /home/jiacheng/autonomoussystems2025/ros2_ws/install/mav_msgs/lib/python3.12/site-packages/mav_msgs/_mav_msgs_s.ep.rosidl_typesupport_c.c
[0.644s] -- Up-to-date: /home/jiacheng/autonomoussystems2025/ros2_ws/install/mav_msgs/lib/python3.12/site-packages/mav_msgs/_mav_msgs_s.ep.rosidl_typesupport_fastrtps_c.c
[0.644s] -- Up-to-date: /home/jiacheng/autonomoussystems2025/ros2_ws/install/mav_msgs/lib/python3.12/site-packages/mav_msgs/mav_msgs_s__rosidl_typesupport_c.so
[0.644s] -- Up-to-date: /home/jiacheng/autonomoussystems2025/ros2_ws/install/mav_msgs/lib/python3.12/site-packages/mav_msgs/_mav_msgs_s.ep.rosidl_typesupport_introspection_c.c
[0.644s] -- Up-to-date: /home/jiacheng/autonomoussystems2025/ros2_ws/install/mav_msgs/lib/python3.12/site-packages/mav_msgs/mav_msgs_s__rosidl_typesupport_fastrtps_c.so
[0.644s] -- Up-to-date: /home/jiacheng/autonomoussystems2025/ros2_ws/install/mav_msgs/lib/python3.12/site-packages/mav_msgs/__init__.py
[0.644s] -- Up-to-date: /home/jiacheng/autonomoussystems2025/ros2_ws/install/mav_msgs/lib/python3.12/site-packages/mav_msgs/mav_msgs_s__rosidl_typesupport_introspection_c.so
[0.704s] Listing '/home/jiacheng/autonomoussystems2025/ros2_ws/install/mav_msgs/lib/python3.12/site-packages/mav_msgs'...
[0.705s] Listing '/home/jiacheng/autonomoussystems2025/ros2_ws/install/mav_msgs/lib/python3.12/site-packages/mav_msgs/msg'...
[0.713s] -- Up-to-date: /home/jiacheng/autonomoussystems2025/ros2_ws/install/mav_msgs/lib/python3.12/site-packages/mav_msgs/mav_msgs_s__rosidl_typesupport_fastrtps_c.so
[0.715s] -- Up-to-date: /home/jiacheng/autonomoussystems2025/ros2_ws/install/mav_msgs/lib/python3.12/site-packages/mav_msgs/mav_msgs_s__rosidl_typesupport_introspection_c.so
[0.716s] -- Up-to-date: /home/jiacheng/autonomoussystems2025/ros2_ws/install/mav_msgs/lib/python3.12/site-packages/mav_msgs/mav_msgs_s__rosidl_typesupport_c.so
[0.719s] -- Up-to-date: /home/jiacheng/autonomoussystems2025/ros2_ws/install/mav_msgs/lib/libmav_msgs__rosidl_generator_py.so
[0.719s] -- Up-to-date: /home/jiacheng/autonomoussystems2025/ros2_ws/install/mav_msgs/share/mav_msgs/msg/Actuators.idl
[0.720s] -- Up-to-date: /home/jiacheng/autonomoussystems2025/ros2_ws/install/mav_msgs/share/mav_msgs/msg/AttitudeThrust.idl
[0.721s] -- Up-to-date: /home/jiacheng/autonomoussystems2025/ros2_ws/install/mav_msgs/share/mav_msgs/msg/FilteredSensorData.idl
[0.721s] -- Up-to-date: /home/jiacheng/autonomoussystems2025/ros2_ws/install/mav_msgs/share/mav_msgs/msg/GpsWaypoint.idl
[0.722s] -- Up-to-date: /home/jiacheng/autonomoussystems2025/ros2_ws/install/mav_msgs/share/mav_msgs/msg/RateThrust.idl
[0.722s] -- Up-to-date: /home/jiacheng/autonomoussystems2025/ros2_ws/install/mav_msgs/share/mav_msgs/msg/RollPitchYawrateThrust.idl
[0.723s] -- Up-to-date: /home/jiacheng/autonomoussystems2025/ros2_ws/install/mav_msgs/share/mav_msgs/msg/Status.idl
[0.723s] -- Up-to-date: /home/jiacheng/autonomoussystems2025/ros2_ws/install/mav_msgs/share/mav_msgs/msg/TorqueThrust.idl
[0.723s] -- Up-to-date: /home/jiacheng/autonomoussystems2025/ros2_ws/install/mav_msgs/share/mav_msgs/msg/Actuators.msg
[0.724s] -- Up-to-date: /home/jiacheng/autonomoussystems2025/ros2_ws/install/mav_msgs/share/mav_msgs/msg/AttitudeThrust.msg
[0.724s] -- Up-to-date: /home/jiacheng/autonomoussystems2025/ros2_ws/install/mav_msgs/share/mav_msgs/msg/FilteredSensorData.msg
[0.724s] -- Up-to-date: /home/jiacheng/autonomoussystems2025/ros2_ws/install/mav_msgs/share/mav_msgs/msg/GpsWaypoint.msg
[0.724s] -- Up-to-date: /home/jiacheng/autonomoussystems2025/ros2_ws/install/mav_msgs/share/mav_msgs/msg/RateThrust.msg
[0.724s] -- Up-to-date: /home/jiacheng/autonomoussystems2025/ros2_ws/install/mav_msgs/share/mav_msgs/msg/RollPitchYawrateThrust.msg
[0.725s] -- Up-to-date: /home/jiacheng/autonomoussystems2025/ros2_ws/install/mav_msgs/share/mav_msgs/msg/Status.msg
[0.725s] -- Up-to-date: /home/jiacheng/autonomoussystems2025/ros2_ws/install/mav_msgs/share/mav_msgs/msg/TorqueThrust.msg
[0.725s] -- Up-to-date: /home/jiacheng/autonomoussystems2025/ros2_ws/install/mav_msgs/include/mav_msgs
[0.725s] -- Up-to-date: /home/jiacheng/autonomoussystems2025/ros2_ws/install/mav_msgs/include/mav_msgs/mav_msgs
[0.725s] -- Up-to-date: /home/jiacheng/autonomoussystems2025/ros2_ws/install/mav_msgs/include/mav_msgs/mav_msgs/conversions.hpp
[0.725s] -- Up-to-date: /home/jiacheng/autonomoussystems2025/ros2_ws/install/mav_msgs/include/mav_msgs/mav_msgs/common.hpp
[0.725s] -- Up-to-date: /home/jiacheng/autonomoussystems2025/ros2_ws/install/mav_msgs/include/mav_msgs/mav_msgs/default_values.hpp
[0.725s] -- Up-to-date: /home/jiacheng/autonomoussystems2025/ros2_ws/install/mav_msgs/include/mav_msgs/mav_msgs/eigen_mav_msgs.hpp
[0.725s] -- Up-to-date: /home/jiacheng/autonomoussystems2025/ros2_ws/install/mav_msgs/include/mav_msgs/mav_msgs/default_topics.hpp
[0.725s] -- Up-to-date: /home/jiacheng/autonomoussystems2025/ros2_ws/install/mav_msgs/share/ament_index/resource_index/package_run_dependencies/mav_msgs
[0.725s] -- Up-to-date: /home/jiacheng/autonomoussystems2025/ros2_ws/install/mav_msgs/share/ament_index/resource_index/parent_prefix_path/mav_msgs
[0.725s] -- Up-to-date: /home/jiacheng/autonomoussystems2025/ros2_ws/install/mav_msgs/share/mav_msgs/environment/ament_prefix_path.sh
[0.725s] -- Up-to-date: /home/jiacheng/autonomoussystems2025/ros2_ws/install/mav_msgs/share/mav_msgs/environment/ament_prefix_path.dsv
[0.725s] -- Up-to-date: /home/jiacheng/autonomoussystems2025/ros2_ws/install/mav_msgs/share/mav_msgs/environment/path.sh
[0.725s] -- Up-to-date: /home/jiacheng/autonomoussystems2025/ros2_ws/install/mav_msgs/share/mav_msgs/environment/path.dsv
[0.725s] -- Up-to-date: /home/jiacheng/autonomoussystems2025/ros2_ws/install/mav_msgs/share/mav_msgs/local_setup.bash
[0.725s] -- Up-to-date: /home/jiacheng/autonomoussystems2025/ros2_ws/install/mav_msgs/share/mav_msgs/local_setup.sh
[0.725s] -- Up-to-date: /home/jiacheng/autonomoussystems2025/ros2_ws/install/mav_msgs/share/mav_msgs/local_setup.zsh
[0.725s] -- Up-to-date: /home/jiacheng/autonomoussystems2025/ros2_ws/install/mav_msgs/share/mav_msgs/local_setup.dsv
[0.725s] -- Installing: /home/jiacheng/autonomoussystems2025/ros2_ws/install/mav_msgs/share/mav_msgs/package.dsv
[0.725s] -- Up-to-date: /home/jiacheng/autonomoussystems2025/ros2_ws/install/mav_msgs/share/ament_index/resource_index/packages/mav_msgs
[0.726s] -- Up-to-date: /home/jiacheng/autonomoussystems2025/ros2_ws/install/mav_msgs/share/mav_msgs/cmake/export_mav_msgs__rosidl_generator_cExport.cmake
[0.726s] -- Up-to-date: /home/jiacheng/autonomoussystems2025/ros2_ws/install/mav_msgs/share/mav_msgs/cmake/export_mav_msgs__rosidl_generator_cExport-noconfig.cmake
[0.727s] -- Up-to-date: /home/jiacheng/autonomoussystems2025/ros2_ws/install/mav_msgs/share/mav_msgs/cmake/export_mav_msgs__rosidl_typesupport_fastrtps_cExport.cmake
[0.727s] -- Up-to-date: /home/jiacheng/autonomoussystems2025/ros2_ws/install/mav_msgs/share/mav_msgs/cmake/export_mav_msgs__rosidl_typesupport_fastrtps_cExport-noconfig.cmake
[0.728s] -- Up-to-date: /home/jiacheng/autonomoussystems2025/ros2_ws/install/mav_msgs/share/mav_msgs/cmake/mav_msgs__rosidl_typesupport_introspection_cExport.cmake
[0.728s] -- Up-to-date: /home/jiacheng/autonomoussystems2025/ros2_ws/install/mav_msgs/share/mav_msgs/cmake/mav_msgs__rosidl_typesupport_introspection_cExport-noconfig.cmake
[0.729s] -- Up-to-date: /home/jiacheng/autonomoussystems2025/ros2_ws/install/mav_msgs/share/mav_msgs/cmake/mav_msgs__rosidl_typesupport_cExport.cmake
[0.730s] -- Up-to-date: /home/jiacheng/autonomoussystems2025/ros2_ws/install/mav_msgs/share/mav_msgs/cmake/mav_msgs__rosidl_typesupport_cExport-noconfig.cmake
[0.733s] -- Up-to-date: /home/jiacheng/autonomoussystems2025/ros2_ws/install/mav_msgs/share/mav_msgs/cmake/export_mav_msgs__rosidl_generator_cppExport.cmake
[0.733s] -- Up-to-date: /home/jiacheng/autonomoussystems2025/ros2_ws/install/mav_msgs/share/mav_msgs/cmake/export_mav_msgs__rosidl_typesupport_fastrtps_cppExport.cmake
[0.734s] -- Up-to-date: /home/jiacheng/autonomoussystems2025/ros2_ws/install/mav_msgs/share/mav_msgs/cmake/export_mav_msgs__rosidl_typesupport_fastrtps_cppExport-noconfig.cmake
[0.736s] -- Up-to-date: /home/jiacheng/autonomoussystems2025/ros2_ws/install/mav_msgs/share/mav_msgs/cmake/mav_msgs__rosidl_typesupport_introspection_cppExport.cmake
[0.736s] -- Up-to-date: /home/jiacheng/autonomoussystems2025/ros2_ws/install/mav_msgs/share/mav_msgs/cmake/mav_msgs__rosidl_typesupport_introspection_cppExport-noconfig.cmake
[0.737s] -- Up-to-date: /home/jiacheng/autonomoussystems2025/ros2_ws/install/mav_msgs/share/mav_msgs/cmake/mav_msgs__rosidl_typesupport_cppExport.cmake
[0.738s] -- Up-to-date: /home/jiacheng/autonomoussystems2025/ros2_ws/install/mav_msgs/share/mav_msgs/cmake/mav_msgs__rosidl_typesupport_cppExport-noconfig.cmake
[0.739s] -- Up-to-date: /home/jiacheng/autonomoussystems2025/ros2_ws/install/mav_msgs/share/mav_msgs/cmake/export_mav_msgs__rosidl_generator_pyExport.cmake
[0.742s] -- Up-to-date: /home/jiacheng/autonomoussystems2025/ros2_ws/install/mav_msgs/share/mav_msgs/cmake/export_mav_msgs__rosidl_generator_pyExport-noconfig.cmake
[0.743s] -- Up-to-date: /home/jiacheng/autonomoussystems2025/ros2_ws/install/mav_msgs/share/mav_msgs/cmake/rosidl_cmake-extras.cmake
[0.743s] -- Up-to-date: /home/jiacheng/autonomoussystems2025/ros2_ws/install/mav_msgs/share/mav_msgs/cmake/ament_cmake_export_dependencies-extras.cmake
[0.743s] -- Up-to-date: /home/jiacheng/autonomoussystems2025/ros2_ws/install/mav_msgs/share/mav_msgs/cmake/ament_cmake_export_include_directories-extras.cmake
[0.743s] -- Up-to-date: /home/jiacheng/autonomoussystems2025/ros2_ws/install/mav_msgs/share/mav_msgs/cmake/ament_cmake_export_libraries-extras.cmake
[0.743s] -- Up-to-date: /home/jiacheng/autonomoussystems2025/ros2_ws/install/mav_msgs/share/mav_msgs/cmake/ament_cmake_export_targets-extras.cmake
[0.743s] -- Up-to-date: /home/jiacheng/autonomoussystems2025/ros2_ws/install/mav_msgs/share/mav_msgs/cmake/rosidl_cmake_export_typesupport_targets-extras.cmake
[0.744s] -- Up-to-date: /home/jiacheng/autonomoussystems2025/ros2_ws/install/mav_msgs/share/mav_msgs/cmake/rosidl_cmake_export_typesupport_libraries-extras.cmake
[0.744s] -- Up-to-date: /home/jiacheng/autonomoussystems2025/ros2_ws/install/mav_msgs/share/mav_msgs/cmake/mav_msgsConfig.cmake
[0.744s] -- Up-to-date: /home/jiacheng/autonomoussystems2025/ros2_ws/install/mav_msgs/share/mav_msgs/cmake/mav_msgsConfig-version.cmake
[0.744s] -- Up-to-date: /home/jiacheng/autonomoussystems2025/ros2_ws/install/mav_msgs/share/mav_msgs/package.xml
[0.749s] Invoked command in '/home/jiacheng/autonomoussystems2025/ros2_ws/build/mav_msgs' returned '0': CMAKE_PREFIX_PATH=${CMAKE_PREFIX_PATH}:/opt/ros/jazzy DEBUGINFOD_URLS=https://debuginfod.ubuntu.com /usr/bin/cmake --install /home/jiacheng/autonomoussystems2025/ros2_ws/build/mav_msgs
