[0.025s] Invoking command in '/home/jiacheng/autonomoussystems2025/ros2_ws/build/perception_pkg': CMAKE_PREFIX_PATH=${CMAKE_PREFIX_PATH}:/home/jiacheng/autonomoussystems2025/ros2_ws/install/perception_pkg:/opt/ros/jazzy DEBUGINFOD_URLS=https://debuginfod.ubuntu.com /usr/bin/cmake /home/jiacheng/autonomoussystems2025/ros2_ws/src/perception_pkg -DCMAKE_INSTALL_PREFIX=/home/jiacheng/autonomoussystems2025/ros2_ws/install/perception_pkg
[0.166s] -- The C compiler identification is GNU 13.3.0
[0.328s] -- The CXX compiler identification is GNU 13.3.0
[0.384s] -- Detecting C compiler ABI info
[0.658s] -- Detecting C compiler ABI info - done
[0.671s] -- Check for working C compiler: /usr/bin/cc - skipped
[0.672s] -- Detecting C compile features
[0.674s] -- Detecting C compile features - done
[0.700s] -- Detecting CXX compiler ABI info
[1.005s] -- Detecting CXX compiler ABI info - done
[1.022s] -- Check for working CXX compiler: /usr/bin/c++ - skipped
[1.024s] -- Detecting CXX compile features
[1.025s] -- Detecting CXX compile features - done
[1.033s] -- Found ament_cmake: 2.5.4 (/opt/ros/jazzy/share/ament_cmake/cmake)
[1.407s] -- Found Python3: /usr/bin/python3 (found version "3.12.3") found components: Interpreter 
[1.622s] -- Found rclcpp: 28.1.13 (/opt/ros/jazzy/share/rclcpp/cmake)
[1.675s] -- Found rosidl_generator_c: 4.6.6 (/opt/ros/jazzy/share/rosidl_generator_c/cmake)
[1.695s] -- Found rosidl_generator_cpp: 4.6.6 (/opt/ros/jazzy/share/rosidl_generator_cpp/cmake)
[1.722s] -- Using all available rosidl_typesupport_c: rosidl_typesupport_fastrtps_c;rosidl_typesupport_introspection_c
[1.751s] -- Using all available rosidl_typesupport_cpp: rosidl_typesupport_fastrtps_cpp;rosidl_typesupport_introspection_cpp
[1.845s] -- Found rmw_implementation_cmake: 7.3.2 (/opt/ros/jazzy/share/rmw_implementation_cmake/cmake)
[1.849s] -- Found rmw_fastrtps_cpp: 8.4.3 (/opt/ros/jazzy/share/rmw_fastrtps_cpp/cmake)
[2.039s] -- Found OpenSSL: /usr/lib/x86_64-linux-gnu/libcrypto.so (found version "3.0.13")  
[2.089s] -- Found FastRTPS: /opt/ros/jazzy/include (Required is at least version "2.13") 
[2.139s] -- Using RMW implementation 'rmw_fastrtps_cpp' as default
[2.227s] -- Found sensor_msgs: 5.3.6 (/opt/ros/jazzy/share/sensor_msgs/cmake)
[2.326s] -- Found cv_bridge: 4.1.0 (/opt/ros/jazzy/share/cv_bridge/cmake)
[2.355s] -- Found ament_lint_auto: 0.17.3 (/opt/ros/jazzy/share/ament_lint_auto/cmake)
[2.572s] -- Added test 'copyright' to check source files copyright and LICENSE
[2.575s] -- Added test 'cppcheck' to perform static code analysis on C / C++ code
[2.576s] -- Configured cppcheck include dirs: $<BUILD_INTERFACE:/home/jiacheng/autonomoussystems2025/ros2_ws/src/perception_pkg/include>
[2.576s] -- Configured cppcheck exclude dirs and/or files: 
[2.579s] -- Added test 'cpplint' to check C / C++ code against the Google style
[2.579s] -- Configured cpplint exclude dirs and/or files: 
[2.580s] -- Added test 'flake8' to check Python code syntax and style conventions
[2.582s] -- Configured 'flake8' exclude dirs and/or files: 
[2.582s] -- Added test 'lint_cmake' to check CMake code style
[2.583s] -- Added test 'pep257' to check Python code against some of the docstring style conventions in PEP 257
[2.586s] -- Added test 'uncrustify' to check C / C++ code style
[2.586s] -- Configured uncrustify additional arguments: 
[2.587s] -- Added test 'xmllint' to check XML markup files
[2.590s] -- Configuring done (2.5s)
[2.613s] -- Generating done (0.0s)
[2.619s] -- Build files have been written to: /home/jiacheng/autonomoussystems2025/ros2_ws/build/perception_pkg
[2.669s] Invoked command in '/home/jiacheng/autonomoussystems2025/ros2_ws/build/perception_pkg' returned '0': CMAKE_PREFIX_PATH=${CMAKE_PREFIX_PATH}:/home/jiacheng/autonomoussystems2025/ros2_ws/install/perception_pkg:/opt/ros/jazzy DEBUGINFOD_URLS=https://debuginfod.ubuntu.com /usr/bin/cmake /home/jiacheng/autonomoussystems2025/ros2_ws/src/perception_pkg -DCMAKE_INSTALL_PREFIX=/home/jiacheng/autonomoussystems2025/ros2_ws/install/perception_pkg
[2.670s] Invoking command in '/home/jiacheng/autonomoussystems2025/ros2_ws/build/perception_pkg': CMAKE_PREFIX_PATH=${CMAKE_PREFIX_PATH}:/home/jiacheng/autonomoussystems2025/ros2_ws/install/perception_pkg:/opt/ros/jazzy DEBUGINFOD_URLS=https://debuginfod.ubuntu.com /usr/bin/cmake --build /home/jiacheng/autonomoussystems2025/ros2_ws/build/perception_pkg -- -j8 -l8
[2.800s] [ 50%] [32mBuilding CXX object CMakeFiles/depth_to_pointcloud.dir/src/depth_to_pointcloud.cpp.o[0m
[3.202s] [01m[K/home/jiacheng/autonomoussystems2025/ros2_ws/src/perception_pkg/src/depth_to_pointcloud.cpp:7:10:[m[K [01;31m[Kfatal error: [m[Kcv_bridge/cv_bridge.h: No such file or directory
[3.202s]     7 | #include [01;31m[K<cv_bridge/cv_bridge.h>[m[K
[3.202s]       |          [01;31m[K^~~~~~~~~~~~~~~~~~~~~~~[m[K
[3.202s] compilation terminated.
[3.213s] gmake[2]: *** [CMakeFiles/depth_to_pointcloud.dir/build.make:76: CMakeFiles/depth_to_pointcloud.dir/src/depth_to_pointcloud.cpp.o] Error 1
[3.213s] gmake[1]: *** [CMakeFiles/Makefile2:137: CMakeFiles/depth_to_pointcloud.dir/all] Error 2
[3.214s] gmake: *** [Makefile:146: all] Error 2
[3.221s] Invoked command in '/home/jiacheng/autonomoussystems2025/ros2_ws/build/perception_pkg' returned '2': CMAKE_PREFIX_PATH=${CMAKE_PREFIX_PATH}:/home/jiacheng/autonomoussystems2025/ros2_ws/install/perception_pkg:/opt/ros/jazzy DEBUGINFOD_URLS=https://debuginfod.ubuntu.com /usr/bin/cmake --build /home/jiacheng/autonomoussystems2025/ros2_ws/build/perception_pkg -- -j8 -l8
