[0.018s] Invoking command in '/home/jiacheng/autonomoussystems2025/ros2_ws/build/mav_msgs': CMAKE_PREFIX_PATH=${CMAKE_PREFIX_PATH}:/opt/ros/jazzy DEBUGINFOD_URLS=https://debuginfod.ubuntu.com /usr/bin/cmake --build /home/jiacheng/autonomoussystems2025/ros2_ws/build/mav_msgs -- -j8 -l8
[0.103s] [  1%] Built target mav_msgs__rosidl_generator_type_description
[0.125s] [  1%] Built target ament_cmake_python_copy_mav_msgs
[0.137s] [  1%] Built target mav_msgs__cpp
[0.146s] [ 26%] Built target mav_msgs__rosidl_generator_c
[0.197s] [ 47%] Built target mav_msgs__rosidl_typesupport_fastrtps_cpp
[0.197s] [ 47%] Built target mav_msgs__rosidl_typesupport_introspection_cpp
[0.197s] [ 55%] Built target mav_msgs__rosidl_typesupport_introspection_c
[0.200s] [ 65%] Built target mav_msgs__rosidl_typesupport_c
[0.209s] [ 75%] Built target mav_msgs__rosidl_typesupport_fastrtps_c
[0.214s] [ 84%] Built target mav_msgs__rosidl_typesupport_cpp
[0.258s] [ 84%] Built target mav_msgs
[0.294s] [ 85%] Built target mav_msgs__py
[0.342s] [ 94%] Built target mav_msgs__rosidl_generator_py
[0.356s] running egg_info
[0.377s] writing mav_msgs.egg-info/PKG-INFO
[0.377s] writing dependency_links to mav_msgs.egg-info/dependency_links.txt
[0.377s] writing top-level names to mav_msgs.egg-info/top_level.txt
[0.379s] [ 96%] Built target mav_msgs_s__rosidl_typesupport_introspection_c
[0.380s] [ 98%] Built target mav_msgs_s__rosidl_typesupport_fastrtps_c
[0.383s] [100%] Built target mav_msgs_s__rosidl_typesupport_c
[0.424s] reading manifest file 'mav_msgs.egg-info/SOURCES.txt'
[0.425s] writing manifest file 'mav_msgs.egg-info/SOURCES.txt'
[0.472s] [100%] Built target ament_cmake_python_build_mav_msgs_egg
[0.492s] Invoked command in '/home/jiacheng/autonomoussystems2025/ros2_ws/build/mav_msgs' returned '0': CMAKE_PREFIX_PATH=${CMAKE_PREFIX_PATH}:/opt/ros/jazzy DEBUGINFOD_URLS=https://debuginfod.ubuntu.com /usr/bin/cmake --build /home/jiacheng/autonomoussystems2025/ros2_ws/build/mav_msgs -- -j8 -l8
[0.505s] Invoking command in '/home/jiacheng/autonomoussystems2025/ros2_ws/build/mav_msgs': CMAKE_PREFIX_PATH=${CMAKE_PREFIX_PATH}:/opt/ros/jazzy DEBUGINFOD_URLS=https://debuginfod.ubuntu.com /usr/bin/cmake --install /home/jiacheng/autonomoussystems2025/ros2_ws/build/mav_msgs
[0.515s] -- Install configuration: ""
[0.515s] -- Up-to-date: /home/jiacheng/autonomoussystems2025/ros2_ws/install/mav_msgs/share/ament_index/resource_index/rosidl_interfaces/mav_msgs
[0.515s] -- Up-to-date: /home/jiacheng/autonomoussystems2025/ros2_ws/install/mav_msgs/share/mav_msgs/msg/Actuators.json
[0.516s] -- Up-to-date: /home/jiacheng/autonomoussystems2025/ros2_ws/install/mav_msgs/share/mav_msgs/msg/AttitudeThrust.json
[0.516s] -- Up-to-date: /home/jiacheng/autonomoussystems2025/ros2_ws/install/mav_msgs/share/mav_msgs/msg/FilteredSensorData.json
[0.516s] -- Up-to-date: /home/jiacheng/autonomoussystems2025/ros2_ws/install/mav_msgs/share/mav_msgs/msg/GpsWaypoint.json
[0.516s] -- Up-to-date: /home/jiacheng/autonomoussystems2025/ros2_ws/install/mav_msgs/share/mav_msgs/msg/RateThrust.json
[0.516s] -- Up-to-date: /home/jiacheng/autonomoussystems2025/ros2_ws/install/mav_msgs/share/mav_msgs/msg/RollPitchYawrateThrust.json
[0.516s] -- Up-to-date: /home/jiacheng/autonomoussystems2025/ros2_ws/install/mav_msgs/share/mav_msgs/msg/Status.json
[0.517s] -- Up-to-date: /home/jiacheng/autonomoussystems2025/ros2_ws/install/mav_msgs/share/mav_msgs/msg/TorqueThrust.json
[0.517s] -- Up-to-date: /home/jiacheng/autonomoussystems2025/ros2_ws/install/mav_msgs/include/mav_msgs/mav_msgs
[0.517s] -- Up-to-date: /home/jiacheng/autonomoussystems2025/ros2_ws/install/mav_msgs/include/mav_msgs/mav_msgs/msg
[0.517s] -- Up-to-date: /home/jiacheng/autonomoussystems2025/ros2_ws/install/mav_msgs/include/mav_msgs/mav_msgs/msg/roll_pitch_yawrate_thrust.h
[0.517s] -- Up-to-date: /home/jiacheng/autonomoussystems2025/ros2_ws/install/mav_msgs/include/mav_msgs/mav_msgs/msg/attitude_thrust.h
[0.517s] -- Up-to-date: /home/jiacheng/autonomoussystems2025/ros2_ws/install/mav_msgs/include/mav_msgs/mav_msgs/msg/torque_thrust.h
[0.517s] -- Up-to-date: /home/jiacheng/autonomoussystems2025/ros2_ws/install/mav_msgs/include/mav_msgs/mav_msgs/msg/filtered_sensor_data.h
[0.517s] -- Up-to-date: /home/jiacheng/autonomoussystems2025/ros2_ws/install/mav_msgs/include/mav_msgs/mav_msgs/msg/detail
[0.517s] -- Up-to-date: /home/jiacheng/autonomoussystems2025/ros2_ws/install/mav_msgs/include/mav_msgs/mav_msgs/msg/detail/roll_pitch_yawrate_thrust__functions.c
[0.517s] -- Up-to-date: /home/jiacheng/autonomoussystems2025/ros2_ws/install/mav_msgs/include/mav_msgs/mav_msgs/msg/detail/filtered_sensor_data__functions.h
[0.517s] -- Up-to-date: /home/jiacheng/autonomoussystems2025/ros2_ws/install/mav_msgs/include/mav_msgs/mav_msgs/msg/detail/attitude_thrust__functions.h
[0.517s] -- Up-to-date: /home/jiacheng/autonomoussystems2025/ros2_ws/install/mav_msgs/include/mav_msgs/mav_msgs/msg/detail/gps_waypoint__description.c
[0.517s] -- Up-to-date: /home/jiacheng/autonomoussystems2025/ros2_ws/install/mav_msgs/include/mav_msgs/mav_msgs/msg/detail/torque_thrust__struct.h
[0.518s] -- Up-to-date: /home/jiacheng/autonomoussystems2025/ros2_ws/install/mav_msgs/include/mav_msgs/mav_msgs/msg/detail/filtered_sensor_data__struct.h
[0.518s] -- Up-to-date: /home/jiacheng/autonomoussystems2025/ros2_ws/install/mav_msgs/include/mav_msgs/mav_msgs/msg/detail/gps_waypoint__functions.h
[0.518s] -- Installing: /home/jiacheng/autonomoussystems2025/ros2_ws/install/mav_msgs/include/mav_msgs/mav_msgs/msg/detail/filtered_sensor_data__type_support.c
[0.518s] -- Up-to-date: /home/jiacheng/autonomoussystems2025/ros2_ws/install/mav_msgs/include/mav_msgs/mav_msgs/msg/detail/status__type_support.h
[0.518s] -- Up-to-date: /home/jiacheng/autonomoussystems2025/ros2_ws/install/mav_msgs/include/mav_msgs/mav_msgs/msg/detail/actuators__functions.c
[0.518s] -- Up-to-date: /home/jiacheng/autonomoussystems2025/ros2_ws/install/mav_msgs/include/mav_msgs/mav_msgs/msg/detail/gps_waypoint__functions.c
[0.518s] -- Installing: /home/jiacheng/autonomoussystems2025/ros2_ws/install/mav_msgs/include/mav_msgs/mav_msgs/msg/detail/roll_pitch_yawrate_thrust__type_support.c
[0.518s] -- Up-to-date: /home/jiacheng/autonomoussystems2025/ros2_ws/install/mav_msgs/include/mav_msgs/mav_msgs/msg/detail/rate_thrust__functions.h
[0.518s] -- Installing: /home/jiacheng/autonomoussystems2025/ros2_ws/install/mav_msgs/include/mav_msgs/mav_msgs/msg/detail/rate_thrust__type_support.c
[0.519s] -- Up-to-date: /home/jiacheng/autonomoussystems2025/ros2_ws/install/mav_msgs/include/mav_msgs/mav_msgs/msg/detail/rate_thrust__functions.c
[0.519s] -- Installing: /home/jiacheng/autonomoussystems2025/ros2_ws/install/mav_msgs/include/mav_msgs/mav_msgs/msg/detail/torque_thrust__type_support.c
[0.520s] -- Up-to-date: /home/jiacheng/autonomoussystems2025/ros2_ws/install/mav_msgs/include/mav_msgs/mav_msgs/msg/detail/torque_thrust__description.c
[0.520s] -- Up-to-date: /home/jiacheng/autonomoussystems2025/ros2_ws/install/mav_msgs/include/mav_msgs/mav_msgs/msg/detail/status__functions.h
[0.520s] -- Up-to-date: /home/jiacheng/autonomoussystems2025/ros2_ws/install/mav_msgs/include/mav_msgs/mav_msgs/msg/detail/actuators__functions.h
[0.520s] -- Up-to-date: /home/jiacheng/autonomoussystems2025/ros2_ws/install/mav_msgs/include/mav_msgs/mav_msgs/msg/detail/roll_pitch_yawrate_thrust__type_support.h
[0.520s] -- Up-to-date: /home/jiacheng/autonomoussystems2025/ros2_ws/install/mav_msgs/include/mav_msgs/mav_msgs/msg/detail/filtered_sensor_data__functions.c
[0.520s] -- Up-to-date: /home/jiacheng/autonomoussystems2025/ros2_ws/install/mav_msgs/include/mav_msgs/mav_msgs/msg/detail/attitude_thrust__description.c
[0.521s] -- Up-to-date: /home/jiacheng/autonomoussystems2025/ros2_ws/install/mav_msgs/include/mav_msgs/mav_msgs/msg/detail/attitude_thrust__type_support.h
[0.521s] -- Up-to-date: /home/jiacheng/autonomoussystems2025/ros2_ws/install/mav_msgs/include/mav_msgs/mav_msgs/msg/detail/roll_pitch_yawrate_thrust__description.c
[0.521s] -- Up-to-date: /home/jiacheng/autonomoussystems2025/ros2_ws/install/mav_msgs/include/mav_msgs/mav_msgs/msg/detail/gps_waypoint__struct.h
[0.521s] -- Up-to-date: /home/jiacheng/autonomoussystems2025/ros2_ws/install/mav_msgs/include/mav_msgs/mav_msgs/msg/detail/rate_thrust__type_support.h
[0.522s] -- Up-to-date: /home/jiacheng/autonomoussystems2025/ros2_ws/install/mav_msgs/include/mav_msgs/mav_msgs/msg/detail/actuators__type_support.h
[0.522s] -- Up-to-date: /home/jiacheng/autonomoussystems2025/ros2_ws/install/mav_msgs/include/mav_msgs/mav_msgs/msg/detail/attitude_thrust__struct.h
[0.522s] -- Up-to-date: /home/jiacheng/autonomoussystems2025/ros2_ws/install/mav_msgs/include/mav_msgs/mav_msgs/msg/detail/roll_pitch_yawrate_thrust__functions.h
[0.522s] -- Up-to-date: /home/jiacheng/autonomoussystems2025/ros2_ws/install/mav_msgs/include/mav_msgs/mav_msgs/msg/detail/actuators__description.c
[0.522s] -- Up-to-date: /home/jiacheng/autonomoussystems2025/ros2_ws/install/mav_msgs/include/mav_msgs/mav_msgs/msg/detail/torque_thrust__functions.h
[0.522s] -- Up-to-date: /home/jiacheng/autonomoussystems2025/ros2_ws/install/mav_msgs/include/mav_msgs/mav_msgs/msg/detail/filtered_sensor_data__description.c
[0.522s] -- Installing: /home/jiacheng/autonomoussystems2025/ros2_ws/install/mav_msgs/include/mav_msgs/mav_msgs/msg/detail/attitude_thrust__type_support.c
[0.522s] -- Up-to-date: /home/jiacheng/autonomoussystems2025/ros2_ws/install/mav_msgs/include/mav_msgs/mav_msgs/msg/detail/status__description.c
[0.523s] -- Installing: /home/jiacheng/autonomoussystems2025/ros2_ws/install/mav_msgs/include/mav_msgs/mav_msgs/msg/detail/gps_waypoint__type_support.c
[0.524s] -- Up-to-date: /home/jiacheng/autonomoussystems2025/ros2_ws/install/mav_msgs/include/mav_msgs/mav_msgs/msg/detail/actuators__struct.h
[0.524s] -- Up-to-date: /home/jiacheng/autonomoussystems2025/ros2_ws/install/mav_msgs/include/mav_msgs/mav_msgs/msg/detail/status__struct.h
[0.524s] -- Up-to-date: /home/jiacheng/autonomoussystems2025/ros2_ws/install/mav_msgs/include/mav_msgs/mav_msgs/msg/detail/torque_thrust__type_support.h
[0.524s] -- Up-to-date: /home/jiacheng/autonomoussystems2025/ros2_ws/install/mav_msgs/include/mav_msgs/mav_msgs/msg/detail/roll_pitch_yawrate_thrust__struct.h
[0.524s] -- Up-to-date: /home/jiacheng/autonomoussystems2025/ros2_ws/install/mav_msgs/include/mav_msgs/mav_msgs/msg/detail/rate_thrust__struct.h
[0.524s] -- Up-to-date: /home/jiacheng/autonomoussystems2025/ros2_ws/install/mav_msgs/include/mav_msgs/mav_msgs/msg/detail/gps_waypoint__type_support.h
[0.525s] -- Installing: /home/jiacheng/autonomoussystems2025/ros2_ws/install/mav_msgs/include/mav_msgs/mav_msgs/msg/detail/actuators__type_support.c
[0.525s] -- Up-to-date: /home/jiacheng/autonomoussystems2025/ros2_ws/install/mav_msgs/include/mav_msgs/mav_msgs/msg/detail/attitude_thrust__functions.c
[0.525s] -- Up-to-date: /home/jiacheng/autonomoussystems2025/ros2_ws/install/mav_msgs/include/mav_msgs/mav_msgs/msg/detail/status__functions.c
[0.527s] -- Up-to-date: /home/jiacheng/autonomoussystems2025/ros2_ws/install/mav_msgs/include/mav_msgs/mav_msgs/msg/detail/filtered_sensor_data__type_support.h
[0.527s] -- Up-to-date: /home/jiacheng/autonomoussystems2025/ros2_ws/install/mav_msgs/include/mav_msgs/mav_msgs/msg/detail/torque_thrust__functions.c
[0.527s] -- Up-to-date: /home/jiacheng/autonomoussystems2025/ros2_ws/install/mav_msgs/include/mav_msgs/mav_msgs/msg/detail/rate_thrust__description.c
[0.527s] -- Installing: /home/jiacheng/autonomoussystems2025/ros2_ws/install/mav_msgs/include/mav_msgs/mav_msgs/msg/detail/status__type_support.c
[0.527s] -- Up-to-date: /home/jiacheng/autonomoussystems2025/ros2_ws/install/mav_msgs/include/mav_msgs/mav_msgs/msg/rate_thrust.h
[0.527s] -- Up-to-date: /home/jiacheng/autonomoussystems2025/ros2_ws/install/mav_msgs/include/mav_msgs/mav_msgs/msg/gps_waypoint.h
[0.527s] -- Up-to-date: /home/jiacheng/autonomoussystems2025/ros2_ws/install/mav_msgs/include/mav_msgs/mav_msgs/msg/actuators.h
[0.528s] -- Up-to-date: /home/jiacheng/autonomoussystems2025/ros2_ws/install/mav_msgs/include/mav_msgs/mav_msgs/msg/rosidl_generator_c__visibility_control.h
[0.528s] -- Up-to-date: /home/jiacheng/autonomoussystems2025/ros2_ws/install/mav_msgs/include/mav_msgs/mav_msgs/msg/status.h
[0.528s] -- Up-to-date: /home/jiacheng/autonomoussystems2025/ros2_ws/install/mav_msgs/share/mav_msgs/environment/library_path.sh
[0.528s] -- Up-to-date: /home/jiacheng/autonomoussystems2025/ros2_ws/install/mav_msgs/share/mav_msgs/environment/library_path.dsv
[0.528s] -- Up-to-date: /home/jiacheng/autonomoussystems2025/ros2_ws/install/mav_msgs/lib/libmav_msgs__rosidl_generator_c.so
[0.528s] -- Up-to-date: /home/jiacheng/autonomoussystems2025/ros2_ws/install/mav_msgs/include/mav_msgs/mav_msgs
[0.528s] -- Up-to-date: /home/jiacheng/autonomoussystems2025/ros2_ws/install/mav_msgs/include/mav_msgs/mav_msgs/msg
[0.528s] -- Up-to-date: /home/jiacheng/autonomoussystems2025/ros2_ws/install/mav_msgs/include/mav_msgs/mav_msgs/msg/detail
[0.528s] -- Up-to-date: /home/jiacheng/autonomoussystems2025/ros2_ws/install/mav_msgs/include/mav_msgs/mav_msgs/msg/detail/torque_thrust__rosidl_typesupport_fastrtps_c.h
[0.528s] -- Up-to-date: /home/jiacheng/autonomoussystems2025/ros2_ws/install/mav_msgs/include/mav_msgs/mav_msgs/msg/detail/gps_waypoint__rosidl_typesupport_fastrtps_c.h
[0.528s] -- Up-to-date: /home/jiacheng/autonomoussystems2025/ros2_ws/install/mav_msgs/include/mav_msgs/mav_msgs/msg/detail/filtered_sensor_data__rosidl_typesupport_fastrtps_c.h
[0.529s] -- Up-to-date: /home/jiacheng/autonomoussystems2025/ros2_ws/install/mav_msgs/include/mav_msgs/mav_msgs/msg/detail/status__rosidl_typesupport_fastrtps_c.h
[0.529s] -- Up-to-date: /home/jiacheng/autonomoussystems2025/ros2_ws/install/mav_msgs/include/mav_msgs/mav_msgs/msg/detail/actuators__rosidl_typesupport_fastrtps_c.h
[0.529s] -- Up-to-date: /home/jiacheng/autonomoussystems2025/ros2_ws/install/mav_msgs/include/mav_msgs/mav_msgs/msg/detail/attitude_thrust__rosidl_typesupport_fastrtps_c.h
[0.529s] -- Up-to-date: /home/jiacheng/autonomoussystems2025/ros2_ws/install/mav_msgs/include/mav_msgs/mav_msgs/msg/detail/roll_pitch_yawrate_thrust__rosidl_typesupport_fastrtps_c.h
[0.529s] -- Up-to-date: /home/jiacheng/autonomoussystems2025/ros2_ws/install/mav_msgs/include/mav_msgs/mav_msgs/msg/detail/rate_thrust__rosidl_typesupport_fastrtps_c.h
[0.529s] -- Up-to-date: /home/jiacheng/autonomoussystems2025/ros2_ws/install/mav_msgs/include/mav_msgs/mav_msgs/msg/rosidl_typesupport_fastrtps_c__visibility_control.h
[0.529s] -- Up-to-date: /home/jiacheng/autonomoussystems2025/ros2_ws/install/mav_msgs/lib/libmav_msgs__rosidl_typesupport_fastrtps_c.so
[0.529s] -- Up-to-date: /home/jiacheng/autonomoussystems2025/ros2_ws/install/mav_msgs/include/mav_msgs/mav_msgs
[0.529s] -- Up-to-date: /home/jiacheng/autonomoussystems2025/ros2_ws/install/mav_msgs/include/mav_msgs/mav_msgs/msg
[0.529s] -- Up-to-date: /home/jiacheng/autonomoussystems2025/ros2_ws/install/mav_msgs/include/mav_msgs/mav_msgs/msg/detail
[0.529s] -- Installing: /home/jiacheng/autonomoussystems2025/ros2_ws/install/mav_msgs/include/mav_msgs/mav_msgs/msg/detail/filtered_sensor_data__type_support.c
[0.529s] -- Up-to-date: /home/jiacheng/autonomoussystems2025/ros2_ws/install/mav_msgs/include/mav_msgs/mav_msgs/msg/detail/torque_thrust__rosidl_typesupport_introspection_c.h
[0.529s] -- Up-to-date: /home/jiacheng/autonomoussystems2025/ros2_ws/install/mav_msgs/include/mav_msgs/mav_msgs/msg/detail/attitude_thrust__rosidl_typesupport_introspection_c.h
[0.529s] -- Installing: /home/jiacheng/autonomoussystems2025/ros2_ws/install/mav_msgs/include/mav_msgs/mav_msgs/msg/detail/roll_pitch_yawrate_thrust__type_support.c
[0.530s] -- Installing: /home/jiacheng/autonomoussystems2025/ros2_ws/install/mav_msgs/include/mav_msgs/mav_msgs/msg/detail/rate_thrust__type_support.c
[0.530s] -- Installing: /home/jiacheng/autonomoussystems2025/ros2_ws/install/mav_msgs/include/mav_msgs/mav_msgs/msg/detail/torque_thrust__type_support.c
[0.531s] -- Up-to-date: /home/jiacheng/autonomoussystems2025/ros2_ws/install/mav_msgs/include/mav_msgs/mav_msgs/msg/detail/status__rosidl_typesupport_introspection_c.h
[0.531s] -- Up-to-date: /home/jiacheng/autonomoussystems2025/ros2_ws/install/mav_msgs/include/mav_msgs/mav_msgs/msg/detail/actuators__rosidl_typesupport_introspection_c.h
[0.531s] -- Up-to-date: /home/jiacheng/autonomoussystems2025/ros2_ws/install/mav_msgs/include/mav_msgs/mav_msgs/msg/detail/rate_thrust__rosidl_typesupport_introspection_c.h
[0.531s] -- Up-to-date: /home/jiacheng/autonomoussystems2025/ros2_ws/install/mav_msgs/include/mav_msgs/mav_msgs/msg/detail/roll_pitch_yawrate_thrust__rosidl_typesupport_introspection_c.h
[0.532s] -- Up-to-date: /home/jiacheng/autonomoussystems2025/ros2_ws/install/mav_msgs/include/mav_msgs/mav_msgs/msg/detail/filtered_sensor_data__rosidl_typesupport_introspection_c.h
[0.532s] -- Installing: /home/jiacheng/autonomoussystems2025/ros2_ws/install/mav_msgs/include/mav_msgs/mav_msgs/msg/detail/attitude_thrust__type_support.c
[0.532s] -- Up-to-date: /home/jiacheng/autonomoussystems2025/ros2_ws/install/mav_msgs/include/mav_msgs/mav_msgs/msg/detail/gps_waypoint__rosidl_typesupport_introspection_c.h
[0.532s] -- Installing: /home/jiacheng/autonomoussystems2025/ros2_ws/install/mav_msgs/include/mav_msgs/mav_msgs/msg/detail/gps_waypoint__type_support.c
[0.532s] -- Installing: /home/jiacheng/autonomoussystems2025/ros2_ws/install/mav_msgs/include/mav_msgs/mav_msgs/msg/detail/actuators__type_support.c
[0.532s] -- Installing: /home/jiacheng/autonomoussystems2025/ros2_ws/install/mav_msgs/include/mav_msgs/mav_msgs/msg/detail/status__type_support.c
[0.533s] -- Up-to-date: /home/jiacheng/autonomoussystems2025/ros2_ws/install/mav_msgs/include/mav_msgs/mav_msgs/msg/rosidl_typesupport_introspection_c__visibility_control.h
[0.535s] -- Up-to-date: /home/jiacheng/autonomoussystems2025/ros2_ws/install/mav_msgs/lib/libmav_msgs__rosidl_typesupport_introspection_c.so
[0.536s] -- Up-to-date: /home/jiacheng/autonomoussystems2025/ros2_ws/install/mav_msgs/lib/libmav_msgs__rosidl_typesupport_c.so
[0.536s] -- Up-to-date: /home/jiacheng/autonomoussystems2025/ros2_ws/install/mav_msgs/include/mav_msgs/mav_msgs
[0.536s] -- Up-to-date: /home/jiacheng/autonomoussystems2025/ros2_ws/install/mav_msgs/include/mav_msgs/mav_msgs/msg
[0.536s] -- Up-to-date: /home/jiacheng/autonomoussystems2025/ros2_ws/install/mav_msgs/include/mav_msgs/mav_msgs/msg/filtered_sensor_data.hpp
[0.537s] -- Up-to-date: /home/jiacheng/autonomoussystems2025/ros2_ws/install/mav_msgs/include/mav_msgs/mav_msgs/msg/actuators.hpp
[0.537s] -- Up-to-date: /home/jiacheng/autonomoussystems2025/ros2_ws/install/mav_msgs/include/mav_msgs/mav_msgs/msg/status.hpp
[0.537s] -- Up-to-date: /home/jiacheng/autonomoussystems2025/ros2_ws/install/mav_msgs/include/mav_msgs/mav_msgs/msg/torque_thrust.hpp
[0.537s] -- Up-to-date: /home/jiacheng/autonomoussystems2025/ros2_ws/install/mav_msgs/include/mav_msgs/mav_msgs/msg/detail
[0.537s] -- Up-to-date: /home/jiacheng/autonomoussystems2025/ros2_ws/install/mav_msgs/include/mav_msgs/mav_msgs/msg/detail/rate_thrust__struct.hpp
[0.537s] -- Up-to-date: /home/jiacheng/autonomoussystems2025/ros2_ws/install/mav_msgs/include/mav_msgs/mav_msgs/msg/detail/roll_pitch_yawrate_thrust__type_support.hpp
[0.537s] -- Up-to-date: /home/jiacheng/autonomoussystems2025/ros2_ws/install/mav_msgs/include/mav_msgs/mav_msgs/msg/detail/attitude_thrust__traits.hpp
[0.537s] -- Up-to-date: /home/jiacheng/autonomoussystems2025/ros2_ws/install/mav_msgs/include/mav_msgs/mav_msgs/msg/detail/attitude_thrust__builder.hpp
[0.537s] -- Up-to-date: /home/jiacheng/autonomoussystems2025/ros2_ws/install/mav_msgs/include/mav_msgs/mav_msgs/msg/detail/gps_waypoint__builder.hpp
[0.537s] -- Up-to-date: /home/jiacheng/autonomoussystems2025/ros2_ws/install/mav_msgs/include/mav_msgs/mav_msgs/msg/detail/rate_thrust__builder.hpp
[0.538s] -- Up-to-date: /home/jiacheng/autonomoussystems2025/ros2_ws/install/mav_msgs/include/mav_msgs/mav_msgs/msg/detail/rate_thrust__traits.hpp
[0.539s] -- Up-to-date: /home/jiacheng/autonomoussystems2025/ros2_ws/install/mav_msgs/include/mav_msgs/mav_msgs/msg/detail/torque_thrust__traits.hpp
[0.539s] -- Up-to-date: /home/jiacheng/autonomoussystems2025/ros2_ws/install/mav_msgs/include/mav_msgs/mav_msgs/msg/detail/gps_waypoint__traits.hpp
[0.539s] -- Up-to-date: /home/jiacheng/autonomoussystems2025/ros2_ws/install/mav_msgs/include/mav_msgs/mav_msgs/msg/detail/roll_pitch_yawrate_thrust__struct.hpp
[0.539s] -- Up-to-date: /home/jiacheng/autonomoussystems2025/ros2_ws/install/mav_msgs/include/mav_msgs/mav_msgs/msg/detail/actuators__struct.hpp
[0.539s] -- Up-to-date: /home/jiacheng/autonomoussystems2025/ros2_ws/install/mav_msgs/include/mav_msgs/mav_msgs/msg/detail/roll_pitch_yawrate_thrust__traits.hpp
[0.539s] -- Up-to-date: /home/jiacheng/autonomoussystems2025/ros2_ws/install/mav_msgs/include/mav_msgs/mav_msgs/msg/detail/actuators__builder.hpp
[0.539s] -- Up-to-date: /home/jiacheng/autonomoussystems2025/ros2_ws/install/mav_msgs/include/mav_msgs/mav_msgs/msg/detail/filtered_sensor_data__type_support.hpp
[0.539s] -- Up-to-date: /home/jiacheng/autonomoussystems2025/ros2_ws/install/mav_msgs/include/mav_msgs/mav_msgs/msg/detail/filtered_sensor_data__struct.hpp
[0.539s] -- Up-to-date: /home/jiacheng/autonomoussystems2025/ros2_ws/install/mav_msgs/include/mav_msgs/mav_msgs/msg/detail/gps_waypoint__type_support.hpp
[0.539s] -- Up-to-date: /home/jiacheng/autonomoussystems2025/ros2_ws/install/mav_msgs/include/mav_msgs/mav_msgs/msg/detail/filtered_sensor_data__builder.hpp
[0.540s] -- Up-to-date: /home/jiacheng/autonomoussystems2025/ros2_ws/install/mav_msgs/include/mav_msgs/mav_msgs/msg/detail/status__struct.hpp
[0.540s] -- Up-to-date: /home/jiacheng/autonomoussystems2025/ros2_ws/install/mav_msgs/include/mav_msgs/mav_msgs/msg/detail/roll_pitch_yawrate_thrust__builder.hpp
[0.540s] -- Up-to-date: /home/jiacheng/autonomoussystems2025/ros2_ws/install/mav_msgs/include/mav_msgs/mav_msgs/msg/detail/attitude_thrust__type_support.hpp
[0.541s] -- Up-to-date: /home/jiacheng/autonomoussystems2025/ros2_ws/install/mav_msgs/include/mav_msgs/mav_msgs/msg/detail/attitude_thrust__struct.hpp
[0.541s] -- Up-to-date: /home/jiacheng/autonomoussystems2025/ros2_ws/install/mav_msgs/include/mav_msgs/mav_msgs/msg/detail/filtered_sensor_data__traits.hpp
[0.541s] -- Up-to-date: /home/jiacheng/autonomoussystems2025/ros2_ws/install/mav_msgs/include/mav_msgs/mav_msgs/msg/detail/status__type_support.hpp
[0.541s] -- Up-to-date: /home/jiacheng/autonomoussystems2025/ros2_ws/install/mav_msgs/include/mav_msgs/mav_msgs/msg/detail/torque_thrust__builder.hpp
[0.541s] -- Up-to-date: /home/jiacheng/autonomoussystems2025/ros2_ws/install/mav_msgs/include/mav_msgs/mav_msgs/msg/detail/status__builder.hpp
[0.541s] -- Up-to-date: /home/jiacheng/autonomoussystems2025/ros2_ws/install/mav_msgs/include/mav_msgs/mav_msgs/msg/detail/actuators__traits.hpp
[0.541s] -- Up-to-date: /home/jiacheng/autonomoussystems2025/ros2_ws/install/mav_msgs/include/mav_msgs/mav_msgs/msg/detail/gps_waypoint__struct.hpp
[0.541s] -- Up-to-date: /home/jiacheng/autonomoussystems2025/ros2_ws/install/mav_msgs/include/mav_msgs/mav_msgs/msg/detail/torque_thrust__type_support.hpp
[0.541s] -- Up-to-date: /home/jiacheng/autonomoussystems2025/ros2_ws/install/mav_msgs/include/mav_msgs/mav_msgs/msg/detail/actuators__type_support.hpp
[0.541s] -- Up-to-date: /home/jiacheng/autonomoussystems2025/ros2_ws/install/mav_msgs/include/mav_msgs/mav_msgs/msg/detail/rate_thrust__type_support.hpp
[0.541s] -- Up-to-date: /home/jiacheng/autonomoussystems2025/ros2_ws/install/mav_msgs/include/mav_msgs/mav_msgs/msg/detail/status__traits.hpp
[0.542s] -- Up-to-date: /home/jiacheng/autonomoussystems2025/ros2_ws/install/mav_msgs/include/mav_msgs/mav_msgs/msg/detail/torque_thrust__struct.hpp
[0.542s] -- Up-to-date: /home/jiacheng/autonomoussystems2025/ros2_ws/install/mav_msgs/include/mav_msgs/mav_msgs/msg/roll_pitch_yawrate_thrust.hpp
[0.542s] -- Up-to-date: /home/jiacheng/autonomoussystems2025/ros2_ws/install/mav_msgs/include/mav_msgs/mav_msgs/msg/gps_waypoint.hpp
[0.542s] -- Up-to-date: /home/jiacheng/autonomoussystems2025/ros2_ws/install/mav_msgs/include/mav_msgs/mav_msgs/msg/attitude_thrust.hpp
[0.542s] -- Up-to-date: /home/jiacheng/autonomoussystems2025/ros2_ws/install/mav_msgs/include/mav_msgs/mav_msgs/msg/rosidl_generator_cpp__visibility_control.hpp
[0.542s] -- Up-to-date: /home/jiacheng/autonomoussystems2025/ros2_ws/install/mav_msgs/include/mav_msgs/mav_msgs/msg/rate_thrust.hpp
[0.542s] -- Up-to-date: /home/jiacheng/autonomoussystems2025/ros2_ws/install/mav_msgs/include/mav_msgs/mav_msgs
[0.543s] -- Up-to-date: /home/jiacheng/autonomoussystems2025/ros2_ws/install/mav_msgs/include/mav_msgs/mav_msgs/msg
[0.543s] -- Up-to-date: /home/jiacheng/autonomoussystems2025/ros2_ws/install/mav_msgs/include/mav_msgs/mav_msgs/msg/detail
[0.543s] -- Up-to-date: /home/jiacheng/autonomoussystems2025/ros2_ws/install/mav_msgs/include/mav_msgs/mav_msgs/msg/detail/roll_pitch_yawrate_thrust__rosidl_typesupport_fastrtps_cpp.hpp
[0.543s] -- Up-to-date: /home/jiacheng/autonomoussystems2025/ros2_ws/install/mav_msgs/include/mav_msgs/mav_msgs/msg/detail/actuators__rosidl_typesupport_fastrtps_cpp.hpp
[0.543s] -- Up-to-date: /home/jiacheng/autonomoussystems2025/ros2_ws/install/mav_msgs/include/mav_msgs/mav_msgs/msg/detail/attitude_thrust__rosidl_typesupport_fastrtps_cpp.hpp
[0.543s] -- Up-to-date: /home/jiacheng/autonomoussystems2025/ros2_ws/install/mav_msgs/include/mav_msgs/mav_msgs/msg/detail/gps_waypoint__rosidl_typesupport_fastrtps_cpp.hpp
[0.543s] -- Up-to-date: /home/jiacheng/autonomoussystems2025/ros2_ws/install/mav_msgs/include/mav_msgs/mav_msgs/msg/detail/filtered_sensor_data__rosidl_typesupport_fastrtps_cpp.hpp
[0.543s] -- Up-to-date: /home/jiacheng/autonomoussystems2025/ros2_ws/install/mav_msgs/include/mav_msgs/mav_msgs/msg/detail/rate_thrust__rosidl_typesupport_fastrtps_cpp.hpp
[0.543s] -- Up-to-date: /home/jiacheng/autonomoussystems2025/ros2_ws/install/mav_msgs/include/mav_msgs/mav_msgs/msg/detail/status__rosidl_typesupport_fastrtps_cpp.hpp
[0.543s] -- Up-to-date: /home/jiacheng/autonomoussystems2025/ros2_ws/install/mav_msgs/include/mav_msgs/mav_msgs/msg/detail/dds_fastrtps
[0.543s] -- Up-to-date: /home/jiacheng/autonomoussystems2025/ros2_ws/install/mav_msgs/include/mav_msgs/mav_msgs/msg/detail/torque_thrust__rosidl_typesupport_fastrtps_cpp.hpp
[0.543s] -- Up-to-date: /home/jiacheng/autonomoussystems2025/ros2_ws/install/mav_msgs/include/mav_msgs/mav_msgs/msg/rosidl_typesupport_fastrtps_cpp__visibility_control.h
[0.543s] -- Up-to-date: /home/jiacheng/autonomoussystems2025/ros2_ws/install/mav_msgs/lib/libmav_msgs__rosidl_typesupport_fastrtps_cpp.so
[0.544s] -- Up-to-date: /home/jiacheng/autonomoussystems2025/ros2_ws/install/mav_msgs/include/mav_msgs/mav_msgs
[0.544s] -- Up-to-date: /home/jiacheng/autonomoussystems2025/ros2_ws/install/mav_msgs/include/mav_msgs/mav_msgs/msg
[0.544s] -- Up-to-date: /home/jiacheng/autonomoussystems2025/ros2_ws/install/mav_msgs/include/mav_msgs/mav_msgs/msg/detail
[0.544s] -- Up-to-date: /home/jiacheng/autonomoussystems2025/ros2_ws/install/mav_msgs/include/mav_msgs/mav_msgs/msg/detail/filtered_sensor_data__rosidl_typesupport_introspection_cpp.hpp
[0.544s] -- Up-to-date: /home/jiacheng/autonomoussystems2025/ros2_ws/install/mav_msgs/include/mav_msgs/mav_msgs/msg/detail/rate_thrust__type_support.cpp
[0.544s] -- Up-to-date: /home/jiacheng/autonomoussystems2025/ros2_ws/install/mav_msgs/include/mav_msgs/mav_msgs/msg/detail/gps_waypoint__type_support.cpp
[0.544s] -- Up-to-date: /home/jiacheng/autonomoussystems2025/ros2_ws/install/mav_msgs/include/mav_msgs/mav_msgs/msg/detail/gps_waypoint__rosidl_typesupport_introspection_cpp.hpp
[0.544s] -- Up-to-date: /home/jiacheng/autonomoussystems2025/ros2_ws/install/mav_msgs/include/mav_msgs/mav_msgs/msg/detail/roll_pitch_yawrate_thrust__type_support.cpp
[0.544s] -- Up-to-date: /home/jiacheng/autonomoussystems2025/ros2_ws/install/mav_msgs/include/mav_msgs/mav_msgs/msg/detail/attitude_thrust__type_support.cpp
[0.545s] -- Up-to-date: /home/jiacheng/autonomoussystems2025/ros2_ws/install/mav_msgs/include/mav_msgs/mav_msgs/msg/detail/actuators__rosidl_typesupport_introspection_cpp.hpp
[0.545s] -- Up-to-date: /home/jiacheng/autonomoussystems2025/ros2_ws/install/mav_msgs/include/mav_msgs/mav_msgs/msg/detail/torque_thrust__type_support.cpp
[0.545s] -- Up-to-date: /home/jiacheng/autonomoussystems2025/ros2_ws/install/mav_msgs/include/mav_msgs/mav_msgs/msg/detail/torque_thrust__rosidl_typesupport_introspection_cpp.hpp
[0.545s] -- Up-to-date: /home/jiacheng/autonomoussystems2025/ros2_ws/install/mav_msgs/include/mav_msgs/mav_msgs/msg/detail/filtered_sensor_data__type_support.cpp
[0.545s] -- Up-to-date: /home/jiacheng/autonomoussystems2025/ros2_ws/install/mav_msgs/include/mav_msgs/mav_msgs/msg/detail/actuators__type_support.cpp
[0.545s] -- Up-to-date: /home/jiacheng/autonomoussystems2025/ros2_ws/install/mav_msgs/include/mav_msgs/mav_msgs/msg/detail/roll_pitch_yawrate_thrust__rosidl_typesupport_introspection_cpp.hpp
[0.546s] -- Up-to-date: /home/jiacheng/autonomoussystems2025/ros2_ws/install/mav_msgs/include/mav_msgs/mav_msgs/msg/detail/attitude_thrust__rosidl_typesupport_introspection_cpp.hpp
[0.546s] -- Up-to-date: /home/jiacheng/autonomoussystems2025/ros2_ws/install/mav_msgs/include/mav_msgs/mav_msgs/msg/detail/rate_thrust__rosidl_typesupport_introspection_cpp.hpp
[0.546s] -- Up-to-date: /home/jiacheng/autonomoussystems2025/ros2_ws/install/mav_msgs/include/mav_msgs/mav_msgs/msg/detail/status__rosidl_typesupport_introspection_cpp.hpp
[0.546s] -- Up-to-date: /home/jiacheng/autonomoussystems2025/ros2_ws/install/mav_msgs/include/mav_msgs/mav_msgs/msg/detail/status__type_support.cpp
[0.546s] -- Up-to-date: /home/jiacheng/autonomoussystems2025/ros2_ws/install/mav_msgs/lib/libmav_msgs__rosidl_typesupport_introspection_cpp.so
[0.546s] -- Up-to-date: /home/jiacheng/autonomoussystems2025/ros2_ws/install/mav_msgs/lib/libmav_msgs__rosidl_typesupport_cpp.so
[0.546s] -- Up-to-date: /home/jiacheng/autonomoussystems2025/ros2_ws/install/mav_msgs/share/mav_msgs/environment/pythonpath.sh
[0.546s] -- Up-to-date: /home/jiacheng/autonomoussystems2025/ros2_ws/install/mav_msgs/share/mav_msgs/environment/pythonpath.dsv
[0.546s] -- Up-to-date: /home/jiacheng/autonomoussystems2025/ros2_ws/install/mav_msgs/lib/python3.12/site-packages/mav_msgs-3.3.3-py3.12.egg-info
[0.546s] -- Installing: /home/jiacheng/autonomoussystems2025/ros2_ws/install/mav_msgs/lib/python3.12/site-packages/mav_msgs-3.3.3-py3.12.egg-info/top_level.txt
[0.546s] -- Installing: /home/jiacheng/autonomoussystems2025/ros2_ws/install/mav_msgs/lib/python3.12/site-packages/mav_msgs-3.3.3-py3.12.egg-info/PKG-INFO
[0.547s] -- Installing: /home/jiacheng/autonomoussystems2025/ros2_ws/install/mav_msgs/lib/python3.12/site-packages/mav_msgs-3.3.3-py3.12.egg-info/dependency_links.txt
[0.547s] -- Installing: /home/jiacheng/autonomoussystems2025/ros2_ws/install/mav_msgs/lib/python3.12/site-packages/mav_msgs-3.3.3-py3.12.egg-info/SOURCES.txt
[0.547s] -- Up-to-date: /home/jiacheng/autonomoussystems2025/ros2_ws/install/mav_msgs/lib/python3.12/site-packages/mav_msgs
[0.547s] -- Up-to-date: /home/jiacheng/autonomoussystems2025/ros2_ws/install/mav_msgs/lib/python3.12/site-packages/mav_msgs/msg
[0.547s] -- Up-to-date: /home/jiacheng/autonomoussystems2025/ros2_ws/install/mav_msgs/lib/python3.12/site-packages/mav_msgs/msg/_rate_thrust_s.c
[0.547s] -- Up-to-date: /home/jiacheng/autonomoussystems2025/ros2_ws/install/mav_msgs/lib/python3.12/site-packages/mav_msgs/msg/_filtered_sensor_data.py
[0.547s] -- Up-to-date: /home/jiacheng/autonomoussystems2025/ros2_ws/install/mav_msgs/lib/python3.12/site-packages/mav_msgs/msg/_rate_thrust.py
[0.547s] -- Up-to-date: /home/jiacheng/autonomoussystems2025/ros2_ws/install/mav_msgs/lib/python3.12/site-packages/mav_msgs/msg/_gps_waypoint_s.c
[0.547s] -- Up-to-date: /home/jiacheng/autonomoussystems2025/ros2_ws/install/mav_msgs/lib/python3.12/site-packages/mav_msgs/msg/_attitude_thrust.py
[0.547s] -- Up-to-date: /home/jiacheng/autonomoussystems2025/ros2_ws/install/mav_msgs/lib/python3.12/site-packages/mav_msgs/msg/_status_s.c
[0.547s] -- Up-to-date: /home/jiacheng/autonomoussystems2025/ros2_ws/install/mav_msgs/lib/python3.12/site-packages/mav_msgs/msg/_actuators.py
[0.547s] -- Up-to-date: /home/jiacheng/autonomoussystems2025/ros2_ws/install/mav_msgs/lib/python3.12/site-packages/mav_msgs/msg/_torque_thrust.py
[0.547s] -- Up-to-date: /home/jiacheng/autonomoussystems2025/ros2_ws/install/mav_msgs/lib/python3.12/site-packages/mav_msgs/msg/_roll_pitch_yawrate_thrust.py
[0.547s] -- Up-to-date: /home/jiacheng/autonomoussystems2025/ros2_ws/install/mav_msgs/lib/python3.12/site-packages/mav_msgs/msg/_filtered_sensor_data_s.c
[0.547s] -- Up-to-date: /home/jiacheng/autonomoussystems2025/ros2_ws/install/mav_msgs/lib/python3.12/site-packages/mav_msgs/msg/__init__.py
[0.547s] -- Up-to-date: /home/jiacheng/autonomoussystems2025/ros2_ws/install/mav_msgs/lib/python3.12/site-packages/mav_msgs/msg/_actuators_s.c
[0.547s] -- Up-to-date: /home/jiacheng/autonomoussystems2025/ros2_ws/install/mav_msgs/lib/python3.12/site-packages/mav_msgs/msg/_status.py
[0.547s] -- Up-to-date: /home/jiacheng/autonomoussystems2025/ros2_ws/install/mav_msgs/lib/python3.12/site-packages/mav_msgs/msg/_attitude_thrust_s.c
[0.547s] -- Up-to-date: /home/jiacheng/autonomoussystems2025/ros2_ws/install/mav_msgs/lib/python3.12/site-packages/mav_msgs/msg/_gps_waypoint.py
[0.547s] -- Up-to-date: /home/jiacheng/autonomoussystems2025/ros2_ws/install/mav_msgs/lib/python3.12/site-packages/mav_msgs/msg/_roll_pitch_yawrate_thrust_s.c
[0.548s] -- Up-to-date: /home/jiacheng/autonomoussystems2025/ros2_ws/install/mav_msgs/lib/python3.12/site-packages/mav_msgs/msg/_torque_thrust_s.c
[0.548s] -- Up-to-date: /home/jiacheng/autonomoussystems2025/ros2_ws/install/mav_msgs/lib/python3.12/site-packages/mav_msgs/_mav_msgs_s.ep.rosidl_typesupport_c.c
[0.548s] -- Up-to-date: /home/jiacheng/autonomoussystems2025/ros2_ws/install/mav_msgs/lib/python3.12/site-packages/mav_msgs/_mav_msgs_s.ep.rosidl_typesupport_fastrtps_c.c
[0.548s] -- Up-to-date: /home/jiacheng/autonomoussystems2025/ros2_ws/install/mav_msgs/lib/python3.12/site-packages/mav_msgs/mav_msgs_s__rosidl_typesupport_c.so
[0.548s] -- Up-to-date: /home/jiacheng/autonomoussystems2025/ros2_ws/install/mav_msgs/lib/python3.12/site-packages/mav_msgs/_mav_msgs_s.ep.rosidl_typesupport_introspection_c.c
[0.548s] -- Up-to-date: /home/jiacheng/autonomoussystems2025/ros2_ws/install/mav_msgs/lib/python3.12/site-packages/mav_msgs/mav_msgs_s__rosidl_typesupport_fastrtps_c.so
[0.548s] -- Up-to-date: /home/jiacheng/autonomoussystems2025/ros2_ws/install/mav_msgs/lib/python3.12/site-packages/mav_msgs/__init__.py
[0.548s] -- Up-to-date: /home/jiacheng/autonomoussystems2025/ros2_ws/install/mav_msgs/lib/python3.12/site-packages/mav_msgs/mav_msgs_s__rosidl_typesupport_introspection_c.so
[0.595s] Listing '/home/jiacheng/autonomoussystems2025/ros2_ws/install/mav_msgs/lib/python3.12/site-packages/mav_msgs'...
[0.595s] Listing '/home/jiacheng/autonomoussystems2025/ros2_ws/install/mav_msgs/lib/python3.12/site-packages/mav_msgs/msg'...
[0.603s] -- Up-to-date: /home/jiacheng/autonomoussystems2025/ros2_ws/install/mav_msgs/lib/python3.12/site-packages/mav_msgs/mav_msgs_s__rosidl_typesupport_fastrtps_c.so
[0.603s] -- Up-to-date: /home/jiacheng/autonomoussystems2025/ros2_ws/install/mav_msgs/lib/python3.12/site-packages/mav_msgs/mav_msgs_s__rosidl_typesupport_introspection_c.so
[0.604s] -- Up-to-date: /home/jiacheng/autonomoussystems2025/ros2_ws/install/mav_msgs/lib/python3.12/site-packages/mav_msgs/mav_msgs_s__rosidl_typesupport_c.so
[0.605s] -- Up-to-date: /home/jiacheng/autonomoussystems2025/ros2_ws/install/mav_msgs/lib/libmav_msgs__rosidl_generator_py.so
[0.607s] -- Up-to-date: /home/jiacheng/autonomoussystems2025/ros2_ws/install/mav_msgs/share/mav_msgs/msg/Actuators.idl
[0.607s] -- Up-to-date: /home/jiacheng/autonomoussystems2025/ros2_ws/install/mav_msgs/share/mav_msgs/msg/AttitudeThrust.idl
[0.607s] -- Up-to-date: /home/jiacheng/autonomoussystems2025/ros2_ws/install/mav_msgs/share/mav_msgs/msg/FilteredSensorData.idl
[0.607s] -- Up-to-date: /home/jiacheng/autonomoussystems2025/ros2_ws/install/mav_msgs/share/mav_msgs/msg/GpsWaypoint.idl
[0.607s] -- Up-to-date: /home/jiacheng/autonomoussystems2025/ros2_ws/install/mav_msgs/share/mav_msgs/msg/RateThrust.idl
[0.607s] -- Up-to-date: /home/jiacheng/autonomoussystems2025/ros2_ws/install/mav_msgs/share/mav_msgs/msg/RollPitchYawrateThrust.idl
[0.607s] -- Up-to-date: /home/jiacheng/autonomoussystems2025/ros2_ws/install/mav_msgs/share/mav_msgs/msg/Status.idl
[0.607s] -- Up-to-date: /home/jiacheng/autonomoussystems2025/ros2_ws/install/mav_msgs/share/mav_msgs/msg/TorqueThrust.idl
[0.607s] -- Up-to-date: /home/jiacheng/autonomoussystems2025/ros2_ws/install/mav_msgs/share/mav_msgs/msg/Actuators.msg
[0.609s] -- Up-to-date: /home/jiacheng/autonomoussystems2025/ros2_ws/install/mav_msgs/share/mav_msgs/msg/AttitudeThrust.msg
[0.609s] -- Up-to-date: /home/jiacheng/autonomoussystems2025/ros2_ws/install/mav_msgs/share/mav_msgs/msg/FilteredSensorData.msg
[0.609s] -- Up-to-date: /home/jiacheng/autonomoussystems2025/ros2_ws/install/mav_msgs/share/mav_msgs/msg/GpsWaypoint.msg
[0.609s] -- Up-to-date: /home/jiacheng/autonomoussystems2025/ros2_ws/install/mav_msgs/share/mav_msgs/msg/RateThrust.msg
[0.609s] -- Up-to-date: /home/jiacheng/autonomoussystems2025/ros2_ws/install/mav_msgs/share/mav_msgs/msg/RollPitchYawrateThrust.msg
[0.609s] -- Up-to-date: /home/jiacheng/autonomoussystems2025/ros2_ws/install/mav_msgs/share/mav_msgs/msg/Status.msg
[0.609s] -- Up-to-date: /home/jiacheng/autonomoussystems2025/ros2_ws/install/mav_msgs/share/mav_msgs/msg/TorqueThrust.msg
[0.609s] -- Up-to-date: /home/jiacheng/autonomoussystems2025/ros2_ws/install/mav_msgs/include/mav_msgs
[0.609s] -- Up-to-date: /home/jiacheng/autonomoussystems2025/ros2_ws/install/mav_msgs/include/mav_msgs/mav_msgs
[0.609s] -- Up-to-date: /home/jiacheng/autonomoussystems2025/ros2_ws/install/mav_msgs/include/mav_msgs/mav_msgs/conversions.hpp
[0.609s] -- Up-to-date: /home/jiacheng/autonomoussystems2025/ros2_ws/install/mav_msgs/include/mav_msgs/mav_msgs/common.hpp
[0.609s] -- Up-to-date: /home/jiacheng/autonomoussystems2025/ros2_ws/install/mav_msgs/include/mav_msgs/mav_msgs/default_values.hpp
[0.609s] -- Up-to-date: /home/jiacheng/autonomoussystems2025/ros2_ws/install/mav_msgs/include/mav_msgs/mav_msgs/eigen_mav_msgs.hpp
[0.610s] -- Up-to-date: /home/jiacheng/autonomoussystems2025/ros2_ws/install/mav_msgs/include/mav_msgs/mav_msgs/default_topics.hpp
[0.610s] -- Up-to-date: /home/jiacheng/autonomoussystems2025/ros2_ws/install/mav_msgs/share/ament_index/resource_index/package_run_dependencies/mav_msgs
[0.610s] -- Up-to-date: /home/jiacheng/autonomoussystems2025/ros2_ws/install/mav_msgs/share/ament_index/resource_index/parent_prefix_path/mav_msgs
[0.610s] -- Up-to-date: /home/jiacheng/autonomoussystems2025/ros2_ws/install/mav_msgs/share/mav_msgs/environment/ament_prefix_path.sh
[0.610s] -- Up-to-date: /home/jiacheng/autonomoussystems2025/ros2_ws/install/mav_msgs/share/mav_msgs/environment/ament_prefix_path.dsv
[0.611s] -- Up-to-date: /home/jiacheng/autonomoussystems2025/ros2_ws/install/mav_msgs/share/mav_msgs/environment/path.sh
[0.618s] -- Up-to-date: /home/jiacheng/autonomoussystems2025/ros2_ws/install/mav_msgs/share/mav_msgs/environment/path.dsv
[0.618s] -- Up-to-date: /home/jiacheng/autonomoussystems2025/ros2_ws/install/mav_msgs/share/mav_msgs/local_setup.bash
[0.618s] -- Up-to-date: /home/jiacheng/autonomoussystems2025/ros2_ws/install/mav_msgs/share/mav_msgs/local_setup.sh
[0.618s] -- Up-to-date: /home/jiacheng/autonomoussystems2025/ros2_ws/install/mav_msgs/share/mav_msgs/local_setup.zsh
[0.618s] -- Up-to-date: /home/jiacheng/autonomoussystems2025/ros2_ws/install/mav_msgs/share/mav_msgs/local_setup.dsv
[0.618s] -- Installing: /home/jiacheng/autonomoussystems2025/ros2_ws/install/mav_msgs/share/mav_msgs/package.dsv
[0.618s] -- Up-to-date: /home/jiacheng/autonomoussystems2025/ros2_ws/install/mav_msgs/share/ament_index/resource_index/packages/mav_msgs
[0.618s] -- Up-to-date: /home/jiacheng/autonomoussystems2025/ros2_ws/install/mav_msgs/share/mav_msgs/cmake/export_mav_msgs__rosidl_generator_cExport.cmake
[0.618s] -- Up-to-date: /home/jiacheng/autonomoussystems2025/ros2_ws/install/mav_msgs/share/mav_msgs/cmake/export_mav_msgs__rosidl_generator_cExport-noconfig.cmake
[0.618s] -- Up-to-date: /home/jiacheng/autonomoussystems2025/ros2_ws/install/mav_msgs/share/mav_msgs/cmake/export_mav_msgs__rosidl_typesupport_fastrtps_cExport.cmake
[0.618s] -- Up-to-date: /home/jiacheng/autonomoussystems2025/ros2_ws/install/mav_msgs/share/mav_msgs/cmake/export_mav_msgs__rosidl_typesupport_fastrtps_cExport-noconfig.cmake
[0.618s] -- Up-to-date: /home/jiacheng/autonomoussystems2025/ros2_ws/install/mav_msgs/share/mav_msgs/cmake/mav_msgs__rosidl_typesupport_introspection_cExport.cmake
[0.619s] -- Up-to-date: /home/jiacheng/autonomoussystems2025/ros2_ws/install/mav_msgs/share/mav_msgs/cmake/mav_msgs__rosidl_typesupport_introspection_cExport-noconfig.cmake
[0.619s] -- Up-to-date: /home/jiacheng/autonomoussystems2025/ros2_ws/install/mav_msgs/share/mav_msgs/cmake/mav_msgs__rosidl_typesupport_cExport.cmake
[0.619s] -- Up-to-date: /home/jiacheng/autonomoussystems2025/ros2_ws/install/mav_msgs/share/mav_msgs/cmake/mav_msgs__rosidl_typesupport_cExport-noconfig.cmake
[0.619s] -- Up-to-date: /home/jiacheng/autonomoussystems2025/ros2_ws/install/mav_msgs/share/mav_msgs/cmake/export_mav_msgs__rosidl_generator_cppExport.cmake
[0.619s] -- Up-to-date: /home/jiacheng/autonomoussystems2025/ros2_ws/install/mav_msgs/share/mav_msgs/cmake/export_mav_msgs__rosidl_typesupport_fastrtps_cppExport.cmake
[0.619s] -- Up-to-date: /home/jiacheng/autonomoussystems2025/ros2_ws/install/mav_msgs/share/mav_msgs/cmake/export_mav_msgs__rosidl_typesupport_fastrtps_cppExport-noconfig.cmake
[0.620s] -- Up-to-date: /home/jiacheng/autonomoussystems2025/ros2_ws/install/mav_msgs/share/mav_msgs/cmake/mav_msgs__rosidl_typesupport_introspection_cppExport.cmake
[0.620s] -- Up-to-date: /home/jiacheng/autonomoussystems2025/ros2_ws/install/mav_msgs/share/mav_msgs/cmake/mav_msgs__rosidl_typesupport_introspection_cppExport-noconfig.cmake
[0.621s] -- Up-to-date: /home/jiacheng/autonomoussystems2025/ros2_ws/install/mav_msgs/share/mav_msgs/cmake/mav_msgs__rosidl_typesupport_cppExport.cmake
[0.621s] -- Up-to-date: /home/jiacheng/autonomoussystems2025/ros2_ws/install/mav_msgs/share/mav_msgs/cmake/mav_msgs__rosidl_typesupport_cppExport-noconfig.cmake
[0.621s] -- Up-to-date: /home/jiacheng/autonomoussystems2025/ros2_ws/install/mav_msgs/share/mav_msgs/cmake/export_mav_msgs__rosidl_generator_pyExport.cmake
[0.622s] -- Up-to-date: /home/jiacheng/autonomoussystems2025/ros2_ws/install/mav_msgs/share/mav_msgs/cmake/export_mav_msgs__rosidl_generator_pyExport-noconfig.cmake
[0.622s] -- Up-to-date: /home/jiacheng/autonomoussystems2025/ros2_ws/install/mav_msgs/share/mav_msgs/cmake/rosidl_cmake-extras.cmake
[0.622s] -- Up-to-date: /home/jiacheng/autonomoussystems2025/ros2_ws/install/mav_msgs/share/mav_msgs/cmake/ament_cmake_export_dependencies-extras.cmake
[0.623s] -- Up-to-date: /home/jiacheng/autonomoussystems2025/ros2_ws/install/mav_msgs/share/mav_msgs/cmake/ament_cmake_export_include_directories-extras.cmake
[0.623s] -- Up-to-date: /home/jiacheng/autonomoussystems2025/ros2_ws/install/mav_msgs/share/mav_msgs/cmake/ament_cmake_export_libraries-extras.cmake
[0.623s] -- Up-to-date: /home/jiacheng/autonomoussystems2025/ros2_ws/install/mav_msgs/share/mav_msgs/cmake/ament_cmake_export_targets-extras.cmake
[0.623s] -- Up-to-date: /home/jiacheng/autonomoussystems2025/ros2_ws/install/mav_msgs/share/mav_msgs/cmake/rosidl_cmake_export_typesupport_targets-extras.cmake
[0.623s] -- Up-to-date: /home/jiacheng/autonomoussystems2025/ros2_ws/install/mav_msgs/share/mav_msgs/cmake/rosidl_cmake_export_typesupport_libraries-extras.cmake
[0.623s] -- Up-to-date: /home/jiacheng/autonomoussystems2025/ros2_ws/install/mav_msgs/share/mav_msgs/cmake/mav_msgsConfig.cmake
[0.623s] -- Up-to-date: /home/jiacheng/autonomoussystems2025/ros2_ws/install/mav_msgs/share/mav_msgs/cmake/mav_msgsConfig-version.cmake
[0.623s] -- Up-to-date: /home/jiacheng/autonomoussystems2025/ros2_ws/install/mav_msgs/share/mav_msgs/package.xml
[0.628s] Invoked command in '/home/jiacheng/autonomoussystems2025/ros2_ws/build/mav_msgs' returned '0': CMAKE_PREFIX_PATH=${CMAKE_PREFIX_PATH}:/opt/ros/jazzy DEBUGINFOD_URLS=https://debuginfod.ubuntu.com /usr/bin/cmake --install /home/jiacheng/autonomoussystems2025/ros2_ws/build/mav_msgs
