[0.025s] Invoking command in '/home/jiacheng/autonomoussystems2025/ros2_ws/build/perception_pkg': CMAKE_PREFIX_PATH=${CMAKE_PREFIX_PATH}:/opt/ros/jazzy DEBUGINFOD_URLS=https://debuginfod.ubuntu.com /usr/bin/cmake --build /home/jiacheng/autonomoussystems2025/ros2_ws/build/perception_pkg -- -j8 -l8
[0.345s] [ 66%] Built target depth_to_pointcloud
[0.348s] [ 66%] Built target lantern_detector
[0.353s] [ 83%] [32mBuilding CXX object CMakeFiles/pointcloud_to_octomap.dir/src/pointcloud_to_octomap.cpp.o[0m
[33.054s] [100%] [32m[1mLinking CXX executable pointcloud_to_octomap[0m
[34.912s] [100%] Built target pointcloud_to_octomap
[34.943s] Invoked command in '/home/jiacheng/autonomoussystems2025/ros2_ws/build/perception_pkg' returned '0': CMAKE_PREFIX_PATH=${CMAKE_PREFIX_PATH}:/opt/ros/jazzy DEBUGINFOD_URLS=https://debuginfod.ubuntu.com /usr/bin/cmake --build /home/jiacheng/autonomoussystems2025/ros2_ws/build/perception_pkg -- -j8 -l8
[34.974s] Invoking command in '/home/jiacheng/autonomoussystems2025/ros2_ws/build/perception_pkg': CMAKE_PREFIX_PATH=${CMAKE_PREFIX_PATH}:/opt/ros/jazzy DEBUGINFOD_URLS=https://debuginfod.ubuntu.com /usr/bin/cmake --install /home/jiacheng/autonomoussystems2025/ros2_ws/build/perception_pkg
[34.995s] -- Install configuration: ""
[34.996s] -- Up-to-date: /home/jiacheng/autonomoussystems2025/ros2_ws/install/perception_pkg/lib/perception_pkg/depth_to_pointcloud
[34.996s] -- Installing: /home/jiacheng/autonomoussystems2025/ros2_ws/install/perception_pkg/lib/perception_pkg/pointcloud_to_octomap
[35.013s] -- Set non-toolchain portion of runtime path of "/home/jiacheng/autonomoussystems2025/ros2_ws/install/perception_pkg/lib/perception_pkg/pointcloud_to_octomap" to ""
[35.014s] -- Up-to-date: /home/jiacheng/autonomoussystems2025/ros2_ws/install/perception_pkg/lib/perception_pkg/lantern_detector
[35.014s] -- Up-to-date: /home/jiacheng/autonomoussystems2025/ros2_ws/install/perception_pkg/share/perception_pkg//launch
[35.014s] -- Up-to-date: /home/jiacheng/autonomoussystems2025/ros2_ws/install/perception_pkg/share/perception_pkg//launch/lantern_detector.launch.py
[35.014s] -- Installing: /home/jiacheng/autonomoussystems2025/ros2_ws/install/perception_pkg/share/perception_pkg//launch/perception.launch.py
[35.014s] -- Installing: /home/jiacheng/autonomoussystems2025/ros2_ws/install/perception_pkg/share/perception_pkg//launch/octomap.launch.py
[35.014s] -- Up-to-date: /home/jiacheng/autonomoussystems2025/ros2_ws/install/perception_pkg/share/ament_index/resource_index/package_run_dependencies/perception_pkg
[35.015s] -- Up-to-date: /home/jiacheng/autonomoussystems2025/ros2_ws/install/perception_pkg/share/ament_index/resource_index/parent_prefix_path/perception_pkg
[35.015s] -- Up-to-date: /home/jiacheng/autonomoussystems2025/ros2_ws/install/perception_pkg/share/perception_pkg/environment/ament_prefix_path.sh
[35.015s] -- Up-to-date: /home/jiacheng/autonomoussystems2025/ros2_ws/install/perception_pkg/share/perception_pkg/environment/ament_prefix_path.dsv
[35.015s] -- Up-to-date: /home/jiacheng/autonomoussystems2025/ros2_ws/install/perception_pkg/share/perception_pkg/environment/path.sh
[35.015s] -- Up-to-date: /home/jiacheng/autonomoussystems2025/ros2_ws/install/perception_pkg/share/perception_pkg/environment/path.dsv
[35.015s] -- Up-to-date: /home/jiacheng/autonomoussystems2025/ros2_ws/install/perception_pkg/share/perception_pkg/local_setup.bash
[35.015s] -- Up-to-date: /home/jiacheng/autonomoussystems2025/ros2_ws/install/perception_pkg/share/perception_pkg/local_setup.sh
[35.015s] -- Up-to-date: /home/jiacheng/autonomoussystems2025/ros2_ws/install/perception_pkg/share/perception_pkg/local_setup.zsh
[35.015s] -- Up-to-date: /home/jiacheng/autonomoussystems2025/ros2_ws/install/perception_pkg/share/perception_pkg/local_setup.dsv
[35.015s] -- Installing: /home/jiacheng/autonomoussystems2025/ros2_ws/install/perception_pkg/share/perception_pkg/package.dsv
[35.015s] -- Up-to-date: /home/jiacheng/autonomoussystems2025/ros2_ws/install/perception_pkg/share/ament_index/resource_index/packages/perception_pkg
[35.015s] -- Up-to-date: /home/jiacheng/autonomoussystems2025/ros2_ws/install/perception_pkg/share/perception_pkg/cmake/perception_pkgConfig.cmake
[35.016s] -- Up-to-date: /home/jiacheng/autonomoussystems2025/ros2_ws/install/perception_pkg/share/perception_pkg/cmake/perception_pkgConfig-version.cmake
[35.016s] -- Up-to-date: /home/jiacheng/autonomoussystems2025/ros2_ws/install/perception_pkg/share/perception_pkg/package.xml
[35.022s] Invoked command in '/home/jiacheng/autonomoussystems2025/ros2_ws/build/perception_pkg' returned '0': CMAKE_PREFIX_PATH=${CMAKE_PREFIX_PATH}:/opt/ros/jazzy DEBUGINFOD_URLS=https://debuginfod.ubuntu.com /usr/bin/cmake --install /home/jiacheng/autonomoussystems2025/ros2_ws/build/perception_pkg
