[1.167s] Invoking command in '/home/jiacheng/autonomoussystems2025/ros2_ws/src/perception_pkg': DEBUGINFOD_URLS=https://debuginfod.ubuntu.com PYTHONPATH=/home/jiacheng/autonomoussystems2025/ros2_ws/build/perception_pkg/prefix_override:/usr/lib/python3/dist-packages/colcon_core/task/python/colcon_distutils_commands:/home/jiacheng/autonomoussystems2025/ros2_ws/install/perception_pkg/lib/python3.12/site-packages:${PYTHONPATH} /usr/bin/python3 -W ignore:setup.py install is deprecated -W ignore:easy_install command is deprecated setup.py egg_info --egg-base ../../build/perception_pkg build --build-base /home/jiacheng/autonomoussystems2025/ros2_ws/build/perception_pkg/build install --record /home/jiacheng/autonomoussystems2025/ros2_ws/build/perception_pkg/install.log --single-version-externally-managed install_data
[1.506s] running egg_info
[1.520s] writing ../../build/perception_pkg/perception_pkg.egg-info/PKG-INFO
[1.521s] writing dependency_links to ../../build/perception_pkg/perception_pkg.egg-info/dependency_links.txt
[1.522s] writing entry points to ../../build/perception_pkg/perception_pkg.egg-info/entry_points.txt
[1.522s] writing requirements to ../../build/perception_pkg/perception_pkg.egg-info/requires.txt
[1.522s] writing top-level names to ../../build/perception_pkg/perception_pkg.egg-info/top_level.txt
[1.565s] reading manifest file '../../build/perception_pkg/perception_pkg.egg-info/SOURCES.txt'
[1.567s] writing manifest file '../../build/perception_pkg/perception_pkg.egg-info/SOURCES.txt'
[1.567s] running build
[1.567s] running build_py
[1.568s] copying perception_pkg/depth_to_pointcloud.py -> /home/jiacheng/autonomoussystems2025/ros2_ws/build/perception_pkg/build/lib/perception_pkg
[1.568s] running install
[1.573s] running install_lib
[1.593s] copying /home/jiacheng/autonomoussystems2025/ros2_ws/build/perception_pkg/build/lib/perception_pkg/depth_to_pointcloud.py -> /home/jiacheng/autonomoussystems2025/ros2_ws/install/perception_pkg/lib/python3.12/site-packages/perception_pkg
[1.594s] byte-compiling /home/jiacheng/autonomoussystems2025/ros2_ws/install/perception_pkg/lib/python3.12/site-packages/perception_pkg/depth_to_pointcloud.py to depth_to_pointcloud.cpython-312.pyc
[1.597s] running install_data
[1.598s] copying launch/perception.launch.py -> /home/jiacheng/autonomoussystems2025/ros2_ws/install/perception_pkg/share/perception_pkg/launch
[1.598s] running install_egg_info
[1.620s] removing '/home/jiacheng/autonomoussystems2025/ros2_ws/install/perception_pkg/lib/python3.12/site-packages/perception_pkg-0.0.0-py3.12.egg-info' (and everything under it)
[1.622s] Copying ../../build/perception_pkg/perception_pkg.egg-info to /home/jiacheng/autonomoussystems2025/ros2_ws/install/perception_pkg/lib/python3.12/site-packages/perception_pkg-0.0.0-py3.12.egg-info
[1.622s] running install_scripts
[1.759s] Installing depth_to_pointcloud script to /home/jiacheng/autonomoussystems2025/ros2_ws/install/perception_pkg/lib/perception_pkg
[1.760s] writing list of installed files to '/home/jiacheng/autonomoussystems2025/ros2_ws/build/perception_pkg/install.log'
[1.856s] Invoked command in '/home/jiacheng/autonomoussystems2025/ros2_ws/src/perception_pkg' returned '0': DEBUGINFOD_URLS=https://debuginfod.ubuntu.com PYTHONPATH=/home/jiacheng/autonomoussystems2025/ros2_ws/build/perception_pkg/prefix_override:/usr/lib/python3/dist-packages/colcon_core/task/python/colcon_distutils_commands:/home/jiacheng/autonomoussystems2025/ros2_ws/install/perception_pkg/lib/python3.12/site-packages:${PYTHONPATH} /usr/bin/python3 -W ignore:setup.py install is deprecated -W ignore:easy_install command is deprecated setup.py egg_info --egg-base ../../build/perception_pkg build --build-base /home/jiacheng/autonomoussystems2025/ros2_ws/build/perception_pkg/build install --record /home/jiacheng/autonomoussystems2025/ros2_ws/build/perception_pkg/install.log --single-version-externally-managed install_data
