[0.020s] Invoking command in '/home/jiacheng/autonomoussystems2025/ros2_ws/build/mav_planning_msgs': AMENT_PREFIX_PATH=/home/jiacheng/autonomoussystems2025/ros2_ws/install/mav_msgs:${AMENT_PREFIX_PATH} CMAKE_PREFIX_PATH=/home/jiacheng/autonomoussystems2025/ros2_ws/install/mav_msgs:/opt/ros/jazzy/opt/gz_math_vendor:/opt/ros/jazzy/opt/gz_utils_vendor:/opt/ros/jazzy/opt/gz_cmake_vendor:/opt/ros/jazzy DEBUGINFOD_URLS=https://debuginfod.ubuntu.com LD_LIBRARY_PATH=/home/jiacheng/autonomoussystems2025/ros2_ws/install/mav_msgs/lib:${LD_LIBRARY_PATH} PYTHONPATH=/home/jiacheng/autonomoussystems2025/ros2_ws/install/mav_msgs/lib/python3.12/site-packages:${PYTHONPATH} /usr/bin/cmake --build /home/jiacheng/autonomoussystems2025/ros2_ws/build/mav_planning_msgs -- -j8 -l8
[0.170s] [  1%] Built target mav_planning_msgs__rosidl_generator_type_description
[0.223s] [  1%] Built target ament_cmake_python_copy_mav_planning_msgs
[0.244s] [  1%] Built target mav_planning_msgs__cpp
[0.315s] [ 27%] Built target mav_planning_msgs__rosidl_generator_c
[0.410s] [ 37%] Built target mav_planning_msgs__rosidl_typesupport_c
[0.455s] [ 47%] Built target mav_planning_msgs__rosidl_typesupport_introspection_c
[0.455s] [ 56%] Built target mav_planning_msgs__rosidl_typesupport_cpp
[0.476s] [ 66%] Built target mav_planning_msgs__rosidl_typesupport_fastrtps_c
[0.481s] [ 75%] Built target mav_planning_msgs__rosidl_typesupport_introspection_cpp
[0.485s] [ 85%] Built target mav_planning_msgs__rosidl_typesupport_fastrtps_cpp
[0.575s] [ 85%] Built target mav_planning_msgs
[0.637s] [ 86%] Built target mav_planning_msgs__py
[0.690s] running egg_info
[0.713s] writing mav_planning_msgs.egg-info/PKG-INFO
[0.716s] writing dependency_links to mav_planning_msgs.egg-info/dependency_links.txt
[0.720s] writing top-level names to mav_planning_msgs.egg-info/top_level.txt
[0.741s] [ 95%] Built target mav_planning_msgs__rosidl_generator_py
[0.801s] [ 97%] Built target mav_planning_msgs_s__rosidl_typesupport_introspection_c
[0.802s] reading manifest file 'mav_planning_msgs.egg-info/SOURCES.txt'
[0.807s] [ 99%] Built target mav_planning_msgs_s__rosidl_typesupport_c
[0.807s] writing manifest file 'mav_planning_msgs.egg-info/SOURCES.txt'
[0.832s] [100%] Built target mav_planning_msgs_s__rosidl_typesupport_fastrtps_c
[0.858s] [100%] Built target ament_cmake_python_build_mav_planning_msgs_egg
[0.895s] Invoked command in '/home/jiacheng/autonomoussystems2025/ros2_ws/build/mav_planning_msgs' returned '0': AMENT_PREFIX_PATH=/home/jiacheng/autonomoussystems2025/ros2_ws/install/mav_msgs:${AMENT_PREFIX_PATH} CMAKE_PREFIX_PATH=/home/jiacheng/autonomoussystems2025/ros2_ws/install/mav_msgs:/opt/ros/jazzy/opt/gz_math_vendor:/opt/ros/jazzy/opt/gz_utils_vendor:/opt/ros/jazzy/opt/gz_cmake_vendor:/opt/ros/jazzy DEBUGINFOD_URLS=https://debuginfod.ubuntu.com LD_LIBRARY_PATH=/home/jiacheng/autonomoussystems2025/ros2_ws/install/mav_msgs/lib:${LD_LIBRARY_PATH} PYTHONPATH=/home/jiacheng/autonomoussystems2025/ros2_ws/install/mav_msgs/lib/python3.12/site-packages:${PYTHONPATH} /usr/bin/cmake --build /home/jiacheng/autonomoussystems2025/ros2_ws/build/mav_planning_msgs -- -j8 -l8
[0.897s] Invoking command in '/home/jiacheng/autonomoussystems2025/ros2_ws/build/mav_planning_msgs': AMENT_PREFIX_PATH=/home/jiacheng/autonomoussystems2025/ros2_ws/install/mav_msgs:${AMENT_PREFIX_PATH} CMAKE_PREFIX_PATH=/home/jiacheng/autonomoussystems2025/ros2_ws/install/mav_msgs:/opt/ros/jazzy/opt/gz_math_vendor:/opt/ros/jazzy/opt/gz_utils_vendor:/opt/ros/jazzy/opt/gz_cmake_vendor:/opt/ros/jazzy DEBUGINFOD_URLS=https://debuginfod.ubuntu.com LD_LIBRARY_PATH=/home/jiacheng/autonomoussystems2025/ros2_ws/install/mav_msgs/lib:${LD_LIBRARY_PATH} PYTHONPATH=/home/jiacheng/autonomoussystems2025/ros2_ws/install/mav_msgs/lib/python3.12/site-packages:${PYTHONPATH} /usr/bin/cmake --install /home/jiacheng/autonomoussystems2025/ros2_ws/build/mav_planning_msgs
[0.914s] -- Install configuration: ""
[0.914s] -- Up-to-date: /home/jiacheng/autonomoussystems2025/ros2_ws/install/mav_planning_msgs/share/ament_index/resource_index/rosidl_interfaces/mav_planning_msgs
[0.914s] -- Up-to-date: /home/jiacheng/autonomoussystems2025/ros2_ws/install/mav_planning_msgs/share/mav_planning_msgs/msg/Point2D.json
[0.914s] -- Up-to-date: /home/jiacheng/autonomoussystems2025/ros2_ws/install/mav_planning_msgs/share/mav_planning_msgs/msg/PointCloudWithPose.json
[0.914s] -- Up-to-date: /home/jiacheng/autonomoussystems2025/ros2_ws/install/mav_planning_msgs/share/mav_planning_msgs/msg/Polygon2D.json
[0.914s] -- Up-to-date: /home/jiacheng/autonomoussystems2025/ros2_ws/install/mav_planning_msgs/share/mav_planning_msgs/msg/PolygonWithHoles.json
[0.914s] -- Up-to-date: /home/jiacheng/autonomoussystems2025/ros2_ws/install/mav_planning_msgs/share/mav_planning_msgs/msg/PolygonWithHolesStamped.json
[0.915s] -- Up-to-date: /home/jiacheng/autonomoussystems2025/ros2_ws/install/mav_planning_msgs/share/mav_planning_msgs/msg/PolynomialSegment.json
[0.915s] -- Up-to-date: /home/jiacheng/autonomoussystems2025/ros2_ws/install/mav_planning_msgs/share/mav_planning_msgs/msg/PolynomialSegment4D.json
[0.915s] -- Up-to-date: /home/jiacheng/autonomoussystems2025/ros2_ws/install/mav_planning_msgs/share/mav_planning_msgs/msg/PolynomialTrajectory.json
[0.915s] -- Up-to-date: /home/jiacheng/autonomoussystems2025/ros2_ws/install/mav_planning_msgs/share/mav_planning_msgs/msg/PolynomialTrajectory4D.json
[0.915s] -- Up-to-date: /home/jiacheng/autonomoussystems2025/ros2_ws/install/mav_planning_msgs/share/mav_planning_msgs/srv/PlannerService.json
[0.915s] -- Up-to-date: /home/jiacheng/autonomoussystems2025/ros2_ws/install/mav_planning_msgs/share/mav_planning_msgs/srv/PolygonService.json
[0.915s] -- Up-to-date: /home/jiacheng/autonomoussystems2025/ros2_ws/install/mav_planning_msgs/share/mav_planning_msgs/srv/ChangeNameService.json
[0.915s] -- Up-to-date: /home/jiacheng/autonomoussystems2025/ros2_ws/install/mav_planning_msgs/include/mav_planning_msgs/mav_planning_msgs
[0.917s] -- Up-to-date: /home/jiacheng/autonomoussystems2025/ros2_ws/install/mav_planning_msgs/include/mav_planning_msgs/mav_planning_msgs/msg
[0.917s] -- Up-to-date: /home/jiacheng/autonomoussystems2025/ros2_ws/install/mav_planning_msgs/include/mav_planning_msgs/mav_planning_msgs/msg/polygon_with_holes.h
[0.917s] -- Up-to-date: /home/jiacheng/autonomoussystems2025/ros2_ws/install/mav_planning_msgs/include/mav_planning_msgs/mav_planning_msgs/msg/polynomial_trajectory4_d.h
[0.917s] -- Up-to-date: /home/jiacheng/autonomoussystems2025/ros2_ws/install/mav_planning_msgs/include/mav_planning_msgs/mav_planning_msgs/msg/point2_d.h
[0.919s] -- Up-to-date: /home/jiacheng/autonomoussystems2025/ros2_ws/install/mav_planning_msgs/include/mav_planning_msgs/mav_planning_msgs/msg/detail
[0.919s] -- Up-to-date: /home/jiacheng/autonomoussystems2025/ros2_ws/install/mav_planning_msgs/include/mav_planning_msgs/mav_planning_msgs/msg/detail/polynomial_trajectory4_d__functions.h
[0.919s] -- Up-to-date: /home/jiacheng/autonomoussystems2025/ros2_ws/install/mav_planning_msgs/include/mav_planning_msgs/mav_planning_msgs/msg/detail/polygon_with_holes__functions.c
[0.919s] -- Up-to-date: /home/jiacheng/autonomoussystems2025/ros2_ws/install/mav_planning_msgs/include/mav_planning_msgs/mav_planning_msgs/msg/detail/point_cloud_with_pose__type_support.h
[0.919s] -- Up-to-date: /home/jiacheng/autonomoussystems2025/ros2_ws/install/mav_planning_msgs/include/mav_planning_msgs/mav_planning_msgs/msg/detail/point_cloud_with_pose__functions.h
[0.919s] -- Up-to-date: /home/jiacheng/autonomoussystems2025/ros2_ws/install/mav_planning_msgs/include/mav_planning_msgs/mav_planning_msgs/msg/detail/polygon2_d__struct.h
[0.919s] -- Up-to-date: /home/jiacheng/autonomoussystems2025/ros2_ws/install/mav_planning_msgs/include/mav_planning_msgs/mav_planning_msgs/msg/detail/polynomial_segment4_d__functions.h
[0.920s] -- Up-to-date: /home/jiacheng/autonomoussystems2025/ros2_ws/install/mav_planning_msgs/include/mav_planning_msgs/mav_planning_msgs/msg/detail/polynomial_segment__functions.c
[0.920s] -- Installing: /home/jiacheng/autonomoussystems2025/ros2_ws/install/mav_planning_msgs/include/mav_planning_msgs/mav_planning_msgs/msg/detail/polygon2_d__type_support.c
[0.920s] -- Up-to-date: /home/jiacheng/autonomoussystems2025/ros2_ws/install/mav_planning_msgs/include/mav_planning_msgs/mav_planning_msgs/msg/detail/point_cloud_with_pose__functions.c
[0.921s] -- Up-to-date: /home/jiacheng/autonomoussystems2025/ros2_ws/install/mav_planning_msgs/include/mav_planning_msgs/mav_planning_msgs/msg/detail/polygon_with_holes_stamped__struct.h
[0.921s] -- Installing: /home/jiacheng/autonomoussystems2025/ros2_ws/install/mav_planning_msgs/include/mav_planning_msgs/mav_planning_msgs/msg/detail/polynomial_segment__type_support.c
[0.921s] -- Installing: /home/jiacheng/autonomoussystems2025/ros2_ws/install/mav_planning_msgs/include/mav_planning_msgs/mav_planning_msgs/msg/detail/polygon_with_holes_stamped__type_support.c
[0.921s] -- Up-to-date: /home/jiacheng/autonomoussystems2025/ros2_ws/install/mav_planning_msgs/include/mav_planning_msgs/mav_planning_msgs/msg/detail/polynomial_segment__type_support.h
[0.921s] -- Up-to-date: /home/jiacheng/autonomoussystems2025/ros2_ws/install/mav_planning_msgs/include/mav_planning_msgs/mav_planning_msgs/msg/detail/polynomial_segment4_d__struct.h
[0.921s] -- Installing: /home/jiacheng/autonomoussystems2025/ros2_ws/install/mav_planning_msgs/include/mav_planning_msgs/mav_planning_msgs/msg/detail/polynomial_trajectory__type_support.c
[0.921s] -- Up-to-date: /home/jiacheng/autonomoussystems2025/ros2_ws/install/mav_planning_msgs/include/mav_planning_msgs/mav_planning_msgs/msg/detail/polygon_with_holes__struct.h
[0.921s] -- Up-to-date: /home/jiacheng/autonomoussystems2025/ros2_ws/install/mav_planning_msgs/include/mav_planning_msgs/mav_planning_msgs/msg/detail/polygon2_d__description.c
[0.921s] -- Up-to-date: /home/jiacheng/autonomoussystems2025/ros2_ws/install/mav_planning_msgs/include/mav_planning_msgs/mav_planning_msgs/msg/detail/polynomial_trajectory__functions.h
[0.921s] -- Up-to-date: /home/jiacheng/autonomoussystems2025/ros2_ws/install/mav_planning_msgs/include/mav_planning_msgs/mav_planning_msgs/msg/detail/polynomial_segment4_d__description.c
[0.922s] -- Installing: /home/jiacheng/autonomoussystems2025/ros2_ws/install/mav_planning_msgs/include/mav_planning_msgs/mav_planning_msgs/msg/detail/polygon_with_holes__type_support.c
[0.923s] -- Up-to-date: /home/jiacheng/autonomoussystems2025/ros2_ws/install/mav_planning_msgs/include/mav_planning_msgs/mav_planning_msgs/msg/detail/polynomial_trajectory__functions.c
[0.923s] -- Up-to-date: /home/jiacheng/autonomoussystems2025/ros2_ws/install/mav_planning_msgs/include/mav_planning_msgs/mav_planning_msgs/msg/detail/polygon2_d__functions.h
[0.923s] -- Installing: /home/jiacheng/autonomoussystems2025/ros2_ws/install/mav_planning_msgs/include/mav_planning_msgs/mav_planning_msgs/msg/detail/polynomial_trajectory4_d__type_support.c
[0.924s] -- Up-to-date: /home/jiacheng/autonomoussystems2025/ros2_ws/install/mav_planning_msgs/include/mav_planning_msgs/mav_planning_msgs/msg/detail/polynomial_trajectory__description.c
[0.924s] -- Up-to-date: /home/jiacheng/autonomoussystems2025/ros2_ws/install/mav_planning_msgs/include/mav_planning_msgs/mav_planning_msgs/msg/detail/polynomial_segment__struct.h
[0.924s] -- Up-to-date: /home/jiacheng/autonomoussystems2025/ros2_ws/install/mav_planning_msgs/include/mav_planning_msgs/mav_planning_msgs/msg/detail/polynomial_trajectory__struct.h
[0.924s] -- Up-to-date: /home/jiacheng/autonomoussystems2025/ros2_ws/install/mav_planning_msgs/include/mav_planning_msgs/mav_planning_msgs/msg/detail/point2_d__description.c
[0.924s] -- Up-to-date: /home/jiacheng/autonomoussystems2025/ros2_ws/install/mav_planning_msgs/include/mav_planning_msgs/mav_planning_msgs/msg/detail/polynomial_trajectory4_d__functions.c
[0.925s] -- Up-to-date: /home/jiacheng/autonomoussystems2025/ros2_ws/install/mav_planning_msgs/include/mav_planning_msgs/mav_planning_msgs/msg/detail/point2_d__functions.h
[0.925s] -- Up-to-date: /home/jiacheng/autonomoussystems2025/ros2_ws/install/mav_planning_msgs/include/mav_planning_msgs/mav_planning_msgs/msg/detail/polynomial_segment__description.c
[0.926s] -- Up-to-date: /home/jiacheng/autonomoussystems2025/ros2_ws/install/mav_planning_msgs/include/mav_planning_msgs/mav_planning_msgs/msg/detail/polygon2_d__type_support.h
[0.926s] -- Up-to-date: /home/jiacheng/autonomoussystems2025/ros2_ws/install/mav_planning_msgs/include/mav_planning_msgs/mav_planning_msgs/msg/detail/polygon_with_holes__functions.h
[0.926s] -- Up-to-date: /home/jiacheng/autonomoussystems2025/ros2_ws/install/mav_planning_msgs/include/mav_planning_msgs/mav_planning_msgs/msg/detail/point2_d__struct.h
[0.926s] -- Up-to-date: /home/jiacheng/autonomoussystems2025/ros2_ws/install/mav_planning_msgs/include/mav_planning_msgs/mav_planning_msgs/msg/detail/polynomial_trajectory4_d__struct.h
[0.926s] -- Installing: /home/jiacheng/autonomoussystems2025/ros2_ws/install/mav_planning_msgs/include/mav_planning_msgs/mav_planning_msgs/msg/detail/point2_d__type_support.c
[0.927s] -- Up-to-date: /home/jiacheng/autonomoussystems2025/ros2_ws/install/mav_planning_msgs/include/mav_planning_msgs/mav_planning_msgs/msg/detail/point_cloud_with_pose__struct.h
[0.927s] -- Up-to-date: /home/jiacheng/autonomoussystems2025/ros2_ws/install/mav_planning_msgs/include/mav_planning_msgs/mav_planning_msgs/msg/detail/polygon_with_holes_stamped__functions.c
[0.927s] -- Up-to-date: /home/jiacheng/autonomoussystems2025/ros2_ws/install/mav_planning_msgs/include/mav_planning_msgs/mav_planning_msgs/msg/detail/polygon_with_holes_stamped__description.c
[0.928s] -- Up-to-date: /home/jiacheng/autonomoussystems2025/ros2_ws/install/mav_planning_msgs/include/mav_planning_msgs/mav_planning_msgs/msg/detail/polygon_with_holes__description.c
[0.928s] -- Up-to-date: /home/jiacheng/autonomoussystems2025/ros2_ws/install/mav_planning_msgs/include/mav_planning_msgs/mav_planning_msgs/msg/detail/polynomial_segment4_d__functions.c
[0.928s] -- Up-to-date: /home/jiacheng/autonomoussystems2025/ros2_ws/install/mav_planning_msgs/include/mav_planning_msgs/mav_planning_msgs/msg/detail/point2_d__functions.c
[0.928s] -- Up-to-date: /home/jiacheng/autonomoussystems2025/ros2_ws/install/mav_planning_msgs/include/mav_planning_msgs/mav_planning_msgs/msg/detail/polynomial_trajectory__type_support.h
[0.928s] -- Up-to-date: /home/jiacheng/autonomoussystems2025/ros2_ws/install/mav_planning_msgs/include/mav_planning_msgs/mav_planning_msgs/msg/detail/polynomial_trajectory4_d__type_support.h
[0.928s] -- Up-to-date: /home/jiacheng/autonomoussystems2025/ros2_ws/install/mav_planning_msgs/include/mav_planning_msgs/mav_planning_msgs/msg/detail/polynomial_segment__functions.h
[0.928s] -- Installing: /home/jiacheng/autonomoussystems2025/ros2_ws/install/mav_planning_msgs/include/mav_planning_msgs/mav_planning_msgs/msg/detail/point_cloud_with_pose__type_support.c
[0.929s] -- Up-to-date: /home/jiacheng/autonomoussystems2025/ros2_ws/install/mav_planning_msgs/include/mav_planning_msgs/mav_planning_msgs/msg/detail/polygon_with_holes__type_support.h
[0.929s] -- Up-to-date: /home/jiacheng/autonomoussystems2025/ros2_ws/install/mav_planning_msgs/include/mav_planning_msgs/mav_planning_msgs/msg/detail/point_cloud_with_pose__description.c
[0.929s] -- Up-to-date: /home/jiacheng/autonomoussystems2025/ros2_ws/install/mav_planning_msgs/include/mav_planning_msgs/mav_planning_msgs/msg/detail/polynomial_segment4_d__type_support.h
[0.929s] -- Up-to-date: /home/jiacheng/autonomoussystems2025/ros2_ws/install/mav_planning_msgs/include/mav_planning_msgs/mav_planning_msgs/msg/detail/polygon2_d__functions.c
[0.929s] -- Up-to-date: /home/jiacheng/autonomoussystems2025/ros2_ws/install/mav_planning_msgs/include/mav_planning_msgs/mav_planning_msgs/msg/detail/point2_d__type_support.h
[0.929s] -- Up-to-date: /home/jiacheng/autonomoussystems2025/ros2_ws/install/mav_planning_msgs/include/mav_planning_msgs/mav_planning_msgs/msg/detail/polygon_with_holes_stamped__functions.h
[0.929s] -- Up-to-date: /home/jiacheng/autonomoussystems2025/ros2_ws/install/mav_planning_msgs/include/mav_planning_msgs/mav_planning_msgs/msg/detail/polygon_with_holes_stamped__type_support.h
[0.929s] -- Up-to-date: /home/jiacheng/autonomoussystems2025/ros2_ws/install/mav_planning_msgs/include/mav_planning_msgs/mav_planning_msgs/msg/detail/polynomial_trajectory4_d__description.c
[0.929s] -- Installing: /home/jiacheng/autonomoussystems2025/ros2_ws/install/mav_planning_msgs/include/mav_planning_msgs/mav_planning_msgs/msg/detail/polynomial_segment4_d__type_support.c
[0.930s] -- Up-to-date: /home/jiacheng/autonomoussystems2025/ros2_ws/install/mav_planning_msgs/include/mav_planning_msgs/mav_planning_msgs/msg/polygon2_d.h
[0.931s] -- Up-to-date: /home/jiacheng/autonomoussystems2025/ros2_ws/install/mav_planning_msgs/include/mav_planning_msgs/mav_planning_msgs/msg/polynomial_segment4_d.h
[0.931s] -- Up-to-date: /home/jiacheng/autonomoussystems2025/ros2_ws/install/mav_planning_msgs/include/mav_planning_msgs/mav_planning_msgs/msg/polynomial_trajectory.h
[0.931s] -- Up-to-date: /home/jiacheng/autonomoussystems2025/ros2_ws/install/mav_planning_msgs/include/mav_planning_msgs/mav_planning_msgs/msg/rosidl_generator_c__visibility_control.h
[0.931s] -- Up-to-date: /home/jiacheng/autonomoussystems2025/ros2_ws/install/mav_planning_msgs/include/mav_planning_msgs/mav_planning_msgs/msg/polygon_with_holes_stamped.h
[0.931s] -- Up-to-date: /home/jiacheng/autonomoussystems2025/ros2_ws/install/mav_planning_msgs/include/mav_planning_msgs/mav_planning_msgs/msg/point_cloud_with_pose.h
[0.931s] -- Up-to-date: /home/jiacheng/autonomoussystems2025/ros2_ws/install/mav_planning_msgs/include/mav_planning_msgs/mav_planning_msgs/msg/polynomial_segment.h
[0.931s] -- Up-to-date: /home/jiacheng/autonomoussystems2025/ros2_ws/install/mav_planning_msgs/include/mav_planning_msgs/mav_planning_msgs/srv
[0.931s] -- Up-to-date: /home/jiacheng/autonomoussystems2025/ros2_ws/install/mav_planning_msgs/include/mav_planning_msgs/mav_planning_msgs/srv/planner_service.h
[0.932s] -- Up-to-date: /home/jiacheng/autonomoussystems2025/ros2_ws/install/mav_planning_msgs/include/mav_planning_msgs/mav_planning_msgs/srv/detail
[0.933s] -- Up-to-date: /home/jiacheng/autonomoussystems2025/ros2_ws/install/mav_planning_msgs/include/mav_planning_msgs/mav_planning_msgs/srv/detail/change_name_service__struct.h
[0.933s] -- Up-to-date: /home/jiacheng/autonomoussystems2025/ros2_ws/install/mav_planning_msgs/include/mav_planning_msgs/mav_planning_msgs/srv/detail/change_name_service__type_support.h
[0.933s] -- Up-to-date: /home/jiacheng/autonomoussystems2025/ros2_ws/install/mav_planning_msgs/include/mav_planning_msgs/mav_planning_msgs/srv/detail/polygon_service__struct.h
[0.933s] -- Up-to-date: /home/jiacheng/autonomoussystems2025/ros2_ws/install/mav_planning_msgs/include/mav_planning_msgs/mav_planning_msgs/srv/detail/planner_service__description.c
[0.933s] -- Up-to-date: /home/jiacheng/autonomoussystems2025/ros2_ws/install/mav_planning_msgs/include/mav_planning_msgs/mav_planning_msgs/srv/detail/planner_service__functions.c
[0.933s] -- Up-to-date: /home/jiacheng/autonomoussystems2025/ros2_ws/install/mav_planning_msgs/include/mav_planning_msgs/mav_planning_msgs/srv/detail/planner_service__functions.h
[0.933s] -- Up-to-date: /home/jiacheng/autonomoussystems2025/ros2_ws/install/mav_planning_msgs/include/mav_planning_msgs/mav_planning_msgs/srv/detail/change_name_service__functions.c
[0.933s] -- Up-to-date: /home/jiacheng/autonomoussystems2025/ros2_ws/install/mav_planning_msgs/include/mav_planning_msgs/mav_planning_msgs/srv/detail/polygon_service__functions.h
[0.933s] -- Up-to-date: /home/jiacheng/autonomoussystems2025/ros2_ws/install/mav_planning_msgs/include/mav_planning_msgs/mav_planning_msgs/srv/detail/change_name_service__description.c
[0.933s] -- Up-to-date: /home/jiacheng/autonomoussystems2025/ros2_ws/install/mav_planning_msgs/include/mav_planning_msgs/mav_planning_msgs/srv/detail/change_name_service__functions.h
[0.933s] -- Installing: /home/jiacheng/autonomoussystems2025/ros2_ws/install/mav_planning_msgs/include/mav_planning_msgs/mav_planning_msgs/srv/detail/change_name_service__type_support.c
[0.933s] -- Up-to-date: /home/jiacheng/autonomoussystems2025/ros2_ws/install/mav_planning_msgs/include/mav_planning_msgs/mav_planning_msgs/srv/detail/polygon_service__functions.c
[0.933s] -- Up-to-date: /home/jiacheng/autonomoussystems2025/ros2_ws/install/mav_planning_msgs/include/mav_planning_msgs/mav_planning_msgs/srv/detail/planner_service__type_support.h
[0.933s] -- Installing: /home/jiacheng/autonomoussystems2025/ros2_ws/install/mav_planning_msgs/include/mav_planning_msgs/mav_planning_msgs/srv/detail/planner_service__type_support.c
[0.934s] -- Up-to-date: /home/jiacheng/autonomoussystems2025/ros2_ws/install/mav_planning_msgs/include/mav_planning_msgs/mav_planning_msgs/srv/detail/polygon_service__type_support.h
[0.934s] -- Up-to-date: /home/jiacheng/autonomoussystems2025/ros2_ws/install/mav_planning_msgs/include/mav_planning_msgs/mav_planning_msgs/srv/detail/planner_service__struct.h
[0.934s] -- Installing: /home/jiacheng/autonomoussystems2025/ros2_ws/install/mav_planning_msgs/include/mav_planning_msgs/mav_planning_msgs/srv/detail/polygon_service__type_support.c
[0.936s] -- Up-to-date: /home/jiacheng/autonomoussystems2025/ros2_ws/install/mav_planning_msgs/include/mav_planning_msgs/mav_planning_msgs/srv/detail/polygon_service__description.c
[0.936s] -- Up-to-date: /home/jiacheng/autonomoussystems2025/ros2_ws/install/mav_planning_msgs/include/mav_planning_msgs/mav_planning_msgs/srv/change_name_service.h
[0.936s] -- Up-to-date: /home/jiacheng/autonomoussystems2025/ros2_ws/install/mav_planning_msgs/include/mav_planning_msgs/mav_planning_msgs/srv/polygon_service.h
[0.936s] -- Up-to-date: /home/jiacheng/autonomoussystems2025/ros2_ws/install/mav_planning_msgs/share/mav_planning_msgs/environment/library_path.sh
[0.936s] -- Up-to-date: /home/jiacheng/autonomoussystems2025/ros2_ws/install/mav_planning_msgs/share/mav_planning_msgs/environment/library_path.dsv
[0.938s] -- Up-to-date: /home/jiacheng/autonomoussystems2025/ros2_ws/install/mav_planning_msgs/lib/libmav_planning_msgs__rosidl_generator_c.so
[0.939s] -- Up-to-date: /home/jiacheng/autonomoussystems2025/ros2_ws/install/mav_planning_msgs/include/mav_planning_msgs/mav_planning_msgs
[0.940s] -- Up-to-date: /home/jiacheng/autonomoussystems2025/ros2_ws/install/mav_planning_msgs/include/mav_planning_msgs/mav_planning_msgs/msg
[0.940s] -- Up-to-date: /home/jiacheng/autonomoussystems2025/ros2_ws/install/mav_planning_msgs/include/mav_planning_msgs/mav_planning_msgs/msg/detail
[0.940s] -- Up-to-date: /home/jiacheng/autonomoussystems2025/ros2_ws/install/mav_planning_msgs/include/mav_planning_msgs/mav_planning_msgs/msg/detail/polynomial_trajectory__rosidl_typesupport_fastrtps_c.h
[0.940s] -- Up-to-date: /home/jiacheng/autonomoussystems2025/ros2_ws/install/mav_planning_msgs/include/mav_planning_msgs/mav_planning_msgs/msg/detail/point2_d__rosidl_typesupport_fastrtps_c.h
[0.940s] -- Up-to-date: /home/jiacheng/autonomoussystems2025/ros2_ws/install/mav_planning_msgs/include/mav_planning_msgs/mav_planning_msgs/msg/detail/polygon2_d__rosidl_typesupport_fastrtps_c.h
[0.940s] -- Up-to-date: /home/jiacheng/autonomoussystems2025/ros2_ws/install/mav_planning_msgs/include/mav_planning_msgs/mav_planning_msgs/msg/detail/polygon_with_holes_stamped__rosidl_typesupport_fastrtps_c.h
[0.940s] -- Up-to-date: /home/jiacheng/autonomoussystems2025/ros2_ws/install/mav_planning_msgs/include/mav_planning_msgs/mav_planning_msgs/msg/detail/polynomial_segment4_d__rosidl_typesupport_fastrtps_c.h
[0.940s] -- Up-to-date: /home/jiacheng/autonomoussystems2025/ros2_ws/install/mav_planning_msgs/include/mav_planning_msgs/mav_planning_msgs/msg/detail/point_cloud_with_pose__rosidl_typesupport_fastrtps_c.h
[0.940s] -- Up-to-date: /home/jiacheng/autonomoussystems2025/ros2_ws/install/mav_planning_msgs/include/mav_planning_msgs/mav_planning_msgs/msg/detail/polygon_with_holes__rosidl_typesupport_fastrtps_c.h
[0.940s] -- Up-to-date: /home/jiacheng/autonomoussystems2025/ros2_ws/install/mav_planning_msgs/include/mav_planning_msgs/mav_planning_msgs/msg/detail/polynomial_trajectory4_d__rosidl_typesupport_fastrtps_c.h
[0.940s] -- Up-to-date: /home/jiacheng/autonomoussystems2025/ros2_ws/install/mav_planning_msgs/include/mav_planning_msgs/mav_planning_msgs/msg/detail/polynomial_segment__rosidl_typesupport_fastrtps_c.h
[0.940s] -- Up-to-date: /home/jiacheng/autonomoussystems2025/ros2_ws/install/mav_planning_msgs/include/mav_planning_msgs/mav_planning_msgs/msg/rosidl_typesupport_fastrtps_c__visibility_control.h
[0.940s] -- Up-to-date: /home/jiacheng/autonomoussystems2025/ros2_ws/install/mav_planning_msgs/include/mav_planning_msgs/mav_planning_msgs/srv
[0.941s] -- Up-to-date: /home/jiacheng/autonomoussystems2025/ros2_ws/install/mav_planning_msgs/include/mav_planning_msgs/mav_planning_msgs/srv/detail
[0.941s] -- Up-to-date: /home/jiacheng/autonomoussystems2025/ros2_ws/install/mav_planning_msgs/include/mav_planning_msgs/mav_planning_msgs/srv/detail/change_name_service__rosidl_typesupport_fastrtps_c.h
[0.941s] -- Up-to-date: /home/jiacheng/autonomoussystems2025/ros2_ws/install/mav_planning_msgs/include/mav_planning_msgs/mav_planning_msgs/srv/detail/polygon_service__rosidl_typesupport_fastrtps_c.h
[0.941s] -- Up-to-date: /home/jiacheng/autonomoussystems2025/ros2_ws/install/mav_planning_msgs/include/mav_planning_msgs/mav_planning_msgs/srv/detail/planner_service__rosidl_typesupport_fastrtps_c.h
[0.942s] -- Up-to-date: /home/jiacheng/autonomoussystems2025/ros2_ws/install/mav_planning_msgs/lib/libmav_planning_msgs__rosidl_typesupport_fastrtps_c.so
[0.942s] -- Up-to-date: /home/jiacheng/autonomoussystems2025/ros2_ws/install/mav_planning_msgs/include/mav_planning_msgs/mav_planning_msgs
[0.942s] -- Up-to-date: /home/jiacheng/autonomoussystems2025/ros2_ws/install/mav_planning_msgs/include/mav_planning_msgs/mav_planning_msgs/msg
[0.942s] -- Up-to-date: /home/jiacheng/autonomoussystems2025/ros2_ws/install/mav_planning_msgs/include/mav_planning_msgs/mav_planning_msgs/msg/detail
[0.942s] -- Up-to-date: /home/jiacheng/autonomoussystems2025/ros2_ws/install/mav_planning_msgs/include/mav_planning_msgs/mav_planning_msgs/msg/detail/polynomial_segment__rosidl_typesupport_introspection_c.h
[0.942s] -- Installing: /home/jiacheng/autonomoussystems2025/ros2_ws/install/mav_planning_msgs/include/mav_planning_msgs/mav_planning_msgs/msg/detail/polygon2_d__type_support.c
[0.944s] -- Installing: /home/jiacheng/autonomoussystems2025/ros2_ws/install/mav_planning_msgs/include/mav_planning_msgs/mav_planning_msgs/msg/detail/polynomial_segment__type_support.c
[0.945s] -- Installing: /home/jiacheng/autonomoussystems2025/ros2_ws/install/mav_planning_msgs/include/mav_planning_msgs/mav_planning_msgs/msg/detail/polygon_with_holes_stamped__type_support.c
[0.946s] -- Up-to-date: /home/jiacheng/autonomoussystems2025/ros2_ws/install/mav_planning_msgs/include/mav_planning_msgs/mav_planning_msgs/msg/detail/polygon2_d__rosidl_typesupport_introspection_c.h
[0.946s] -- Installing: /home/jiacheng/autonomoussystems2025/ros2_ws/install/mav_planning_msgs/include/mav_planning_msgs/mav_planning_msgs/msg/detail/polynomial_trajectory__type_support.c
[0.946s] -- Up-to-date: /home/jiacheng/autonomoussystems2025/ros2_ws/install/mav_planning_msgs/include/mav_planning_msgs/mav_planning_msgs/msg/detail/polynomial_segment4_d__rosidl_typesupport_introspection_c.h
[0.946s] -- Up-to-date: /home/jiacheng/autonomoussystems2025/ros2_ws/install/mav_planning_msgs/include/mav_planning_msgs/mav_planning_msgs/msg/detail/polygon_with_holes__rosidl_typesupport_introspection_c.h
[0.947s] -- Installing: /home/jiacheng/autonomoussystems2025/ros2_ws/install/mav_planning_msgs/include/mav_planning_msgs/mav_planning_msgs/msg/detail/polygon_with_holes__type_support.c
[0.947s] -- Up-to-date: /home/jiacheng/autonomoussystems2025/ros2_ws/install/mav_planning_msgs/include/mav_planning_msgs/mav_planning_msgs/msg/detail/polynomial_trajectory4_d__rosidl_typesupport_introspection_c.h
[0.947s] -- Installing: /home/jiacheng/autonomoussystems2025/ros2_ws/install/mav_planning_msgs/include/mav_planning_msgs/mav_planning_msgs/msg/detail/polynomial_trajectory4_d__type_support.c
[0.948s] -- Up-to-date: /home/jiacheng/autonomoussystems2025/ros2_ws/install/mav_planning_msgs/include/mav_planning_msgs/mav_planning_msgs/msg/detail/point_cloud_with_pose__rosidl_typesupport_introspection_c.h
[0.949s] -- Installing: /home/jiacheng/autonomoussystems2025/ros2_ws/install/mav_planning_msgs/include/mav_planning_msgs/mav_planning_msgs/msg/detail/point2_d__type_support.c
[0.955s] -- Up-to-date: /home/jiacheng/autonomoussystems2025/ros2_ws/install/mav_planning_msgs/include/mav_planning_msgs/mav_planning_msgs/msg/detail/polynomial_trajectory__rosidl_typesupport_introspection_c.h
[0.957s] -- Installing: /home/jiacheng/autonomoussystems2025/ros2_ws/install/mav_planning_msgs/include/mav_planning_msgs/mav_planning_msgs/msg/detail/point_cloud_with_pose__type_support.c
[0.957s] -- Up-to-date: /home/jiacheng/autonomoussystems2025/ros2_ws/install/mav_planning_msgs/include/mav_planning_msgs/mav_planning_msgs/msg/detail/point2_d__rosidl_typesupport_introspection_c.h
[0.958s] -- Up-to-date: /home/jiacheng/autonomoussystems2025/ros2_ws/install/mav_planning_msgs/include/mav_planning_msgs/mav_planning_msgs/msg/detail/polygon_with_holes_stamped__rosidl_typesupport_introspection_c.h
[0.958s] -- Installing: /home/jiacheng/autonomoussystems2025/ros2_ws/install/mav_planning_msgs/include/mav_planning_msgs/mav_planning_msgs/msg/detail/polynomial_segment4_d__type_support.c
[0.958s] -- Up-to-date: /home/jiacheng/autonomoussystems2025/ros2_ws/install/mav_planning_msgs/include/mav_planning_msgs/mav_planning_msgs/msg/rosidl_typesupport_introspection_c__visibility_control.h
[0.958s] -- Up-to-date: /home/jiacheng/autonomoussystems2025/ros2_ws/install/mav_planning_msgs/include/mav_planning_msgs/mav_planning_msgs/srv
[0.958s] -- Up-to-date: /home/jiacheng/autonomoussystems2025/ros2_ws/install/mav_planning_msgs/include/mav_planning_msgs/mav_planning_msgs/srv/detail
[0.958s] -- Up-to-date: /home/jiacheng/autonomoussystems2025/ros2_ws/install/mav_planning_msgs/include/mav_planning_msgs/mav_planning_msgs/srv/detail/polygon_service__rosidl_typesupport_introspection_c.h
[0.959s] -- Installing: /home/jiacheng/autonomoussystems2025/ros2_ws/install/mav_planning_msgs/include/mav_planning_msgs/mav_planning_msgs/srv/detail/change_name_service__type_support.c
[0.959s] -- Up-to-date: /home/jiacheng/autonomoussystems2025/ros2_ws/install/mav_planning_msgs/include/mav_planning_msgs/mav_planning_msgs/srv/detail/change_name_service__rosidl_typesupport_introspection_c.h
[0.959s] -- Installing: /home/jiacheng/autonomoussystems2025/ros2_ws/install/mav_planning_msgs/include/mav_planning_msgs/mav_planning_msgs/srv/detail/planner_service__type_support.c
[0.960s] -- Up-to-date: /home/jiacheng/autonomoussystems2025/ros2_ws/install/mav_planning_msgs/include/mav_planning_msgs/mav_planning_msgs/srv/detail/planner_service__rosidl_typesupport_introspection_c.h
[0.961s] -- Installing: /home/jiacheng/autonomoussystems2025/ros2_ws/install/mav_planning_msgs/include/mav_planning_msgs/mav_planning_msgs/srv/detail/polygon_service__type_support.c
[0.966s] -- Up-to-date: /home/jiacheng/autonomoussystems2025/ros2_ws/install/mav_planning_msgs/lib/libmav_planning_msgs__rosidl_typesupport_introspection_c.so
[0.969s] -- Up-to-date: /home/jiacheng/autonomoussystems2025/ros2_ws/install/mav_planning_msgs/lib/libmav_planning_msgs__rosidl_typesupport_c.so
[0.969s] -- Up-to-date: /home/jiacheng/autonomoussystems2025/ros2_ws/install/mav_planning_msgs/include/mav_planning_msgs/mav_planning_msgs
[0.970s] -- Up-to-date: /home/jiacheng/autonomoussystems2025/ros2_ws/install/mav_planning_msgs/include/mav_planning_msgs/mav_planning_msgs/msg
[0.972s] -- Up-to-date: /home/jiacheng/autonomoussystems2025/ros2_ws/install/mav_planning_msgs/include/mav_planning_msgs/mav_planning_msgs/msg/polynomial_segment.hpp
[0.972s] -- Up-to-date: /home/jiacheng/autonomoussystems2025/ros2_ws/install/mav_planning_msgs/include/mav_planning_msgs/mav_planning_msgs/msg/point2_d.hpp
[0.972s] -- Up-to-date: /home/jiacheng/autonomoussystems2025/ros2_ws/install/mav_planning_msgs/include/mav_planning_msgs/mav_planning_msgs/msg/polynomial_trajectory4_d.hpp
[0.973s] -- Up-to-date: /home/jiacheng/autonomoussystems2025/ros2_ws/install/mav_planning_msgs/include/mav_planning_msgs/mav_planning_msgs/msg/polynomial_trajectory.hpp
[0.974s] -- Up-to-date: /home/jiacheng/autonomoussystems2025/ros2_ws/install/mav_planning_msgs/include/mav_planning_msgs/mav_planning_msgs/msg/detail
[0.974s] -- Up-to-date: /home/jiacheng/autonomoussystems2025/ros2_ws/install/mav_planning_msgs/include/mav_planning_msgs/mav_planning_msgs/msg/detail/polynomial_segment4_d__builder.hpp
[0.974s] -- Up-to-date: /home/jiacheng/autonomoussystems2025/ros2_ws/install/mav_planning_msgs/include/mav_planning_msgs/mav_planning_msgs/msg/detail/point_cloud_with_pose__traits.hpp
[0.975s] -- Up-to-date: /home/jiacheng/autonomoussystems2025/ros2_ws/install/mav_planning_msgs/include/mav_planning_msgs/mav_planning_msgs/msg/detail/point_cloud_with_pose__type_support.hpp
[0.975s] -- Up-to-date: /home/jiacheng/autonomoussystems2025/ros2_ws/install/mav_planning_msgs/include/mav_planning_msgs/mav_planning_msgs/msg/detail/polygon2_d__type_support.hpp
[0.975s] -- Up-to-date: /home/jiacheng/autonomoussystems2025/ros2_ws/install/mav_planning_msgs/include/mav_planning_msgs/mav_planning_msgs/msg/detail/point2_d__traits.hpp
[0.975s] -- Up-to-date: /home/jiacheng/autonomoussystems2025/ros2_ws/install/mav_planning_msgs/include/mav_planning_msgs/mav_planning_msgs/msg/detail/polynomial_segment__struct.hpp
[0.975s] -- Up-to-date: /home/jiacheng/autonomoussystems2025/ros2_ws/install/mav_planning_msgs/include/mav_planning_msgs/mav_planning_msgs/msg/detail/polygon_with_holes_stamped__struct.hpp
[0.975s] -- Up-to-date: /home/jiacheng/autonomoussystems2025/ros2_ws/install/mav_planning_msgs/include/mav_planning_msgs/mav_planning_msgs/msg/detail/polynomial_trajectory__builder.hpp
[0.975s] -- Up-to-date: /home/jiacheng/autonomoussystems2025/ros2_ws/install/mav_planning_msgs/include/mav_planning_msgs/mav_planning_msgs/msg/detail/point2_d__type_support.hpp
[0.975s] -- Up-to-date: /home/jiacheng/autonomoussystems2025/ros2_ws/install/mav_planning_msgs/include/mav_planning_msgs/mav_planning_msgs/msg/detail/polynomial_segment4_d__traits.hpp
[0.975s] -- Up-to-date: /home/jiacheng/autonomoussystems2025/ros2_ws/install/mav_planning_msgs/include/mav_planning_msgs/mav_planning_msgs/msg/detail/polygon_with_holes__traits.hpp
[0.975s] -- Up-to-date: /home/jiacheng/autonomoussystems2025/ros2_ws/install/mav_planning_msgs/include/mav_planning_msgs/mav_planning_msgs/msg/detail/polygon_with_holes__struct.hpp
[0.976s] -- Up-to-date: /home/jiacheng/autonomoussystems2025/ros2_ws/install/mav_planning_msgs/include/mav_planning_msgs/mav_planning_msgs/msg/detail/polynomial_segment__traits.hpp
[0.976s] -- Up-to-date: /home/jiacheng/autonomoussystems2025/ros2_ws/install/mav_planning_msgs/include/mav_planning_msgs/mav_planning_msgs/msg/detail/polynomial_trajectory4_d__traits.hpp
[0.976s] -- Up-to-date: /home/jiacheng/autonomoussystems2025/ros2_ws/install/mav_planning_msgs/include/mav_planning_msgs/mav_planning_msgs/msg/detail/polynomial_trajectory4_d__struct.hpp
[0.976s] -- Up-to-date: /home/jiacheng/autonomoussystems2025/ros2_ws/install/mav_planning_msgs/include/mav_planning_msgs/mav_planning_msgs/msg/detail/polygon_with_holes_stamped__builder.hpp
[0.976s] -- Up-to-date: /home/jiacheng/autonomoussystems2025/ros2_ws/install/mav_planning_msgs/include/mav_planning_msgs/mav_planning_msgs/msg/detail/polygon_with_holes__type_support.hpp
[0.976s] -- Up-to-date: /home/jiacheng/autonomoussystems2025/ros2_ws/install/mav_planning_msgs/include/mav_planning_msgs/mav_planning_msgs/msg/detail/polynomial_segment__type_support.hpp
[0.977s] -- Up-to-date: /home/jiacheng/autonomoussystems2025/ros2_ws/install/mav_planning_msgs/include/mav_planning_msgs/mav_planning_msgs/msg/detail/polygon_with_holes_stamped__traits.hpp
[0.978s] -- Up-to-date: /home/jiacheng/autonomoussystems2025/ros2_ws/install/mav_planning_msgs/include/mav_planning_msgs/mav_planning_msgs/msg/detail/polygon2_d__builder.hpp
[0.978s] -- Up-to-date: /home/jiacheng/autonomoussystems2025/ros2_ws/install/mav_planning_msgs/include/mav_planning_msgs/mav_planning_msgs/msg/detail/polygon2_d__traits.hpp
[0.978s] -- Up-to-date: /home/jiacheng/autonomoussystems2025/ros2_ws/install/mav_planning_msgs/include/mav_planning_msgs/mav_planning_msgs/msg/detail/polygon_with_holes__builder.hpp
[0.979s] -- Up-to-date: /home/jiacheng/autonomoussystems2025/ros2_ws/install/mav_planning_msgs/include/mav_planning_msgs/mav_planning_msgs/msg/detail/polynomial_trajectory__traits.hpp
[0.979s] -- Up-to-date: /home/jiacheng/autonomoussystems2025/ros2_ws/install/mav_planning_msgs/include/mav_planning_msgs/mav_planning_msgs/msg/detail/polynomial_trajectory4_d__type_support.hpp
[0.979s] -- Up-to-date: /home/jiacheng/autonomoussystems2025/ros2_ws/install/mav_planning_msgs/include/mav_planning_msgs/mav_planning_msgs/msg/detail/polygon2_d__struct.hpp
[0.979s] -- Up-to-date: /home/jiacheng/autonomoussystems2025/ros2_ws/install/mav_planning_msgs/include/mav_planning_msgs/mav_planning_msgs/msg/detail/polynomial_segment__builder.hpp
[0.979s] -- Up-to-date: /home/jiacheng/autonomoussystems2025/ros2_ws/install/mav_planning_msgs/include/mav_planning_msgs/mav_planning_msgs/msg/detail/polynomial_trajectory__type_support.hpp
[0.979s] -- Up-to-date: /home/jiacheng/autonomoussystems2025/ros2_ws/install/mav_planning_msgs/include/mav_planning_msgs/mav_planning_msgs/msg/detail/point2_d__builder.hpp
[0.979s] -- Up-to-date: /home/jiacheng/autonomoussystems2025/ros2_ws/install/mav_planning_msgs/include/mav_planning_msgs/mav_planning_msgs/msg/detail/point2_d__struct.hpp
[0.979s] -- Up-to-date: /home/jiacheng/autonomoussystems2025/ros2_ws/install/mav_planning_msgs/include/mav_planning_msgs/mav_planning_msgs/msg/detail/polynomial_trajectory4_d__builder.hpp
[0.979s] -- Up-to-date: /home/jiacheng/autonomoussystems2025/ros2_ws/install/mav_planning_msgs/include/mav_planning_msgs/mav_planning_msgs/msg/detail/point_cloud_with_pose__builder.hpp
[0.979s] -- Up-to-date: /home/jiacheng/autonomoussystems2025/ros2_ws/install/mav_planning_msgs/include/mav_planning_msgs/mav_planning_msgs/msg/detail/polynomial_segment4_d__struct.hpp
[0.979s] -- Up-to-date: /home/jiacheng/autonomoussystems2025/ros2_ws/install/mav_planning_msgs/include/mav_planning_msgs/mav_planning_msgs/msg/detail/polynomial_segment4_d__type_support.hpp
[0.979s] -- Up-to-date: /home/jiacheng/autonomoussystems2025/ros2_ws/install/mav_planning_msgs/include/mav_planning_msgs/mav_planning_msgs/msg/detail/polynomial_trajectory__struct.hpp
[0.979s] -- Up-to-date: /home/jiacheng/autonomoussystems2025/ros2_ws/install/mav_planning_msgs/include/mav_planning_msgs/mav_planning_msgs/msg/detail/polygon_with_holes_stamped__type_support.hpp
[0.979s] -- Up-to-date: /home/jiacheng/autonomoussystems2025/ros2_ws/install/mav_planning_msgs/include/mav_planning_msgs/mav_planning_msgs/msg/detail/point_cloud_with_pose__struct.hpp
[0.980s] -- Up-to-date: /home/jiacheng/autonomoussystems2025/ros2_ws/install/mav_planning_msgs/include/mav_planning_msgs/mav_planning_msgs/msg/polygon_with_holes_stamped.hpp
[0.980s] -- Up-to-date: /home/jiacheng/autonomoussystems2025/ros2_ws/install/mav_planning_msgs/include/mav_planning_msgs/mav_planning_msgs/msg/polygon_with_holes.hpp
[0.980s] -- Up-to-date: /home/jiacheng/autonomoussystems2025/ros2_ws/install/mav_planning_msgs/include/mav_planning_msgs/mav_planning_msgs/msg/polynomial_segment4_d.hpp
[0.980s] -- Up-to-date: /home/jiacheng/autonomoussystems2025/ros2_ws/install/mav_planning_msgs/include/mav_planning_msgs/mav_planning_msgs/msg/polygon2_d.hpp
[0.980s] -- Up-to-date: /home/jiacheng/autonomoussystems2025/ros2_ws/install/mav_planning_msgs/include/mav_planning_msgs/mav_planning_msgs/msg/rosidl_generator_cpp__visibility_control.hpp
[0.980s] -- Up-to-date: /home/jiacheng/autonomoussystems2025/ros2_ws/install/mav_planning_msgs/include/mav_planning_msgs/mav_planning_msgs/msg/point_cloud_with_pose.hpp
[0.980s] -- Up-to-date: /home/jiacheng/autonomoussystems2025/ros2_ws/install/mav_planning_msgs/include/mav_planning_msgs/mav_planning_msgs/srv
[0.980s] -- Up-to-date: /home/jiacheng/autonomoussystems2025/ros2_ws/install/mav_planning_msgs/include/mav_planning_msgs/mav_planning_msgs/srv/detail
[0.980s] -- Up-to-date: /home/jiacheng/autonomoussystems2025/ros2_ws/install/mav_planning_msgs/include/mav_planning_msgs/mav_planning_msgs/srv/detail/change_name_service__type_support.hpp
[0.980s] -- Up-to-date: /home/jiacheng/autonomoussystems2025/ros2_ws/install/mav_planning_msgs/include/mav_planning_msgs/mav_planning_msgs/srv/detail/planner_service__traits.hpp
[0.980s] -- Up-to-date: /home/jiacheng/autonomoussystems2025/ros2_ws/install/mav_planning_msgs/include/mav_planning_msgs/mav_planning_msgs/srv/detail/planner_service__builder.hpp
[0.980s] -- Up-to-date: /home/jiacheng/autonomoussystems2025/ros2_ws/install/mav_planning_msgs/include/mav_planning_msgs/mav_planning_msgs/srv/detail/planner_service__type_support.hpp
[0.980s] -- Up-to-date: /home/jiacheng/autonomoussystems2025/ros2_ws/install/mav_planning_msgs/include/mav_planning_msgs/mav_planning_msgs/srv/detail/change_name_service__struct.hpp
[0.980s] -- Up-to-date: /home/jiacheng/autonomoussystems2025/ros2_ws/install/mav_planning_msgs/include/mav_planning_msgs/mav_planning_msgs/srv/detail/planner_service__struct.hpp
[0.981s] -- Up-to-date: /home/jiacheng/autonomoussystems2025/ros2_ws/install/mav_planning_msgs/include/mav_planning_msgs/mav_planning_msgs/srv/detail/polygon_service__struct.hpp
[0.982s] -- Up-to-date: /home/jiacheng/autonomoussystems2025/ros2_ws/install/mav_planning_msgs/include/mav_planning_msgs/mav_planning_msgs/srv/detail/change_name_service__traits.hpp
[0.982s] -- Up-to-date: /home/jiacheng/autonomoussystems2025/ros2_ws/install/mav_planning_msgs/include/mav_planning_msgs/mav_planning_msgs/srv/detail/polygon_service__type_support.hpp
[0.982s] -- Up-to-date: /home/jiacheng/autonomoussystems2025/ros2_ws/install/mav_planning_msgs/include/mav_planning_msgs/mav_planning_msgs/srv/detail/polygon_service__builder.hpp
[0.982s] -- Up-to-date: /home/jiacheng/autonomoussystems2025/ros2_ws/install/mav_planning_msgs/include/mav_planning_msgs/mav_planning_msgs/srv/detail/change_name_service__builder.hpp
[0.982s] -- Up-to-date: /home/jiacheng/autonomoussystems2025/ros2_ws/install/mav_planning_msgs/include/mav_planning_msgs/mav_planning_msgs/srv/detail/polygon_service__traits.hpp
[0.982s] -- Up-to-date: /home/jiacheng/autonomoussystems2025/ros2_ws/install/mav_planning_msgs/include/mav_planning_msgs/mav_planning_msgs/srv/polygon_service.hpp
[0.982s] -- Up-to-date: /home/jiacheng/autonomoussystems2025/ros2_ws/install/mav_planning_msgs/include/mav_planning_msgs/mav_planning_msgs/srv/change_name_service.hpp
[0.982s] -- Up-to-date: /home/jiacheng/autonomoussystems2025/ros2_ws/install/mav_planning_msgs/include/mav_planning_msgs/mav_planning_msgs/srv/planner_service.hpp
[0.982s] -- Up-to-date: /home/jiacheng/autonomoussystems2025/ros2_ws/install/mav_planning_msgs/include/mav_planning_msgs/mav_planning_msgs
[0.982s] -- Up-to-date: /home/jiacheng/autonomoussystems2025/ros2_ws/install/mav_planning_msgs/include/mav_planning_msgs/mav_planning_msgs/msg
[0.982s] -- Up-to-date: /home/jiacheng/autonomoussystems2025/ros2_ws/install/mav_planning_msgs/include/mav_planning_msgs/mav_planning_msgs/msg/detail
[0.982s] -- Up-to-date: /home/jiacheng/autonomoussystems2025/ros2_ws/install/mav_planning_msgs/include/mav_planning_msgs/mav_planning_msgs/msg/detail/point_cloud_with_pose__rosidl_typesupport_fastrtps_cpp.hpp
[0.982s] -- Up-to-date: /home/jiacheng/autonomoussystems2025/ros2_ws/install/mav_planning_msgs/include/mav_planning_msgs/mav_planning_msgs/msg/detail/polygon2_d__rosidl_typesupport_fastrtps_cpp.hpp
[0.982s] -- Up-to-date: /home/jiacheng/autonomoussystems2025/ros2_ws/install/mav_planning_msgs/include/mav_planning_msgs/mav_planning_msgs/msg/detail/polynomial_segment__rosidl_typesupport_fastrtps_cpp.hpp
[0.982s] -- Up-to-date: /home/jiacheng/autonomoussystems2025/ros2_ws/install/mav_planning_msgs/include/mav_planning_msgs/mav_planning_msgs/msg/detail/point2_d__rosidl_typesupport_fastrtps_cpp.hpp
[0.982s] -- Up-to-date: /home/jiacheng/autonomoussystems2025/ros2_ws/install/mav_planning_msgs/include/mav_planning_msgs/mav_planning_msgs/msg/detail/polynomial_trajectory4_d__rosidl_typesupport_fastrtps_cpp.hpp
[0.982s] -- Up-to-date: /home/jiacheng/autonomoussystems2025/ros2_ws/install/mav_planning_msgs/include/mav_planning_msgs/mav_planning_msgs/msg/detail/polynomial_segment4_d__rosidl_typesupport_fastrtps_cpp.hpp
[0.982s] -- Up-to-date: /home/jiacheng/autonomoussystems2025/ros2_ws/install/mav_planning_msgs/include/mav_planning_msgs/mav_planning_msgs/msg/detail/dds_fastrtps
[0.983s] -- Up-to-date: /home/jiacheng/autonomoussystems2025/ros2_ws/install/mav_planning_msgs/include/mav_planning_msgs/mav_planning_msgs/msg/detail/polygon_with_holes__rosidl_typesupport_fastrtps_cpp.hpp
[0.983s] -- Up-to-date: /home/jiacheng/autonomoussystems2025/ros2_ws/install/mav_planning_msgs/include/mav_planning_msgs/mav_planning_msgs/msg/detail/polygon_with_holes_stamped__rosidl_typesupport_fastrtps_cpp.hpp
[0.983s] -- Up-to-date: /home/jiacheng/autonomoussystems2025/ros2_ws/install/mav_planning_msgs/include/mav_planning_msgs/mav_planning_msgs/msg/detail/polynomial_trajectory__rosidl_typesupport_fastrtps_cpp.hpp
[0.983s] -- Up-to-date: /home/jiacheng/autonomoussystems2025/ros2_ws/install/mav_planning_msgs/include/mav_planning_msgs/mav_planning_msgs/msg/rosidl_typesupport_fastrtps_cpp__visibility_control.h
[0.983s] -- Up-to-date: /home/jiacheng/autonomoussystems2025/ros2_ws/install/mav_planning_msgs/include/mav_planning_msgs/mav_planning_msgs/srv
[0.983s] -- Up-to-date: /home/jiacheng/autonomoussystems2025/ros2_ws/install/mav_planning_msgs/include/mav_planning_msgs/mav_planning_msgs/srv/detail
[0.983s] -- Up-to-date: /home/jiacheng/autonomoussystems2025/ros2_ws/install/mav_planning_msgs/include/mav_planning_msgs/mav_planning_msgs/srv/detail/planner_service__rosidl_typesupport_fastrtps_cpp.hpp
[0.983s] -- Up-to-date: /home/jiacheng/autonomoussystems2025/ros2_ws/install/mav_planning_msgs/include/mav_planning_msgs/mav_planning_msgs/srv/detail/change_name_service__rosidl_typesupport_fastrtps_cpp.hpp
[0.983s] -- Up-to-date: /home/jiacheng/autonomoussystems2025/ros2_ws/install/mav_planning_msgs/include/mav_planning_msgs/mav_planning_msgs/srv/detail/polygon_service__rosidl_typesupport_fastrtps_cpp.hpp
[0.983s] -- Up-to-date: /home/jiacheng/autonomoussystems2025/ros2_ws/install/mav_planning_msgs/include/mav_planning_msgs/mav_planning_msgs/srv/detail/dds_fastrtps
[0.983s] -- Up-to-date: /home/jiacheng/autonomoussystems2025/ros2_ws/install/mav_planning_msgs/lib/libmav_planning_msgs__rosidl_typesupport_fastrtps_cpp.so
[0.983s] -- Up-to-date: /home/jiacheng/autonomoussystems2025/ros2_ws/install/mav_planning_msgs/include/mav_planning_msgs/mav_planning_msgs
[0.983s] -- Up-to-date: /home/jiacheng/autonomoussystems2025/ros2_ws/install/mav_planning_msgs/include/mav_planning_msgs/mav_planning_msgs/msg
[0.984s] -- Up-to-date: /home/jiacheng/autonomoussystems2025/ros2_ws/install/mav_planning_msgs/include/mav_planning_msgs/mav_planning_msgs/msg/detail
[0.984s] -- Up-to-date: /home/jiacheng/autonomoussystems2025/ros2_ws/install/mav_planning_msgs/include/mav_planning_msgs/mav_planning_msgs/msg/detail/polynomial_trajectory4_d__type_support.cpp
[0.984s] -- Up-to-date: /home/jiacheng/autonomoussystems2025/ros2_ws/install/mav_planning_msgs/include/mav_planning_msgs/mav_planning_msgs/msg/detail/polynomial_segment__rosidl_typesupport_introspection_cpp.hpp
[0.984s] -- Up-to-date: /home/jiacheng/autonomoussystems2025/ros2_ws/install/mav_planning_msgs/include/mav_planning_msgs/mav_planning_msgs/msg/detail/polynomial_trajectory4_d__rosidl_typesupport_introspection_cpp.hpp
[0.984s] -- Up-to-date: /home/jiacheng/autonomoussystems2025/ros2_ws/install/mav_planning_msgs/include/mav_planning_msgs/mav_planning_msgs/msg/detail/polygon2_d__rosidl_typesupport_introspection_cpp.hpp
[0.984s] -- Up-to-date: /home/jiacheng/autonomoussystems2025/ros2_ws/install/mav_planning_msgs/include/mav_planning_msgs/mav_planning_msgs/msg/detail/polygon2_d__type_support.cpp
[0.984s] -- Up-to-date: /home/jiacheng/autonomoussystems2025/ros2_ws/install/mav_planning_msgs/include/mav_planning_msgs/mav_planning_msgs/msg/detail/point2_d__type_support.cpp
[0.984s] -- Up-to-date: /home/jiacheng/autonomoussystems2025/ros2_ws/install/mav_planning_msgs/include/mav_planning_msgs/mav_planning_msgs/msg/detail/polynomial_trajectory__rosidl_typesupport_introspection_cpp.hpp
[0.984s] -- Up-to-date: /home/jiacheng/autonomoussystems2025/ros2_ws/install/mav_planning_msgs/include/mav_planning_msgs/mav_planning_msgs/msg/detail/polynomial_trajectory__type_support.cpp
[0.984s] -- Up-to-date: /home/jiacheng/autonomoussystems2025/ros2_ws/install/mav_planning_msgs/include/mav_planning_msgs/mav_planning_msgs/msg/detail/polynomial_segment4_d__rosidl_typesupport_introspection_cpp.hpp
[0.984s] -- Up-to-date: /home/jiacheng/autonomoussystems2025/ros2_ws/install/mav_planning_msgs/include/mav_planning_msgs/mav_planning_msgs/msg/detail/polygon_with_holes_stamped__rosidl_typesupport_introspection_cpp.hpp
[0.984s] -- Up-to-date: /home/jiacheng/autonomoussystems2025/ros2_ws/install/mav_planning_msgs/include/mav_planning_msgs/mav_planning_msgs/msg/detail/polygon_with_holes_stamped__type_support.cpp
[0.984s] -- Up-to-date: /home/jiacheng/autonomoussystems2025/ros2_ws/install/mav_planning_msgs/include/mav_planning_msgs/mav_planning_msgs/msg/detail/point_cloud_with_pose__type_support.cpp
[0.984s] -- Up-to-date: /home/jiacheng/autonomoussystems2025/ros2_ws/install/mav_planning_msgs/include/mav_planning_msgs/mav_planning_msgs/msg/detail/polygon_with_holes__type_support.cpp
[0.984s] -- Up-to-date: /home/jiacheng/autonomoussystems2025/ros2_ws/install/mav_planning_msgs/include/mav_planning_msgs/mav_planning_msgs/msg/detail/polygon_with_holes__rosidl_typesupport_introspection_cpp.hpp
[0.984s] -- Up-to-date: /home/jiacheng/autonomoussystems2025/ros2_ws/install/mav_planning_msgs/include/mav_planning_msgs/mav_planning_msgs/msg/detail/point2_d__rosidl_typesupport_introspection_cpp.hpp
[0.984s] -- Up-to-date: /home/jiacheng/autonomoussystems2025/ros2_ws/install/mav_planning_msgs/include/mav_planning_msgs/mav_planning_msgs/msg/detail/polynomial_segment4_d__type_support.cpp
[0.984s] -- Up-to-date: /home/jiacheng/autonomoussystems2025/ros2_ws/install/mav_planning_msgs/include/mav_planning_msgs/mav_planning_msgs/msg/detail/polynomial_segment__type_support.cpp
[0.984s] -- Up-to-date: /home/jiacheng/autonomoussystems2025/ros2_ws/install/mav_planning_msgs/include/mav_planning_msgs/mav_planning_msgs/msg/detail/point_cloud_with_pose__rosidl_typesupport_introspection_cpp.hpp
[0.984s] -- Up-to-date: /home/jiacheng/autonomoussystems2025/ros2_ws/install/mav_planning_msgs/include/mav_planning_msgs/mav_planning_msgs/srv
[0.984s] -- Up-to-date: /home/jiacheng/autonomoussystems2025/ros2_ws/install/mav_planning_msgs/include/mav_planning_msgs/mav_planning_msgs/srv/detail
[0.984s] -- Up-to-date: /home/jiacheng/autonomoussystems2025/ros2_ws/install/mav_planning_msgs/include/mav_planning_msgs/mav_planning_msgs/srv/detail/change_name_service__rosidl_typesupport_introspection_cpp.hpp
[0.984s] -- Up-to-date: /home/jiacheng/autonomoussystems2025/ros2_ws/install/mav_planning_msgs/include/mav_planning_msgs/mav_planning_msgs/srv/detail/planner_service__type_support.cpp
[0.985s] -- Up-to-date: /home/jiacheng/autonomoussystems2025/ros2_ws/install/mav_planning_msgs/include/mav_planning_msgs/mav_planning_msgs/srv/detail/polygon_service__rosidl_typesupport_introspection_cpp.hpp
[0.985s] -- Up-to-date: /home/jiacheng/autonomoussystems2025/ros2_ws/install/mav_planning_msgs/include/mav_planning_msgs/mav_planning_msgs/srv/detail/change_name_service__type_support.cpp
[0.985s] -- Up-to-date: /home/jiacheng/autonomoussystems2025/ros2_ws/install/mav_planning_msgs/include/mav_planning_msgs/mav_planning_msgs/srv/detail/polygon_service__type_support.cpp
[0.985s] -- Up-to-date: /home/jiacheng/autonomoussystems2025/ros2_ws/install/mav_planning_msgs/include/mav_planning_msgs/mav_planning_msgs/srv/detail/planner_service__rosidl_typesupport_introspection_cpp.hpp
[0.991s] -- Up-to-date: /home/jiacheng/autonomoussystems2025/ros2_ws/install/mav_planning_msgs/lib/libmav_planning_msgs__rosidl_typesupport_introspection_cpp.so
[0.992s] -- Up-to-date: /home/jiacheng/autonomoussystems2025/ros2_ws/install/mav_planning_msgs/lib/libmav_planning_msgs__rosidl_typesupport_cpp.so
[0.993s] -- Up-to-date: /home/jiacheng/autonomoussystems2025/ros2_ws/install/mav_planning_msgs/share/mav_planning_msgs/environment/pythonpath.sh
[0.993s] -- Up-to-date: /home/jiacheng/autonomoussystems2025/ros2_ws/install/mav_planning_msgs/share/mav_planning_msgs/environment/pythonpath.dsv
[0.993s] -- Up-to-date: /home/jiacheng/autonomoussystems2025/ros2_ws/install/mav_planning_msgs/lib/python3.12/site-packages/mav_planning_msgs-3.3.3-py3.12.egg-info
[0.993s] -- Installing: /home/jiacheng/autonomoussystems2025/ros2_ws/install/mav_planning_msgs/lib/python3.12/site-packages/mav_planning_msgs-3.3.3-py3.12.egg-info/top_level.txt
[0.994s] -- Installing: /home/jiacheng/autonomoussystems2025/ros2_ws/install/mav_planning_msgs/lib/python3.12/site-packages/mav_planning_msgs-3.3.3-py3.12.egg-info/PKG-INFO
[0.995s] -- Installing: /home/jiacheng/autonomoussystems2025/ros2_ws/install/mav_planning_msgs/lib/python3.12/site-packages/mav_planning_msgs-3.3.3-py3.12.egg-info/dependency_links.txt
[0.995s] -- Installing: /home/jiacheng/autonomoussystems2025/ros2_ws/install/mav_planning_msgs/lib/python3.12/site-packages/mav_planning_msgs-3.3.3-py3.12.egg-info/SOURCES.txt
[0.997s] -- Up-to-date: /home/jiacheng/autonomoussystems2025/ros2_ws/install/mav_planning_msgs/lib/python3.12/site-packages/mav_planning_msgs
[0.997s] -- Up-to-date: /home/jiacheng/autonomoussystems2025/ros2_ws/install/mav_planning_msgs/lib/python3.12/site-packages/mav_planning_msgs/mav_planning_msgs_s__rosidl_typesupport_fastrtps_c.so
[0.997s] -- Up-to-date: /home/jiacheng/autonomoussystems2025/ros2_ws/install/mav_planning_msgs/lib/python3.12/site-packages/mav_planning_msgs/msg
[0.997s] -- Up-to-date: /home/jiacheng/autonomoussystems2025/ros2_ws/install/mav_planning_msgs/lib/python3.12/site-packages/mav_planning_msgs/msg/_polynomial_segment.py
[0.998s] -- Up-to-date: /home/jiacheng/autonomoussystems2025/ros2_ws/install/mav_planning_msgs/lib/python3.12/site-packages/mav_planning_msgs/msg/_polygon2_d.py
[0.998s] -- Up-to-date: /home/jiacheng/autonomoussystems2025/ros2_ws/install/mav_planning_msgs/lib/python3.12/site-packages/mav_planning_msgs/msg/_polygon_with_holes_s.c
[0.998s] -- Up-to-date: /home/jiacheng/autonomoussystems2025/ros2_ws/install/mav_planning_msgs/lib/python3.12/site-packages/mav_planning_msgs/msg/_polygon_with_holes.py
[0.998s] -- Up-to-date: /home/jiacheng/autonomoussystems2025/ros2_ws/install/mav_planning_msgs/lib/python3.12/site-packages/mav_planning_msgs/msg/_point2_d_s.c
[0.998s] -- Up-to-date: /home/jiacheng/autonomoussystems2025/ros2_ws/install/mav_planning_msgs/lib/python3.12/site-packages/mav_planning_msgs/msg/_point_cloud_with_pose_s.c
[0.998s] -- Up-to-date: /home/jiacheng/autonomoussystems2025/ros2_ws/install/mav_planning_msgs/lib/python3.12/site-packages/mav_planning_msgs/msg/_point2_d.py
[0.998s] -- Up-to-date: /home/jiacheng/autonomoussystems2025/ros2_ws/install/mav_planning_msgs/lib/python3.12/site-packages/mav_planning_msgs/msg/_polynomial_trajectory_s.c
[0.998s] -- Up-to-date: /home/jiacheng/autonomoussystems2025/ros2_ws/install/mav_planning_msgs/lib/python3.12/site-packages/mav_planning_msgs/msg/_polynomial_trajectory4_d_s.c
[0.999s] -- Up-to-date: /home/jiacheng/autonomoussystems2025/ros2_ws/install/mav_planning_msgs/lib/python3.12/site-packages/mav_planning_msgs/msg/_point_cloud_with_pose.py
[0.999s] -- Up-to-date: /home/jiacheng/autonomoussystems2025/ros2_ws/install/mav_planning_msgs/lib/python3.12/site-packages/mav_planning_msgs/msg/_polygon_with_holes_stamped.py
[0.999s] -- Up-to-date: /home/jiacheng/autonomoussystems2025/ros2_ws/install/mav_planning_msgs/lib/python3.12/site-packages/mav_planning_msgs/msg/_polynomial_segment4_d_s.c
[0.999s] -- Up-to-date: /home/jiacheng/autonomoussystems2025/ros2_ws/install/mav_planning_msgs/lib/python3.12/site-packages/mav_planning_msgs/msg/__init__.py
[0.999s] -- Up-to-date: /home/jiacheng/autonomoussystems2025/ros2_ws/install/mav_planning_msgs/lib/python3.12/site-packages/mav_planning_msgs/msg/_polygon_with_holes_stamped_s.c
[0.999s] -- Up-to-date: /home/jiacheng/autonomoussystems2025/ros2_ws/install/mav_planning_msgs/lib/python3.12/site-packages/mav_planning_msgs/msg/_polynomial_segment4_d.py
[0.999s] -- Up-to-date: /home/jiacheng/autonomoussystems2025/ros2_ws/install/mav_planning_msgs/lib/python3.12/site-packages/mav_planning_msgs/msg/_polygon2_d_s.c
[0.999s] -- Up-to-date: /home/jiacheng/autonomoussystems2025/ros2_ws/install/mav_planning_msgs/lib/python3.12/site-packages/mav_planning_msgs/msg/_polynomial_trajectory.py
[0.999s] -- Up-to-date: /home/jiacheng/autonomoussystems2025/ros2_ws/install/mav_planning_msgs/lib/python3.12/site-packages/mav_planning_msgs/msg/_polynomial_segment_s.c
[0.999s] -- Up-to-date: /home/jiacheng/autonomoussystems2025/ros2_ws/install/mav_planning_msgs/lib/python3.12/site-packages/mav_planning_msgs/msg/_polynomial_trajectory4_d.py
[0.999s] -- Up-to-date: /home/jiacheng/autonomoussystems2025/ros2_ws/install/mav_planning_msgs/lib/python3.12/site-packages/mav_planning_msgs/_mav_planning_msgs_s.ep.rosidl_typesupport_fastrtps_c.c
[0.999s] -- Up-to-date: /home/jiacheng/autonomoussystems2025/ros2_ws/install/mav_planning_msgs/lib/python3.12/site-packages/mav_planning_msgs/_mav_planning_msgs_s.ep.rosidl_typesupport_introspection_c.c
[0.999s] -- Up-to-date: /home/jiacheng/autonomoussystems2025/ros2_ws/install/mav_planning_msgs/lib/python3.12/site-packages/mav_planning_msgs/mav_planning_msgs_s__rosidl_typesupport_introspection_c.so
[0.999s] -- Up-to-date: /home/jiacheng/autonomoussystems2025/ros2_ws/install/mav_planning_msgs/lib/python3.12/site-packages/mav_planning_msgs/_mav_planning_msgs_s.ep.rosidl_typesupport_c.c
[0.999s] -- Up-to-date: /home/jiacheng/autonomoussystems2025/ros2_ws/install/mav_planning_msgs/lib/python3.12/site-packages/mav_planning_msgs/__init__.py
[0.999s] -- Up-to-date: /home/jiacheng/autonomoussystems2025/ros2_ws/install/mav_planning_msgs/lib/python3.12/site-packages/mav_planning_msgs/srv
[1.000s] -- Up-to-date: /home/jiacheng/autonomoussystems2025/ros2_ws/install/mav_planning_msgs/lib/python3.12/site-packages/mav_planning_msgs/srv/_planner_service_s.c
[1.000s] -- Up-to-date: /home/jiacheng/autonomoussystems2025/ros2_ws/install/mav_planning_msgs/lib/python3.12/site-packages/mav_planning_msgs/srv/_polygon_service.py
[1.000s] -- Up-to-date: /home/jiacheng/autonomoussystems2025/ros2_ws/install/mav_planning_msgs/lib/python3.12/site-packages/mav_planning_msgs/srv/__init__.py
[1.000s] -- Up-to-date: /home/jiacheng/autonomoussystems2025/ros2_ws/install/mav_planning_msgs/lib/python3.12/site-packages/mav_planning_msgs/srv/_change_name_service.py
[1.000s] -- Up-to-date: /home/jiacheng/autonomoussystems2025/ros2_ws/install/mav_planning_msgs/lib/python3.12/site-packages/mav_planning_msgs/srv/_planner_service.py
[1.000s] -- Up-to-date: /home/jiacheng/autonomoussystems2025/ros2_ws/install/mav_planning_msgs/lib/python3.12/site-packages/mav_planning_msgs/srv/_change_name_service_s.c
[1.000s] -- Up-to-date: /home/jiacheng/autonomoussystems2025/ros2_ws/install/mav_planning_msgs/lib/python3.12/site-packages/mav_planning_msgs/srv/_polygon_service_s.c
[1.000s] -- Up-to-date: /home/jiacheng/autonomoussystems2025/ros2_ws/install/mav_planning_msgs/lib/python3.12/site-packages/mav_planning_msgs/mav_planning_msgs_s__rosidl_typesupport_c.so
[1.076s] Listing '/home/jiacheng/autonomoussystems2025/ros2_ws/install/mav_planning_msgs/lib/python3.12/site-packages/mav_planning_msgs'...
[1.076s] Listing '/home/jiacheng/autonomoussystems2025/ros2_ws/install/mav_planning_msgs/lib/python3.12/site-packages/mav_planning_msgs/msg'...
[1.076s] Listing '/home/jiacheng/autonomoussystems2025/ros2_ws/install/mav_planning_msgs/lib/python3.12/site-packages/mav_planning_msgs/srv'...
[1.086s] -- Up-to-date: /home/jiacheng/autonomoussystems2025/ros2_ws/install/mav_planning_msgs/lib/python3.12/site-packages/mav_planning_msgs/mav_planning_msgs_s__rosidl_typesupport_fastrtps_c.so
[1.096s] -- Up-to-date: /home/jiacheng/autonomoussystems2025/ros2_ws/install/mav_planning_msgs/lib/python3.12/site-packages/mav_planning_msgs/mav_planning_msgs_s__rosidl_typesupport_introspection_c.so
[1.096s] -- Up-to-date: /home/jiacheng/autonomoussystems2025/ros2_ws/install/mav_planning_msgs/lib/python3.12/site-packages/mav_planning_msgs/mav_planning_msgs_s__rosidl_typesupport_c.so
[1.099s] -- Up-to-date: /home/jiacheng/autonomoussystems2025/ros2_ws/install/mav_planning_msgs/lib/libmav_planning_msgs__rosidl_generator_py.so
[1.099s] -- Up-to-date: /home/jiacheng/autonomoussystems2025/ros2_ws/install/mav_planning_msgs/share/mav_planning_msgs/msg/Point2D.idl
[1.099s] -- Up-to-date: /home/jiacheng/autonomoussystems2025/ros2_ws/install/mav_planning_msgs/share/mav_planning_msgs/msg/PointCloudWithPose.idl
[1.100s] -- Up-to-date: /home/jiacheng/autonomoussystems2025/ros2_ws/install/mav_planning_msgs/share/mav_planning_msgs/msg/Polygon2D.idl
[1.100s] -- Up-to-date: /home/jiacheng/autonomoussystems2025/ros2_ws/install/mav_planning_msgs/share/mav_planning_msgs/msg/PolygonWithHoles.idl
[1.101s] -- Up-to-date: /home/jiacheng/autonomoussystems2025/ros2_ws/install/mav_planning_msgs/share/mav_planning_msgs/msg/PolygonWithHolesStamped.idl
[1.102s] -- Up-to-date: /home/jiacheng/autonomoussystems2025/ros2_ws/install/mav_planning_msgs/share/mav_planning_msgs/msg/PolynomialSegment.idl
[1.102s] -- Up-to-date: /home/jiacheng/autonomoussystems2025/ros2_ws/install/mav_planning_msgs/share/mav_planning_msgs/msg/PolynomialSegment4D.idl
[1.102s] -- Up-to-date: /home/jiacheng/autonomoussystems2025/ros2_ws/install/mav_planning_msgs/share/mav_planning_msgs/msg/PolynomialTrajectory.idl
[1.102s] -- Up-to-date: /home/jiacheng/autonomoussystems2025/ros2_ws/install/mav_planning_msgs/share/mav_planning_msgs/msg/PolynomialTrajectory4D.idl
[1.102s] -- Up-to-date: /home/jiacheng/autonomoussystems2025/ros2_ws/install/mav_planning_msgs/share/mav_planning_msgs/srv/PlannerService.idl
[1.102s] -- Up-to-date: /home/jiacheng/autonomoussystems2025/ros2_ws/install/mav_planning_msgs/share/mav_planning_msgs/srv/PolygonService.idl
[1.102s] -- Up-to-date: /home/jiacheng/autonomoussystems2025/ros2_ws/install/mav_planning_msgs/share/mav_planning_msgs/srv/ChangeNameService.idl
[1.102s] -- Up-to-date: /home/jiacheng/autonomoussystems2025/ros2_ws/install/mav_planning_msgs/share/mav_planning_msgs/msg/Point2D.msg
[1.102s] -- Up-to-date: /home/jiacheng/autonomoussystems2025/ros2_ws/install/mav_planning_msgs/share/mav_planning_msgs/msg/PointCloudWithPose.msg
[1.103s] -- Up-to-date: /home/jiacheng/autonomoussystems2025/ros2_ws/install/mav_planning_msgs/share/mav_planning_msgs/msg/Polygon2D.msg
[1.104s] -- Up-to-date: /home/jiacheng/autonomoussystems2025/ros2_ws/install/mav_planning_msgs/share/mav_planning_msgs/msg/PolygonWithHoles.msg
[1.105s] -- Up-to-date: /home/jiacheng/autonomoussystems2025/ros2_ws/install/mav_planning_msgs/share/mav_planning_msgs/msg/PolygonWithHolesStamped.msg
[1.105s] -- Up-to-date: /home/jiacheng/autonomoussystems2025/ros2_ws/install/mav_planning_msgs/share/mav_planning_msgs/msg/PolynomialSegment.msg
[1.105s] -- Up-to-date: /home/jiacheng/autonomoussystems2025/ros2_ws/install/mav_planning_msgs/share/mav_planning_msgs/msg/PolynomialSegment4D.msg
[1.106s] -- Up-to-date: /home/jiacheng/autonomoussystems2025/ros2_ws/install/mav_planning_msgs/share/mav_planning_msgs/msg/PolynomialTrajectory.msg
[1.106s] -- Up-to-date: /home/jiacheng/autonomoussystems2025/ros2_ws/install/mav_planning_msgs/share/mav_planning_msgs/msg/PolynomialTrajectory4D.msg
[1.106s] -- Up-to-date: /home/jiacheng/autonomoussystems2025/ros2_ws/install/mav_planning_msgs/share/mav_planning_msgs/srv/PlannerService.srv
[1.106s] -- Up-to-date: /home/jiacheng/autonomoussystems2025/ros2_ws/install/mav_planning_msgs/share/mav_planning_msgs/srv/PolygonService.srv
[1.107s] -- Up-to-date: /home/jiacheng/autonomoussystems2025/ros2_ws/install/mav_planning_msgs/share/mav_planning_msgs/srv/ChangeNameService.srv
[1.107s] -- Up-to-date: /home/jiacheng/autonomoussystems2025/ros2_ws/install/mav_planning_msgs/include/mav_planning_msgs
[1.107s] -- Up-to-date: /home/jiacheng/autonomoussystems2025/ros2_ws/install/mav_planning_msgs/include/mav_planning_msgs/mav_planning_msgs
[1.107s] -- Up-to-date: /home/jiacheng/autonomoussystems2025/ros2_ws/install/mav_planning_msgs/include/mav_planning_msgs/mav_planning_msgs/eigen_planning_msgs.hpp
[1.107s] -- Up-to-date: /home/jiacheng/autonomoussystems2025/ros2_ws/install/mav_planning_msgs/include/mav_planning_msgs/mav_planning_msgs/conversions.hpp
[1.108s] -- Up-to-date: /home/jiacheng/autonomoussystems2025/ros2_ws/install/mav_planning_msgs/include/mav_planning_msgs/mav_planning_msgs/conversions_deprecated.hpp
[1.108s] -- Up-to-date: /home/jiacheng/autonomoussystems2025/ros2_ws/install/mav_planning_msgs/share/ament_index/resource_index/package_run_dependencies/mav_planning_msgs
[1.108s] -- Up-to-date: /home/jiacheng/autonomoussystems2025/ros2_ws/install/mav_planning_msgs/share/ament_index/resource_index/parent_prefix_path/mav_planning_msgs
[1.108s] -- Up-to-date: /home/jiacheng/autonomoussystems2025/ros2_ws/install/mav_planning_msgs/share/mav_planning_msgs/environment/ament_prefix_path.sh
[1.108s] -- Up-to-date: /home/jiacheng/autonomoussystems2025/ros2_ws/install/mav_planning_msgs/share/mav_planning_msgs/environment/ament_prefix_path.dsv
[1.108s] -- Up-to-date: /home/jiacheng/autonomoussystems2025/ros2_ws/install/mav_planning_msgs/share/mav_planning_msgs/environment/path.sh
[1.111s] -- Up-to-date: /home/jiacheng/autonomoussystems2025/ros2_ws/install/mav_planning_msgs/share/mav_planning_msgs/environment/path.dsv
[1.111s] -- Up-to-date: /home/jiacheng/autonomoussystems2025/ros2_ws/install/mav_planning_msgs/share/mav_planning_msgs/local_setup.bash
[1.111s] -- Up-to-date: /home/jiacheng/autonomoussystems2025/ros2_ws/install/mav_planning_msgs/share/mav_planning_msgs/local_setup.sh
[1.111s] -- Up-to-date: /home/jiacheng/autonomoussystems2025/ros2_ws/install/mav_planning_msgs/share/mav_planning_msgs/local_setup.zsh
[1.112s] -- Up-to-date: /home/jiacheng/autonomoussystems2025/ros2_ws/install/mav_planning_msgs/share/mav_planning_msgs/local_setup.dsv
[1.112s] -- Installing: /home/jiacheng/autonomoussystems2025/ros2_ws/install/mav_planning_msgs/share/mav_planning_msgs/package.dsv
[1.112s] -- Up-to-date: /home/jiacheng/autonomoussystems2025/ros2_ws/install/mav_planning_msgs/share/ament_index/resource_index/packages/mav_planning_msgs
[1.113s] -- Up-to-date: /home/jiacheng/autonomoussystems2025/ros2_ws/install/mav_planning_msgs/share/mav_planning_msgs/cmake/export_mav_planning_msgs__rosidl_generator_cExport.cmake
[1.113s] -- Up-to-date: /home/jiacheng/autonomoussystems2025/ros2_ws/install/mav_planning_msgs/share/mav_planning_msgs/cmake/export_mav_planning_msgs__rosidl_generator_cExport-noconfig.cmake
[1.114s] -- Up-to-date: /home/jiacheng/autonomoussystems2025/ros2_ws/install/mav_planning_msgs/share/mav_planning_msgs/cmake/export_mav_planning_msgs__rosidl_typesupport_fastrtps_cExport.cmake
[1.114s] -- Up-to-date: /home/jiacheng/autonomoussystems2025/ros2_ws/install/mav_planning_msgs/share/mav_planning_msgs/cmake/export_mav_planning_msgs__rosidl_typesupport_fastrtps_cExport-noconfig.cmake
[1.115s] -- Up-to-date: /home/jiacheng/autonomoussystems2025/ros2_ws/install/mav_planning_msgs/share/mav_planning_msgs/cmake/mav_planning_msgs__rosidl_typesupport_introspection_cExport.cmake
[1.115s] -- Up-to-date: /home/jiacheng/autonomoussystems2025/ros2_ws/install/mav_planning_msgs/share/mav_planning_msgs/cmake/mav_planning_msgs__rosidl_typesupport_introspection_cExport-noconfig.cmake
[1.116s] -- Up-to-date: /home/jiacheng/autonomoussystems2025/ros2_ws/install/mav_planning_msgs/share/mav_planning_msgs/cmake/mav_planning_msgs__rosidl_typesupport_cExport.cmake
[1.116s] -- Up-to-date: /home/jiacheng/autonomoussystems2025/ros2_ws/install/mav_planning_msgs/share/mav_planning_msgs/cmake/mav_planning_msgs__rosidl_typesupport_cExport-noconfig.cmake
[1.121s] -- Up-to-date: /home/jiacheng/autonomoussystems2025/ros2_ws/install/mav_planning_msgs/share/mav_planning_msgs/cmake/export_mav_planning_msgs__rosidl_generator_cppExport.cmake
[1.124s] -- Up-to-date: /home/jiacheng/autonomoussystems2025/ros2_ws/install/mav_planning_msgs/share/mav_planning_msgs/cmake/export_mav_planning_msgs__rosidl_typesupport_fastrtps_cppExport.cmake
[1.124s] -- Up-to-date: /home/jiacheng/autonomoussystems2025/ros2_ws/install/mav_planning_msgs/share/mav_planning_msgs/cmake/export_mav_planning_msgs__rosidl_typesupport_fastrtps_cppExport-noconfig.cmake
[1.124s] -- Up-to-date: /home/jiacheng/autonomoussystems2025/ros2_ws/install/mav_planning_msgs/share/mav_planning_msgs/cmake/mav_planning_msgs__rosidl_typesupport_introspection_cppExport.cmake
[1.124s] -- Up-to-date: /home/jiacheng/autonomoussystems2025/ros2_ws/install/mav_planning_msgs/share/mav_planning_msgs/cmake/mav_planning_msgs__rosidl_typesupport_introspection_cppExport-noconfig.cmake
[1.126s] -- Up-to-date: /home/jiacheng/autonomoussystems2025/ros2_ws/install/mav_planning_msgs/share/mav_planning_msgs/cmake/mav_planning_msgs__rosidl_typesupport_cppExport.cmake
[1.126s] -- Up-to-date: /home/jiacheng/autonomoussystems2025/ros2_ws/install/mav_planning_msgs/share/mav_planning_msgs/cmake/mav_planning_msgs__rosidl_typesupport_cppExport-noconfig.cmake
[1.126s] -- Up-to-date: /home/jiacheng/autonomoussystems2025/ros2_ws/install/mav_planning_msgs/share/mav_planning_msgs/cmake/export_mav_planning_msgs__rosidl_generator_pyExport.cmake
[1.126s] -- Up-to-date: /home/jiacheng/autonomoussystems2025/ros2_ws/install/mav_planning_msgs/share/mav_planning_msgs/cmake/export_mav_planning_msgs__rosidl_generator_pyExport-noconfig.cmake
[1.127s] -- Up-to-date: /home/jiacheng/autonomoussystems2025/ros2_ws/install/mav_planning_msgs/share/mav_planning_msgs/cmake/rosidl_cmake-extras.cmake
[1.131s] -- Up-to-date: /home/jiacheng/autonomoussystems2025/ros2_ws/install/mav_planning_msgs/share/mav_planning_msgs/cmake/ament_cmake_export_dependencies-extras.cmake
[1.131s] -- Up-to-date: /home/jiacheng/autonomoussystems2025/ros2_ws/install/mav_planning_msgs/share/mav_planning_msgs/cmake/ament_cmake_export_include_directories-extras.cmake
[1.131s] -- Up-to-date: /home/jiacheng/autonomoussystems2025/ros2_ws/install/mav_planning_msgs/share/mav_planning_msgs/cmake/ament_cmake_export_libraries-extras.cmake
[1.131s] -- Up-to-date: /home/jiacheng/autonomoussystems2025/ros2_ws/install/mav_planning_msgs/share/mav_planning_msgs/cmake/ament_cmake_export_targets-extras.cmake
[1.131s] -- Up-to-date: /home/jiacheng/autonomoussystems2025/ros2_ws/install/mav_planning_msgs/share/mav_planning_msgs/cmake/rosidl_cmake_export_typesupport_targets-extras.cmake
[1.132s] -- Up-to-date: /home/jiacheng/autonomoussystems2025/ros2_ws/install/mav_planning_msgs/share/mav_planning_msgs/cmake/rosidl_cmake_export_typesupport_libraries-extras.cmake
[1.132s] -- Up-to-date: /home/jiacheng/autonomoussystems2025/ros2_ws/install/mav_planning_msgs/share/mav_planning_msgs/cmake/mav_planning_msgsConfig.cmake
[1.132s] -- Up-to-date: /home/jiacheng/autonomoussystems2025/ros2_ws/install/mav_planning_msgs/share/mav_planning_msgs/cmake/mav_planning_msgsConfig-version.cmake
[1.132s] -- Up-to-date: /home/jiacheng/autonomoussystems2025/ros2_ws/install/mav_planning_msgs/share/mav_planning_msgs/package.xml
[1.140s] Invoked command in '/home/jiacheng/autonomoussystems2025/ros2_ws/build/mav_planning_msgs' returned '0': AMENT_PREFIX_PATH=/home/jiacheng/autonomoussystems2025/ros2_ws/install/mav_msgs:${AMENT_PREFIX_PATH} CMAKE_PREFIX_PATH=/home/jiacheng/autonomoussystems2025/ros2_ws/install/mav_msgs:/opt/ros/jazzy/opt/gz_math_vendor:/opt/ros/jazzy/opt/gz_utils_vendor:/opt/ros/jazzy/opt/gz_cmake_vendor:/opt/ros/jazzy DEBUGINFOD_URLS=https://debuginfod.ubuntu.com LD_LIBRARY_PATH=/home/jiacheng/autonomoussystems2025/ros2_ws/install/mav_msgs/lib:${LD_LIBRARY_PATH} PYTHONPATH=/home/jiacheng/autonomoussystems2025/ros2_ws/install/mav_msgs/lib/python3.12/site-packages:${PYTHONPATH} /usr/bin/cmake --install /home/jiacheng/autonomoussystems2025/ros2_ws/build/mav_planning_msgs
