[1.316s] Invoking command in '/home/jiacheng/autonomoussystems2025/ros2_ws/src/perception_pkg': DEBUGINFOD_URLS=https://debuginfod.ubuntu.com PYTHONPATH=/home/jiacheng/autonomoussystems2025/ros2_ws/build/perception_pkg/prefix_override:/usr/lib/python3/dist-packages/colcon_core/task/python/colcon_distutils_commands:/home/jiacheng/autonomoussystems2025/ros2_ws/install/perception_pkg/lib/python3.12/site-packages:${PYTHONPATH} /usr/bin/python3 -W ignore:setup.py install is deprecated -W ignore:easy_install command is deprecated setup.py egg_info --egg-base ../../build/perception_pkg build --build-base /home/jiacheng/autonomoussystems2025/ros2_ws/build/perception_pkg/build install --record /home/jiacheng/autonomoussystems2025/ros2_ws/build/perception_pkg/install.log --single-version-externally-managed install_data
[1.703s] running egg_info
[1.723s] writing ../../build/perception_pkg/perception_pkg.egg-info/PKG-INFO
[1.726s] writing dependency_links to ../../build/perception_pkg/perception_pkg.egg-info/dependency_links.txt
[1.726s] writing entry points to ../../build/perception_pkg/perception_pkg.egg-info/entry_points.txt
[1.726s] writing requirements to ../../build/perception_pkg/perception_pkg.egg-info/requires.txt
[1.726s] writing top-level names to ../../build/perception_pkg/perception_pkg.egg-info/top_level.txt
[1.768s] reading manifest file '../../build/perception_pkg/perception_pkg.egg-info/SOURCES.txt'
[1.769s] writing manifest file '../../build/perception_pkg/perception_pkg.egg-info/SOURCES.txt'
[1.770s] running build
[1.770s] running build_py
[1.770s] running install
[1.779s] running install_lib
[1.799s] running install_data
[1.800s] copying launch/perception.launch.py -> /home/jiacheng/autonomoussystems2025/ros2_ws/install/perception_pkg/share/perception_pkg/launch
[1.800s] running install_egg_info
[1.826s] removing '/home/jiacheng/autonomoussystems2025/ros2_ws/install/perception_pkg/lib/python3.12/site-packages/perception_pkg-0.0.0-py3.12.egg-info' (and everything under it)
[1.827s] Copying ../../build/perception_pkg/perception_pkg.egg-info to /home/jiacheng/autonomoussystems2025/ros2_ws/install/perception_pkg/lib/python3.12/site-packages/perception_pkg-0.0.0-py3.12.egg-info
[1.831s] running install_scripts
[1.994s] Installing depth_to_pointcloud script to /home/jiacheng/autonomoussystems2025/ros2_ws/install/perception_pkg/lib/perception_pkg
[1.995s] writing list of installed files to '/home/jiacheng/autonomoussystems2025/ros2_ws/build/perception_pkg/install.log'
[2.161s] Invoked command in '/home/jiacheng/autonomoussystems2025/ros2_ws/src/perception_pkg' returned '0': DEBUGINFOD_URLS=https://debuginfod.ubuntu.com PYTHONPATH=/home/jiacheng/autonomoussystems2025/ros2_ws/build/perception_pkg/prefix_override:/usr/lib/python3/dist-packages/colcon_core/task/python/colcon_distutils_commands:/home/jiacheng/autonomoussystems2025/ros2_ws/install/perception_pkg/lib/python3.12/site-packages:${PYTHONPATH} /usr/bin/python3 -W ignore:setup.py install is deprecated -W ignore:easy_install command is deprecated setup.py egg_info --egg-base ../../build/perception_pkg build --build-base /home/jiacheng/autonomoussystems2025/ros2_ws/build/perception_pkg/build install --record /home/jiacheng/autonomoussystems2025/ros2_ws/build/perception_pkg/install.log --single-version-externally-managed install_data
