-- The C compiler identification is GNU 13.3.0
-- The CXX compiler identification is GNU 13.3.0
-- Detecting C compiler ABI info
-- Detecting C compiler ABI info - done
-- Check for working C compiler: /usr/bin/cc - skipped
-- Detecting C compile features
-- Detecting C compile features - done
-- Detecting CXX compiler ABI info
-- Detecting CXX compiler ABI info - done
-- Check for working CXX compiler: /usr/bin/c++ - skipped
-- Detecting CXX compile features
-- Detecting CXX compile features - done
-- Found ament_cmake: 2.5.4 (/opt/ros/jazzy/share/ament_cmake/cmake)
-- Found Python3: /usr/bin/python3 (found version "3.12.3") found components: Interpreter 
-- Found rclcpp: 28.1.13 (/opt/ros/jazzy/share/rclcpp/cmake)
-- Found rosidl_generator_c: 4.6.6 (/opt/ros/jazzy/share/rosidl_generator_c/cmake)
-- Found rosidl_generator_cpp: 4.6.6 (/opt/ros/jazzy/share/rosidl_generator_cpp/cmake)
-- Using all available rosidl_typesupport_c: rosidl_typesupport_fastrtps_c;rosidl_typesupport_introspection_c
-- Using all available rosidl_typesupport_cpp: rosidl_typesupport_fastrtps_cpp;rosidl_typesupport_introspection_cpp
-- Found rmw_implementation_cmake: 7.3.2 (/opt/ros/jazzy/share/rmw_implementation_cmake/cmake)
-- Found rmw_fastrtps_cpp: 8.4.3 (/opt/ros/jazzy/share/rmw_fastrtps_cpp/cmake)
-- Found OpenSSL: /usr/lib/x86_64-linux-gnu/libcrypto.so (found version "3.0.13")  
-- Found FastRTPS: /opt/ros/jazzy/include (Required is at least version "2.13") 
-- Using RMW implementation 'rmw_fastrtps_cpp' as default
-- Found sensor_msgs: 5.3.6 (/opt/ros/jazzy/share/sensor_msgs/cmake)
-- Found cv_bridge: 4.1.0 (/opt/ros/jazzy/share/cv_bridge/cmake)
-- Found octomap_msgs: 2.0.1 (/opt/ros/jazzy/share/octomap_msgs/cmake)
-- Found tf2_ros: 0.36.16 (/opt/ros/jazzy/share/tf2_ros/cmake)
-- Found tf2_geometry_msgs: 0.36.16 (/opt/ros/jazzy/share/tf2_geometry_msgs/cmake)
-- Found eigen3_cmake_module: 0.3.0 (/opt/ros/jazzy/share/eigen3_cmake_module/cmake)
-- Found Eigen3: TRUE (found version "3.4.0") 
-- Ensuring Eigen3 include directory is part of orocos-kdl CMake target
-- Found visualization_msgs: 5.3.6 (/opt/ros/jazzy/share/visualization_msgs/cmake)
-- Found ament_lint_auto: 0.17.3 (/opt/ros/jazzy/share/ament_lint_auto/cmake)
-- Added test 'copyright' to check source files copyright and LICENSE
-- Added test 'cppcheck' to perform static code analysis on C / C++ code
-- Configured cppcheck include dirs: $<BUILD_INTERFACE:/home/jiacheng/autonomoussystems2025/ros2_ws/src/perception_pkg/include>
-- Configured cppcheck exclude dirs and/or files: 
-- Added test 'cpplint' to check C / C++ code against the Google style
-- Configured cpplint exclude dirs and/or files: 
-- Added test 'flake8' to check Python code syntax and style conventions
-- Configured 'flake8' exclude dirs and/or files: 
-- Added test 'lint_cmake' to check CMake code style
-- Added test 'pep257' to check Python code against some of the docstring style conventions in PEP 257
-- Added test 'uncrustify' to check C / C++ code style
-- Configured uncrustify additional arguments: 
-- Added test 'xmllint' to check XML markup files
-- Configuring done (2.6s)
-- Generating done (0.0s)
-- Build files have been written to: /home/jiacheng/autonomoussystems2025/ros2_ws/build/perception_pkg
[ 16%] Building CXX object CMakeFiles/lantern_detector.dir/src/lantern_detector.cpp.o
[ 33%] Building CXX object CMakeFiles/depth_to_pointcloud.dir/src/depth_to_pointcloud.cpp.o
[ 50%] Building CXX object CMakeFiles/pointcloud_to_octomap.dir/src/pointcloud_to_octomap.cpp.o
/home/jiacheng/autonomoussystems2025/ros2_ws/src/perception_pkg/src/lantern_detector.cpp: In member function ‘std::vector<LanternDetectorNode::LanternDetection> LanternDetectorNode::detectLanterns(const cv::Mat&, cv::Mat&)’:
/home/jiacheng/autonomoussystems2025/ros2_ws/src/perception_pkg/src/lantern_detector.cpp:148:73: warning: comparison of integer expressions of different signedness: ‘std::vector<LanternDetectorNode::LanternDetection>::size_type’ {aka ‘long unsigned int’} and ‘int’ [-Wsign-compare]
  148 |         for (size_t i = 0; i < color_ranges.size() && detections.size() < max_lanterns_; ++i) {
      |                                                       ~~~~~~~~~~~~~~~~~~^~~~~~~~~~~~~~~
[ 66%] Linking CXX executable pointcloud_to_octomap
[ 66%] Built target pointcloud_to_octomap
[ 83%] Linking CXX executable depth_to_pointcloud
[ 83%] Built target depth_to_pointcloud
[100%] Linking CXX executable lantern_detector
[100%] Built target lantern_detector
-- Install configuration: ""
-- Installing: /home/jiacheng/autonomoussystems2025/ros2_ws/install/perception_pkg/lib/perception_pkg/depth_to_pointcloud
-- Set non-toolchain portion of runtime path of "/home/jiacheng/autonomoussystems2025/ros2_ws/install/perception_pkg/lib/perception_pkg/depth_to_pointcloud" to ""
-- Installing: /home/jiacheng/autonomoussystems2025/ros2_ws/install/perception_pkg/lib/perception_pkg/pointcloud_to_octomap
-- Set non-toolchain portion of runtime path of "/home/jiacheng/autonomoussystems2025/ros2_ws/install/perception_pkg/lib/perception_pkg/pointcloud_to_octomap" to ""
-- Installing: /home/jiacheng/autonomoussystems2025/ros2_ws/install/perception_pkg/lib/perception_pkg/lantern_detector
-- Set non-toolchain portion of runtime path of "/home/jiacheng/autonomoussystems2025/ros2_ws/install/perception_pkg/lib/perception_pkg/lantern_detector" to ""
-- Installing: /home/jiacheng/autonomoussystems2025/ros2_ws/install/perception_pkg/share/perception_pkg//launch
-- Installing: /home/jiacheng/autonomoussystems2025/ros2_ws/install/perception_pkg/share/perception_pkg//launch/lantern_detector.launch.py
-- Installing: /home/jiacheng/autonomoussystems2025/ros2_ws/install/perception_pkg/share/perception_pkg//launch/perception.launch.py
-- Installing: /home/jiacheng/autonomoussystems2025/ros2_ws/install/perception_pkg/share/perception_pkg//launch/octomap.launch.py
-- Installing: /home/jiacheng/autonomoussystems2025/ros2_ws/install/perception_pkg/share/ament_index/resource_index/package_run_dependencies/perception_pkg
-- Installing: /home/jiacheng/autonomoussystems2025/ros2_ws/install/perception_pkg/share/ament_index/resource_index/parent_prefix_path/perception_pkg
-- Installing: /home/jiacheng/autonomoussystems2025/ros2_ws/install/perception_pkg/share/perception_pkg/environment/ament_prefix_path.sh
-- Installing: /home/jiacheng/autonomoussystems2025/ros2_ws/install/perception_pkg/share/perception_pkg/environment/ament_prefix_path.dsv
-- Installing: /home/jiacheng/autonomoussystems2025/ros2_ws/install/perception_pkg/share/perception_pkg/environment/path.sh
-- Installing: /home/jiacheng/autonomoussystems2025/ros2_ws/install/perception_pkg/share/perception_pkg/environment/path.dsv
-- Installing: /home/jiacheng/autonomoussystems2025/ros2_ws/install/perception_pkg/share/perception_pkg/local_setup.bash
-- Installing: /home/jiacheng/autonomoussystems2025/ros2_ws/install/perception_pkg/share/perception_pkg/local_setup.sh
-- Installing: /home/jiacheng/autonomoussystems2025/ros2_ws/install/perception_pkg/share/perception_pkg/local_setup.zsh
-- Installing: /home/jiacheng/autonomoussystems2025/ros2_ws/install/perception_pkg/share/perception_pkg/local_setup.dsv
-- Installing: /home/jiacheng/autonomoussystems2025/ros2_ws/install/perception_pkg/share/perception_pkg/package.dsv
-- Installing: /home/jiacheng/autonomoussystems2025/ros2_ws/install/perception_pkg/share/ament_index/resource_index/packages/perception_pkg
-- Installing: /home/jiacheng/autonomoussystems2025/ros2_ws/install/perception_pkg/share/perception_pkg/cmake/perception_pkgConfig.cmake
-- Installing: /home/jiacheng/autonomoussystems2025/ros2_ws/install/perception_pkg/share/perception_pkg/cmake/perception_pkgConfig-version.cmake
-- Installing: /home/jiacheng/autonomoussystems2025/ros2_ws/install/perception_pkg/share/perception_pkg/package.xml
