[0.018s] Invoking command in '/home/jiacheng/autonomoussystems2025/ros2_ws/build/simulation': CMAKE_PREFIX_PATH=/home/jiacheng/autonomoussystems2025/ros2_ws/install/mav_msgs:/home/jiacheng/autonomoussystems2025/ros2_ws/install/simulation:/home/jiacheng/autonomoussystems2025/ros2_ws/install/perception_pkg:/home/jiacheng/autonomoussystems2025/ros2_ws/install/mav_planning_msgs:/home/jiacheng/autonomoussystems2025/ros2_ws/install/controller_pkg:/opt/ros/jazzy/opt/gz_math_vendor:/opt/ros/jazzy/opt/gz_utils_vendor:/opt/ros/jazzy/opt/gz_cmake_vendor:/opt/ros/jazzy DEBUGINFOD_URLS=https://debuginfod.ubuntu.com LD_LIBRARY_PATH=/home/jiacheng/autonomoussystems2025/ros2_ws/install/mav_msgs/lib:/home/jiacheng/autonomoussystems2025/ros2_ws/install/simulation/lib:/home/jiacheng/autonomoussystems2025/ros2_ws/install/mav_planning_msgs/lib:/home/jiacheng/autonomoussystems2025/ros2_ws/install/controller_pkg/lib:/opt/ros/jazzy/opt/rviz_ogre_vendor/lib:/opt/ros/jazzy/lib/x86_64-linux-gnu:/opt/ros/jazzy/opt/gz_math_vendor/lib:/opt/ros/jazzy/opt/gz_utils_vendor/lib:/opt/ros/jazzy/opt/gz_cmake_vendor/lib:/opt/ros/jazzy/lib PYTHONPATH=/home/jiacheng/autonomoussystems2025/ros2_ws/install/mav_msgs/lib/python3.12/site-packages:/home/jiacheng/autonomoussystems2025/ros2_ws/install/mav_planning_msgs/lib/python3.12/site-packages:/opt/ros/jazzy/lib/python3.12/site-packages /usr/bin/cmake --build /home/jiacheng/autonomoussystems2025/ros2_ws/build/simulation -- -j8 -l8
[0.125s] [ 44%] Built target libsocket
[0.162s] [ 55%] Built target state_estimate_corruptor_node
[0.181s] [ 66%] Built target tcpstreamreader
[0.202s] [ 77%] Built target w_to_unity
[0.228s] [ 88%] Built target tcpimage
[0.297s] [100%] Built target unity_ros
[0.315s] Invoked command in '/home/jiacheng/autonomoussystems2025/ros2_ws/build/simulation' returned '0': CMAKE_PREFIX_PATH=/home/jiacheng/autonomoussystems2025/ros2_ws/install/mav_msgs:/home/jiacheng/autonomoussystems2025/ros2_ws/install/simulation:/home/jiacheng/autonomoussystems2025/ros2_ws/install/perception_pkg:/home/jiacheng/autonomoussystems2025/ros2_ws/install/mav_planning_msgs:/home/jiacheng/autonomoussystems2025/ros2_ws/install/controller_pkg:/opt/ros/jazzy/opt/gz_math_vendor:/opt/ros/jazzy/opt/gz_utils_vendor:/opt/ros/jazzy/opt/gz_cmake_vendor:/opt/ros/jazzy DEBUGINFOD_URLS=https://debuginfod.ubuntu.com LD_LIBRARY_PATH=/home/jiacheng/autonomoussystems2025/ros2_ws/install/mav_msgs/lib:/home/jiacheng/autonomoussystems2025/ros2_ws/install/simulation/lib:/home/jiacheng/autonomoussystems2025/ros2_ws/install/mav_planning_msgs/lib:/home/jiacheng/autonomoussystems2025/ros2_ws/install/controller_pkg/lib:/opt/ros/jazzy/opt/rviz_ogre_vendor/lib:/opt/ros/jazzy/lib/x86_64-linux-gnu:/opt/ros/jazzy/opt/gz_math_vendor/lib:/opt/ros/jazzy/opt/gz_utils_vendor/lib:/opt/ros/jazzy/opt/gz_cmake_vendor/lib:/opt/ros/jazzy/lib PYTHONPATH=/home/jiacheng/autonomoussystems2025/ros2_ws/install/mav_msgs/lib/python3.12/site-packages:/home/jiacheng/autonomoussystems2025/ros2_ws/install/mav_planning_msgs/lib/python3.12/site-packages:/opt/ros/jazzy/lib/python3.12/site-packages /usr/bin/cmake --build /home/jiacheng/autonomoussystems2025/ros2_ws/build/simulation -- -j8 -l8
[0.317s] Invoking command in '/home/jiacheng/autonomoussystems2025/ros2_ws/build/simulation': CMAKE_PREFIX_PATH=/home/jiacheng/autonomoussystems2025/ros2_ws/install/mav_msgs:/home/jiacheng/autonomoussystems2025/ros2_ws/install/simulation:/home/jiacheng/autonomoussystems2025/ros2_ws/install/perception_pkg:/home/jiacheng/autonomoussystems2025/ros2_ws/install/mav_planning_msgs:/home/jiacheng/autonomoussystems2025/ros2_ws/install/controller_pkg:/opt/ros/jazzy/opt/gz_math_vendor:/opt/ros/jazzy/opt/gz_utils_vendor:/opt/ros/jazzy/opt/gz_cmake_vendor:/opt/ros/jazzy DEBUGINFOD_URLS=https://debuginfod.ubuntu.com LD_LIBRARY_PATH=/home/jiacheng/autonomoussystems2025/ros2_ws/install/mav_msgs/lib:/home/jiacheng/autonomoussystems2025/ros2_ws/install/simulation/lib:/home/jiacheng/autonomoussystems2025/ros2_ws/install/mav_planning_msgs/lib:/home/jiacheng/autonomoussystems2025/ros2_ws/install/controller_pkg/lib:/opt/ros/jazzy/opt/rviz_ogre_vendor/lib:/opt/ros/jazzy/lib/x86_64-linux-gnu:/opt/ros/jazzy/opt/gz_math_vendor/lib:/opt/ros/jazzy/opt/gz_utils_vendor/lib:/opt/ros/jazzy/opt/gz_cmake_vendor/lib:/opt/ros/jazzy/lib PYTHONPATH=/home/jiacheng/autonomoussystems2025/ros2_ws/install/mav_msgs/lib/python3.12/site-packages:/home/jiacheng/autonomoussystems2025/ros2_ws/install/mav_planning_msgs/lib/python3.12/site-packages:/opt/ros/jazzy/lib/python3.12/site-packages /usr/bin/cmake --install /home/jiacheng/autonomoussystems2025/ros2_ws/build/simulation
[0.338s] -- Install configuration: ""
[0.340s] -- Up-to-date: /home/jiacheng/autonomoussystems2025/ros2_ws/install/simulation/lib/simulation/w_to_unity
[0.340s] -- Up-to-date: /home/jiacheng/autonomoussystems2025/ros2_ws/install/simulation/lib/simulation/state_estimate_corruptor_node
[0.341s] -- Up-to-date: /home/jiacheng/autonomoussystems2025/ros2_ws/install/simulation/lib/simulation/unity_ros
[0.341s] -- Up-to-date: /home/jiacheng/autonomoussystems2025/ros2_ws/install/simulation/share/simulation/launch
[0.341s] -- Up-to-date: /home/jiacheng/autonomoussystems2025/ros2_ws/install/simulation/share/simulation/launch/unity_sim.launch.py
[0.341s] -- Up-to-date: /home/jiacheng/autonomoussystems2025/ros2_ws/install/simulation/share/simulation/launch/simulation.launch.py
[0.341s] -- Up-to-date: /home/jiacheng/autonomoussystems2025/ros2_ws/install/simulation/share/simulation/launch/unity_ros.launch.py
[0.341s] -- Up-to-date: /home/jiacheng/autonomoussystems2025/ros2_ws/install/simulation/share/ament_index/resource_index/package_run_dependencies/simulation
[0.343s] -- Up-to-date: /home/jiacheng/autonomoussystems2025/ros2_ws/install/simulation/share/ament_index/resource_index/parent_prefix_path/simulation
[0.344s] -- Up-to-date: /home/jiacheng/autonomoussystems2025/ros2_ws/install/simulation/share/simulation/environment/ament_prefix_path.sh
[0.344s] -- Up-to-date: /home/jiacheng/autonomoussystems2025/ros2_ws/install/simulation/share/simulation/environment/ament_prefix_path.dsv
[0.345s] -- Up-to-date: /home/jiacheng/autonomoussystems2025/ros2_ws/install/simulation/share/simulation/environment/path.sh
[0.345s] -- Up-to-date: /home/jiacheng/autonomoussystems2025/ros2_ws/install/simulation/share/simulation/environment/path.dsv
[0.345s] -- Up-to-date: /home/jiacheng/autonomoussystems2025/ros2_ws/install/simulation/share/simulation/local_setup.bash
[0.345s] -- Up-to-date: /home/jiacheng/autonomoussystems2025/ros2_ws/install/simulation/share/simulation/local_setup.sh
[0.345s] -- Up-to-date: /home/jiacheng/autonomoussystems2025/ros2_ws/install/simulation/share/simulation/local_setup.zsh
[0.346s] -- Up-to-date: /home/jiacheng/autonomoussystems2025/ros2_ws/install/simulation/share/simulation/local_setup.dsv
[0.346s] -- Installing: /home/jiacheng/autonomoussystems2025/ros2_ws/install/simulation/share/simulation/package.dsv
[0.346s] -- Up-to-date: /home/jiacheng/autonomoussystems2025/ros2_ws/install/simulation/share/ament_index/resource_index/packages/simulation
[0.346s] -- Up-to-date: /home/jiacheng/autonomoussystems2025/ros2_ws/install/simulation/share/simulation/cmake/ament_cmake_export_dependencies-extras.cmake
[0.346s] -- Up-to-date: /home/jiacheng/autonomoussystems2025/ros2_ws/install/simulation/share/simulation/cmake/simulationConfig.cmake
[0.346s] -- Up-to-date: /home/jiacheng/autonomoussystems2025/ros2_ws/install/simulation/share/simulation/cmake/simulationConfig-version.cmake
[0.346s] -- Up-to-date: /home/jiacheng/autonomoussystems2025/ros2_ws/install/simulation/share/simulation/package.xml
[0.350s] Invoked command in '/home/jiacheng/autonomoussystems2025/ros2_ws/build/simulation' returned '0': CMAKE_PREFIX_PATH=/home/jiacheng/autonomoussystems2025/ros2_ws/install/mav_msgs:/home/jiacheng/autonomoussystems2025/ros2_ws/install/simulation:/home/jiacheng/autonomoussystems2025/ros2_ws/install/perception_pkg:/home/jiacheng/autonomoussystems2025/ros2_ws/install/mav_planning_msgs:/home/jiacheng/autonomoussystems2025/ros2_ws/install/controller_pkg:/opt/ros/jazzy/opt/gz_math_vendor:/opt/ros/jazzy/opt/gz_utils_vendor:/opt/ros/jazzy/opt/gz_cmake_vendor:/opt/ros/jazzy DEBUGINFOD_URLS=https://debuginfod.ubuntu.com LD_LIBRARY_PATH=/home/jiacheng/autonomoussystems2025/ros2_ws/install/mav_msgs/lib:/home/jiacheng/autonomoussystems2025/ros2_ws/install/simulation/lib:/home/jiacheng/autonomoussystems2025/ros2_ws/install/mav_planning_msgs/lib:/home/jiacheng/autonomoussystems2025/ros2_ws/install/controller_pkg/lib:/opt/ros/jazzy/opt/rviz_ogre_vendor/lib:/opt/ros/jazzy/lib/x86_64-linux-gnu:/opt/ros/jazzy/opt/gz_math_vendor/lib:/opt/ros/jazzy/opt/gz_utils_vendor/lib:/opt/ros/jazzy/opt/gz_cmake_vendor/lib:/opt/ros/jazzy/lib PYTHONPATH=/home/jiacheng/autonomoussystems2025/ros2_ws/install/mav_msgs/lib/python3.12/site-packages:/home/jiacheng/autonomoussystems2025/ros2_ws/install/mav_planning_msgs/lib/python3.12/site-packages:/opt/ros/jazzy/lib/python3.12/site-packages /usr/bin/cmake --install /home/jiacheng/autonomoussystems2025/ros2_ws/build/simulation
