[0.021s] Invoking command in '/home/jiacheng/autonomoussystems2025/ros2_ws/build/perception_pkg': CMAKE_PREFIX_PATH=${CMAKE_PREFIX_PATH}:/opt/ros/jazzy DEBUGINFOD_URLS=https://debuginfod.ubuntu.com /usr/bin/cmake /home/jiacheng/autonomoussystems2025/ros2_ws/src/perception_pkg -DCMAKE_INSTALL_PREFIX=/home/jiacheng/autonomoussystems2025/ros2_ws/install/perception_pkg
[0.064s] -- Found ament_cmake: 2.5.4 (/opt/ros/jazzy/share/ament_cmake/cmake)
[0.708s] -- Found rclcpp: 28.1.13 (/opt/ros/jazzy/share/rclcpp/cmake)
[0.750s] -- Found rosidl_generator_c: 4.6.6 (/opt/ros/jazzy/share/rosidl_generator_c/cmake)
[0.764s] -- Found rosidl_generator_cpp: 4.6.6 (/opt/ros/jazzy/share/rosidl_generator_cpp/cmake)
[0.778s] -- Using all available rosidl_typesupport_c: rosidl_typesupport_fastrtps_c;rosidl_typesupport_introspection_c
[0.798s] -- Using all available rosidl_typesupport_cpp: rosidl_typesupport_fastrtps_cpp;rosidl_typesupport_introspection_cpp
[0.879s] -- Found rmw_implementation_cmake: 7.3.2 (/opt/ros/jazzy/share/rmw_implementation_cmake/cmake)
[0.885s] -- Found rmw_fastrtps_cpp: 8.4.3 (/opt/ros/jazzy/share/rmw_fastrtps_cpp/cmake)
[1.012s] -- Using RMW implementation 'rmw_fastrtps_cpp' as default
[1.097s] -- Found sensor_msgs: 5.3.6 (/opt/ros/jazzy/share/sensor_msgs/cmake)
[1.173s] -- Found cv_bridge: 4.1.0 (/opt/ros/jazzy/share/cv_bridge/cmake)
[1.187s] -- Found octomap_msgs: 2.0.1 (/opt/ros/jazzy/share/octomap_msgs/cmake)
[1.213s] -- Found tf2_ros: 0.36.16 (/opt/ros/jazzy/share/tf2_ros/cmake)
[1.350s] -- Found tf2_geometry_msgs: 0.36.16 (/opt/ros/jazzy/share/tf2_geometry_msgs/cmake)
[1.352s] -- Found eigen3_cmake_module: 0.3.0 (/opt/ros/jazzy/share/eigen3_cmake_module/cmake)
[1.354s] -- Ensuring Eigen3 include directory is part of orocos-kdl CMake target
[1.356s] -- Found visualization_msgs: 5.3.6 (/opt/ros/jazzy/share/visualization_msgs/cmake)
[1.397s] -- Found ament_lint_auto: 0.17.3 (/opt/ros/jazzy/share/ament_lint_auto/cmake)
[1.678s] -- Added test 'copyright' to check source files copyright and LICENSE
[1.680s] -- Added test 'cppcheck' to perform static code analysis on C / C++ code
[1.680s] -- Configured cppcheck include dirs: $<BUILD_INTERFACE:/home/jiacheng/autonomoussystems2025/ros2_ws/src/perception_pkg/include>
[1.681s] -- Configured cppcheck exclude dirs and/or files: 
[1.687s] -- Added test 'cpplint' to check C / C++ code against the Google style
[1.687s] -- Configured cpplint exclude dirs and/or files: 
[1.693s] -- Added test 'flake8' to check Python code syntax and style conventions
[1.693s] -- Configured 'flake8' exclude dirs and/or files: 
[1.693s] -- Added test 'lint_cmake' to check CMake code style
[1.693s] -- Added test 'pep257' to check Python code against some of the docstring style conventions in PEP 257
[1.693s] -- Added test 'uncrustify' to check C / C++ code style
[1.693s] -- Configured uncrustify additional arguments: 
[1.693s] -- Added test 'xmllint' to check XML markup files
[1.694s] -- Configuring done (1.6s)
[1.748s] -- Generating done (0.0s)
[1.772s] -- Build files have been written to: /home/jiacheng/autonomoussystems2025/ros2_ws/build/perception_pkg
[1.811s] Invoked command in '/home/jiacheng/autonomoussystems2025/ros2_ws/build/perception_pkg' returned '0': CMAKE_PREFIX_PATH=${CMAKE_PREFIX_PATH}:/opt/ros/jazzy DEBUGINFOD_URLS=https://debuginfod.ubuntu.com /usr/bin/cmake /home/jiacheng/autonomoussystems2025/ros2_ws/src/perception_pkg -DCMAKE_INSTALL_PREFIX=/home/jiacheng/autonomoussystems2025/ros2_ws/install/perception_pkg
[1.814s] Invoking command in '/home/jiacheng/autonomoussystems2025/ros2_ws/build/perception_pkg': CMAKE_PREFIX_PATH=${CMAKE_PREFIX_PATH}:/opt/ros/jazzy DEBUGINFOD_URLS=https://debuginfod.ubuntu.com /usr/bin/cmake --build /home/jiacheng/autonomoussystems2025/ros2_ws/build/perception_pkg -- -j8 -l8
[1.991s] [ 33%] Built target pointcloud_to_octomap
[1.999s] [ 50%] [32mBuilding CXX object CMakeFiles/lantern_detector.dir/src/lantern_detector.cpp.o[0m
[2.006s] [ 83%] Built target depth_to_pointcloud
[11.592s] [01m[K/home/jiacheng/autonomoussystems2025/ros2_ws/src/perception_pkg/src/lantern_detector.cpp:[m[K In member function ‘[01m[Kstd::vector<LanternDetectorNode::LanternDetection> LanternDetectorNode::[01;32m[KdetectLanterns[m[K(const cv::Mat&, cv::Mat&)[m[K’:
[11.592s] [01m[K/home/jiacheng/autonomoussystems2025/ros2_ws/src/perception_pkg/src/lantern_detector.cpp:148:73:[m[K [01;35m[Kwarning: [m[Kcomparison of integer expressions of different signedness: ‘[01m[Kstd::vector<LanternDetectorNode::LanternDetection>::size_type[m[K’ {aka ‘[01m[Klong unsigned int[m[K’} and ‘[01m[Kint[m[K’ [[01;35m[K]8;;https://gcc.gnu.org/onlinedocs/gcc/Warning-Options.html#index-Wsign-compare-Wsign-compare]8;;[m[K]
[11.592s]   148 |         for (size_t i = 0; i < color_ranges.size() && [01;35m[Kdetections.size() < max_lanterns_[m[K; ++i) {
[11.592s]       |                                                       [01;35m[K~~~~~~~~~~~~~~~~~~^~~~~~~~~~~~~~~[m[K
[11.610s] [01m[K/home/jiacheng/autonomoussystems2025/ros2_ws/src/perception_pkg/src/lantern_detector.cpp:[m[K In member function ‘[01m[Kvoid LanternDetectorNode::[01;32m[KpublishDetections[m[K(const std::vector<LanternDetection>&, const std_msgs::msg::Header&)[m[K’:
[11.610s] [01m[K/home/jiacheng/autonomoussystems2025/ros2_ws/src/perception_pkg/src/lantern_detector.cpp:204:56:[m[K [01;35m[Kwarning: [m[Kunused parameter ‘[01m[Kheader[m[K’ [[01;35m[K]8;;https://gcc.gnu.org/onlinedocs/gcc/Warning-Options.html#index-Wunused-parameter-Wunused-parameter]8;;[m[K]
[11.610s]   204 |                           [01;35m[Kconst std_msgs::msg::Header& header[m[K)
[11.610s]       |                           [01;35m[K~~~~~~~~~~~~~~~~~~~~~~~~~~~~~^~~~~~[m[K
[56.577s] [32m[1mLinking CXX executable lantern_detector[0m
[57.992s] Built target lantern_detector
[58.023s] Invoked command in '/home/jiacheng/autonomoussystems2025/ros2_ws/build/perception_pkg' returned '0': CMAKE_PREFIX_PATH=${CMAKE_PREFIX_PATH}:/opt/ros/jazzy DEBUGINFOD_URLS=https://debuginfod.ubuntu.com /usr/bin/cmake --build /home/jiacheng/autonomoussystems2025/ros2_ws/build/perception_pkg -- -j8 -l8
[58.052s] Invoking command in '/home/jiacheng/autonomoussystems2025/ros2_ws/build/perception_pkg': CMAKE_PREFIX_PATH=${CMAKE_PREFIX_PATH}:/opt/ros/jazzy DEBUGINFOD_URLS=https://debuginfod.ubuntu.com /usr/bin/cmake --install /home/jiacheng/autonomoussystems2025/ros2_ws/build/perception_pkg
[58.072s] -- Install configuration: "Release"
[58.072s] -- Up-to-date: /home/jiacheng/autonomoussystems2025/ros2_ws/install/perception_pkg/lib/perception_pkg/depth_to_pointcloud
[58.074s] -- Up-to-date: /home/jiacheng/autonomoussystems2025/ros2_ws/install/perception_pkg/lib/perception_pkg/pointcloud_to_octomap
[58.075s] -- Installing: /home/jiacheng/autonomoussystems2025/ros2_ws/install/perception_pkg/lib/perception_pkg/lantern_detector
[58.080s] -- Set non-toolchain portion of runtime path of "/home/jiacheng/autonomoussystems2025/ros2_ws/install/perception_pkg/lib/perception_pkg/lantern_detector" to ""
[58.080s] -- Up-to-date: /home/jiacheng/autonomoussystems2025/ros2_ws/install/perception_pkg/share/perception_pkg//launch
[58.080s] -- Up-to-date: /home/jiacheng/autonomoussystems2025/ros2_ws/install/perception_pkg/share/perception_pkg//launch/lantern_detector.launch.py
[58.080s] -- Up-to-date: /home/jiacheng/autonomoussystems2025/ros2_ws/install/perception_pkg/share/perception_pkg//launch/perception.launch.py
[58.080s] -- Up-to-date: /home/jiacheng/autonomoussystems2025/ros2_ws/install/perception_pkg/share/perception_pkg//launch/octomap.launch.py
[58.080s] -- Up-to-date: /home/jiacheng/autonomoussystems2025/ros2_ws/install/perception_pkg/share/ament_index/resource_index/package_run_dependencies/perception_pkg
[58.080s] -- Up-to-date: /home/jiacheng/autonomoussystems2025/ros2_ws/install/perception_pkg/share/ament_index/resource_index/parent_prefix_path/perception_pkg
[58.080s] -- Up-to-date: /home/jiacheng/autonomoussystems2025/ros2_ws/install/perception_pkg/share/perception_pkg/environment/ament_prefix_path.sh
[58.080s] -- Up-to-date: /home/jiacheng/autonomoussystems2025/ros2_ws/install/perception_pkg/share/perception_pkg/environment/ament_prefix_path.dsv
[58.080s] -- Up-to-date: /home/jiacheng/autonomoussystems2025/ros2_ws/install/perception_pkg/share/perception_pkg/environment/path.sh
[58.081s] -- Up-to-date: /home/jiacheng/autonomoussystems2025/ros2_ws/install/perception_pkg/share/perception_pkg/environment/path.dsv
[58.081s] -- Up-to-date: /home/jiacheng/autonomoussystems2025/ros2_ws/install/perception_pkg/share/perception_pkg/local_setup.bash
[58.081s] -- Up-to-date: /home/jiacheng/autonomoussystems2025/ros2_ws/install/perception_pkg/share/perception_pkg/local_setup.sh
[58.081s] -- Up-to-date: /home/jiacheng/autonomoussystems2025/ros2_ws/install/perception_pkg/share/perception_pkg/local_setup.zsh
[58.081s] -- Up-to-date: /home/jiacheng/autonomoussystems2025/ros2_ws/install/perception_pkg/share/perception_pkg/local_setup.dsv
[58.081s] -- Installing: /home/jiacheng/autonomoussystems2025/ros2_ws/install/perception_pkg/share/perception_pkg/package.dsv
[58.081s] -- Up-to-date: /home/jiacheng/autonomoussystems2025/ros2_ws/install/perception_pkg/share/ament_index/resource_index/packages/perception_pkg
[58.081s] -- Up-to-date: /home/jiacheng/autonomoussystems2025/ros2_ws/install/perception_pkg/share/perception_pkg/cmake/perception_pkgConfig.cmake
[58.081s] -- Up-to-date: /home/jiacheng/autonomoussystems2025/ros2_ws/install/perception_pkg/share/perception_pkg/cmake/perception_pkgConfig-version.cmake
[58.082s] -- Up-to-date: /home/jiacheng/autonomoussystems2025/ros2_ws/install/perception_pkg/share/perception_pkg/package.xml
[58.088s] Invoked command in '/home/jiacheng/autonomoussystems2025/ros2_ws/build/perception_pkg' returned '0': CMAKE_PREFIX_PATH=${CMAKE_PREFIX_PATH}:/opt/ros/jazzy DEBUGINFOD_URLS=https://debuginfod.ubuntu.com /usr/bin/cmake --install /home/jiacheng/autonomoussystems2025/ros2_ws/build/perception_pkg
