[0.027s] Invoking command in '/home/jiacheng/autonomoussystems2025/ros2_ws/build/perception_pkg': CMAKE_PREFIX_PATH=${CMAKE_PREFIX_PATH}:/opt/ros/jazzy DEBUGINFOD_URLS=https://debuginfod.ubuntu.com /usr/bin/cmake --build /home/jiacheng/autonomoussystems2025/ros2_ws/build/perception_pkg -- -j8 -l8
[0.125s] -- Found ament_cmake: 2.5.4 (/opt/ros/jazzy/share/ament_cmake/cmake)
[0.761s] -- Found rclcpp: 28.1.13 (/opt/ros/jazzy/share/rclcpp/cmake)
[0.868s] -- Found rosidl_generator_c: 4.6.6 (/opt/ros/jazzy/share/rosidl_generator_c/cmake)
[0.894s] -- Found rosidl_generator_cpp: 4.6.6 (/opt/ros/jazzy/share/rosidl_generator_cpp/cmake)
[0.929s] -- Using all available rosidl_typesupport_c: rosidl_typesupport_fastrtps_c;rosidl_typesupport_introspection_c
[0.967s] -- Using all available rosidl_typesupport_cpp: rosidl_typesupport_fastrtps_cpp;rosidl_typesupport_introspection_cpp
[1.138s] -- Found rmw_implementation_cmake: 7.3.2 (/opt/ros/jazzy/share/rmw_implementation_cmake/cmake)
[1.145s] -- Found rmw_fastrtps_cpp: 8.4.3 (/opt/ros/jazzy/share/rmw_fastrtps_cpp/cmake)
[1.321s] -- Using RMW implementation 'rmw_fastrtps_cpp' as default
[1.468s] -- Found sensor_msgs: 5.3.6 (/opt/ros/jazzy/share/sensor_msgs/cmake)
[1.579s] -- Found cv_bridge: 4.1.0 (/opt/ros/jazzy/share/cv_bridge/cmake)
[1.607s] -- Found octomap_msgs: 2.0.1 (/opt/ros/jazzy/share/octomap_msgs/cmake)
[1.636s] -- Found tf2_ros: 0.36.16 (/opt/ros/jazzy/share/tf2_ros/cmake)
[1.889s] -- Found tf2_geometry_msgs: 0.36.16 (/opt/ros/jazzy/share/tf2_geometry_msgs/cmake)
[1.908s] -- Found eigen3_cmake_module: 0.3.0 (/opt/ros/jazzy/share/eigen3_cmake_module/cmake)
[1.913s] -- Found Eigen3: TRUE (found version "3.4.0") 
[1.913s] -- Ensuring Eigen3 include directory is part of orocos-kdl CMake target
[1.920s] -- Found ament_lint_auto: 0.17.3 (/opt/ros/jazzy/share/ament_lint_auto/cmake)
[2.180s] -- Added test 'copyright' to check source files copyright and LICENSE
[2.185s] -- Added test 'cppcheck' to perform static code analysis on C / C++ code
[2.186s] -- Configured cppcheck include dirs: $<BUILD_INTERFACE:/home/jiacheng/autonomoussystems2025/ros2_ws/src/perception_pkg/include>
[2.186s] -- Configured cppcheck exclude dirs and/or files: 
[2.193s] -- Added test 'cpplint' to check C / C++ code against the Google style
[2.193s] -- Configured cpplint exclude dirs and/or files: 
[2.195s] -- Added test 'flake8' to check Python code syntax and style conventions
[2.195s] -- Configured 'flake8' exclude dirs and/or files: 
[2.196s] -- Added test 'lint_cmake' to check CMake code style
[2.201s] -- Added test 'pep257' to check Python code against some of the docstring style conventions in PEP 257
[2.201s] -- Added test 'uncrustify' to check C / C++ code style
[2.201s] -- Configured uncrustify additional arguments: 
[2.203s] -- Added test 'xmllint' to check XML markup files
[2.214s] -- Configuring done (2.1s)
[2.298s] -- Generating done (0.1s)
[2.317s] -- Build files have been written to: /home/jiacheng/autonomoussystems2025/ros2_ws/build/perception_pkg
[2.416s] [ 25%] [32mBuilding CXX object CMakeFiles/pointcloud_to_octomap.dir/src/pointcloud_to_octomap.cpp.o[0m
[2.447s] [ 50%] [32mBuilding CXX object CMakeFiles/depth_to_pointcloud.dir/src/depth_to_pointcloud.cpp.o[0m
[27.269s] [ 75%] [32m[1mLinking CXX executable pointcloud_to_octomap[0m
[28.591s] [ 75%] Built target pointcloud_to_octomap
[32.243s] [100%] [32m[1mLinking CXX executable depth_to_pointcloud[0m
[34.099s] [100%] Built target depth_to_pointcloud
[34.132s] Invoked command in '/home/jiacheng/autonomoussystems2025/ros2_ws/build/perception_pkg' returned '0': CMAKE_PREFIX_PATH=${CMAKE_PREFIX_PATH}:/opt/ros/jazzy DEBUGINFOD_URLS=https://debuginfod.ubuntu.com /usr/bin/cmake --build /home/jiacheng/autonomoussystems2025/ros2_ws/build/perception_pkg -- -j8 -l8
[34.164s] Invoking command in '/home/jiacheng/autonomoussystems2025/ros2_ws/build/perception_pkg': CMAKE_PREFIX_PATH=${CMAKE_PREFIX_PATH}:/opt/ros/jazzy DEBUGINFOD_URLS=https://debuginfod.ubuntu.com /usr/bin/cmake --install /home/jiacheng/autonomoussystems2025/ros2_ws/build/perception_pkg
[34.175s] -- Install configuration: ""
[34.177s] -- Installing: /home/jiacheng/autonomoussystems2025/ros2_ws/install/perception_pkg/lib/perception_pkg/depth_to_pointcloud
[34.192s] -- Set non-toolchain portion of runtime path of "/home/jiacheng/autonomoussystems2025/ros2_ws/install/perception_pkg/lib/perception_pkg/depth_to_pointcloud" to ""
[34.192s] -- Installing: /home/jiacheng/autonomoussystems2025/ros2_ws/install/perception_pkg/lib/perception_pkg/pointcloud_to_octomap
[34.205s] -- Set non-toolchain portion of runtime path of "/home/jiacheng/autonomoussystems2025/ros2_ws/install/perception_pkg/lib/perception_pkg/pointcloud_to_octomap" to ""
[34.205s] -- Up-to-date: /home/jiacheng/autonomoussystems2025/ros2_ws/install/perception_pkg/share/perception_pkg//launch
[34.206s] -- Up-to-date: /home/jiacheng/autonomoussystems2025/ros2_ws/install/perception_pkg/share/perception_pkg//launch/perception.launch.py
[34.206s] -- Installing: /home/jiacheng/autonomoussystems2025/ros2_ws/install/perception_pkg/share/ament_index/resource_index/package_run_dependencies/perception_pkg
[34.206s] -- Installing: /home/jiacheng/autonomoussystems2025/ros2_ws/install/perception_pkg/share/ament_index/resource_index/parent_prefix_path/perception_pkg
[34.206s] -- Up-to-date: /home/jiacheng/autonomoussystems2025/ros2_ws/install/perception_pkg/share/perception_pkg/environment/ament_prefix_path.sh
[34.207s] -- Up-to-date: /home/jiacheng/autonomoussystems2025/ros2_ws/install/perception_pkg/share/perception_pkg/environment/ament_prefix_path.dsv
[34.207s] -- Up-to-date: /home/jiacheng/autonomoussystems2025/ros2_ws/install/perception_pkg/share/perception_pkg/environment/path.sh
[34.207s] -- Up-to-date: /home/jiacheng/autonomoussystems2025/ros2_ws/install/perception_pkg/share/perception_pkg/environment/path.dsv
[34.207s] -- Up-to-date: /home/jiacheng/autonomoussystems2025/ros2_ws/install/perception_pkg/share/perception_pkg/local_setup.bash
[34.207s] -- Up-to-date: /home/jiacheng/autonomoussystems2025/ros2_ws/install/perception_pkg/share/perception_pkg/local_setup.sh
[34.207s] -- Up-to-date: /home/jiacheng/autonomoussystems2025/ros2_ws/install/perception_pkg/share/perception_pkg/local_setup.zsh
[34.207s] -- Up-to-date: /home/jiacheng/autonomoussystems2025/ros2_ws/install/perception_pkg/share/perception_pkg/local_setup.dsv
[34.208s] -- Installing: /home/jiacheng/autonomoussystems2025/ros2_ws/install/perception_pkg/share/perception_pkg/package.dsv
[34.208s] -- Up-to-date: /home/jiacheng/autonomoussystems2025/ros2_ws/install/perception_pkg/share/ament_index/resource_index/packages/perception_pkg
[34.208s] -- Up-to-date: /home/jiacheng/autonomoussystems2025/ros2_ws/install/perception_pkg/share/perception_pkg/cmake/perception_pkgConfig.cmake
[34.208s] -- Up-to-date: /home/jiacheng/autonomoussystems2025/ros2_ws/install/perception_pkg/share/perception_pkg/cmake/perception_pkgConfig-version.cmake
[34.208s] -- Installing: /home/jiacheng/autonomoussystems2025/ros2_ws/install/perception_pkg/share/perception_pkg/package.xml
[34.213s] Invoked command in '/home/jiacheng/autonomoussystems2025/ros2_ws/build/perception_pkg' returned '0': CMAKE_PREFIX_PATH=${CMAKE_PREFIX_PATH}:/opt/ros/jazzy DEBUGINFOD_URLS=https://debuginfod.ubuntu.com /usr/bin/cmake --install /home/jiacheng/autonomoussystems2025/ros2_ws/build/perception_pkg
